started at May 1, 2015 10:29:39 AM
login sucessfully with proxy 111.161.126.98 at May 1, 2015 10:29:40 AM
Download full image code is correct as d6n9v
{"error":3,"message":["\u5bf9\u4e0d\u8d77\uff0c\u8be5\u5546\u54c1\u5df2\u7ecf\u4e0b\u67b6\u3002"],"content":"","goods_id":"1744","captcha":"d6n9v","number":"1","donation_number":null,"product_spec":"","confirm_type":"3"}
addToCart(1744,1) failed at May 1, 2015 10:29:41 AM, will readd
retry buy good 1744 at May 1, 2015 10:29:41 AM
Download full image code is correct as szepd
{"error":3,"message":["\u5bf9\u4e0d\u8d77\uff0c\u8be5\u5546\u54c1\u5df2\u7ecf\u4e0b\u67b6\u3002"],"content":"","goods_id":"1744","captcha":"szepd","number":"1","donation_number":null,"product_spec":"","confirm_type":"3"}
addToCart(1744,1) failed at May 1, 2015 10:29:42 AM, will readd
retry buy good 1744 at May 1, 2015 10:29:42 AM
Download full image code is correct as 8v92x
{"error":3,"message":["\u5bf9\u4e0d\u8d77\uff0c\u8be5\u5546\u54c1\u5df2\u7ecf\u4e0b\u67b6\u3002"],"content":"","goods_id":"1744","captcha":"8v92x","number":"1","donation_number":null,"product_spec":"","confirm_type":"3"}
addToCart(1744,1) failed at May 1, 2015 10:29:43 AM, will readd
retry buy good 1744 at May 1, 2015 10:29:43 AM
Download full image code is correct as htk9c
{"error":3,"message":["\u5bf9\u4e0d\u8d77\uff0c\u8be5\u5546\u54c1\u5df2\u7ecf\u4e0b\u67b6\u3002"],"content":"","goods_id":"1744","captcha":"htk9c","number":"1","donation_number":null,"product_spec":"","confirm_type":"3"}
addToCart(1744,1) failed at May 1, 2015 10:29:44 AM, will readd
retry buy good 1744 at May 1, 2015 10:29:44 AM
Download full image code is correct as lnu2f
{"error":3,"message":["\u5bf9\u4e0d\u8d77\uff0c\u8be5\u5546\u54c1\u5df2\u7ecf\u4e0b\u67b6\u3002"],"content":"","goods_id":"1744","captcha":"lnu2f","number":"1","donation_number":null,"product_spec":"","confirm_type":"3"}
addToCart(1744,1) failed at May 1, 2015 10:29:45 AM, will readd
retry buy good 1744 at May 1, 2015 10:29:45 AM
Download full image code is correct as vaw9y
{"error":3,"message":["\u5bf9\u4e0d\u8d77\uff0c\u8be5\u5546\u54c1\u5df2\u7ecf\u4e0b\u67b6\u3002"],"content":"","goods_id":"1744","captcha":"vaw9y","number":"1","donation_number":null,"product_spec":"","confirm_type":"3"}
addToCart(1744,1) failed at May 1, 2015 10:29:46 AM, will readd
retry buy good 1744 at May 1, 2015 10:29:46 AM
Download full image code is correct as 6825q
{"error":3,"message":["\u5bf9\u4e0d\u8d77\uff0c\u8be5\u5546\u54c1\u5df2\u7ecf\u4e0b\u67b6\u3002"],"content":"","goods_id":"1744","captcha":"6825q","number":"1","donation_number":null,"product_spec":"","confirm_type":"3"}
addToCart(1744,1) failed at May 1, 2015 10:29:47 AM, will readd
retry buy good 1744 at May 1, 2015 10:29:47 AM
Download full image code is correct as vj2q8
{"error":3,"message":["\u5bf9\u4e0d\u8d77\uff0c\u8be5\u5546\u54c1\u5df2\u7ecf\u4e0b\u67b6\u3002"],"content":"","goods_id":"1744","captcha":"vj2q8","number":"1","donation_number":null,"product_spec":"","confirm_type":"3"}
addToCart(1744,1) failed at May 1, 2015 10:29:48 AM, will readd
retry buy good 1744 at May 1, 2015 10:29:48 AM
Download full image code is correct as vxcn8
{"error":3,"message":["\u5bf9\u4e0d\u8d77\uff0c\u8be5\u5546\u54c1\u5df2\u7ecf\u4e0b\u67b6\u3002"],"content":"","goods_id":"1744","captcha":"vxcn8","number":"1","donation_number":null,"product_spec":"","confirm_type":"3"}
addToCart(1744,1) failed at May 1, 2015 10:29:49 AM, will readd
retry buy good 1744 at May 1, 2015 10:29:49 AM
Download full image code is correct as bzcgs
{"error":3,"message":["\u5bf9\u4e0d\u8d77\uff0c\u8be5\u5546\u54c1\u5df2\u7ecf\u4e0b\u67b6\u3002"],"content":"","goods_id":"1744","captcha":"bzcgs","number":"1","donation_number":null,"product_spec":"","confirm_type":"3"}
addToCart(1744,1) failed at May 1, 2015 10:29:50 AM, will readd
retry buy good 1744 at May 1, 2015 10:29:50 AM
Download full image code is correct as m9jey
{"error":3,"message":["\u5bf9\u4e0d\u8d77\uff0c\u8be5\u5546\u54c1\u5df2\u7ecf\u4e0b\u67b6\u3002"],"content":"","goods_id":"1744","captcha":"m9jey","number":"1","donation_number":null,"product_spec":"","confirm_type":"3"}
addToCart(1744,1) failed at May 1, 2015 10:29:51 AM, will readd
retry buy good 1744 at May 1, 2015 10:29:51 AM
Download full image code is correct as grzvy
{"error":3,"message":["\u5bf9\u4e0d\u8d77\uff0c\u8be5\u5546\u54c1\u5df2\u7ecf\u4e0b\u67b6\u3002"],"content":"","goods_id":"1744","captcha":"grzvy","number":"1","donation_number":null,"product_spec":"","confirm_type":"3"}
addToCart(1744,1) failed at May 1, 2015 10:29:52 AM, will readd
retry buy good 1744 at May 1, 2015 10:29:52 AM
Download full image code is correct as rq5bs
{"error":3,"message":["\u5bf9\u4e0d\u8d77\uff0c\u8be5\u5546\u54c1\u5df2\u7ecf\u4e0b\u67b6\u3002"],"content":"","goods_id":"1744","captcha":"rq5bs","number":"1","donation_number":null,"product_spec":"","confirm_type":"3"}
addToCart(1744,1) failed at May 1, 2015 10:29:53 AM, will readd
retry buy good 1744 at May 1, 2015 10:29:53 AM
Download full image code is correct as jqup2
{"error":3,"message":["\u5bf9\u4e0d\u8d77\uff0c\u8be5\u5546\u54c1\u5df2\u7ecf\u4e0b\u67b6\u3002"],"content":"","goods_id":"1744","captcha":"jqup2","number":"1","donation_number":null,"product_spec":"","confirm_type":"3"}
addToCart(1744,1) failed at May 1, 2015 10:29:54 AM, will readd
retry buy good 1744 at May 1, 2015 10:29:54 AM
Download full image code is correct as 5bca7
{"error":3,"message":["\u5bf9\u4e0d\u8d77\uff0c\u8be5\u5546\u54c1\u5df2\u7ecf\u4e0b\u67b6\u3002"],"content":"","goods_id":"1744","captcha":"5bca7","number":"1","donation_number":null,"product_spec":"","confirm_type":"3"}
addToCart(1744,1) failed at May 1, 2015 10:29:55 AM, will readd
retry buy good 1744 at May 1, 2015 10:29:55 AM
Download full image code is correct as q2bwg
{"error":3,"message":["\u5bf9\u4e0d\u8d77\uff0c\u8be5\u5546\u54c1\u5df2\u7ecf\u4e0b\u67b6\u3002"],"content":"","goods_id":"1744","captcha":"q2bwg","number":"1","donation_number":null,"product_spec":"","confirm_type":"3"}
addToCart(1744,1) failed at May 1, 2015 10:29:56 AM, will readd
retry buy good 1744 at May 1, 2015 10:29:56 AM
Download full image code is correct as 8yk6w
{"error":3,"message":["\u5bf9\u4e0d\u8d77\uff0c\u8be5\u5546\u54c1\u5df2\u7ecf\u4e0b\u67b6\u3002"],"content":"","goods_id":"1744","captcha":"8yk6w","number":"1","donation_number":null,"product_spec":"","confirm_type":"3"}
addToCart(1744,1) failed at May 1, 2015 10:29:57 AM, will readd
retry buy good 1744 at May 1, 2015 10:29:57 AM
Download full image code is correct as d8c7b
{"error":3,"message":["\u5bf9\u4e0d\u8d77\uff0c\u8be5\u5546\u54c1\u5df2\u7ecf\u4e0b\u67b6\u3002"],"content":"","goods_id":"1744","captcha":"d8c7b","number":"1","donation_number":null,"product_spec":"","confirm_type":"3"}
addToCart(1744,1) failed at May 1, 2015 10:29:58 AM, will readd
retry buy good 1744 at May 1, 2015 10:29:58 AM
Download full image code is correct as d5nvl
{"error":3,"message":["\u5bf9\u4e0d\u8d77\uff0c\u8be5\u5546\u54c1\u5df2\u7ecf\u4e0b\u67b6\u3002"],"content":"","goods_id":"1744","captcha":"d5nvl","number":"1","donation_number":null,"product_spec":"","confirm_type":"3"}
addToCart(1744,1) failed at May 1, 2015 10:29:59 AM, will readd
retry buy good 1744 at May 1, 2015 10:29:59 AM
Download full image code is correct as mctfr
{"error":3,"message":["\u5bf9\u4e0d\u8d77\uff0c\u8be5\u5546\u54c1\u5df2\u7ecf\u4e0b\u67b6\u3002"],"content":"","goods_id":"1744","captcha":"mctfr","number":"1","donation_number":null,"product_spec":"","confirm_type":"3"}
addToCart(1744,1) failed at May 1, 2015 10:30:00 AM, will readd
retry buy good 1744 at May 1, 2015 10:30:00 AM
Download full image code is correct as hkgpc
{"error":3,"message":["\u5bf9\u4e0d\u8d77\uff0c\u8be5\u5546\u54c1\u5df2\u7ecf\u4e0b\u67b6\u3002"],"content":"","goods_id":"1744","captcha":"hkgpc","number":"1","donation_number":null,"product_spec":"","confirm_type":"3"}
addToCart(1744,1) failed at May 1, 2015 10:30:01 AM, will readd
retry buy good 1744 at May 1, 2015 10:30:01 AM
Download full image code is correct as geqrs
{"error":3,"message":["\u5bf9\u4e0d\u8d77\uff0c\u8be5\u5546\u54c1\u5df2\u7ecf\u4e0b\u67b6\u3002"],"content":"","goods_id":"1744","captcha":"geqrs","number":"1","donation_number":null,"product_spec":"","confirm_type":"3"}
addToCart(1744,1) failed at May 1, 2015 10:30:02 AM, will readd
retry buy good 1744 at May 1, 2015 10:30:02 AM
Download full image code is correct as repzx
{"error":3,"message":["\u5bf9\u4e0d\u8d77\uff0c\u8be5\u5546\u54c1\u5df2\u7ecf\u4e0b\u67b6\u3002"],"content":"","goods_id":"1744","captcha":"repzx","number":"1","donation_number":null,"product_spec":"","confirm_type":"3"}
addToCart(1744,1) failed at May 1, 2015 10:30:03 AM, will readd
retry buy good 1744 at May 1, 2015 10:30:03 AM
Download full image code is correct as peclm
{"error":3,"message":["\u5bf9\u4e0d\u8d77\uff0c\u8be5\u5546\u54c1\u5df2\u7ecf\u4e0b\u67b6\u3002"],"content":"","goods_id":"1744","captcha":"peclm","number":"1","donation_number":null,"product_spec":"","confirm_type":"3"}
addToCart(1744,1) failed at May 1, 2015 10:30:04 AM, will readd
retry buy good 1744 at May 1, 2015 10:30:05 AM
Download full image code is correct as xp8fh
{"error":3,"message":["\u5bf9\u4e0d\u8d77\uff0c\u8be5\u5546\u54c1\u5df2\u7ecf\u4e0b\u67b6\u3002"],"content":"","goods_id":"1744","captcha":"xp8fh","number":"1","donation_number":null,"product_spec":"","confirm_type":"3"}
addToCart(1744,1) failed at May 1, 2015 10:30:05 AM, will readd
retry buy good 1744 at May 1, 2015 10:30:05 AM
Download full image code is correct as wrzn9
{"error":3,"message":["\u5bf9\u4e0d\u8d77\uff0c\u8be5\u5546\u54c1\u5df2\u7ecf\u4e0b\u67b6\u3002"],"content":"","goods_id":"1744","captcha":"wrzn9","number":"1","donation_number":null,"product_spec":"","confirm_type":"3"}
addToCart(1744,1) failed at May 1, 2015 10:30:06 AM, will readd
retry buy good 1744 at May 1, 2015 10:30:06 AM
Download full image code is correct as fby64
{"error":3,"message":["\u5bf9\u4e0d\u8d77\uff0c\u8be5\u5546\u54c1\u5df2\u7ecf\u4e0b\u67b6\u3002"],"content":"","goods_id":"1744","captcha":"fby64","number":"1","donation_number":null,"product_spec":"","confirm_type":"3"}
addToCart(1744,1) failed at May 1, 2015 10:30:07 AM, will readd
retry buy good 1744 at May 1, 2015 10:30:07 AM
Download full image code is correct as 62uwl
{"error":3,"message":["\u5bf9\u4e0d\u8d77\uff0c\u8be5\u5546\u54c1\u5df2\u7ecf\u4e0b\u67b6\u3002"],"content":"","goods_id":"1744","captcha":"62uwl","number":"1","donation_number":null,"product_spec":"","confirm_type":"3"}
addToCart(1744,1) failed at May 1, 2015 10:30:08 AM, will readd
retry buy good 1744 at May 1, 2015 10:30:08 AM
Download full image code is correct as f72su
{"error":3,"message":["\u5bf9\u4e0d\u8d77\uff0c\u8be5\u5546\u54c1\u5df2\u7ecf\u4e0b\u67b6\u3002"],"content":"","goods_id":"1744","captcha":"f72su","number":"1","donation_number":null,"product_spec":"","confirm_type":"3"}
addToCart(1744,1) failed at May 1, 2015 10:30:09 AM, will readd
retry buy good 1744 at May 1, 2015 10:30:09 AM
Download full image code is correct as qtvyf
{"error":3,"message":["\u5bf9\u4e0d\u8d77\uff0c\u8be5\u5546\u54c1\u5df2\u7ecf\u4e0b\u67b6\u3002"],"content":"","goods_id":"1744","captcha":"qtvyf","number":"1","donation_number":null,"product_spec":"","confirm_type":"3"}
addToCart(1744,1) failed at May 1, 2015 10:30:10 AM, will readd
retry buy good 1744 at May 1, 2015 10:30:10 AM
Download full image code is correct as mku4s
{"error":3,"message":["\u5bf9\u4e0d\u8d77\uff0c\u8be5\u5546\u54c1\u5df2\u7ecf\u4e0b\u67b6\u3002"],"content":"","goods_id":"1744","captcha":"mku4s","number":"1","donation_number":null,"product_spec":"","confirm_type":"3"}
addToCart(1744,1) failed at May 1, 2015 10:30:11 AM, will readd
retry buy good 1744 at May 1, 2015 10:30:11 AM
Download full image code is correct as ls7zv
{"error":3,"message":["\u5bf9\u4e0d\u8d77\uff0c\u8be5\u5546\u54c1\u5df2\u7ecf\u4e0b\u67b6\u3002"],"content":"","goods_id":"1744","captcha":"ls7zv","number":"1","donation_number":null,"product_spec":"","confirm_type":"3"}
addToCart(1744,1) failed at May 1, 2015 10:30:12 AM, will readd
retry buy good 1744 at May 1, 2015 10:30:12 AM
Download full image code is correct as 4sm8n
{"error":3,"message":["\u5bf9\u4e0d\u8d77\uff0c\u8be5\u5546\u54c1\u5df2\u7ecf\u4e0b\u67b6\u3002"],"content":"","goods_id":"1744","captcha":"4sm8n","number":"1","donation_number":null,"product_spec":"","confirm_type":"3"}
addToCart(1744,1) failed at May 1, 2015 10:30:13 AM, will readd
retry buy good 1744 at May 1, 2015 10:30:13 AM
Download full image code is correct as 584t3
{"error":3,"message":["\u5bf9\u4e0d\u8d77\uff0c\u8be5\u5546\u54c1\u5df2\u7ecf\u4e0b\u67b6\u3002"],"content":"","goods_id":"1744","captcha":"584t3","number":"1","donation_number":null,"product_spec":"","confirm_type":"3"}
addToCart(1744,1) failed at May 1, 2015 10:30:14 AM, will readd
retry buy good 1744 at May 1, 2015 10:30:14 AM
Download full image code is correct as 62qdw
{"error":3,"message":["\u5bf9\u4e0d\u8d77\uff0c\u8be5\u5546\u54c1\u5df2\u7ecf\u4e0b\u67b6\u3002"],"content":"","goods_id":"1744","captcha":"62qdw","number":"1","donation_number":null,"product_spec":"","confirm_type":"3"}
addToCart(1744,1) failed at May 1, 2015 10:30:15 AM, will readd
retry buy good 1744 at May 1, 2015 10:30:15 AM
Download full image code is correct as erp8b
{"error":3,"message":["\u5bf9\u4e0d\u8d77\uff0c\u8be5\u5546\u54c1\u5df2\u7ecf\u4e0b\u67b6\u3002"],"content":"","goods_id":"1744","captcha":"erp8b","number":"1","donation_number":null,"product_spec":"","confirm_type":"3"}
addToCart(1744,1) failed at May 1, 2015 10:30:16 AM, will readd
retry buy good 1744 at May 1, 2015 10:30:16 AM
Download full image code is correct as sewan
{"error":3,"message":["\u5bf9\u4e0d\u8d77\uff0c\u8be5\u5546\u54c1\u5df2\u7ecf\u4e0b\u67b6\u3002"],"content":"","goods_id":"1744","captcha":"sewan","number":"1","donation_number":null,"product_spec":"","confirm_type":"3"}
addToCart(1744,1) failed at May 1, 2015 10:30:17 AM, will readd
retry buy good 1744 at May 1, 2015 10:30:17 AM
Download full image code is correct as zjnyv
{"error":3,"message":["\u5bf9\u4e0d\u8d77\uff0c\u8be5\u5546\u54c1\u5df2\u7ecf\u4e0b\u67b6\u3002"],"content":"","goods_id":"1744","captcha":"zjnyv","number":"1","donation_number":null,"product_spec":"","confirm_type":"3"}
addToCart(1744,1) failed at May 1, 2015 10:30:17 AM, will readd
retry buy good 1744 at May 1, 2015 10:30:18 AM
Download full image code is correct as 79khc
{"error":3,"message":["\u5bf9\u4e0d\u8d77\uff0c\u8be5\u5546\u54c1\u5df2\u7ecf\u4e0b\u67b6\u3002"],"content":"","goods_id":"1744","captcha":"79khc","number":"1","donation_number":null,"product_spec":"","confirm_type":"3"}
addToCart(1744,1) failed at May 1, 2015 10:30:18 AM, will readd
retry buy good 1744 at May 1, 2015 10:30:19 AM
Download full image code is correct as 8fcd7
{"error":3,"message":["\u5bf9\u4e0d\u8d77\uff0c\u8be5\u5546\u54c1\u5df2\u7ecf\u4e0b\u67b6\u3002"],"content":"","goods_id":"1744","captcha":"8fcd7","number":"1","donation_number":null,"product_spec":"","confirm_type":"3"}
addToCart(1744,1) failed at May 1, 2015 10:30:19 AM, will readd
retry buy good 1744 at May 1, 2015 10:30:20 AM
Download full image code is correct as aluby
{"error":3,"message":["\u5bf9\u4e0d\u8d77\uff0c\u8be5\u5546\u54c1\u5df2\u7ecf\u4e0b\u67b6\u3002"],"content":"","goods_id":"1744","captcha":"aluby","number":"1","donation_number":null,"product_spec":"","confirm_type":"3"}
addToCart(1744,1) failed at May 1, 2015 10:30:20 AM, will readd
retry buy good 1744 at May 1, 2015 10:30:21 AM
Download full image code is correct as a6t5e
{"error":3,"message":["\u5bf9\u4e0d\u8d77\uff0c\u8be5\u5546\u54c1\u5df2\u7ecf\u4e0b\u67b6\u3002"],"content":"","goods_id":"1744","captcha":"a6t5e","number":"1","donation_number":null,"product_spec":"","confirm_type":"3"}
addToCart(1744,1) failed at May 1, 2015 10:30:21 AM, will readd
retry buy good 1744 at May 1, 2015 10:30:22 AM
Download full image code is correct as r45me
{"error":3,"message":["\u5bf9\u4e0d\u8d77\uff0c\u8be5\u5546\u54c1\u5df2\u7ecf\u4e0b\u67b6\u3002"],"content":"","goods_id":"1744","captcha":"r45me","number":"1","donation_number":null,"product_spec":"","confirm_type":"3"}
addToCart(1744,1) failed at May 1, 2015 10:30:22 AM, will readd
retry buy good 1744 at May 1, 2015 10:30:23 AM
Download full image code is correct as b3x6f
{"error":3,"message":["\u5bf9\u4e0d\u8d77\uff0c\u8be5\u5546\u54c1\u5df2\u7ecf\u4e0b\u67b6\u3002"],"content":"","goods_id":"1744","captcha":"b3x6f","number":"1","donation_number":null,"product_spec":"","confirm_type":"3"}
addToCart(1744,1) failed at May 1, 2015 10:30:23 AM, will readd
retry buy good 1744 at May 1, 2015 10:30:24 AM
Download full image code is correct as v8yaw
{"error":3,"message":["\u5bf9\u4e0d\u8d77\uff0c\u8be5\u5546\u54c1\u5df2\u7ecf\u4e0b\u67b6\u3002"],"content":"","goods_id":"1744","captcha":"v8yaw","number":"1","donation_number":null,"product_spec":"","confirm_type":"3"}
addToCart(1744,1) failed at May 1, 2015 10:30:24 AM, will readd
retry buy good 1744 at May 1, 2015 10:30:25 AM
Download full image code is correct as m9buf
{"error":3,"message":["\u5bf9\u4e0d\u8d77\uff0c\u8be5\u5546\u54c1\u5df2\u7ecf\u4e0b\u67b6\u3002"],"content":"","goods_id":"1744","captcha":"m9buf","number":"1","donation_number":null,"product_spec":"","confirm_type":"3"}
addToCart(1744,1) failed at May 1, 2015 10:30:25 AM, will readd
retry buy good 1744 at May 1, 2015 10:30:26 AM
Download full image code is correct as nx7sp
{"error":3,"message":["\u5bf9\u4e0d\u8d77\uff0c\u8be5\u5546\u54c1\u5df2\u7ecf\u4e0b\u67b6\u3002"],"content":"","goods_id":"1744","captcha":"nx7sp","number":"1","donation_number":null,"product_spec":"","confirm_type":"3"}
addToCart(1744,1) failed at May 1, 2015 10:30:26 AM, will readd
retry buy good 1744 at May 1, 2015 10:30:27 AM
Download full image code is correct as w9eas
{"error":3,"message":["\u5bf9\u4e0d\u8d77\uff0c\u8be5\u5546\u54c1\u5df2\u7ecf\u4e0b\u67b6\u3002"],"content":"","goods_id":"1744","captcha":"w9eas","number":"1","donation_number":null,"product_spec":"","confirm_type":"3"}
addToCart(1744,1) failed at May 1, 2015 10:30:27 AM, will readd
retry buy good 1744 at May 1, 2015 10:30:28 AM
Download full image code is correct as 9qv6e
{"error":3,"message":["\u5bf9\u4e0d\u8d77\uff0c\u8be5\u5546\u54c1\u5df2\u7ecf\u4e0b\u67b6\u3002"],"content":"","goods_id":"1744","captcha":"9qv6e","number":"1","donation_number":null,"product_spec":"","confirm_type":"3"}
addToCart(1744,1) failed at May 1, 2015 10:30:28 AM, will readd
retry buy good 1744 at May 1, 2015 10:30:29 AM
Download full image code is correct as avbhd
{"error":3,"message":["\u5bf9\u4e0d\u8d77\uff0c\u8be5\u5546\u54c1\u5df2\u7ecf\u4e0b\u67b6\u3002"],"content":"","goods_id":"1744","captcha":"avbhd","number":"1","donation_number":null,"product_spec":"","confirm_type":"3"}
addToCart(1744,1) failed at May 1, 2015 10:30:29 AM, will readd
retry buy good 1744 at May 1, 2015 10:30:29 AM
Download full image code is correct as qjdxh
{"error":3,"message":["\u5bf9\u4e0d\u8d77\uff0c\u8be5\u5546\u54c1\u5df2\u7ecf\u4e0b\u67b6\u3002"],"content":"","goods_id":"1744","captcha":"qjdxh","number":"1","donation_number":null,"product_spec":"","confirm_type":"3"}
addToCart(1744,1) failed at May 1, 2015 10:30:30 AM, will readd
retry buy good 1744 at May 1, 2015 10:30:30 AM
Download full image code is correct as py3kt
{"error":3,"message":["\u5bf9\u4e0d\u8d77\uff0c\u8be5\u5546\u54c1\u5df2\u7ecf\u4e0b\u67b6\u3002"],"content":"","goods_id":"1744","captcha":"py3kt","number":"1","donation_number":null,"product_spec":"","confirm_type":"3"}
addToCart(1744,1) failed at May 1, 2015 10:30:31 AM, will readd
retry buy good 1744 at May 1, 2015 10:30:31 AM
Download full image code is correct as ynxlh
{"error":3,"message":["\u5bf9\u4e0d\u8d77\uff0c\u8be5\u5546\u54c1\u5df2\u7ecf\u4e0b\u67b6\u3002"],"content":"","goods_id":"1744","captcha":"ynxlh","number":"1","donation_number":null,"product_spec":"","confirm_type":"3"}
addToCart(1744,1) failed at May 1, 2015 10:30:32 AM, will readd
