started at May 1, 2015 10:29:39 AM
login sucessfully with proxy 122.225.106.35 at May 1, 2015 10:29:40 AM
Download full image code is correct as 5jh7q
{"error":3,"message":["\u5bf9\u4e0d\u8d77\uff0c\u8be5\u5546\u54c1\u5df2\u7ecf\u4e0b\u67b6\u3002"],"content":"","goods_id":"1744","captcha":"5jh7q","number":"1","donation_number":null,"product_spec":"","confirm_type":"3"}
addToCart(1744,1) failed at May 1, 2015 10:29:40 AM, will readd
retry buy good 1744 at May 1, 2015 10:29:41 AM
Download full image code is correct as 7jc5v
{"error":3,"message":["\u5bf9\u4e0d\u8d77\uff0c\u8be5\u5546\u54c1\u5df2\u7ecf\u4e0b\u67b6\u3002"],"content":"","goods_id":"1744","captcha":"7jc5v","number":"1","donation_number":null,"product_spec":"","confirm_type":"3"}
addToCart(1744,1) failed at May 1, 2015 10:29:41 AM, will readd
retry buy good 1744 at May 1, 2015 10:29:41 AM
Download full image code is correct as 469y8
{"error":3,"message":["\u5bf9\u4e0d\u8d77\uff0c\u8be5\u5546\u54c1\u5df2\u7ecf\u4e0b\u67b6\u3002"],"content":"","goods_id":"1744","captcha":"469y8","number":"1","donation_number":null,"product_spec":"","confirm_type":"3"}
addToCart(1744,1) failed at May 1, 2015 10:29:42 AM, will readd
retry buy good 1744 at May 1, 2015 10:29:42 AM
Download full image code is correct as zdky4
{"error":3,"message":["\u5bf9\u4e0d\u8d77\uff0c\u8be5\u5546\u54c1\u5df2\u7ecf\u4e0b\u67b6\u3002"],"content":"","goods_id":"1744","captcha":"zdky4","number":"1","donation_number":null,"product_spec":"","confirm_type":"3"}
addToCart(1744,1) failed at May 1, 2015 10:29:42 AM, will readd
retry buy good 1744 at May 1, 2015 10:29:43 AM
Download full image code is correct as zlpq4
{"error":3,"message":["\u5bf9\u4e0d\u8d77\uff0c\u8be5\u5546\u54c1\u5df2\u7ecf\u4e0b\u67b6\u3002"],"content":"","goods_id":"1744","captcha":"zlpq4","number":"1","donation_number":null,"product_spec":"","confirm_type":"3"}
addToCart(1744,1) failed at May 1, 2015 10:29:43 AM, will readd
retry buy good 1744 at May 1, 2015 10:29:44 AM
Download full image code is correct as xrhpu
{"error":3,"message":["\u5bf9\u4e0d\u8d77\uff0c\u8be5\u5546\u54c1\u5df2\u7ecf\u4e0b\u67b6\u3002"],"content":"","goods_id":"1744","captcha":"xrhpu","number":"1","donation_number":null,"product_spec":"","confirm_type":"3"}
addToCart(1744,1) failed at May 1, 2015 10:29:44 AM, will readd
retry buy good 1744 at May 1, 2015 10:29:45 AM
Download full image code is correct as k3wgq
{"error":3,"message":["\u5bf9\u4e0d\u8d77\uff0c\u8be5\u5546\u54c1\u5df2\u7ecf\u4e0b\u67b6\u3002"],"content":"","goods_id":"1744","captcha":"k3wgq","number":"1","donation_number":null,"product_spec":"","confirm_type":"3"}
addToCart(1744,1) failed at May 1, 2015 10:29:45 AM, will readd
retry buy good 1744 at May 1, 2015 10:29:45 AM
Download full image code is correct as uzgmw
{"error":3,"message":["\u5bf9\u4e0d\u8d77\uff0c\u8be5\u5546\u54c1\u5df2\u7ecf\u4e0b\u67b6\u3002"],"content":"","goods_id":"1744","captcha":"uzgmw","number":"1","donation_number":null,"product_spec":"","confirm_type":"3"}
addToCart(1744,1) failed at May 1, 2015 10:29:46 AM, will readd
retry buy good 1744 at May 1, 2015 10:29:46 AM
Download full image code is correct as qjnwh
{"error":3,"message":["\u5bf9\u4e0d\u8d77\uff0c\u8be5\u5546\u54c1\u5df2\u7ecf\u4e0b\u67b6\u3002"],"content":"","goods_id":"1744","captcha":"qjnwh","number":"1","donation_number":null,"product_spec":"","confirm_type":"3"}
addToCart(1744,1) failed at May 1, 2015 10:29:46 AM, will readd
retry buy good 1744 at May 1, 2015 10:29:47 AM
Download full image code is correct as uzxnt
{"error":3,"message":["\u5bf9\u4e0d\u8d77\uff0c\u8be5\u5546\u54c1\u5df2\u7ecf\u4e0b\u67b6\u3002"],"content":"","goods_id":"1744","captcha":"uzxnt","number":"1","donation_number":null,"product_spec":"","confirm_type":"3"}
addToCart(1744,1) failed at May 1, 2015 10:29:47 AM, will readd
retry buy good 1744 at May 1, 2015 10:29:48 AM
Download full image code is correct as plm94
{"error":3,"message":["\u5bf9\u4e0d\u8d77\uff0c\u8be5\u5546\u54c1\u5df2\u7ecf\u4e0b\u67b6\u3002"],"content":"","goods_id":"1744","captcha":"plm94","number":"1","donation_number":null,"product_spec":"","confirm_type":"3"}
addToCart(1744,1) failed at May 1, 2015 10:29:48 AM, will readd
retry buy good 1744 at May 1, 2015 10:29:49 AM
Download full image code is correct as 64rgh
{"error":3,"message":["\u5bf9\u4e0d\u8d77\uff0c\u8be5\u5546\u54c1\u5df2\u7ecf\u4e0b\u67b6\u3002"],"content":"","goods_id":"1744","captcha":"64rgh","number":"1","donation_number":null,"product_spec":"","confirm_type":"3"}
addToCart(1744,1) failed at May 1, 2015 10:29:49 AM, will readd
retry buy good 1744 at May 1, 2015 10:29:49 AM
Download full image code is correct as phcm3
{"error":3,"message":["\u5bf9\u4e0d\u8d77\uff0c\u8be5\u5546\u54c1\u5df2\u7ecf\u4e0b\u67b6\u3002"],"content":"","goods_id":"1744","captcha":"phcm3","number":"1","donation_number":null,"product_spec":"","confirm_type":"3"}
addToCart(1744,1) failed at May 1, 2015 10:29:50 AM, will readd
retry buy good 1744 at May 1, 2015 10:29:50 AM
Download full image code is correct as 5dwf9
{"error":3,"message":["\u5bf9\u4e0d\u8d77\uff0c\u8be5\u5546\u54c1\u5df2\u7ecf\u4e0b\u67b6\u3002"],"content":"","goods_id":"1744","captcha":"5dwf9","number":"1","donation_number":null,"product_spec":"","confirm_type":"3"}
addToCart(1744,1) failed at May 1, 2015 10:29:50 AM, will readd
retry buy good 1744 at May 1, 2015 10:29:51 AM
Download full image code is correct as 5yfnw
{"error":3,"message":["\u5bf9\u4e0d\u8d77\uff0c\u8be5\u5546\u54c1\u5df2\u7ecf\u4e0b\u67b6\u3002"],"content":"","goods_id":"1744","captcha":"5yfnw","number":"1","donation_number":null,"product_spec":"","confirm_type":"3"}
addToCart(1744,1) failed at May 1, 2015 10:29:51 AM, will readd
retry buy good 1744 at May 1, 2015 10:29:52 AM
Download full image code is correct as wyjhn
{"error":3,"message":["\u5bf9\u4e0d\u8d77\uff0c\u8be5\u5546\u54c1\u5df2\u7ecf\u4e0b\u67b6\u3002"],"content":"","goods_id":"1744","captcha":"wyjhn","number":"1","donation_number":null,"product_spec":"","confirm_type":"3"}
addToCart(1744,1) failed at May 1, 2015 10:29:52 AM, will readd
retry buy good 1744 at May 1, 2015 10:29:53 AM
Download full image code is correct as lqvfj
{"error":3,"message":["\u5bf9\u4e0d\u8d77\uff0c\u8be5\u5546\u54c1\u5df2\u7ecf\u4e0b\u67b6\u3002"],"content":"","goods_id":"1744","captcha":"lqvfj","number":"1","donation_number":null,"product_spec":"","confirm_type":"3"}
addToCart(1744,1) failed at May 1, 2015 10:29:53 AM, will readd
retry buy good 1744 at May 1, 2015 10:29:53 AM
Download full image code is correct as 4fed2
{"error":3,"message":["\u5bf9\u4e0d\u8d77\uff0c\u8be5\u5546\u54c1\u5df2\u7ecf\u4e0b\u67b6\u3002"],"content":"","goods_id":"1744","captcha":"4fed2","number":"1","donation_number":null,"product_spec":"","confirm_type":"3"}
addToCart(1744,1) failed at May 1, 2015 10:29:54 AM, will readd
retry buy good 1744 at May 1, 2015 10:29:54 AM
Download full image code is correct as xv5t4
{"error":3,"message":["\u5bf9\u4e0d\u8d77\uff0c\u8be5\u5546\u54c1\u5df2\u7ecf\u4e0b\u67b6\u3002"],"content":"","goods_id":"1744","captcha":"xv5t4","number":"1","donation_number":null,"product_spec":"","confirm_type":"3"}
addToCart(1744,1) failed at May 1, 2015 10:29:54 AM, will readd
retry buy good 1744 at May 1, 2015 10:29:55 AM
Download full image code is correct as 7ld6p
{"error":3,"message":["\u5bf9\u4e0d\u8d77\uff0c\u8be5\u5546\u54c1\u5df2\u7ecf\u4e0b\u67b6\u3002"],"content":"","goods_id":"1744","captcha":"7ld6p","number":"1","donation_number":null,"product_spec":"","confirm_type":"3"}
addToCart(1744,1) failed at May 1, 2015 10:29:55 AM, will readd
retry buy good 1744 at May 1, 2015 10:29:56 AM
Download full image code is correct as 6ulgn
{"error":3,"message":["\u5bf9\u4e0d\u8d77\uff0c\u8be5\u5546\u54c1\u5df2\u7ecf\u4e0b\u67b6\u3002"],"content":"","goods_id":"1744","captcha":"6ulgn","number":"1","donation_number":null,"product_spec":"","confirm_type":"3"}
addToCart(1744,1) failed at May 1, 2015 10:29:56 AM, will readd
retry buy good 1744 at May 1, 2015 10:29:57 AM
Download full image code is correct as h92kc
{"error":3,"message":["\u5bf9\u4e0d\u8d77\uff0c\u8be5\u5546\u54c1\u5df2\u7ecf\u4e0b\u67b6\u3002"],"content":"","goods_id":"1744","captcha":"h92kc","number":"1","donation_number":null,"product_spec":"","confirm_type":"3"}
addToCart(1744,1) failed at May 1, 2015 10:29:57 AM, will readd
retry buy good 1744 at May 1, 2015 10:29:57 AM
Download full image code is correct as nacb8
{"error":3,"message":["\u5bf9\u4e0d\u8d77\uff0c\u8be5\u5546\u54c1\u5df2\u7ecf\u4e0b\u67b6\u3002"],"content":"","goods_id":"1744","captcha":"nacb8","number":"1","donation_number":null,"product_spec":"","confirm_type":"3"}
addToCart(1744,1) failed at May 1, 2015 10:29:58 AM, will readd
retry buy good 1744 at May 1, 2015 10:29:58 AM
Download full image code is correct as fxpyc
{"error":3,"message":["\u5bf9\u4e0d\u8d77\uff0c\u8be5\u5546\u54c1\u5df2\u7ecf\u4e0b\u67b6\u3002"],"content":"","goods_id":"1744","captcha":"fxpyc","number":"1","donation_number":null,"product_spec":"","confirm_type":"3"}
addToCart(1744,1) failed at May 1, 2015 10:29:58 AM, will readd
retry buy good 1744 at May 1, 2015 10:29:59 AM
Download full image code is correct as yfmjh
{"error":3,"message":["\u5bf9\u4e0d\u8d77\uff0c\u8be5\u5546\u54c1\u5df2\u7ecf\u4e0b\u67b6\u3002"],"content":"","goods_id":"1744","captcha":"yfmjh","number":"1","donation_number":null,"product_spec":"","confirm_type":"3"}
addToCart(1744,1) failed at May 1, 2015 10:29:59 AM, will readd
retry buy good 1744 at May 1, 2015 10:30:00 AM
Download full image code is correct as kg9ht
{"error":3,"message":["\u5bf9\u4e0d\u8d77\uff0c\u8be5\u5546\u54c1\u5df2\u7ecf\u4e0b\u67b6\u3002"],"content":"","goods_id":"1744","captcha":"kg9ht","number":"1","donation_number":null,"product_spec":"","confirm_type":"3"}
addToCart(1744,1) failed at May 1, 2015 10:30:00 AM, will readd
retry buy good 1744 at May 1, 2015 10:30:01 AM
Download full image code is correct as anvpq
{"error":3,"message":["\u5bf9\u4e0d\u8d77\uff0c\u8be5\u5546\u54c1\u5df2\u7ecf\u4e0b\u67b6\u3002"],"content":"","goods_id":"1744","captcha":"anvpq","number":"1","donation_number":null,"product_spec":"","confirm_type":"3"}
addToCart(1744,1) failed at May 1, 2015 10:30:01 AM, will readd
retry buy good 1744 at May 1, 2015 10:30:01 AM
Download full image code is correct as mj47p
{"error":3,"message":["\u5bf9\u4e0d\u8d77\uff0c\u8be5\u5546\u54c1\u5df2\u7ecf\u4e0b\u67b6\u3002"],"content":"","goods_id":"1744","captcha":"mj47p","number":"1","donation_number":null,"product_spec":"","confirm_type":"3"}
addToCart(1744,1) failed at May 1, 2015 10:30:01 AM, will readd
retry buy good 1744 at May 1, 2015 10:30:02 AM
Download full image code is correct as 2yqjf
{"error":3,"message":["\u5bf9\u4e0d\u8d77\uff0c\u8be5\u5546\u54c1\u5df2\u7ecf\u4e0b\u67b6\u3002"],"content":"","goods_id":"1744","captcha":"2yqjf","number":"1","donation_number":null,"product_spec":"","confirm_type":"3"}
addToCart(1744,1) failed at May 1, 2015 10:30:02 AM, will readd
retry buy good 1744 at May 1, 2015 10:30:03 AM
Download full image code is correct as qlfyj
{"error":3,"message":["\u5bf9\u4e0d\u8d77\uff0c\u8be5\u5546\u54c1\u5df2\u7ecf\u4e0b\u67b6\u3002"],"content":"","goods_id":"1744","captcha":"qlfyj","number":"1","donation_number":null,"product_spec":"","confirm_type":"3"}
addToCart(1744,1) failed at May 1, 2015 10:30:03 AM, will readd
retry buy good 1744 at May 1, 2015 10:30:03 AM
Download full image code is correct as cly2p
{"error":3,"message":["\u5bf9\u4e0d\u8d77\uff0c\u8be5\u5546\u54c1\u5df2\u7ecf\u4e0b\u67b6\u3002"],"content":"","goods_id":"1744","captcha":"cly2p","number":"1","donation_number":null,"product_spec":"","confirm_type":"3"}
addToCart(1744,1) failed at May 1, 2015 10:30:04 AM, will readd
retry buy good 1744 at May 1, 2015 10:30:04 AM
Download full image code is correct as ftljc
{"error":3,"message":["\u5bf9\u4e0d\u8d77\uff0c\u8be5\u5546\u54c1\u5df2\u7ecf\u4e0b\u67b6\u3002"],"content":"","goods_id":"1744","captcha":"ftljc","number":"1","donation_number":null,"product_spec":"","confirm_type":"3"}
addToCart(1744,1) failed at May 1, 2015 10:30:04 AM, will readd
retry buy good 1744 at May 1, 2015 10:30:05 AM
Download full image code is correct as 2gqlk
{"error":3,"message":["\u5bf9\u4e0d\u8d77\uff0c\u8be5\u5546\u54c1\u5df2\u7ecf\u4e0b\u67b6\u3002"],"content":"","goods_id":"1744","captcha":"2gqlk","number":"1","donation_number":null,"product_spec":"","confirm_type":"3"}
addToCart(1744,1) failed at May 1, 2015 10:30:05 AM, will readd
retry buy good 1744 at May 1, 2015 10:30:06 AM
Download full image code is correct as xljm6
{"error":3,"message":["\u5bf9\u4e0d\u8d77\uff0c\u8be5\u5546\u54c1\u5df2\u7ecf\u4e0b\u67b6\u3002"],"content":"","goods_id":"1744","captcha":"xljm6","number":"1","donation_number":null,"product_spec":"","confirm_type":"3"}
addToCart(1744,1) failed at May 1, 2015 10:30:06 AM, will readd
retry buy good 1744 at May 1, 2015 10:30:06 AM
Download full image code is correct as hdzev
{"error":3,"message":["\u5bf9\u4e0d\u8d77\uff0c\u8be5\u5546\u54c1\u5df2\u7ecf\u4e0b\u67b6\u3002"],"content":"","goods_id":"1744","captcha":"hdzev","number":"1","donation_number":null,"product_spec":"","confirm_type":"3"}
addToCart(1744,1) failed at May 1, 2015 10:30:06 AM, will readd
retry buy good 1744 at May 1, 2015 10:30:07 AM
Download full image code is correct as t3zhb
{"error":3,"message":["\u5bf9\u4e0d\u8d77\uff0c\u8be5\u5546\u54c1\u5df2\u7ecf\u4e0b\u67b6\u3002"],"content":"","goods_id":"1744","captcha":"t3zhb","number":"1","donation_number":null,"product_spec":"","confirm_type":"3"}
addToCart(1744,1) failed at May 1, 2015 10:30:07 AM, will readd
retry buy good 1744 at May 1, 2015 10:30:08 AM
Download full image code is correct as 5dvnj
{"error":3,"message":["\u5bf9\u4e0d\u8d77\uff0c\u8be5\u5546\u54c1\u5df2\u7ecf\u4e0b\u67b6\u3002"],"content":"","goods_id":"1744","captcha":"5dvnj","number":"1","donation_number":null,"product_spec":"","confirm_type":"3"}
addToCart(1744,1) failed at May 1, 2015 10:30:08 AM, will readd
retry buy good 1744 at May 1, 2015 10:30:08 AM
Download full image code is correct as yvdcp
{"error":3,"message":["\u5bf9\u4e0d\u8d77\uff0c\u8be5\u5546\u54c1\u5df2\u7ecf\u4e0b\u67b6\u3002"],"content":"","goods_id":"1744","captcha":"yvdcp","number":"1","donation_number":null,"product_spec":"","confirm_type":"3"}
addToCart(1744,1) failed at May 1, 2015 10:30:09 AM, will readd
retry buy good 1744 at May 1, 2015 10:30:09 AM
Download full image code is correct as ajwhk
{"error":3,"message":["\u5bf9\u4e0d\u8d77\uff0c\u8be5\u5546\u54c1\u5df2\u7ecf\u4e0b\u67b6\u3002"],"content":"","goods_id":"1744","captcha":"ajwhk","number":"1","donation_number":null,"product_spec":"","confirm_type":"3"}
addToCart(1744,1) failed at May 1, 2015 10:30:09 AM, will readd
retry buy good 1744 at May 1, 2015 10:30:10 AM
Download full image code is correct as ralmx
{"error":3,"message":["\u5bf9\u4e0d\u8d77\uff0c\u8be5\u5546\u54c1\u5df2\u7ecf\u4e0b\u67b6\u3002"],"content":"","goods_id":"1744","captcha":"ralmx","number":"1","donation_number":null,"product_spec":"","confirm_type":"3"}
addToCart(1744,1) failed at May 1, 2015 10:30:10 AM, will readd
retry buy good 1744 at May 1, 2015 10:30:11 AM
Download full image code is correct as pc9z7
{"error":3,"message":["\u5bf9\u4e0d\u8d77\uff0c\u8be5\u5546\u54c1\u5df2\u7ecf\u4e0b\u67b6\u3002"],"content":"","goods_id":"1744","captcha":"pc9z7","number":"1","donation_number":null,"product_spec":"","confirm_type":"3"}
addToCart(1744,1) failed at May 1, 2015 10:30:11 AM, will readd
retry buy good 1744 at May 1, 2015 10:30:11 AM
Download full image code is correct as 4yrqv
{"error":3,"message":["\u5bf9\u4e0d\u8d77\uff0c\u8be5\u5546\u54c1\u5df2\u7ecf\u4e0b\u67b6\u3002"],"content":"","goods_id":"1744","captcha":"4yrqv","number":"1","donation_number":null,"product_spec":"","confirm_type":"3"}
addToCart(1744,1) failed at May 1, 2015 10:30:11 AM, will readd
retry buy good 1744 at May 1, 2015 10:30:12 AM
Download full image code is correct as qp32c
{"error":3,"message":["\u5bf9\u4e0d\u8d77\uff0c\u8be5\u5546\u54c1\u5df2\u7ecf\u4e0b\u67b6\u3002"],"content":"","goods_id":"1744","captcha":"qp32c","number":"1","donation_number":null,"product_spec":"","confirm_type":"3"}
addToCart(1744,1) failed at May 1, 2015 10:30:12 AM, will readd
retry buy good 1744 at May 1, 2015 10:30:13 AM
Download full image code is correct as 9vhck
{"error":3,"message":["\u5bf9\u4e0d\u8d77\uff0c\u8be5\u5546\u54c1\u5df2\u7ecf\u4e0b\u67b6\u3002"],"content":"","goods_id":"1744","captcha":"9vhck","number":"1","donation_number":null,"product_spec":"","confirm_type":"3"}
addToCart(1744,1) failed at May 1, 2015 10:30:13 AM, will readd
retry buy good 1744 at May 1, 2015 10:30:13 AM
Download full image code is correct as 9uane
{"error":3,"message":["\u5bf9\u4e0d\u8d77\uff0c\u8be5\u5546\u54c1\u5df2\u7ecf\u4e0b\u67b6\u3002"],"content":"","goods_id":"1744","captcha":"9uane","number":"1","donation_number":null,"product_spec":"","confirm_type":"3"}
addToCart(1744,1) failed at May 1, 2015 10:30:14 AM, will readd
retry buy good 1744 at May 1, 2015 10:30:14 AM
Download full image code is correct as bd3e4
{"error":3,"message":["\u5bf9\u4e0d\u8d77\uff0c\u8be5\u5546\u54c1\u5df2\u7ecf\u4e0b\u67b6\u3002"],"content":"","goods_id":"1744","captcha":"bd3e4","number":"1","donation_number":null,"product_spec":"","confirm_type":"3"}
addToCart(1744,1) failed at May 1, 2015 10:30:14 AM, will readd
retry buy good 1744 at May 1, 2015 10:30:15 AM
Download full image code is correct as 8zl4p
{"error":3,"message":["\u5bf9\u4e0d\u8d77\uff0c\u8be5\u5546\u54c1\u5df2\u7ecf\u4e0b\u67b6\u3002"],"content":"","goods_id":"1744","captcha":"8zl4p","number":"1","donation_number":null,"product_spec":"","confirm_type":"3"}
addToCart(1744,1) failed at May 1, 2015 10:30:15 AM, will readd
retry buy good 1744 at May 1, 2015 10:30:16 AM
Download full image code is correct as m3bza
{"error":3,"message":["\u5bf9\u4e0d\u8d77\uff0c\u8be5\u5546\u54c1\u5df2\u7ecf\u4e0b\u67b6\u3002"],"content":"","goods_id":"1744","captcha":"m3bza","number":"1","donation_number":null,"product_spec":"","confirm_type":"3"}
addToCart(1744,1) failed at May 1, 2015 10:30:16 AM, will readd
retry buy good 1744 at May 1, 2015 10:30:16 AM
Download full image code is correct as drmpv
{"error":3,"message":["\u5bf9\u4e0d\u8d77\uff0c\u8be5\u5546\u54c1\u5df2\u7ecf\u4e0b\u67b6\u3002"],"content":"","goods_id":"1744","captcha":"drmpv","number":"1","donation_number":null,"product_spec":"","confirm_type":"3"}
addToCart(1744,1) failed at May 1, 2015 10:30:16 AM, will readd
retry buy good 1744 at May 1, 2015 10:30:17 AM
Download full image code is correct as 2xzvp
{"error":3,"message":["\u5bf9\u4e0d\u8d77\uff0c\u8be5\u5546\u54c1\u5df2\u7ecf\u4e0b\u67b6\u3002"],"content":"","goods_id":"1744","captcha":"2xzvp","number":"1","donation_number":null,"product_spec":"","confirm_type":"3"}
addToCart(1744,1) failed at May 1, 2015 10:30:17 AM, will readd
retry buy good 1744 at May 1, 2015 10:30:18 AM
Download full image code is correct as mqr6u
{"error":3,"message":["\u5bf9\u4e0d\u8d77\uff0c\u8be5\u5546\u54c1\u5df2\u7ecf\u4e0b\u67b6\u3002"],"content":"","goods_id":"1744","captcha":"mqr6u","number":"1","donation_number":null,"product_spec":"","confirm_type":"3"}
addToCart(1744,1) failed at May 1, 2015 10:30:18 AM, will readd
retry buy good 1744 at May 1, 2015 10:30:18 AM
Download full image code is correct as 4cjde
{"error":3,"message":["\u5bf9\u4e0d\u8d77\uff0c\u8be5\u5546\u54c1\u5df2\u7ecf\u4e0b\u67b6\u3002"],"content":"","goods_id":"1744","captcha":"4cjde","number":"1","donation_number":null,"product_spec":"","confirm_type":"3"}
addToCart(1744,1) failed at May 1, 2015 10:30:18 AM, will readd
retry buy good 1744 at May 1, 2015 10:30:19 AM
Download full image code is correct as ben9a
{"error":3,"message":["\u5bf9\u4e0d\u8d77\uff0c\u8be5\u5546\u54c1\u5df2\u7ecf\u4e0b\u67b6\u3002"],"content":"","goods_id":"1744","captcha":"ben9a","number":"1","donation_number":null,"product_spec":"","confirm_type":"3"}
addToCart(1744,1) failed at May 1, 2015 10:30:19 AM, will readd
retry buy good 1744 at May 1, 2015 10:30:20 AM
Download full image code is correct as 62ru3
{"error":3,"message":["\u5bf9\u4e0d\u8d77\uff0c\u8be5\u5546\u54c1\u5df2\u7ecf\u4e0b\u67b6\u3002"],"content":"","goods_id":"1744","captcha":"62ru3","number":"1","donation_number":null,"product_spec":"","confirm_type":"3"}
addToCart(1744,1) failed at May 1, 2015 10:30:20 AM, will readd
retry buy good 1744 at May 1, 2015 10:30:20 AM
Download full image code is correct as n2e69
{"error":3,"message":["\u5bf9\u4e0d\u8d77\uff0c\u8be5\u5546\u54c1\u5df2\u7ecf\u4e0b\u67b6\u3002"],"content":"","goods_id":"1744","captcha":"n2e69","number":"1","donation_number":null,"product_spec":"","confirm_type":"3"}
addToCart(1744,1) failed at May 1, 2015 10:30:21 AM, will readd
retry buy good 1744 at May 1, 2015 10:30:21 AM
Download full image code is correct as 5edw7
{"error":3,"message":["\u5bf9\u4e0d\u8d77\uff0c\u8be5\u5546\u54c1\u5df2\u7ecf\u4e0b\u67b6\u3002"],"content":"","goods_id":"1744","captcha":"5edw7","number":"1","donation_number":null,"product_spec":"","confirm_type":"3"}
addToCart(1744,1) failed at May 1, 2015 10:30:21 AM, will readd
retry buy good 1744 at May 1, 2015 10:30:22 AM
Download full image code is correct as mjxkz
{"error":3,"message":["\u5bf9\u4e0d\u8d77\uff0c\u8be5\u5546\u54c1\u5df2\u7ecf\u4e0b\u67b6\u3002"],"content":"","goods_id":"1744","captcha":"mjxkz","number":"1","donation_number":null,"product_spec":"","confirm_type":"3"}
addToCart(1744,1) failed at May 1, 2015 10:30:22 AM, will readd
retry buy good 1744 at May 1, 2015 10:30:23 AM
Download full image code is correct as 6u2xz
{"error":3,"message":["\u5bf9\u4e0d\u8d77\uff0c\u8be5\u5546\u54c1\u5df2\u7ecf\u4e0b\u67b6\u3002"],"content":"","goods_id":"1744","captcha":"6u2xz","number":"1","donation_number":null,"product_spec":"","confirm_type":"3"}
addToCart(1744,1) failed at May 1, 2015 10:30:23 AM, will readd
retry buy good 1744 at May 1, 2015 10:30:23 AM
Download full image code is correct as hytqa
{"error":3,"message":["\u5bf9\u4e0d\u8d77\uff0c\u8be5\u5546\u54c1\u5df2\u7ecf\u4e0b\u67b6\u3002"],"content":"","goods_id":"1744","captcha":"hytqa","number":"1","donation_number":null,"product_spec":"","confirm_type":"3"}
addToCart(1744,1) failed at May 1, 2015 10:30:23 AM, will readd
retry buy good 1744 at May 1, 2015 10:30:24 AM
Download full image code is correct as wqd2s
{"error":3,"message":["\u5bf9\u4e0d\u8d77\uff0c\u8be5\u5546\u54c1\u5df2\u7ecf\u4e0b\u67b6\u3002"],"content":"","goods_id":"1744","captcha":"wqd2s","number":"1","donation_number":null,"product_spec":"","confirm_type":"3"}
addToCart(1744,1) failed at May 1, 2015 10:30:24 AM, will readd
retry buy good 1744 at May 1, 2015 10:30:25 AM
Download full image code is correct as 9q6fw
{"error":3,"message":["\u5bf9\u4e0d\u8d77\uff0c\u8be5\u5546\u54c1\u5df2\u7ecf\u4e0b\u67b6\u3002"],"content":"","goods_id":"1744","captcha":"9q6fw","number":"1","donation_number":null,"product_spec":"","confirm_type":"3"}
addToCart(1744,1) failed at May 1, 2015 10:30:25 AM, will readd
retry buy good 1744 at May 1, 2015 10:30:25 AM
Download full image code is correct as d2ws7
{"error":3,"message":["\u5bf9\u4e0d\u8d77\uff0c\u8be5\u5546\u54c1\u5df2\u7ecf\u4e0b\u67b6\u3002"],"content":"","goods_id":"1744","captcha":"d2ws7","number":"1","donation_number":null,"product_spec":"","confirm_type":"3"}
addToCart(1744,1) failed at May 1, 2015 10:30:26 AM, will readd
retry buy good 1744 at May 1, 2015 10:30:26 AM
Download full image code is correct as 5adp3
{"error":3,"message":["\u5bf9\u4e0d\u8d77\uff0c\u8be5\u5546\u54c1\u5df2\u7ecf\u4e0b\u67b6\u3002"],"content":"","goods_id":"1744","captcha":"5adp3","number":"1","donation_number":null,"product_spec":"","confirm_type":"3"}
addToCart(1744,1) failed at May 1, 2015 10:30:26 AM, will readd
retry buy good 1744 at May 1, 2015 10:30:27 AM
Download full image code is correct as 38dsk
{"error":3,"message":["\u5bf9\u4e0d\u8d77\uff0c\u8be5\u5546\u54c1\u5df2\u7ecf\u4e0b\u67b6\u3002"],"content":"","goods_id":"1744","captcha":"38dsk","number":"1","donation_number":null,"product_spec":"","confirm_type":"3"}
addToCart(1744,1) failed at May 1, 2015 10:30:27 AM, will readd
retry buy good 1744 at May 1, 2015 10:30:28 AM
Download full image code is correct as h5eu9
{"error":3,"message":["\u5bf9\u4e0d\u8d77\uff0c\u8be5\u5546\u54c1\u5df2\u7ecf\u4e0b\u67b6\u3002"],"content":"","goods_id":"1744","captcha":"h5eu9","number":"1","donation_number":null,"product_spec":"","confirm_type":"3"}
addToCart(1744,1) failed at May 1, 2015 10:30:28 AM, will readd
retry buy good 1744 at May 1, 2015 10:30:28 AM
Download full image code is correct as cr62z
{"error":3,"message":["\u5bf9\u4e0d\u8d77\uff0c\u8be5\u5546\u54c1\u5df2\u7ecf\u4e0b\u67b6\u3002"],"content":"","goods_id":"1744","captcha":"cr62z","number":"1","donation_number":null,"product_spec":"","confirm_type":"3"}
addToCart(1744,1) failed at May 1, 2015 10:30:28 AM, will readd
retry buy good 1744 at May 1, 2015 10:30:29 AM
Download full image code is correct as xjqsd
{"error":3,"message":["\u5bf9\u4e0d\u8d77\uff0c\u8be5\u5546\u54c1\u5df2\u7ecf\u4e0b\u67b6\u3002"],"content":"","goods_id":"1744","captcha":"xjqsd","number":"1","donation_number":null,"product_spec":"","confirm_type":"3"}
addToCart(1744,1) failed at May 1, 2015 10:30:29 AM, will readd
retry buy good 1744 at May 1, 2015 10:30:30 AM
Download full image code is correct as sd5xj
{"error":3,"message":["\u5bf9\u4e0d\u8d77\uff0c\u8be5\u5546\u54c1\u5df2\u7ecf\u4e0b\u67b6\u3002"],"content":"","goods_id":"1744","captcha":"sd5xj","number":"1","donation_number":null,"product_spec":"","confirm_type":"3"}
addToCart(1744,1) failed at May 1, 2015 10:30:30 AM, will readd
retry buy good 1744 at May 1, 2015 10:30:30 AM
Download full image code is correct as u8j67
{"error":3,"message":["\u5bf9\u4e0d\u8d77\uff0c\u8be5\u5546\u54c1\u5df2\u7ecf\u4e0b\u67b6\u3002"],"content":"","goods_id":"1744","captcha":"u8j67","number":"1","donation_number":null,"product_spec":"","confirm_type":"3"}
addToCart(1744,1) failed at May 1, 2015 10:30:30 AM, will readd
retry buy good 1744 at May 1, 2015 10:30:31 AM
Download full image code is correct as suk5m
{"error":3,"message":["\u5bf9\u4e0d\u8d77\uff0c\u8be5\u5546\u54c1\u5df2\u7ecf\u4e0b\u67b6\u3002"],"content":"","goods_id":"1744","captcha":"suk5m","number":"1","donation_number":null,"product_spec":"","confirm_type":"3"}
addToCart(1744,1) failed at May 1, 2015 10:30:31 AM, will readd
retry buy good 1744 at May 1, 2015 10:30:32 AM
