started at Apr 25, 2015 11:00:35 AM
login sucessfully with proxy 106.38.251.62 at Apr 25, 2015 11:00:36 AM
Download full image code is correct as 89641
{"error":3,"message":["\u5bf9\u4e0d\u8d77\uff0c\u8be5\u5546\u54c1\u5df2\u7ecf\u4e0b\u67b6\u3002"],"content":"","goods_id":"1718","captcha":"89641","number":"1","donation_number":null,"product_spec":"","confirm_type":"3"}
addToCart(1718,1) failed at Apr 25, 2015 11:00:37 AM, will readd
org.apache.http.conn.EofSensorInputStream@721cd0fa
retry buy good 1718 at Apr 25, 2015 11:00:37 AM
Download full image code is correct as 69541
{"error":3,"message":["\u5bf9\u4e0d\u8d77\uff0c\u8be5\u5546\u54c1\u5df2\u7ecf\u4e0b\u67b6\u3002"],"content":"","goods_id":"1718","captcha":"69541","number":"1","donation_number":null,"product_spec":"","confirm_type":"3"}
addToCart(1718,1) failed at Apr 25, 2015 11:00:38 AM, will readd
org.apache.http.conn.EofSensorInputStream@294078ee
retry buy good 1718 at Apr 25, 2015 11:00:38 AM
Download full image code is correct as 81532
{"error":3,"message":["\u5bf9\u4e0d\u8d77\uff0c\u8be5\u5546\u54c1\u5df2\u7ecf\u4e0b\u67b6\u3002"],"content":"","goods_id":"1718","captcha":"81532","number":"1","donation_number":null,"product_spec":"","confirm_type":"3"}
addToCart(1718,1) failed at Apr 25, 2015 11:00:39 AM, will readd
org.apache.http.conn.EofSensorInputStream@712c662b
retry buy good 1718 at Apr 25, 2015 11:00:39 AM
Download full image code is correct as 62709
{"error":3,"message":["\u5bf9\u4e0d\u8d77\uff0c\u8be5\u5546\u54c1\u5df2\u7ecf\u4e0b\u67b6\u3002"],"content":"","goods_id":"1718","captcha":"62709","number":"1","donation_number":null,"product_spec":"","confirm_type":"3"}
addToCart(1718,1) failed at Apr 25, 2015 11:00:39 AM, will readd
org.apache.http.conn.EofSensorInputStream@40a5a87c
retry buy good 1718 at Apr 25, 2015 11:00:40 AM
Download full image code is correct as 91054
{"error":3,"message":["\u5bf9\u4e0d\u8d77\uff0c\u8be5\u5546\u54c1\u5df2\u7ecf\u4e0b\u67b6\u3002"],"content":"","goods_id":"1718","captcha":"91054","number":"1","donation_number":null,"product_spec":"","confirm_type":"3"}
addToCart(1718,1) failed at Apr 25, 2015 11:00:40 AM, will readd
org.apache.http.conn.EofSensorInputStream@16bbcb8b
retry buy good 1718 at Apr 25, 2015 11:00:41 AM
Download full image code is correct as 30847
{"error":3,"message":["\u5bf9\u4e0d\u8d77\uff0c\u8be5\u5546\u54c1\u5df2\u7ecf\u4e0b\u67b6\u3002"],"content":"","goods_id":"1718","captcha":"30847","number":"1","donation_number":null,"product_spec":"","confirm_type":"3"}
addToCart(1718,1) failed at Apr 25, 2015 11:00:41 AM, will readd
org.apache.http.conn.EofSensorInputStream@562798e8
retry buy good 1718 at Apr 25, 2015 11:00:42 AM
Download full image code is correct as 97825
{"error":3,"message":["\u5bf9\u4e0d\u8d77\uff0c\u8be5\u5546\u54c1\u5df2\u7ecf\u4e0b\u67b6\u3002"],"content":"","goods_id":"1718","captcha":"97825","number":"1","donation_number":null,"product_spec":"","confirm_type":"3"}
addToCart(1718,1) failed at Apr 25, 2015 11:00:42 AM, will readd
org.apache.http.conn.EofSensorInputStream@34a60b09
retry buy good 1718 at Apr 25, 2015 11:00:43 AM
Download full image code is correct as 34812
{"error":3,"message":["\u5bf9\u4e0d\u8d77\uff0c\u8be5\u5546\u54c1\u5df2\u7ecf\u4e0b\u67b6\u3002"],"content":"","goods_id":"1718","captcha":"34812","number":"1","donation_number":null,"product_spec":"","confirm_type":"3"}
addToCart(1718,1) failed at Apr 25, 2015 11:00:43 AM, will readd
org.apache.http.conn.EofSensorInputStream@53267449
retry buy good 1718 at Apr 25, 2015 11:00:44 AM
Download full image code is correct as 04615
{"error":3,"message":["\u5bf9\u4e0d\u8d77\uff0c\u8be5\u5546\u54c1\u5df2\u7ecf\u4e0b\u67b6\u3002"],"content":"","goods_id":"1718","captcha":"04615","number":"1","donation_number":null,"product_spec":"","confirm_type":"3"}
addToCart(1718,1) failed at Apr 25, 2015 11:00:44 AM, will readd
org.apache.http.conn.EofSensorInputStream@24199a0e
retry buy good 1718 at Apr 25, 2015 11:00:44 AM
Download full image code is correct as 41928
{"error":3,"message":["\u5bf9\u4e0d\u8d77\uff0c\u8be5\u5546\u54c1\u5df2\u7ecf\u4e0b\u67b6\u3002"],"content":"","goods_id":"1718","captcha":"41928","number":"1","donation_number":null,"product_spec":"","confirm_type":"3"}
addToCart(1718,1) failed at Apr 25, 2015 11:00:45 AM, will readd
org.apache.http.conn.EofSensorInputStream@159d5cf4
retry buy good 1718 at Apr 25, 2015 11:00:45 AM
Download full image code is correct as 85349
{"error":3,"message":["\u5bf9\u4e0d\u8d77\uff0c\u8be5\u5546\u54c1\u5df2\u7ecf\u4e0b\u67b6\u3002"],"content":"","goods_id":"1718","captcha":"85349","number":"1","donation_number":null,"product_spec":"","confirm_type":"3"}
addToCart(1718,1) failed at Apr 25, 2015 11:00:46 AM, will readd
org.apache.http.conn.EofSensorInputStream@3c4bb6f5
retry buy good 1718 at Apr 25, 2015 11:00:46 AM
Download full image code is correct as 63978
{"error":3,"message":["\u5bf9\u4e0d\u8d77\uff0c\u8be5\u5546\u54c1\u5df2\u7ecf\u4e0b\u67b6\u3002"],"content":"","goods_id":"1718","captcha":"63978","number":"1","donation_number":null,"product_spec":"","confirm_type":"3"}
addToCart(1718,1) failed at Apr 25, 2015 11:00:46 AM, will readd
org.apache.http.conn.EofSensorInputStream@1c6addb8
retry buy good 1718 at Apr 25, 2015 11:00:47 AM
Download full image code is correct as 28679
{"error":3,"message":["\u5bf9\u4e0d\u8d77\uff0c\u8be5\u5546\u54c1\u5df2\u7ecf\u4e0b\u67b6\u3002"],"content":"","goods_id":"1718","captcha":"28679","number":"1","donation_number":null,"product_spec":"","confirm_type":"3"}
addToCart(1718,1) failed at Apr 25, 2015 11:00:47 AM, will readd
org.apache.http.conn.EofSensorInputStream@3f72aff0
retry buy good 1718 at Apr 25, 2015 11:00:48 AM
Download full image code is correct as 20395
{"error":3,"message":["\u5bf9\u4e0d\u8d77\uff0c\u8be5\u5546\u54c1\u5df2\u7ecf\u4e0b\u67b6\u3002"],"content":"","goods_id":"1718","captcha":"20395","number":"1","donation_number":null,"product_spec":"","confirm_type":"3"}
addToCart(1718,1) failed at Apr 25, 2015 11:00:48 AM, will readd
org.apache.http.conn.EofSensorInputStream@352abdf5
retry buy good 1718 at Apr 25, 2015 11:00:49 AM
Download full image code is correct as 80614
{"error":3,"message":["\u5bf9\u4e0d\u8d77\uff0c\u8be5\u5546\u54c1\u5df2\u7ecf\u4e0b\u67b6\u3002"],"content":"","goods_id":"1718","captcha":"80614","number":"1","donation_number":null,"product_spec":"","confirm_type":"3"}
addToCart(1718,1) failed at Apr 25, 2015 11:00:49 AM, will readd
org.apache.http.conn.EofSensorInputStream@6b01344f
retry buy good 1718 at Apr 25, 2015 11:00:50 AM
Download full image code is correct as 30172
{"error":3,"message":["\u5bf9\u4e0d\u8d77\uff0c\u8be5\u5546\u54c1\u5df2\u7ecf\u4e0b\u67b6\u3002"],"content":"","goods_id":"1718","captcha":"30172","number":"1","donation_number":null,"product_spec":"","confirm_type":"3"}
addToCart(1718,1) failed at Apr 25, 2015 11:00:50 AM, will readd
org.apache.http.conn.EofSensorInputStream@42648d9e
retry buy good 1718 at Apr 25, 2015 11:00:50 AM
Download full image code is correct as 09782
{"error":3,"message":["\u5bf9\u4e0d\u8d77\uff0c\u8be5\u5546\u54c1\u5df2\u7ecf\u4e0b\u67b6\u3002"],"content":"","goods_id":"1718","captcha":"09782","number":"1","donation_number":null,"product_spec":"","confirm_type":"3"}
addToCart(1718,1) failed at Apr 25, 2015 11:00:51 AM, will readd
org.apache.http.conn.EofSensorInputStream@613bd203
retry buy good 1718 at Apr 25, 2015 11:00:51 AM
Download full image code is correct as 51473
{"error":3,"message":["\u5bf9\u4e0d\u8d77\uff0c\u8be5\u5546\u54c1\u5df2\u7ecf\u4e0b\u67b6\u3002"],"content":"","goods_id":"1718","captcha":"51473","number":"1","donation_number":null,"product_spec":"","confirm_type":"3"}
addToCart(1718,1) failed at Apr 25, 2015 11:00:52 AM, will readd
org.apache.http.conn.EofSensorInputStream@409160dc
retry buy good 1718 at Apr 25, 2015 11:00:52 AM
Download full image code is correct as 98245
{"error":3,"message":["\u5bf9\u4e0d\u8d77\uff0c\u8be5\u5546\u54c1\u5df2\u7ecf\u4e0b\u67b6\u3002"],"content":"","goods_id":"1718","captcha":"98245","number":"1","donation_number":null,"product_spec":"","confirm_type":"3"}
addToCart(1718,1) failed at Apr 25, 2015 11:00:53 AM, will readd
org.apache.http.conn.EofSensorInputStream@331e965f
retry buy good 1718 at Apr 25, 2015 11:00:53 AM
Download full image code is correct as 81394
{"error":3,"message":["\u5bf9\u4e0d\u8d77\uff0c\u8be5\u5546\u54c1\u5df2\u7ecf\u4e0b\u67b6\u3002"],"content":"","goods_id":"1718","captcha":"81394","number":"1","donation_number":null,"product_spec":"","confirm_type":"3"}
addToCart(1718,1) failed at Apr 25, 2015 11:00:53 AM, will readd
org.apache.http.conn.EofSensorInputStream@59e8f902
retry buy good 1718 at Apr 25, 2015 11:00:54 AM
Download full image code is correct as 36490
{"error":3,"message":["\u5bf9\u4e0d\u8d77\uff0c\u8be5\u5546\u54c1\u5df2\u7ecf\u4e0b\u67b6\u3002"],"content":"","goods_id":"1718","captcha":"36490","number":"1","donation_number":null,"product_spec":"","confirm_type":"3"}
addToCart(1718,1) failed at Apr 25, 2015 11:00:54 AM, will readd
org.apache.http.conn.EofSensorInputStream@55646e98
retry buy good 1718 at Apr 25, 2015 11:00:55 AM
Download full image code is correct as 49175
{"error":3,"message":["\u5bf9\u4e0d\u8d77\uff0c\u8be5\u5546\u54c1\u5df2\u7ecf\u4e0b\u67b6\u3002"],"content":"","goods_id":"1718","captcha":"49175","number":"1","donation_number":null,"product_spec":"","confirm_type":"3"}
addToCart(1718,1) failed at Apr 25, 2015 11:00:55 AM, will readd
org.apache.http.conn.EofSensorInputStream@5fb155b7
retry buy good 1718 at Apr 25, 2015 11:00:56 AM
Download full image code is correct as 58326
{"error":3,"message":["\u5bf9\u4e0d\u8d77\uff0c\u8be5\u5546\u54c1\u5df2\u7ecf\u4e0b\u67b6\u3002"],"content":"","goods_id":"1718","captcha":"58326","number":"1","donation_number":null,"product_spec":"","confirm_type":"3"}
addToCart(1718,1) failed at Apr 25, 2015 11:00:56 AM, will readd
org.apache.http.conn.EofSensorInputStream@3586a6d2
retry buy good 1718 at Apr 25, 2015 11:00:57 AM
Download full image code is correct as 41726
{"error":3,"message":["\u5bf9\u4e0d\u8d77\uff0c\u8be5\u5546\u54c1\u5df2\u7ecf\u4e0b\u67b6\u3002"],"content":"","goods_id":"1718","captcha":"41726","number":"1","donation_number":null,"product_spec":"","confirm_type":"3"}
addToCart(1718,1) failed at Apr 25, 2015 11:00:57 AM, will readd
org.apache.http.conn.EofSensorInputStream@3c0da546
retry buy good 1718 at Apr 25, 2015 11:00:57 AM
Download full image code is correct as 63280
{"error":3,"message":["\u5bf9\u4e0d\u8d77\uff0c\u8be5\u5546\u54c1\u5df2\u7ecf\u4e0b\u67b6\u3002"],"content":"","goods_id":"1718","captcha":"63280","number":"1","donation_number":null,"product_spec":"","confirm_type":"3"}
addToCart(1718,1) failed at Apr 25, 2015 11:00:58 AM, will readd
org.apache.http.conn.EofSensorInputStream@248c46b
retry buy good 1718 at Apr 25, 2015 11:00:58 AM
Download full image code is correct as 76982
{"error":3,"message":["\u5bf9\u4e0d\u8d77\uff0c\u8be5\u5546\u54c1\u5df2\u7ecf\u4e0b\u67b6\u3002"],"content":"","goods_id":"1718","captcha":"76982","number":"1","donation_number":null,"product_spec":"","confirm_type":"3"}
addToCart(1718,1) failed at Apr 25, 2015 11:00:59 AM, will readd
org.apache.http.conn.EofSensorInputStream@5ef0cae7
retry buy good 1718 at Apr 25, 2015 11:00:59 AM
Download full image code is correct as 14082
{"error":3,"message":["\u5bf9\u4e0d\u8d77\uff0c\u8be5\u5546\u54c1\u5df2\u7ecf\u4e0b\u67b6\u3002"],"content":"","goods_id":"1718","captcha":"14082","number":"1","donation_number":null,"product_spec":"","confirm_type":"3"}
addToCart(1718,1) failed at Apr 25, 2015 11:00:59 AM, will readd
org.apache.http.conn.EofSensorInputStream@727bfe7a
retry buy good 1718 at Apr 25, 2015 11:01:00 AM
Download full image code is correct as 45391
{"error":3,"message":["\u5bf9\u4e0d\u8d77\uff0c\u8be5\u5546\u54c1\u5df2\u7ecf\u4e0b\u67b6\u3002"],"content":"","goods_id":"1718","captcha":"45391","number":"1","donation_number":null,"product_spec":"","confirm_type":"3"}
addToCart(1718,1) failed at Apr 25, 2015 11:01:00 AM, will readd
org.apache.http.conn.EofSensorInputStream@411c6c59
retry buy good 1718 at Apr 25, 2015 11:01:01 AM
Download full image code is correct as 05934
{"error":3,"message":["\u5bf9\u4e0d\u8d77\uff0c\u8be5\u5546\u54c1\u5df2\u7ecf\u4e0b\u67b6\u3002"],"content":"","goods_id":"1718","captcha":"05934","number":"1","donation_number":null,"product_spec":"","confirm_type":"3"}
addToCart(1718,1) failed at Apr 25, 2015 11:01:01 AM, will readd
org.apache.http.conn.EofSensorInputStream@7f73fbef
retry buy good 1718 at Apr 25, 2015 11:01:02 AM
Download full image code is correct as 15726
{"error":3,"message":["\u5bf9\u4e0d\u8d77\uff0c\u8be5\u5546\u54c1\u5df2\u7ecf\u4e0b\u67b6\u3002"],"content":"","goods_id":"1718","captcha":"15726","number":"1","donation_number":null,"product_spec":"","confirm_type":"3"}
addToCart(1718,1) failed at Apr 25, 2015 11:01:02 AM, will readd
org.apache.http.conn.EofSensorInputStream@1debdcd7
retry buy good 1718 at Apr 25, 2015 11:01:03 AM
Download full image code is correct as 19324
{"error":3,"message":["\u5bf9\u4e0d\u8d77\uff0c\u8be5\u5546\u54c1\u5df2\u7ecf\u4e0b\u67b6\u3002"],"content":"","goods_id":"1718","captcha":"19324","number":"1","donation_number":null,"product_spec":"","confirm_type":"3"}
addToCart(1718,1) failed at Apr 25, 2015 11:01:03 AM, will readd
org.apache.http.conn.EofSensorInputStream@472ae739
retry buy good 1718 at Apr 25, 2015 11:01:03 AM
Download full image code is correct as 02615
{"error":3,"message":["\u5bf9\u4e0d\u8d77\uff0c\u8be5\u5546\u54c1\u5df2\u7ecf\u4e0b\u67b6\u3002"],"content":"","goods_id":"1718","captcha":"02615","number":"1","donation_number":null,"product_spec":"","confirm_type":"3"}
addToCart(1718,1) failed at Apr 25, 2015 11:01:04 AM, will readd
org.apache.http.conn.EofSensorInputStream@39215c0f
retry buy good 1718 at Apr 25, 2015 11:01:04 AM
Download full image code is correct as 24953
{"error":3,"message":["\u5bf9\u4e0d\u8d77\uff0c\u8be5\u5546\u54c1\u5df2\u7ecf\u4e0b\u67b6\u3002"],"content":"","goods_id":"1718","captcha":"24953","number":"1","donation_number":null,"product_spec":"","confirm_type":"3"}
addToCart(1718,1) failed at Apr 25, 2015 11:01:08 AM, will readd
org.apache.http.conn.EofSensorInputStream@78a1c83
retry buy good 1718 at Apr 25, 2015 11:01:08 AM
Download full image code is correct as 81642
{"error":3,"message":["\u5bf9\u4e0d\u8d77\uff0c\u8be5\u5546\u54c1\u5df2\u7ecf\u4e0b\u67b6\u3002"],"content":"","goods_id":"1718","captcha":"81642","number":"1","donation_number":null,"product_spec":"","confirm_type":"3"}
addToCart(1718,1) failed at Apr 25, 2015 11:01:09 AM, will readd
org.apache.http.conn.EofSensorInputStream@3dd8835d
retry buy good 1718 at Apr 25, 2015 11:01:09 AM
Download full image code is correct as 35682
{"error":3,"message":["\u5bf9\u4e0d\u8d77\uff0c\u8be5\u5546\u54c1\u5df2\u7ecf\u4e0b\u67b6\u3002"],"content":"","goods_id":"1718","captcha":"35682","number":"1","donation_number":null,"product_spec":"","confirm_type":"3"}
addToCart(1718,1) failed at Apr 25, 2015 11:01:10 AM, will readd
org.apache.http.conn.EofSensorInputStream@187e68ea
retry buy good 1718 at Apr 25, 2015 11:01:10 AM
Download full image code is correct as 41869
{"error":3,"message":["\u5bf9\u4e0d\u8d77\uff0c\u8be5\u5546\u54c1\u5df2\u7ecf\u4e0b\u67b6\u3002"],"content":"","goods_id":"1718","captcha":"41869","number":"1","donation_number":null,"product_spec":"","confirm_type":"3"}
addToCart(1718,1) failed at Apr 25, 2015 11:01:10 AM, will readd
org.apache.http.conn.EofSensorInputStream@41e674d4
retry buy good 1718 at Apr 25, 2015 11:01:11 AM
Download full image code is correct as 35619
{"error":3,"message":["\u5bf9\u4e0d\u8d77\uff0c\u8be5\u5546\u54c1\u5df2\u7ecf\u4e0b\u67b6\u3002"],"content":"","goods_id":"1718","captcha":"35619","number":"1","donation_number":null,"product_spec":"","confirm_type":"3"}
addToCart(1718,1) failed at Apr 25, 2015 11:01:11 AM, will readd
org.apache.http.conn.EofSensorInputStream@668029d4
retry buy good 1718 at Apr 25, 2015 11:01:12 AM
Download full image code is correct as 06219
{"error":3,"message":["\u5bf9\u4e0d\u8d77\uff0c\u8be5\u5546\u54c1\u5df2\u7ecf\u4e0b\u67b6\u3002"],"content":"","goods_id":"1718","captcha":"06219","number":"1","donation_number":null,"product_spec":"","confirm_type":"3"}
addToCart(1718,1) failed at Apr 25, 2015 11:01:12 AM, will readd
org.apache.http.conn.EofSensorInputStream@42367c17
retry buy good 1718 at Apr 25, 2015 11:01:13 AM
Download full image code is correct as 54103
{"error":3,"message":["\u5bf9\u4e0d\u8d77\uff0c\u8be5\u5546\u54c1\u5df2\u7ecf\u4e0b\u67b6\u3002"],"content":"","goods_id":"1718","captcha":"54103","number":"1","donation_number":null,"product_spec":"","confirm_type":"3"}
addToCart(1718,1) failed at Apr 25, 2015 11:01:13 AM, will readd
org.apache.http.conn.EofSensorInputStream@28071488
retry buy good 1718 at Apr 25, 2015 11:01:14 AM
Download full image code is correct as 75932
{"error":3,"message":["\u5bf9\u4e0d\u8d77\uff0c\u8be5\u5546\u54c1\u5df2\u7ecf\u4e0b\u67b6\u3002"],"content":"","goods_id":"1718","captcha":"75932","number":"1","donation_number":null,"product_spec":"","confirm_type":"3"}
addToCart(1718,1) failed at Apr 25, 2015 11:01:14 AM, will readd
org.apache.http.conn.EofSensorInputStream@729c5167
retry buy good 1718 at Apr 25, 2015 11:01:15 AM
Download full image code is correct as 86132
{"error":3,"message":["\u5bf9\u4e0d\u8d77\uff0c\u8be5\u5546\u54c1\u5df2\u7ecf\u4e0b\u67b6\u3002"],"content":"","goods_id":"1718","captcha":"86132","number":"1","donation_number":null,"product_spec":"","confirm_type":"3"}
addToCart(1718,1) failed at Apr 25, 2015 11:01:15 AM, will readd
org.apache.http.conn.EofSensorInputStream@2ccf8c7f
retry buy good 1718 at Apr 25, 2015 11:01:15 AM
Download full image code is correct as 95026
{"error":3,"message":["\u5bf9\u4e0d\u8d77\uff0c\u8be5\u5546\u54c1\u5df2\u7ecf\u4e0b\u67b6\u3002"],"content":"","goods_id":"1718","captcha":"95026","number":"1","donation_number":null,"product_spec":"","confirm_type":"3"}
addToCart(1718,1) failed at Apr 25, 2015 11:01:16 AM, will readd
org.apache.http.conn.EofSensorInputStream@19c5b2c1
retry buy good 1718 at Apr 25, 2015 11:01:16 AM
Download full image code is correct as 47831
{"error":3,"message":["\u5bf9\u4e0d\u8d77\uff0c\u8be5\u5546\u54c1\u5df2\u7ecf\u4e0b\u67b6\u3002"],"content":"","goods_id":"1718","captcha":"47831","number":"1","donation_number":null,"product_spec":"","confirm_type":"3"}
addToCart(1718,1) failed at Apr 25, 2015 11:01:17 AM, will readd
org.apache.http.conn.EofSensorInputStream@194e65cf
retry buy good 1718 at Apr 25, 2015 11:01:17 AM
Download full image code is correct as 12049
{"error":3,"message":["\u5bf9\u4e0d\u8d77\uff0c\u8be5\u5546\u54c1\u5df2\u7ecf\u4e0b\u67b6\u3002"],"content":"","goods_id":"1718","captcha":"12049","number":"1","donation_number":null,"product_spec":"","confirm_type":"3"}
addToCart(1718,1) failed at Apr 25, 2015 11:01:17 AM, will readd
org.apache.http.conn.EofSensorInputStream@7342054
retry buy good 1718 at Apr 25, 2015 11:01:18 AM
Download full image code is correct as 60713
{"error":3,"message":["\u5bf9\u4e0d\u8d77\uff0c\u8be5\u5546\u54c1\u5df2\u7ecf\u4e0b\u67b6\u3002"],"content":"","goods_id":"1718","captcha":"60713","number":"1","donation_number":null,"product_spec":"","confirm_type":"3"}
addToCart(1718,1) failed at Apr 25, 2015 11:01:18 AM, will readd
org.apache.http.conn.EofSensorInputStream@6a636064
retry buy good 1718 at Apr 25, 2015 11:01:19 AM
Download full image code is correct as 70356
{"error":3,"message":["\u5bf9\u4e0d\u8d77\uff0c\u8be5\u5546\u54c1\u5df2\u7ecf\u4e0b\u67b6\u3002"],"content":"","goods_id":"1718","captcha":"70356","number":"1","donation_number":null,"product_spec":"","confirm_type":"3"}
addToCart(1718,1) failed at Apr 25, 2015 11:01:19 AM, will readd
org.apache.http.conn.EofSensorInputStream@43de56e2
retry buy good 1718 at Apr 25, 2015 11:01:20 AM
Download full image code is correct as 07128
{"error":3,"message":["\u5bf9\u4e0d\u8d77\uff0c\u8be5\u5546\u54c1\u5df2\u7ecf\u4e0b\u67b6\u3002"],"content":"","goods_id":"1718","captcha":"07128","number":"1","donation_number":null,"product_spec":"","confirm_type":"3"}
addToCart(1718,1) failed at Apr 25, 2015 11:01:20 AM, will readd
org.apache.http.conn.EofSensorInputStream@71a04b1f
retry buy good 1718 at Apr 25, 2015 11:01:21 AM
Download full image code is correct as 35601
{"error":3,"message":["\u5bf9\u4e0d\u8d77\uff0c\u8be5\u5546\u54c1\u5df2\u7ecf\u4e0b\u67b6\u3002"],"content":"","goods_id":"1718","captcha":"35601","number":"1","donation_number":null,"product_spec":"","confirm_type":"3"}
addToCart(1718,1) failed at Apr 25, 2015 11:01:21 AM, will readd
org.apache.http.conn.EofSensorInputStream@4a1ab1c1
retry buy good 1718 at Apr 25, 2015 11:01:21 AM
Download full image code is correct as 81570
{"error":3,"message":["\u5bf9\u4e0d\u8d77\uff0c\u8be5\u5546\u54c1\u5df2\u7ecf\u4e0b\u67b6\u3002"],"content":"","goods_id":"1718","captcha":"81570","number":"1","donation_number":null,"product_spec":"","confirm_type":"3"}
addToCart(1718,1) failed at Apr 25, 2015 11:01:22 AM, will readd
org.apache.http.conn.EofSensorInputStream@17144a84
retry buy good 1718 at Apr 25, 2015 11:01:22 AM
Download full image code is correct as 01984
{"error":3,"message":["\u5bf9\u4e0d\u8d77\uff0c\u8be5\u5546\u54c1\u5df2\u7ecf\u4e0b\u67b6\u3002"],"content":"","goods_id":"1718","captcha":"01984","number":"1","donation_number":null,"product_spec":"","confirm_type":"3"}
addToCart(1718,1) failed at Apr 25, 2015 11:01:22 AM, will readd
org.apache.http.conn.EofSensorInputStream@6a6fd42b
retry buy good 1718 at Apr 25, 2015 11:01:23 AM
Download full image code is correct as 21940
{"error":3,"message":["\u5bf9\u4e0d\u8d77\uff0c\u8be5\u5546\u54c1\u5df2\u7ecf\u4e0b\u67b6\u3002"],"content":"","goods_id":"1718","captcha":"21940","number":"1","donation_number":null,"product_spec":"","confirm_type":"3"}
addToCart(1718,1) failed at Apr 25, 2015 11:01:23 AM, will readd
org.apache.http.conn.EofSensorInputStream@204ad33f
retry buy good 1718 at Apr 25, 2015 11:01:24 AM
Download full image code is correct as 21483
{"error":3,"message":["\u5bf9\u4e0d\u8d77\uff0c\u8be5\u5546\u54c1\u5df2\u7ecf\u4e0b\u67b6\u3002"],"content":"","goods_id":"1718","captcha":"21483","number":"1","donation_number":null,"product_spec":"","confirm_type":"3"}
addToCart(1718,1) failed at Apr 25, 2015 11:01:24 AM, will readd
org.apache.http.conn.EofSensorInputStream@7b2c4c4b
retry buy good 1718 at Apr 25, 2015 11:01:25 AM
Download full image code is correct as 25130
{"error":3,"message":["\u5bf9\u4e0d\u8d77\uff0c\u8be5\u5546\u54c1\u5df2\u7ecf\u4e0b\u67b6\u3002"],"content":"","goods_id":"1718","captcha":"25130","number":"1","donation_number":null,"product_spec":"","confirm_type":"3"}
addToCart(1718,1) failed at Apr 25, 2015 11:01:28 AM, will readd
org.apache.http.conn.EofSensorInputStream@2ab67140
retry buy good 1718 at Apr 25, 2015 11:01:29 AM
Download full image code is correct as 83026
{"error":3,"message":["\u5bf9\u4e0d\u8d77\uff0c\u8be5\u5546\u54c1\u5df2\u7ecf\u4e0b\u67b6\u3002"],"content":"","goods_id":"1718","captcha":"83026","number":"1","donation_number":null,"product_spec":"","confirm_type":"3"}
addToCart(1718,1) failed at Apr 25, 2015 11:01:29 AM, will readd
org.apache.http.conn.EofSensorInputStream@3015a293
retry buy good 1718 at Apr 25, 2015 11:01:30 AM
Download full image code is correct as 04195
{"error":3,"message":["\u5bf9\u4e0d\u8d77\uff0c\u8be5\u5546\u54c1\u5df2\u7ecf\u4e0b\u67b6\u3002"],"content":"","goods_id":"1718","captcha":"04195","number":"1","donation_number":null,"product_spec":"","confirm_type":"3"}
addToCart(1718,1) failed at Apr 25, 2015 11:01:30 AM, will readd
org.apache.http.conn.EofSensorInputStream@6c048ed9
retry buy good 1718 at Apr 25, 2015 11:01:30 AM
Download full image code is correct as 73460
{"error":3,"message":["\u5bf9\u4e0d\u8d77\uff0c\u8be5\u5546\u54c1\u5df2\u7ecf\u4e0b\u67b6\u3002"],"content":"","goods_id":"1718","captcha":"73460","number":"1","donation_number":null,"product_spec":"","confirm_type":"3"}
addToCart(1718,1) failed at Apr 25, 2015 11:01:31 AM, will readd
org.apache.http.conn.EofSensorInputStream@4229348b
retry buy good 1718 at Apr 25, 2015 11:01:31 AM
Download full image code is correct as 24173
{"error":3,"message":["\u5bf9\u4e0d\u8d77\uff0c\u8be5\u5546\u54c1\u5df2\u7ecf\u4e0b\u67b6\u3002"],"content":"","goods_id":"1718","captcha":"24173","number":"1","donation_number":null,"product_spec":"","confirm_type":"3"}
addToCart(1718,1) failed at Apr 25, 2015 11:01:32 AM, will readd
org.apache.http.conn.EofSensorInputStream@d1fba79
retry buy good 1718 at Apr 25, 2015 11:01:32 AM
Download full image code is correct as 94302
{"error":3,"message":["\u5bf9\u4e0d\u8d77\uff0c\u8be5\u5546\u54c1\u5df2\u7ecf\u4e0b\u67b6\u3002"],"content":"","goods_id":"1718","captcha":"94302","number":"1","donation_number":null,"product_spec":"","confirm_type":"3"}
addToCart(1718,1) failed at Apr 25, 2015 11:01:32 AM, will readd
org.apache.http.conn.EofSensorInputStream@2c8be3b3
retry buy good 1718 at Apr 25, 2015 11:01:33 AM
Download full image code is correct as 31706
{"error":3,"message":["\u5bf9\u4e0d\u8d77\uff0c\u8be5\u5546\u54c1\u5df2\u7ecf\u4e0b\u67b6\u3002"],"content":"","goods_id":"1718","captcha":"31706","number":"1","donation_number":null,"product_spec":"","confirm_type":"3"}
addToCart(1718,1) failed at Apr 25, 2015 11:01:33 AM, will readd
org.apache.http.conn.EofSensorInputStream@22f44db3
retry buy good 1718 at Apr 25, 2015 11:01:34 AM
Download full image code is correct as 41326
{"error":3,"message":["\u5bf9\u4e0d\u8d77\uff0c\u8be5\u5546\u54c1\u5df2\u7ecf\u4e0b\u67b6\u3002"],"content":"","goods_id":"1718","captcha":"41326","number":"1","donation_number":null,"product_spec":"","confirm_type":"3"}
addToCart(1718,1) failed at Apr 25, 2015 11:01:34 AM, will readd
org.apache.http.conn.EofSensorInputStream@56f86d9e
retry buy good 1718 at Apr 25, 2015 11:01:35 AM
Download full image code is correct as 86719
{"error":3,"message":["\u5bf9\u4e0d\u8d77\uff0c\u8be5\u5546\u54c1\u5df2\u7ecf\u4e0b\u67b6\u3002"],"content":"","goods_id":"1718","captcha":"86719","number":"1","donation_number":null,"product_spec":"","confirm_type":"3"}
addToCart(1718,1) failed at Apr 25, 2015 11:01:35 AM, will readd
org.apache.http.conn.EofSensorInputStream@5f8d0141
retry buy good 1718 at Apr 25, 2015 11:01:36 AM
Download full image code is correct as 18073
{"error":3,"message":["\u5bf9\u4e0d\u8d77\uff0c\u8be5\u5546\u54c1\u5df2\u7ecf\u4e0b\u67b6\u3002"],"content":"","goods_id":"1718","captcha":"18073","number":"1","donation_number":null,"product_spec":"","confirm_type":"3"}
addToCart(1718,1) failed at Apr 25, 2015 11:01:36 AM, will readd
org.apache.http.conn.EofSensorInputStream@485fd4e6
retry buy good 1718 at Apr 25, 2015 11:01:36 AM
Download full image code is correct as 49802
{"error":3,"message":["\u5bf9\u4e0d\u8d77\uff0c\u8be5\u5546\u54c1\u5df2\u7ecf\u4e0b\u67b6\u3002"],"content":"","goods_id":"1718","captcha":"49802","number":"1","donation_number":null,"product_spec":"","confirm_type":"3"}
addToCart(1718,1) failed at Apr 25, 2015 11:01:38 AM, will readd
org.apache.http.conn.EofSensorInputStream@3a3e9a4
retry buy good 1718 at Apr 25, 2015 11:01:38 AM
Download full image code is correct as 27186
{"error":3,"message":["\u5bf9\u4e0d\u8d77\uff0c\u8be5\u5546\u54c1\u5df2\u7ecf\u4e0b\u67b6\u3002"],"content":"","goods_id":"1718","captcha":"27186","number":"1","donation_number":null,"product_spec":"","confirm_type":"3"}
addToCart(1718,1) failed at Apr 25, 2015 11:01:38 AM, will readd
org.apache.http.conn.EofSensorInputStream@43e8ff29
retry buy good 1718 at Apr 25, 2015 11:01:39 AM
Download full image code is correct as 85432
{"error":3,"message":["\u5bf9\u4e0d\u8d77\uff0c\u8be5\u5546\u54c1\u5df2\u7ecf\u4e0b\u67b6\u3002"],"content":"","goods_id":"1718","captcha":"85432","number":"1","donation_number":null,"product_spec":"","confirm_type":"3"}
addToCart(1718,1) failed at Apr 25, 2015 11:01:40 AM, will readd
org.apache.http.conn.EofSensorInputStream@f395158
retry buy good 1718 at Apr 25, 2015 11:01:40 AM
