started at Apr 25, 2015 11:00:35 AM
login sucessfully with proxy 183.207.228.22 at Apr 25, 2015 11:00:36 AM
Download full image code is correct as 51402
{"error":3,"message":"\u60a8\u8f93\u5165\u7684\u9a8c\u8bc1\u7801\u4e0d\u6b63\u786e\uff0c\u8bf7\u91cd\u65b0\u8f93\u5165\uff01","content":"","goods_id":"1721","captcha":"51402","number":"1","donation_number":null}
addToCart(1721,1) failed at Apr 25, 2015 11:00:37 AM, will readd
org.apache.http.conn.EofSensorInputStream@41dc079d
retry buy good 1721 at Apr 25, 2015 11:00:38 AM
Download full image code is correct as 92075
{"error":3,"message":"\u60a8\u8f93\u5165\u7684\u9a8c\u8bc1\u7801\u4e0d\u6b63\u786e\uff0c\u8bf7\u91cd\u65b0\u8f93\u5165\uff01","content":"","goods_id":"1721","captcha":"92075","number":"1","donation_number":null}
addToCart(1721,1) failed at Apr 25, 2015 11:00:38 AM, will readd
org.apache.http.conn.EofSensorInputStream@3480411f
retry buy good 1721 at Apr 25, 2015 11:00:39 AM
Download full image code is correct as 54826
{"error":3,"message":"\u60a8\u8f93\u5165\u7684\u9a8c\u8bc1\u7801\u4e0d\u6b63\u786e\uff0c\u8bf7\u91cd\u65b0\u8f93\u5165\uff01","content":"","goods_id":"1721","captcha":"54826","number":"1","donation_number":null}
addToCart(1721,1) failed at Apr 25, 2015 11:00:39 AM, will readd
org.apache.http.conn.EofSensorInputStream@245b5f7e
retry buy good 1721 at Apr 25, 2015 11:00:40 AM
Download full image code is correct as 90531
{"error":3,"message":"\u60a8\u8f93\u5165\u7684\u9a8c\u8bc1\u7801\u4e0d\u6b63\u786e\uff0c\u8bf7\u91cd\u65b0\u8f93\u5165\uff01","content":"","goods_id":"1721","captcha":"90531","number":"1","donation_number":null}
addToCart(1721,1) failed at Apr 25, 2015 11:00:40 AM, will readd
org.apache.http.conn.EofSensorInputStream@7cf42466
retry buy good 1721 at Apr 25, 2015 11:00:41 AM
Download full image code is correct as 74965
{"error":3,"message":"\u60a8\u8f93\u5165\u7684\u9a8c\u8bc1\u7801\u4e0d\u6b63\u786e\uff0c\u8bf7\u91cd\u65b0\u8f93\u5165\uff01","content":"","goods_id":"1721","captcha":"74965","number":"1","donation_number":null}
addToCart(1721,1) failed at Apr 25, 2015 11:00:41 AM, will readd
org.apache.http.conn.EofSensorInputStream@20b7fdb8
retry buy good 1721 at Apr 25, 2015 11:00:42 AM
Download full image code is correct as 41082
{"error":3,"message":"\u60a8\u8f93\u5165\u7684\u9a8c\u8bc1\u7801\u4e0d\u6b63\u786e\uff0c\u8bf7\u91cd\u65b0\u8f93\u5165\uff01","content":"","goods_id":"1721","captcha":"41082","number":"1","donation_number":null}
addToCart(1721,1) failed at Apr 25, 2015 11:00:43 AM, will readd
org.apache.http.conn.EofSensorInputStream@10bcc65b
retry buy good 1721 at Apr 25, 2015 11:00:44 AM
Download full image code is correct as 94176
{"error":3,"message":"\u60a8\u8f93\u5165\u7684\u9a8c\u8bc1\u7801\u4e0d\u6b63\u786e\uff0c\u8bf7\u91cd\u65b0\u8f93\u5165\uff01","content":"","goods_id":"1721","captcha":"94176","number":"1","donation_number":null}
addToCart(1721,1) failed at Apr 25, 2015 11:00:44 AM, will readd
org.apache.http.conn.EofSensorInputStream@4a23abe6
retry buy good 1721 at Apr 25, 2015 11:00:45 AM
Download full image code is correct as 78069
{"error":3,"message":"\u60a8\u8f93\u5165\u7684\u9a8c\u8bc1\u7801\u4e0d\u6b63\u786e\uff0c\u8bf7\u91cd\u65b0\u8f93\u5165\uff01","content":"","goods_id":"1721","captcha":"78069","number":"1","donation_number":null}
addToCart(1721,1) failed at Apr 25, 2015 11:00:45 AM, will readd
org.apache.http.conn.EofSensorInputStream@6467b8ff
retry buy good 1721 at Apr 25, 2015 11:00:46 AM
Download full image code is correct as 74685
{"error":3,"message":"\u60a8\u8f93\u5165\u7684\u9a8c\u8bc1\u7801\u4e0d\u6b63\u786e\uff0c\u8bf7\u91cd\u65b0\u8f93\u5165\uff01","content":"","goods_id":"1721","captcha":"74685","number":"1","donation_number":null}
addToCart(1721,1) failed at Apr 25, 2015 11:00:46 AM, will readd
org.apache.http.conn.EofSensorInputStream@62a65066
retry buy good 1721 at Apr 25, 2015 11:00:47 AM
Download full image code is correct as 10658
{"error":3,"message":"\u60a8\u8f93\u5165\u7684\u9a8c\u8bc1\u7801\u4e0d\u6b63\u786e\uff0c\u8bf7\u91cd\u65b0\u8f93\u5165\uff01","content":"","goods_id":"1721","captcha":"10658","number":"1","donation_number":null}
addToCart(1721,1) failed at Apr 25, 2015 11:00:48 AM, will readd
org.apache.http.conn.EofSensorInputStream@28bc9678
retry buy good 1721 at Apr 25, 2015 11:00:48 AM
Download full image code is correct as 69251
{"error":3,"message":"\u60a8\u8f93\u5165\u7684\u9a8c\u8bc1\u7801\u4e0d\u6b63\u786e\uff0c\u8bf7\u91cd\u65b0\u8f93\u5165\uff01","content":"","goods_id":"1721","captcha":"69251","number":"1","donation_number":null}
addToCart(1721,1) failed at Apr 25, 2015 11:00:49 AM, will readd
org.apache.http.conn.EofSensorInputStream@587dde6a
retry buy good 1721 at Apr 25, 2015 11:00:50 AM
Download full image code is correct as 19830
{"error":3,"message":"\u60a8\u8f93\u5165\u7684\u9a8c\u8bc1\u7801\u4e0d\u6b63\u786e\uff0c\u8bf7\u91cd\u65b0\u8f93\u5165\uff01","content":"","goods_id":"1721","captcha":"19830","number":"1","donation_number":null}
addToCart(1721,1) failed at Apr 25, 2015 11:00:50 AM, will readd
org.apache.http.conn.EofSensorInputStream@33fb657
retry buy good 1721 at Apr 25, 2015 11:00:51 AM
Download full image code is correct as 23719
{"error":3,"message":"\u60a8\u8f93\u5165\u7684\u9a8c\u8bc1\u7801\u4e0d\u6b63\u786e\uff0c\u8bf7\u91cd\u65b0\u8f93\u5165\uff01","content":"","goods_id":"1721","captcha":"23719","number":"1","donation_number":null}
addToCart(1721,1) failed at Apr 25, 2015 11:00:51 AM, will readd
org.apache.http.conn.EofSensorInputStream@42a014ef
retry buy good 1721 at Apr 25, 2015 11:00:52 AM
Download full image code is correct as 25068
{"error":3,"message":"\u60a8\u8f93\u5165\u7684\u9a8c\u8bc1\u7801\u4e0d\u6b63\u786e\uff0c\u8bf7\u91cd\u65b0\u8f93\u5165\uff01","content":"","goods_id":"1721","captcha":"25068","number":"1","donation_number":null}
addToCart(1721,1) failed at Apr 25, 2015 11:00:53 AM, will readd
org.apache.http.conn.EofSensorInputStream@5e41eed4
retry buy good 1721 at Apr 25, 2015 11:00:53 AM
Download full image code is correct as 21650
{"error":3,"message":"\u60a8\u8f93\u5165\u7684\u9a8c\u8bc1\u7801\u4e0d\u6b63\u786e\uff0c\u8bf7\u91cd\u65b0\u8f93\u5165\uff01","content":"","goods_id":"1721","captcha":"21650","number":"1","donation_number":null}
addToCart(1721,1) failed at Apr 25, 2015 11:00:54 AM, will readd
org.apache.http.conn.EofSensorInputStream@7d984acb
retry buy good 1721 at Apr 25, 2015 11:00:54 AM
Download full image code is correct as 71532
{"error":3,"message":"\u60a8\u8f93\u5165\u7684\u9a8c\u8bc1\u7801\u4e0d\u6b63\u786e\uff0c\u8bf7\u91cd\u65b0\u8f93\u5165\uff01","content":"","goods_id":"1721","captcha":"71532","number":"1","donation_number":null}
addToCart(1721,1) failed at Apr 25, 2015 11:00:55 AM, will readd
org.apache.http.conn.EofSensorInputStream@615b2028
retry buy good 1721 at Apr 25, 2015 11:00:56 AM
Download full image code is correct as 28437
{"error":3,"message":"\u60a8\u8f93\u5165\u7684\u9a8c\u8bc1\u7801\u4e0d\u6b63\u786e\uff0c\u8bf7\u91cd\u65b0\u8f93\u5165\uff01","content":"","goods_id":"1721","captcha":"28437","number":"1","donation_number":null}
addToCart(1721,1) failed at Apr 25, 2015 11:00:57 AM, will readd
org.apache.http.conn.EofSensorInputStream@6eb3ae54
retry buy good 1721 at Apr 25, 2015 11:00:57 AM
Download full image code is correct as 83679
{"error":3,"message":"\u60a8\u8f93\u5165\u7684\u9a8c\u8bc1\u7801\u4e0d\u6b63\u786e\uff0c\u8bf7\u91cd\u65b0\u8f93\u5165\uff01","content":"","goods_id":"1721","captcha":"83679","number":"1","donation_number":null}
addToCart(1721,1) failed at Apr 25, 2015 11:00:58 AM, will readd
org.apache.http.conn.EofSensorInputStream@7afb34d1
retry buy good 1721 at Apr 25, 2015 11:00:58 AM
Download full image code is correct as 96180
{"error":3,"message":"\u60a8\u8f93\u5165\u7684\u9a8c\u8bc1\u7801\u4e0d\u6b63\u786e\uff0c\u8bf7\u91cd\u65b0\u8f93\u5165\uff01","content":"","goods_id":"1721","captcha":"96180","number":"1","donation_number":null}
addToCart(1721,1) failed at Apr 25, 2015 11:00:59 AM, will readd
org.apache.http.conn.EofSensorInputStream@5221aba
retry buy good 1721 at Apr 25, 2015 11:01:00 AM
Download full image code is correct as 13402
{"error":3,"message":"\u60a8\u8f93\u5165\u7684\u9a8c\u8bc1\u7801\u4e0d\u6b63\u786e\uff0c\u8bf7\u91cd\u65b0\u8f93\u5165\uff01","content":"","goods_id":"1721","captcha":"13402","number":"1","donation_number":null}
addToCart(1721,1) failed at Apr 25, 2015 11:01:00 AM, will readd
org.apache.http.conn.EofSensorInputStream@55692b33
retry buy good 1721 at Apr 25, 2015 11:01:01 AM
Download full image code is correct as 78261
{"error":3,"message":"\u60a8\u8f93\u5165\u7684\u9a8c\u8bc1\u7801\u4e0d\u6b63\u786e\uff0c\u8bf7\u91cd\u65b0\u8f93\u5165\uff01","content":"","goods_id":"1721","captcha":"78261","number":"1","donation_number":null}
addToCart(1721,1) failed at Apr 25, 2015 11:01:01 AM, will readd
org.apache.http.conn.EofSensorInputStream@6405adb
retry buy good 1721 at Apr 25, 2015 11:01:02 AM
Download full image code is correct as 68403
{"error":3,"message":"\u60a8\u8f93\u5165\u7684\u9a8c\u8bc1\u7801\u4e0d\u6b63\u786e\uff0c\u8bf7\u91cd\u65b0\u8f93\u5165\uff01","content":"","goods_id":"1721","captcha":"68403","number":"1","donation_number":null}
addToCart(1721,1) failed at Apr 25, 2015 11:01:03 AM, will readd
org.apache.http.conn.EofSensorInputStream@4c9fc626
retry buy good 1721 at Apr 25, 2015 11:01:03 AM
Download full image code is correct as 32048
{"error":3,"message":"\u60a8\u8f93\u5165\u7684\u9a8c\u8bc1\u7801\u4e0d\u6b63\u786e\uff0c\u8bf7\u91cd\u65b0\u8f93\u5165\uff01","content":"","goods_id":"1721","captcha":"32048","number":"1","donation_number":null}
addToCart(1721,1) failed at Apr 25, 2015 11:01:04 AM, will readd
org.apache.http.conn.EofSensorInputStream@5c8120
retry buy good 1721 at Apr 25, 2015 11:01:04 AM
Download full image code is correct as 78630
{"error":3,"message":"\u60a8\u8f93\u5165\u7684\u9a8c\u8bc1\u7801\u4e0d\u6b63\u786e\uff0c\u8bf7\u91cd\u65b0\u8f93\u5165\uff01","content":"","goods_id":"1721","captcha":"78630","number":"1","donation_number":null}
addToCart(1721,1) failed at Apr 25, 2015 11:01:05 AM, will readd
org.apache.http.conn.EofSensorInputStream@5cc96746
retry buy good 1721 at Apr 25, 2015 11:01:05 AM
Download full image code is correct as 43792
{"error":3,"message":"\u60a8\u8f93\u5165\u7684\u9a8c\u8bc1\u7801\u4e0d\u6b63\u786e\uff0c\u8bf7\u91cd\u65b0\u8f93\u5165\uff01","content":"","goods_id":"1721","captcha":"43792","number":"1","donation_number":null}
addToCart(1721,1) failed at Apr 25, 2015 11:01:06 AM, will readd
org.apache.http.conn.EofSensorInputStream@40e2ab59
retry buy good 1721 at Apr 25, 2015 11:01:06 AM
Download full image code is correct as 93842
{"error":3,"message":"\u60a8\u8f93\u5165\u7684\u9a8c\u8bc1\u7801\u4e0d\u6b63\u786e\uff0c\u8bf7\u91cd\u65b0\u8f93\u5165\uff01","content":"","goods_id":"1721","captcha":"93842","number":"1","donation_number":null}
addToCart(1721,1) failed at Apr 25, 2015 11:01:07 AM, will readd
org.apache.http.conn.EofSensorInputStream@4ea9ed1f
retry buy good 1721 at Apr 25, 2015 11:01:08 AM
cannot download image
reseting client
login sucessfully with proxy 115.28.198.131 at Apr 25, 2015 11:01:19 AM
retry buy good 1721 at Apr 25, 2015 11:01:20 AM
Download full image code is correct as 36425
{"error":3,"message":["\u5bf9\u4e0d\u8d77\uff0c\u8be5\u5546\u54c1\u5df2\u7ecf\u4e0b\u67b6\u3002"],"content":"","goods_id":"1721","captcha":"36425","number":"1","donation_number":null,"product_spec":"","confirm_type":"3"}
addToCart(1721,1) failed at Apr 25, 2015 11:01:34 AM, will readd
org.apache.http.conn.EofSensorInputStream@7fe431c2
retry buy good 1721 at Apr 25, 2015 11:01:35 AM
