started at Apr 25, 2015 11:00:35 AM
login sucessfully with proxy 101.226.249.237 at Apr 25, 2015 11:00:38 AM
Download full image code is correct as 59143
{"error":3,"message":["\u5bf9\u4e0d\u8d77\uff0c\u8be5\u5546\u54c1\u5df2\u7ecf\u4e0b\u67b6\u3002"],"content":"","goods_id":"1720","captcha":"59143","number":"3","donation_number":null,"product_spec":"","confirm_type":"3"}
addToCart(1720,3) failed at Apr 25, 2015 11:00:39 AM, will readd
org.apache.http.conn.EofSensorInputStream@59e2eace
retry buy good 1720 at Apr 25, 2015 11:00:40 AM
Download full image code is correct as 28061
{"error":3,"message":["\u5bf9\u4e0d\u8d77\uff0c\u8be5\u5546\u54c1\u5df2\u7ecf\u4e0b\u67b6\u3002"],"content":"","goods_id":"1720","captcha":"28061","number":"3","donation_number":null,"product_spec":"","confirm_type":"3"}
addToCart(1720,3) failed at Apr 25, 2015 11:00:41 AM, will readd
org.apache.http.conn.EofSensorInputStream@7130a764
retry buy good 1720 at Apr 25, 2015 11:00:42 AM
Download full image code is correct as 78695
{"error":3,"message":["\u5bf9\u4e0d\u8d77\uff0c\u8be5\u5546\u54c1\u5df2\u7ecf\u4e0b\u67b6\u3002"],"content":"","goods_id":"1720","captcha":"78695","number":"3","donation_number":null,"product_spec":"","confirm_type":"3"}
addToCart(1720,3) failed at Apr 25, 2015 11:00:43 AM, will readd
org.apache.http.conn.EofSensorInputStream@6ad20835
retry buy good 1720 at Apr 25, 2015 11:00:44 AM
Download full image code is correct as 08329
{"error":3,"message":["\u5bf9\u4e0d\u8d77\uff0c\u8be5\u5546\u54c1\u5df2\u7ecf\u4e0b\u67b6\u3002"],"content":"","goods_id":"1720","captcha":"08329","number":"3","donation_number":null,"product_spec":"","confirm_type":"3"}
addToCart(1720,3) failed at Apr 25, 2015 11:00:46 AM, will readd
org.apache.http.conn.EofSensorInputStream@7740b009
retry buy good 1720 at Apr 25, 2015 11:00:46 AM
Download full image code is correct as 73982
{"error":3,"message":["\u5bf9\u4e0d\u8d77\uff0c\u8be5\u5546\u54c1\u5df2\u7ecf\u4e0b\u67b6\u3002"],"content":"","goods_id":"1720","captcha":"73982","number":"3","donation_number":null,"product_spec":"","confirm_type":"3"}
addToCart(1720,3) failed at Apr 25, 2015 11:00:48 AM, will readd
org.apache.http.conn.EofSensorInputStream@753ab52c
retry buy good 1720 at Apr 25, 2015 11:00:48 AM
Download full image code is correct as 98753
{"error":3,"message":["\u5bf9\u4e0d\u8d77\uff0c\u8be5\u5546\u54c1\u5df2\u7ecf\u4e0b\u67b6\u3002"],"content":"","goods_id":"1720","captcha":"98753","number":"3","donation_number":null,"product_spec":"","confirm_type":"3"}
addToCart(1720,3) failed at Apr 25, 2015 11:00:50 AM, will readd
org.apache.http.conn.EofSensorInputStream@226f7103
retry buy good 1720 at Apr 25, 2015 11:00:50 AM
Download full image code is correct as 56914
{"error":3,"message":["\u5bf9\u4e0d\u8d77\uff0c\u8be5\u5546\u54c1\u5df2\u7ecf\u4e0b\u67b6\u3002"],"content":"","goods_id":"1720","captcha":"56914","number":"3","donation_number":null,"product_spec":"","confirm_type":"3"}
addToCart(1720,3) failed at Apr 25, 2015 11:00:52 AM, will readd
org.apache.http.conn.EofSensorInputStream@87ba13e
retry buy good 1720 at Apr 25, 2015 11:00:52 AM
Download full image code is correct as 09523
{"error":3,"message":["\u5bf9\u4e0d\u8d77\uff0c\u8be5\u5546\u54c1\u5df2\u7ecf\u4e0b\u67b6\u3002"],"content":"","goods_id":"1720","captcha":"09523","number":"3","donation_number":null,"product_spec":"","confirm_type":"3"}
addToCart(1720,3) failed at Apr 25, 2015 11:00:54 AM, will readd
org.apache.http.conn.EofSensorInputStream@44628a21
retry buy good 1720 at Apr 25, 2015 11:00:54 AM
Download full image code is correct as 19537
{"error":3,"message":["\u5bf9\u4e0d\u8d77\uff0c\u8be5\u5546\u54c1\u5df2\u7ecf\u4e0b\u67b6\u3002"],"content":"","goods_id":"1720","captcha":"19537","number":"3","donation_number":null,"product_spec":"","confirm_type":"3"}
addToCart(1720,3) failed at Apr 25, 2015 11:00:57 AM, will readd
org.apache.http.conn.EofSensorInputStream@50058560
retry buy good 1720 at Apr 25, 2015 11:00:58 AM
Download full image code is correct as 25430
{"error":3,"message":["\u5bf9\u4e0d\u8d77\uff0c\u8be5\u5546\u54c1\u5df2\u7ecf\u4e0b\u67b6\u3002"],"content":"","goods_id":"1720","captcha":"25430","number":"3","donation_number":null,"product_spec":"","confirm_type":"3"}
addToCart(1720,3) failed at Apr 25, 2015 11:00:59 AM, will readd
org.apache.http.conn.EofSensorInputStream@75227d3
retry buy good 1720 at Apr 25, 2015 11:01:00 AM
Download full image code is correct as 65028
{"error":3,"message":["\u5bf9\u4e0d\u8d77\uff0c\u8be5\u5546\u54c1\u5df2\u7ecf\u4e0b\u67b6\u3002"],"content":"","goods_id":"1720","captcha":"65028","number":"3","donation_number":null,"product_spec":"","confirm_type":"3"}
addToCart(1720,3) failed at Apr 25, 2015 11:01:01 AM, will readd
org.apache.http.conn.EofSensorInputStream@7bfa0f08
retry buy good 1720 at Apr 25, 2015 11:01:02 AM
Download full image code is correct as 80571
{"error":3,"message":["\u5bf9\u4e0d\u8d77\uff0c\u8be5\u5546\u54c1\u5df2\u7ecf\u4e0b\u67b6\u3002"],"content":"","goods_id":"1720","captcha":"80571","number":"3","donation_number":null,"product_spec":"","confirm_type":"3"}
addToCart(1720,3) failed at Apr 25, 2015 11:01:03 AM, will readd
org.apache.http.conn.EofSensorInputStream@5ae6993c
retry buy good 1720 at Apr 25, 2015 11:01:04 AM
Download full image code is correct as 43782
{"error":3,"message":["\u5bf9\u4e0d\u8d77\uff0c\u8be5\u5546\u54c1\u5df2\u7ecf\u4e0b\u67b6\u3002"],"content":"","goods_id":"1720","captcha":"43782","number":"3","donation_number":null,"product_spec":"","confirm_type":"3"}
addToCart(1720,3) failed at Apr 25, 2015 11:01:06 AM, will readd
org.apache.http.conn.EofSensorInputStream@52e52123
retry buy good 1720 at Apr 25, 2015 11:01:06 AM
Download full image code is correct as 16278
{"error":3,"message":["\u5bf9\u4e0d\u8d77\uff0c\u8be5\u5546\u54c1\u5df2\u7ecf\u4e0b\u67b6\u3002"],"content":"","goods_id":"1720","captcha":"16278","number":"3","donation_number":null,"product_spec":"","confirm_type":"3"}
addToCart(1720,3) failed at Apr 25, 2015 11:01:08 AM, will readd
org.apache.http.conn.EofSensorInputStream@fbb4fce
retry buy good 1720 at Apr 25, 2015 11:01:08 AM
Download full image code is correct as 07163
{"error":3,"message":["\u5bf9\u4e0d\u8d77\uff0c\u8be5\u5546\u54c1\u5df2\u7ecf\u4e0b\u67b6\u3002"],"content":"","goods_id":"1720","captcha":"07163","number":"3","donation_number":null,"product_spec":"","confirm_type":"3"}
addToCart(1720,3) failed at Apr 25, 2015 11:01:10 AM, will readd
org.apache.http.conn.EofSensorInputStream@70d9f206
retry buy good 1720 at Apr 25, 2015 11:01:10 AM
Download full image code is correct as 64752
{"error":3,"message":["\u5bf9\u4e0d\u8d77\uff0c\u8be5\u5546\u54c1\u5df2\u7ecf\u4e0b\u67b6\u3002"],"content":"","goods_id":"1720","captcha":"64752","number":"3","donation_number":null,"product_spec":"","confirm_type":"3"}
addToCart(1720,3) failed at Apr 25, 2015 11:01:12 AM, will readd
org.apache.http.conn.EofSensorInputStream@19e876ae
retry buy good 1720 at Apr 25, 2015 11:01:12 AM
Download full image code is correct as 01475
{"error":3,"message":["\u5bf9\u4e0d\u8d77\uff0c\u8be5\u5546\u54c1\u5df2\u7ecf\u4e0b\u67b6\u3002"],"content":"","goods_id":"1720","captcha":"01475","number":"3","donation_number":null,"product_spec":"","confirm_type":"3"}
addToCart(1720,3) failed at Apr 25, 2015 11:01:14 AM, will readd
org.apache.http.conn.EofSensorInputStream@7c485c2f
retry buy good 1720 at Apr 25, 2015 11:01:15 AM
Download full image code is correct as 80749
{"error":3,"message":["\u5bf9\u4e0d\u8d77\uff0c\u8be5\u5546\u54c1\u5df2\u7ecf\u4e0b\u67b6\u3002"],"content":"","goods_id":"1720","captcha":"80749","number":"3","donation_number":null,"product_spec":"","confirm_type":"3"}
addToCart(1720,3) failed at Apr 25, 2015 11:01:17 AM, will readd
org.apache.http.conn.EofSensorInputStream@19f37d14
retry buy good 1720 at Apr 25, 2015 11:01:17 AM
Download full image code is correct as 65109
{"error":3,"message":["\u5bf9\u4e0d\u8d77\uff0c\u8be5\u5546\u54c1\u5df2\u7ecf\u4e0b\u67b6\u3002"],"content":"","goods_id":"1720","captcha":"65109","number":"3","donation_number":null,"product_spec":"","confirm_type":"3"}
addToCart(1720,3) failed at Apr 25, 2015 11:01:19 AM, will readd
org.apache.http.conn.EofSensorInputStream@26aa4a14
retry buy good 1720 at Apr 25, 2015 11:01:19 AM
Download full image code is correct as 76594
{"error":3,"message":["\u5bf9\u4e0d\u8d77\uff0c\u8be5\u5546\u54c1\u5df2\u7ecf\u4e0b\u67b6\u3002"],"content":"","goods_id":"1720","captcha":"76594","number":"3","donation_number":null,"product_spec":"","confirm_type":"3"}
addToCart(1720,3) failed at Apr 25, 2015 11:01:21 AM, will readd
org.apache.http.conn.EofSensorInputStream@63643de1
retry buy good 1720 at Apr 25, 2015 11:01:21 AM
Download full image code is correct as 41520
{"error":3,"message":["\u5bf9\u4e0d\u8d77\uff0c\u8be5\u5546\u54c1\u5df2\u7ecf\u4e0b\u67b6\u3002"],"content":"","goods_id":"1720","captcha":"41520","number":"3","donation_number":null,"product_spec":"","confirm_type":"3"}
addToCart(1720,3) failed at Apr 25, 2015 11:01:23 AM, will readd
org.apache.http.conn.EofSensorInputStream@efbd70b
retry buy good 1720 at Apr 25, 2015 11:01:24 AM
Download full image code is correct as 74501
{"error":3,"message":["\u5bf9\u4e0d\u8d77\uff0c\u8be5\u5546\u54c1\u5df2\u7ecf\u4e0b\u67b6\u3002"],"content":"","goods_id":"1720","captcha":"74501","number":"3","donation_number":null,"product_spec":"","confirm_type":"3"}
addToCart(1720,3) failed at Apr 25, 2015 11:01:25 AM, will readd
org.apache.http.conn.EofSensorInputStream@7f60983a
retry buy good 1720 at Apr 25, 2015 11:01:26 AM
Download full image code is correct as 95104
{"error":3,"message":["\u5bf9\u4e0d\u8d77\uff0c\u8be5\u5546\u54c1\u5df2\u7ecf\u4e0b\u67b6\u3002"],"content":"","goods_id":"1720","captcha":"95104","number":"3","donation_number":null,"product_spec":"","confirm_type":"3"}
addToCart(1720,3) failed at Apr 25, 2015 11:01:27 AM, will readd
org.apache.http.conn.EofSensorInputStream@17057422
retry buy good 1720 at Apr 25, 2015 11:01:28 AM
Download full image code is correct as 14378
{"error":3,"message":["\u5bf9\u4e0d\u8d77\uff0c\u8be5\u5546\u54c1\u5df2\u7ecf\u4e0b\u67b6\u3002"],"content":"","goods_id":"1720","captcha":"14378","number":"3","donation_number":null,"product_spec":"","confirm_type":"3"}
addToCart(1720,3) failed at Apr 25, 2015 11:01:29 AM, will readd
org.apache.http.conn.EofSensorInputStream@7529ecb1
retry buy good 1720 at Apr 25, 2015 11:01:30 AM
Download full image code is correct as 91064
{"error":3,"message":["\u5bf9\u4e0d\u8d77\uff0c\u8be5\u5546\u54c1\u5df2\u7ecf\u4e0b\u67b6\u3002"],"content":"","goods_id":"1720","captcha":"91064","number":"3","donation_number":null,"product_spec":"","confirm_type":"3"}
addToCart(1720,3) failed at Apr 25, 2015 11:01:32 AM, will readd
org.apache.http.conn.EofSensorInputStream@58bfa1ec
retry buy good 1720 at Apr 25, 2015 11:01:32 AM
Download full image code is correct as 21835
{"error":3,"message":["\u5bf9\u4e0d\u8d77\uff0c\u8be5\u5546\u54c1\u5df2\u7ecf\u4e0b\u67b6\u3002"],"content":"","goods_id":"1720","captcha":"21835","number":"3","donation_number":null,"product_spec":"","confirm_type":"3"}
addToCart(1720,3) failed at Apr 25, 2015 11:01:36 AM, will readd
org.apache.http.conn.EofSensorInputStream@7dd5a7f6
retry buy good 1720 at Apr 25, 2015 11:01:37 AM
Download full image code is correct as 13024
{"error":3,"message":["\u5bf9\u4e0d\u8d77\uff0c\u8be5\u5546\u54c1\u5df2\u7ecf\u4e0b\u67b6\u3002"],"content":"","goods_id":"1720","captcha":"13024","number":"3","donation_number":null,"product_spec":"","confirm_type":"3"}
addToCart(1720,3) failed at Apr 25, 2015 11:01:39 AM, will readd
org.apache.http.conn.EofSensorInputStream@34dfdf92
retry buy good 1720 at Apr 25, 2015 11:01:39 AM
Download full image code is correct as 95108
{"error":3,"message":["\u5bf9\u4e0d\u8d77\uff0c\u8be5\u5546\u54c1\u5df2\u7ecf\u4e0b\u67b6\u3002"],"content":"","goods_id":"1720","captcha":"95108","number":"3","donation_number":null,"product_spec":"","confirm_type":"3"}
addToCart(1720,3) failed at Apr 25, 2015 11:01:41 AM, will readd
org.apache.http.conn.EofSensorInputStream@72adb267
retry buy good 1720 at Apr 25, 2015 11:01:41 AM
Download full image code is correct as 45832
{"error":3,"message":["\u5bf9\u4e0d\u8d77\uff0c\u8be5\u5546\u54c1\u5df2\u7ecf\u4e0b\u67b6\u3002"],"content":"","goods_id":"1720","captcha":"45832","number":"3","donation_number":null,"product_spec":"","confirm_type":"3"}
addToCart(1720,3) failed at Apr 25, 2015 11:01:43 AM, will readd
org.apache.http.conn.EofSensorInputStream@6e584368
