started at Apr 25, 2015 11:00:35 AM
login sucessfully with proxy 210.14.143.132 at Apr 25, 2015 11:00:42 AM
Download full image code is correct as 42613
{"error":3,"message":["\u5bf9\u4e0d\u8d77\uff0c\u8be5\u5546\u54c1\u5df2\u7ecf\u4e0b\u67b6\u3002"],"content":"","goods_id":"1721","captcha":"42613","number":"1","donation_number":null,"product_spec":"","confirm_type":"3"}
addToCart(1721,1) failed at Apr 25, 2015 11:00:42 AM, will readd
org.apache.http.conn.EofSensorInputStream@11e96e0
retry buy good 1721 at Apr 25, 2015 11:00:43 AM
Download full image code is correct as 56098
{"error":3,"message":["\u5bf9\u4e0d\u8d77\uff0c\u8be5\u5546\u54c1\u5df2\u7ecf\u4e0b\u67b6\u3002"],"content":"","goods_id":"1721","captcha":"56098","number":"1","donation_number":null,"product_spec":"","confirm_type":"3"}
addToCart(1721,1) failed at Apr 25, 2015 11:00:52 AM, will readd
org.apache.http.conn.EofSensorInputStream@5e3c782
retry buy good 1721 at Apr 25, 2015 11:00:53 AM
Download full image code is correct as 51607
{"error":3,"message":["\u5bf9\u4e0d\u8d77\uff0c\u8be5\u5546\u54c1\u5df2\u7ecf\u4e0b\u67b6\u3002"],"content":"","goods_id":"1721","captcha":"51607","number":"1","donation_number":null,"product_spec":"","confirm_type":"3"}
addToCart(1721,1) failed at Apr 25, 2015 11:00:53 AM, will readd
org.apache.http.conn.EofSensorInputStream@715dcdeb
retry buy good 1721 at Apr 25, 2015 11:00:53 AM
Download full image code is correct as 46920
{"error":3,"message":["\u5bf9\u4e0d\u8d77\uff0c\u8be5\u5546\u54c1\u5df2\u7ecf\u4e0b\u67b6\u3002"],"content":"","goods_id":"1721","captcha":"46920","number":"1","donation_number":null,"product_spec":"","confirm_type":"3"}
addToCart(1721,1) failed at Apr 25, 2015 11:00:54 AM, will readd
org.apache.http.conn.EofSensorInputStream@43ca04a1
retry buy good 1721 at Apr 25, 2015 11:00:54 AM
Download full image code is correct as 41760
{"error":3,"message":["\u5bf9\u4e0d\u8d77\uff0c\u8be5\u5546\u54c1\u5df2\u7ecf\u4e0b\u67b6\u3002"],"content":"","goods_id":"1721","captcha":"41760","number":"1","donation_number":null,"product_spec":"","confirm_type":"3"}
addToCart(1721,1) failed at Apr 25, 2015 11:00:55 AM, will readd
org.apache.http.conn.EofSensorInputStream@7f120aa6
retry buy good 1721 at Apr 25, 2015 11:00:55 AM
Download full image code is correct as 54136
{"error":3,"message":["\u5bf9\u4e0d\u8d77\uff0c\u8be5\u5546\u54c1\u5df2\u7ecf\u4e0b\u67b6\u3002"],"content":"","goods_id":"1721","captcha":"54136","number":"1","donation_number":null,"product_spec":"","confirm_type":"3"}
addToCart(1721,1) failed at Apr 25, 2015 11:00:58 AM, will readd
org.apache.http.conn.EofSensorInputStream@4d7d26eb
retry buy good 1721 at Apr 25, 2015 11:00:59 AM
Download full image code is correct as 01598
{"error":3,"message":["\u5bf9\u4e0d\u8d77\uff0c\u8be5\u5546\u54c1\u5df2\u7ecf\u4e0b\u67b6\u3002"],"content":"","goods_id":"1721","captcha":"01598","number":"1","donation_number":null,"product_spec":"","confirm_type":"3"}
addToCart(1721,1) failed at Apr 25, 2015 11:00:59 AM, will readd
org.apache.http.conn.EofSensorInputStream@1b5908ff
retry buy good 1721 at Apr 25, 2015 11:01:00 AM
Download full image code is correct as 91672
{"error":3,"message":["\u5bf9\u4e0d\u8d77\uff0c\u8be5\u5546\u54c1\u5df2\u7ecf\u4e0b\u67b6\u3002"],"content":"","goods_id":"1721","captcha":"91672","number":"1","donation_number":null,"product_spec":"","confirm_type":"3"}
addToCart(1721,1) failed at Apr 25, 2015 11:01:00 AM, will readd
org.apache.http.conn.EofSensorInputStream@16d27e69
retry buy good 1721 at Apr 25, 2015 11:01:01 AM
Download full image code is correct as 87936
{"error":3,"message":["\u5bf9\u4e0d\u8d77\uff0c\u8be5\u5546\u54c1\u5df2\u7ecf\u4e0b\u67b6\u3002"],"content":"","goods_id":"1721","captcha":"87936","number":"1","donation_number":null,"product_spec":"","confirm_type":"3"}
addToCart(1721,1) failed at Apr 25, 2015 11:01:01 AM, will readd
org.apache.http.conn.EofSensorInputStream@32821bf7
retry buy good 1721 at Apr 25, 2015 11:01:02 AM
Download full image code is correct as 87420
{"error":3,"message":["\u5bf9\u4e0d\u8d77\uff0c\u8be5\u5546\u54c1\u5df2\u7ecf\u4e0b\u67b6\u3002"],"content":"","goods_id":"1721","captcha":"87420","number":"1","donation_number":null,"product_spec":"","confirm_type":"3"}
addToCart(1721,1) failed at Apr 25, 2015 11:01:02 AM, will readd
org.apache.http.conn.EofSensorInputStream@5324e236
retry buy good 1721 at Apr 25, 2015 11:01:02 AM
Download full image code is correct as 01796
{"error":3,"message":["\u5bf9\u4e0d\u8d77\uff0c\u8be5\u5546\u54c1\u5df2\u7ecf\u4e0b\u67b6\u3002"],"content":"","goods_id":"1721","captcha":"01796","number":"1","donation_number":null,"product_spec":"","confirm_type":"3"}
addToCart(1721,1) failed at Apr 25, 2015 11:01:03 AM, will readd
org.apache.http.conn.EofSensorInputStream@6783113b
retry buy good 1721 at Apr 25, 2015 11:01:03 AM
Download full image code is correct as 92875
{"error":3,"message":["\u5bf9\u4e0d\u8d77\uff0c\u8be5\u5546\u54c1\u5df2\u7ecf\u4e0b\u67b6\u3002"],"content":"","goods_id":"1721","captcha":"92875","number":"1","donation_number":null,"product_spec":"","confirm_type":"3"}
addToCart(1721,1) failed at Apr 25, 2015 11:01:04 AM, will readd
org.apache.http.conn.EofSensorInputStream@7ab7d928
retry buy good 1721 at Apr 25, 2015 11:01:04 AM
Download full image code is correct as 60849
{"error":3,"message":["\u5bf9\u4e0d\u8d77\uff0c\u8be5\u5546\u54c1\u5df2\u7ecf\u4e0b\u67b6\u3002"],"content":"","goods_id":"1721","captcha":"60849","number":"1","donation_number":null,"product_spec":"","confirm_type":"3"}
addToCart(1721,1) failed at Apr 25, 2015 11:01:04 AM, will readd
org.apache.http.conn.EofSensorInputStream@32210e49
retry buy good 1721 at Apr 25, 2015 11:01:05 AM
Download full image code is correct as 79152
{"error":3,"message":["\u5bf9\u4e0d\u8d77\uff0c\u8be5\u5546\u54c1\u5df2\u7ecf\u4e0b\u67b6\u3002"],"content":"","goods_id":"1721","captcha":"79152","number":"1","donation_number":null,"product_spec":"","confirm_type":"3"}
addToCart(1721,1) failed at Apr 25, 2015 11:01:05 AM, will readd
org.apache.http.conn.EofSensorInputStream@76377d53
retry buy good 1721 at Apr 25, 2015 11:01:06 AM
Download full image code is correct as 18957
{"error":3,"message":["\u5bf9\u4e0d\u8d77\uff0c\u8be5\u5546\u54c1\u5df2\u7ecf\u4e0b\u67b6\u3002"],"content":"","goods_id":"1721","captcha":"18957","number":"1","donation_number":null,"product_spec":"","confirm_type":"3"}
addToCart(1721,1) failed at Apr 25, 2015 11:01:06 AM, will readd
org.apache.http.conn.EofSensorInputStream@54ab68b
retry buy good 1721 at Apr 25, 2015 11:01:07 AM
Download full image code is correct as 68590
{"error":3,"message":["\u5bf9\u4e0d\u8d77\uff0c\u8be5\u5546\u54c1\u5df2\u7ecf\u4e0b\u67b6\u3002"],"content":"","goods_id":"1721","captcha":"68590","number":"1","donation_number":null,"product_spec":"","confirm_type":"3"}
addToCart(1721,1) failed at Apr 25, 2015 11:01:07 AM, will readd
org.apache.http.conn.EofSensorInputStream@2ffd9e4b
retry buy good 1721 at Apr 25, 2015 11:01:08 AM
Download full image code is correct as 85714
{"error":3,"message":["\u5bf9\u4e0d\u8d77\uff0c\u8be5\u5546\u54c1\u5df2\u7ecf\u4e0b\u67b6\u3002"],"content":"","goods_id":"1721","captcha":"85714","number":"1","donation_number":null,"product_spec":"","confirm_type":"3"}
addToCart(1721,1) failed at Apr 25, 2015 11:01:11 AM, will readd
org.apache.http.conn.EofSensorInputStream@2c124bb9
retry buy good 1721 at Apr 25, 2015 11:01:12 AM
Download full image code is correct as 62591
{"error":3,"message":["\u5bf9\u4e0d\u8d77\uff0c\u8be5\u5546\u54c1\u5df2\u7ecf\u4e0b\u67b6\u3002"],"content":"","goods_id":"1721","captcha":"62591","number":"1","donation_number":null,"product_spec":"","confirm_type":"3"}
addToCart(1721,1) failed at Apr 25, 2015 11:01:15 AM, will readd
org.apache.http.conn.EofSensorInputStream@48283482
retry buy good 1721 at Apr 25, 2015 11:01:15 AM
Download full image code is correct as 98153
{"error":3,"message":["\u5bf9\u4e0d\u8d77\uff0c\u8be5\u5546\u54c1\u5df2\u7ecf\u4e0b\u67b6\u3002"],"content":"","goods_id":"1721","captcha":"98153","number":"1","donation_number":null,"product_spec":"","confirm_type":"3"}
addToCart(1721,1) failed at Apr 25, 2015 11:01:16 AM, will readd
org.apache.http.conn.EofSensorInputStream@394003fc
retry buy good 1721 at Apr 25, 2015 11:01:16 AM
Download full image code is correct as 30482
{"error":3,"message":["\u5bf9\u4e0d\u8d77\uff0c\u8be5\u5546\u54c1\u5df2\u7ecf\u4e0b\u67b6\u3002"],"content":"","goods_id":"1721","captcha":"30482","number":"1","donation_number":null,"product_spec":"","confirm_type":"3"}
addToCart(1721,1) failed at Apr 25, 2015 11:01:17 AM, will readd
org.apache.http.conn.EofSensorInputStream@12c26850
retry buy good 1721 at Apr 25, 2015 11:01:17 AM
Download full image code is correct as 21587
{"error":3,"message":["\u5bf9\u4e0d\u8d77\uff0c\u8be5\u5546\u54c1\u5df2\u7ecf\u4e0b\u67b6\u3002"],"content":"","goods_id":"1721","captcha":"21587","number":"1","donation_number":null,"product_spec":"","confirm_type":"3"}
addToCart(1721,1) failed at Apr 25, 2015 11:01:17 AM, will readd
org.apache.http.conn.EofSensorInputStream@56715157
retry buy good 1721 at Apr 25, 2015 11:01:18 AM
Download full image code is correct as 20431
{"error":3,"message":["\u5bf9\u4e0d\u8d77\uff0c\u8be5\u5546\u54c1\u5df2\u7ecf\u4e0b\u67b6\u3002"],"content":"","goods_id":"1721","captcha":"20431","number":"1","donation_number":null,"product_spec":"","confirm_type":"3"}
addToCart(1721,1) failed at Apr 25, 2015 11:01:27 AM, will readd
org.apache.http.conn.EofSensorInputStream@4875e6ce
retry buy good 1721 at Apr 25, 2015 11:01:28 AM
Download full image code is correct as 01563
{"error":3,"message":["\u5bf9\u4e0d\u8d77\uff0c\u8be5\u5546\u54c1\u5df2\u7ecf\u4e0b\u67b6\u3002"],"content":"","goods_id":"1721","captcha":"01563","number":"1","donation_number":null,"product_spec":"","confirm_type":"3"}
addToCart(1721,1) failed at Apr 25, 2015 11:01:28 AM, will readd
org.apache.http.conn.EofSensorInputStream@4e7de2d2
retry buy good 1721 at Apr 25, 2015 11:01:29 AM
Download full image code is correct as 07384
{"error":3,"message":["\u5bf9\u4e0d\u8d77\uff0c\u8be5\u5546\u54c1\u5df2\u7ecf\u4e0b\u67b6\u3002"],"content":"","goods_id":"1721","captcha":"07384","number":"1","donation_number":null,"product_spec":"","confirm_type":"3"}
addToCart(1721,1) failed at Apr 25, 2015 11:01:29 AM, will readd
org.apache.http.conn.EofSensorInputStream@33802b75
retry buy good 1721 at Apr 25, 2015 11:01:30 AM
Download full image code is correct as 58316
{"error":3,"message":["\u5bf9\u4e0d\u8d77\uff0c\u8be5\u5546\u54c1\u5df2\u7ecf\u4e0b\u67b6\u3002"],"content":"","goods_id":"1721","captcha":"58316","number":"1","donation_number":null,"product_spec":"","confirm_type":"3"}
addToCart(1721,1) failed at Apr 25, 2015 11:01:30 AM, will readd
org.apache.http.conn.EofSensorInputStream@1b4775ba
retry buy good 1721 at Apr 25, 2015 11:01:30 AM
Download full image code is correct as 58269
{"error":3,"message":["\u5bf9\u4e0d\u8d77\uff0c\u8be5\u5546\u54c1\u5df2\u7ecf\u4e0b\u67b6\u3002"],"content":"","goods_id":"1721","captcha":"58269","number":"1","donation_number":null,"product_spec":"","confirm_type":"3"}
addToCart(1721,1) failed at Apr 25, 2015 11:01:31 AM, will readd
org.apache.http.conn.EofSensorInputStream@1ac80699
retry buy good 1721 at Apr 25, 2015 11:01:31 AM
Download full image code is correct as 67043
{"error":3,"message":["\u5bf9\u4e0d\u8d77\uff0c\u8be5\u5546\u54c1\u5df2\u7ecf\u4e0b\u67b6\u3002"],"content":"","goods_id":"1721","captcha":"67043","number":"1","donation_number":null,"product_spec":"","confirm_type":"3"}
addToCart(1721,1) failed at Apr 25, 2015 11:01:32 AM, will readd
org.apache.http.conn.EofSensorInputStream@26215e72
retry buy good 1721 at Apr 25, 2015 11:01:32 AM
Download full image code is correct as 28734
{"error":3,"message":["\u5bf9\u4e0d\u8d77\uff0c\u8be5\u5546\u54c1\u5df2\u7ecf\u4e0b\u67b6\u3002"],"content":"","goods_id":"1721","captcha":"28734","number":"1","donation_number":null,"product_spec":"","confirm_type":"3"}
addToCart(1721,1) failed at Apr 25, 2015 11:01:33 AM, will readd
org.apache.http.conn.EofSensorInputStream@42591130
retry buy good 1721 at Apr 25, 2015 11:01:34 AM
Download full image code is correct as 76352
{"error":3,"message":["\u5bf9\u4e0d\u8d77\uff0c\u8be5\u5546\u54c1\u5df2\u7ecf\u4e0b\u67b6\u3002"],"content":"","goods_id":"1721","captcha":"76352","number":"1","donation_number":null,"product_spec":"","confirm_type":"3"}
addToCart(1721,1) failed at Apr 25, 2015 11:01:34 AM, will readd
org.apache.http.conn.EofSensorInputStream@6cb83869
retry buy good 1721 at Apr 25, 2015 11:01:35 AM
Download full image code is correct as 02714
{"error":3,"message":["\u5bf9\u4e0d\u8d77\uff0c\u8be5\u5546\u54c1\u5df2\u7ecf\u4e0b\u67b6\u3002"],"content":"","goods_id":"1721","captcha":"02714","number":"1","donation_number":null,"product_spec":"","confirm_type":"3"}
addToCart(1721,1) failed at Apr 25, 2015 11:01:35 AM, will readd
org.apache.http.conn.EofSensorInputStream@2feaad1
retry buy good 1721 at Apr 25, 2015 11:01:35 AM
Download full image code is correct as 89413
{"error":3,"message":["\u5bf9\u4e0d\u8d77\uff0c\u8be5\u5546\u54c1\u5df2\u7ecf\u4e0b\u67b6\u3002"],"content":"","goods_id":"1721","captcha":"89413","number":"1","donation_number":null,"product_spec":"","confirm_type":"3"}
addToCart(1721,1) failed at Apr 25, 2015 11:01:36 AM, will readd
org.apache.http.conn.EofSensorInputStream@29ef4453
retry buy good 1721 at Apr 25, 2015 11:01:36 AM
Download full image code is correct as 91456
{"error":3,"message":["\u5bf9\u4e0d\u8d77\uff0c\u8be5\u5546\u54c1\u5df2\u7ecf\u4e0b\u67b6\u3002"],"content":"","goods_id":"1721","captcha":"91456","number":"1","donation_number":null,"product_spec":"","confirm_type":"3"}
addToCart(1721,1) failed at Apr 25, 2015 11:01:40 AM, will readd
org.apache.http.conn.EofSensorInputStream@7cc88db2
retry buy good 1721 at Apr 25, 2015 11:01:40 AM
Download full image code is correct as 28630
{"error":3,"message":["\u5bf9\u4e0d\u8d77\uff0c\u8be5\u5546\u54c1\u5df2\u7ecf\u4e0b\u67b6\u3002"],"content":"","goods_id":"1721","captcha":"28630","number":"1","donation_number":null,"product_spec":"","confirm_type":"3"}
addToCart(1721,1) failed at Apr 25, 2015 11:01:41 AM, will readd
org.apache.http.conn.EofSensorInputStream@45690882
retry buy good 1721 at Apr 25, 2015 11:01:41 AM
Download full image code is correct as 59673
{"error":3,"message":["\u5bf9\u4e0d\u8d77\uff0c\u8be5\u5546\u54c1\u5df2\u7ecf\u4e0b\u67b6\u3002"],"content":"","goods_id":"1721","captcha":"59673","number":"1","donation_number":null,"product_spec":"","confirm_type":"3"}
addToCart(1721,1) failed at Apr 25, 2015 11:01:42 AM, will readd
org.apache.http.conn.EofSensorInputStream@129de1fe
retry buy good 1721 at Apr 25, 2015 11:01:42 AM
Download full image code is correct as 60854
{"error":3,"message":["\u5bf9\u4e0d\u8d77\uff0c\u8be5\u5546\u54c1\u5df2\u7ecf\u4e0b\u67b6\u3002"],"content":"","goods_id":"1721","captcha":"60854","number":"1","donation_number":null,"product_spec":"","confirm_type":"3"}
addToCart(1721,1) failed at Apr 25, 2015 11:01:42 AM, will readd
org.apache.http.conn.EofSensorInputStream@69ecade2
retry buy good 1721 at Apr 25, 2015 11:01:43 AM
