started at Apr 25, 2015 11:00:35 AM
login sucessfully with proxy 124.202.170.178 at Apr 25, 2015 11:00:36 AM
Download full image code is correct as 52063
{"error":888,"message":"\u6ce8\u610f\uff1a\n\r\u6b64\u5546\u54c1\u4fc3\u9500\u671f\u95f4\u666e\u901a\u4f1a\u5458\u9650\u8d2d 3 \u4ef6\uff01\n\r\u60a8\u4e4b\u524d\u8ba2\u5355\u4e2d\u5df2\u7ecf\u5b58\u5728 3 \u4ef6\uff01\n\r\u60a8\u53ea\u80fd\u518d\u4e70 0 \u4ef6\uff01","content":"","goods_id":"1717","captcha":"52063","number":"3","donation_number":null}
addToCart(1717,3) failed  at Apr 25, 2015 11:00:36 AM, will readd
retry buy good 1717 at Apr 25, 2015 11:00:37 AM
Download full image code is correct as 39458
{"error":888,"message":"\u6ce8\u610f\uff1a\n\r\u6b64\u5546\u54c1\u4fc3\u9500\u671f\u95f4\u666e\u901a\u4f1a\u5458\u9650\u8d2d 3 \u4ef6\uff01\n\r\u60a8\u4e4b\u524d\u8ba2\u5355\u4e2d\u5df2\u7ecf\u5b58\u5728 3 \u4ef6\uff01\n\r\u60a8\u53ea\u80fd\u518d\u4e70 0 \u4ef6\uff01","content":"","goods_id":"1717","captcha":"39458","number":"3","donation_number":null}
addToCart(1717,3) failed  at Apr 25, 2015 11:00:37 AM, will readd
retry buy good 1717 at Apr 25, 2015 11:00:38 AM
Download full image code is correct as 47365
{"error":888,"message":"\u6ce8\u610f\uff1a\n\r\u6b64\u5546\u54c1\u4fc3\u9500\u671f\u95f4\u666e\u901a\u4f1a\u5458\u9650\u8d2d 3 \u4ef6\uff01\n\r\u60a8\u4e4b\u524d\u8ba2\u5355\u4e2d\u5df2\u7ecf\u5b58\u5728 3 \u4ef6\uff01\n\r\u60a8\u53ea\u80fd\u518d\u4e70 0 \u4ef6\uff01","content":"","goods_id":"1717","captcha":"47365","number":"3","donation_number":null}
addToCart(1717,3) failed  at Apr 25, 2015 11:00:38 AM, will readd
retry buy good 1717 at Apr 25, 2015 11:00:39 AM
Download full image code is correct as 90845
{"error":888,"message":"\u6ce8\u610f\uff1a\n\r\u6b64\u5546\u54c1\u4fc3\u9500\u671f\u95f4\u666e\u901a\u4f1a\u5458\u9650\u8d2d 3 \u4ef6\uff01\n\r\u60a8\u4e4b\u524d\u8ba2\u5355\u4e2d\u5df2\u7ecf\u5b58\u5728 3 \u4ef6\uff01\n\r\u60a8\u53ea\u80fd\u518d\u4e70 0 \u4ef6\uff01","content":"","goods_id":"1717","captcha":"90845","number":"3","donation_number":null}
addToCart(1717,3) failed  at Apr 25, 2015 11:00:39 AM, will readd
retry buy good 1717 at Apr 25, 2015 11:00:40 AM
Download full image code is correct as 53872
{"error":888,"message":"\u6ce8\u610f\uff1a\n\r\u6b64\u5546\u54c1\u4fc3\u9500\u671f\u95f4\u666e\u901a\u4f1a\u5458\u9650\u8d2d 3 \u4ef6\uff01\n\r\u60a8\u4e4b\u524d\u8ba2\u5355\u4e2d\u5df2\u7ecf\u5b58\u5728 3 \u4ef6\uff01\n\r\u60a8\u53ea\u80fd\u518d\u4e70 0 \u4ef6\uff01","content":"","goods_id":"1717","captcha":"53872","number":"3","donation_number":null}
addToCart(1717,3) failed  at Apr 25, 2015 11:00:40 AM, will readd
retry buy good 1717 at Apr 25, 2015 11:00:40 AM
Download full image code is correct as 68745
{"error":888,"message":"\u6ce8\u610f\uff1a\n\r\u6b64\u5546\u54c1\u4fc3\u9500\u671f\u95f4\u666e\u901a\u4f1a\u5458\u9650\u8d2d 3 \u4ef6\uff01\n\r\u60a8\u4e4b\u524d\u8ba2\u5355\u4e2d\u5df2\u7ecf\u5b58\u5728 3 \u4ef6\uff01\n\r\u60a8\u53ea\u80fd\u518d\u4e70 0 \u4ef6\uff01","content":"","goods_id":"1717","captcha":"68745","number":"3","donation_number":null}
addToCart(1717,3) failed  at Apr 25, 2015 11:00:41 AM, will readd
retry buy good 1717 at Apr 25, 2015 11:00:41 AM
Download full image code is correct as 98067
{"error":888,"message":"\u6ce8\u610f\uff1a\n\r\u6b64\u5546\u54c1\u4fc3\u9500\u671f\u95f4\u666e\u901a\u4f1a\u5458\u9650\u8d2d 3 \u4ef6\uff01\n\r\u60a8\u4e4b\u524d\u8ba2\u5355\u4e2d\u5df2\u7ecf\u5b58\u5728 3 \u4ef6\uff01\n\r\u60a8\u53ea\u80fd\u518d\u4e70 0 \u4ef6\uff01","content":"","goods_id":"1717","captcha":"98067","number":"3","donation_number":null}
addToCart(1717,3) failed  at Apr 25, 2015 11:00:42 AM, will readd
retry buy good 1717 at Apr 25, 2015 11:00:42 AM
Download full image code is correct as 47982
{"error":888,"message":"\u6ce8\u610f\uff1a\n\r\u6b64\u5546\u54c1\u4fc3\u9500\u671f\u95f4\u666e\u901a\u4f1a\u5458\u9650\u8d2d 3 \u4ef6\uff01\n\r\u60a8\u4e4b\u524d\u8ba2\u5355\u4e2d\u5df2\u7ecf\u5b58\u5728 3 \u4ef6\uff01\n\r\u60a8\u53ea\u80fd\u518d\u4e70 0 \u4ef6\uff01","content":"","goods_id":"1717","captcha":"47982","number":"3","donation_number":null}
addToCart(1717,3) failed  at Apr 25, 2015 11:00:42 AM, will readd
retry buy good 1717 at Apr 25, 2015 11:00:43 AM
Download full image code is correct as 73418
{"error":888,"message":"\u6ce8\u610f\uff1a\n\r\u6b64\u5546\u54c1\u4fc3\u9500\u671f\u95f4\u666e\u901a\u4f1a\u5458\u9650\u8d2d 3 \u4ef6\uff01\n\r\u60a8\u4e4b\u524d\u8ba2\u5355\u4e2d\u5df2\u7ecf\u5b58\u5728 3 \u4ef6\uff01\n\r\u60a8\u53ea\u80fd\u518d\u4e70 0 \u4ef6\uff01","content":"","goods_id":"1717","captcha":"73418","number":"3","donation_number":null}
addToCart(1717,3) failed  at Apr 25, 2015 11:00:43 AM, will readd
retry buy good 1717 at Apr 25, 2015 11:00:44 AM
Download full image code is correct as 40719
{"error":888,"message":"\u6ce8\u610f\uff1a\n\r\u6b64\u5546\u54c1\u4fc3\u9500\u671f\u95f4\u666e\u901a\u4f1a\u5458\u9650\u8d2d 3 \u4ef6\uff01\n\r\u60a8\u4e4b\u524d\u8ba2\u5355\u4e2d\u5df2\u7ecf\u5b58\u5728 3 \u4ef6\uff01\n\r\u60a8\u53ea\u80fd\u518d\u4e70 0 \u4ef6\uff01","content":"","goods_id":"1717","captcha":"40719","number":"3","donation_number":null}
addToCart(1717,3) failed  at Apr 25, 2015 11:00:44 AM, will readd
retry buy good 1717 at Apr 25, 2015 11:00:45 AM
Download full image code is correct as 25019
{"error":888,"message":"\u6ce8\u610f\uff1a\n\r\u6b64\u5546\u54c1\u4fc3\u9500\u671f\u95f4\u666e\u901a\u4f1a\u5458\u9650\u8d2d 3 \u4ef6\uff01\n\r\u60a8\u4e4b\u524d\u8ba2\u5355\u4e2d\u5df2\u7ecf\u5b58\u5728 3 \u4ef6\uff01\n\r\u60a8\u53ea\u80fd\u518d\u4e70 0 \u4ef6\uff01","content":"","goods_id":"1717","captcha":"25019","number":"3","donation_number":null}
addToCart(1717,3) failed  at Apr 25, 2015 11:00:46 AM, will readd
retry buy good 1717 at Apr 25, 2015 11:00:46 AM
Download full image code is correct as 59246
{"error":888,"message":"\u6ce8\u610f\uff1a\n\r\u6b64\u5546\u54c1\u4fc3\u9500\u671f\u95f4\u666e\u901a\u4f1a\u5458\u9650\u8d2d 3 \u4ef6\uff01\n\r\u60a8\u4e4b\u524d\u8ba2\u5355\u4e2d\u5df2\u7ecf\u5b58\u5728 3 \u4ef6\uff01\n\r\u60a8\u53ea\u80fd\u518d\u4e70 0 \u4ef6\uff01","content":"","goods_id":"1717","captcha":"59246","number":"3","donation_number":null}
addToCart(1717,3) failed  at Apr 25, 2015 11:00:47 AM, will readd
retry buy good 1717 at Apr 25, 2015 11:00:47 AM
Download full image code is correct as 69530
{"error":888,"message":"\u6ce8\u610f\uff1a\n\r\u6b64\u5546\u54c1\u4fc3\u9500\u671f\u95f4\u666e\u901a\u4f1a\u5458\u9650\u8d2d 3 \u4ef6\uff01\n\r\u60a8\u4e4b\u524d\u8ba2\u5355\u4e2d\u5df2\u7ecf\u5b58\u5728 3 \u4ef6\uff01\n\r\u60a8\u53ea\u80fd\u518d\u4e70 0 \u4ef6\uff01","content":"","goods_id":"1717","captcha":"69530","number":"3","donation_number":null}
addToCart(1717,3) failed  at Apr 25, 2015 11:00:48 AM, will readd
retry buy good 1717 at Apr 25, 2015 11:00:48 AM
Download full image code is correct as 43018
{"error":888,"message":"\u6ce8\u610f\uff1a\n\r\u6b64\u5546\u54c1\u4fc3\u9500\u671f\u95f4\u666e\u901a\u4f1a\u5458\u9650\u8d2d 3 \u4ef6\uff01\n\r\u60a8\u4e4b\u524d\u8ba2\u5355\u4e2d\u5df2\u7ecf\u5b58\u5728 3 \u4ef6\uff01\n\r\u60a8\u53ea\u80fd\u518d\u4e70 0 \u4ef6\uff01","content":"","goods_id":"1717","captcha":"43018","number":"3","donation_number":null}
addToCart(1717,3) failed  at Apr 25, 2015 11:00:48 AM, will readd
retry buy good 1717 at Apr 25, 2015 11:00:49 AM
Download full image code is correct as 01759
{"error":888,"message":"\u6ce8\u610f\uff1a\n\r\u6b64\u5546\u54c1\u4fc3\u9500\u671f\u95f4\u666e\u901a\u4f1a\u5458\u9650\u8d2d 3 \u4ef6\uff01\n\r\u60a8\u4e4b\u524d\u8ba2\u5355\u4e2d\u5df2\u7ecf\u5b58\u5728 3 \u4ef6\uff01\n\r\u60a8\u53ea\u80fd\u518d\u4e70 0 \u4ef6\uff01","content":"","goods_id":"1717","captcha":"01759","number":"3","donation_number":null}
addToCart(1717,3) failed  at Apr 25, 2015 11:00:49 AM, will readd
retry buy good 1717 at Apr 25, 2015 11:00:50 AM
Download full image code is correct as 81056
{"error":888,"message":"\u6ce8\u610f\uff1a\n\r\u6b64\u5546\u54c1\u4fc3\u9500\u671f\u95f4\u666e\u901a\u4f1a\u5458\u9650\u8d2d 3 \u4ef6\uff01\n\r\u60a8\u4e4b\u524d\u8ba2\u5355\u4e2d\u5df2\u7ecf\u5b58\u5728 3 \u4ef6\uff01\n\r\u60a8\u53ea\u80fd\u518d\u4e70 0 \u4ef6\uff01","content":"","goods_id":"1717","captcha":"81056","number":"3","donation_number":null}
addToCart(1717,3) failed  at Apr 25, 2015 11:00:50 AM, will readd
retry buy good 1717 at Apr 25, 2015 11:00:51 AM
Download full image code is correct as 17809
{"error":888,"message":"\u6ce8\u610f\uff1a\n\r\u6b64\u5546\u54c1\u4fc3\u9500\u671f\u95f4\u666e\u901a\u4f1a\u5458\u9650\u8d2d 3 \u4ef6\uff01\n\r\u60a8\u4e4b\u524d\u8ba2\u5355\u4e2d\u5df2\u7ecf\u5b58\u5728 3 \u4ef6\uff01\n\r\u60a8\u53ea\u80fd\u518d\u4e70 0 \u4ef6\uff01","content":"","goods_id":"1717","captcha":"17809","number":"3","donation_number":null}
addToCart(1717,3) failed  at Apr 25, 2015 11:00:51 AM, will readd
retry buy good 1717 at Apr 25, 2015 11:00:52 AM
Download full image code is correct as 57680
{"error":888,"message":"\u6ce8\u610f\uff1a\n\r\u6b64\u5546\u54c1\u4fc3\u9500\u671f\u95f4\u666e\u901a\u4f1a\u5458\u9650\u8d2d 3 \u4ef6\uff01\n\r\u60a8\u4e4b\u524d\u8ba2\u5355\u4e2d\u5df2\u7ecf\u5b58\u5728 3 \u4ef6\uff01\n\r\u60a8\u53ea\u80fd\u518d\u4e70 0 \u4ef6\uff01","content":"","goods_id":"1717","captcha":"57680","number":"3","donation_number":null}
addToCart(1717,3) failed  at Apr 25, 2015 11:00:52 AM, will readd
retry buy good 1717 at Apr 25, 2015 11:00:53 AM
Download full image code is correct as 98756
{"error":888,"message":"\u6ce8\u610f\uff1a\n\r\u6b64\u5546\u54c1\u4fc3\u9500\u671f\u95f4\u666e\u901a\u4f1a\u5458\u9650\u8d2d 3 \u4ef6\uff01\n\r\u60a8\u4e4b\u524d\u8ba2\u5355\u4e2d\u5df2\u7ecf\u5b58\u5728 3 \u4ef6\uff01\n\r\u60a8\u53ea\u80fd\u518d\u4e70 0 \u4ef6\uff01","content":"","goods_id":"1717","captcha":"98756","number":"3","donation_number":null}
addToCart(1717,3) failed  at Apr 25, 2015 11:00:53 AM, will readd
retry buy good 1717 at Apr 25, 2015 11:00:54 AM
Download full image code is correct as 86152
{"error":888,"message":"\u6ce8\u610f\uff1a\n\r\u6b64\u5546\u54c1\u4fc3\u9500\u671f\u95f4\u666e\u901a\u4f1a\u5458\u9650\u8d2d 3 \u4ef6\uff01\n\r\u60a8\u4e4b\u524d\u8ba2\u5355\u4e2d\u5df2\u7ecf\u5b58\u5728 3 \u4ef6\uff01\n\r\u60a8\u53ea\u80fd\u518d\u4e70 0 \u4ef6\uff01","content":"","goods_id":"1717","captcha":"86152","number":"3","donation_number":null}
addToCart(1717,3) failed  at Apr 25, 2015 11:00:54 AM, will readd
retry buy good 1717 at Apr 25, 2015 11:00:55 AM
Download full image code is correct as 02568
{"error":888,"message":"\u6ce8\u610f\uff1a\n\r\u6b64\u5546\u54c1\u4fc3\u9500\u671f\u95f4\u666e\u901a\u4f1a\u5458\u9650\u8d2d 3 \u4ef6\uff01\n\r\u60a8\u4e4b\u524d\u8ba2\u5355\u4e2d\u5df2\u7ecf\u5b58\u5728 3 \u4ef6\uff01\n\r\u60a8\u53ea\u80fd\u518d\u4e70 0 \u4ef6\uff01","content":"","goods_id":"1717","captcha":"02568","number":"3","donation_number":null}
addToCart(1717,3) failed  at Apr 25, 2015 11:00:55 AM, will readd
retry buy good 1717 at Apr 25, 2015 11:00:56 AM
Download full image code is correct as 68147
{"error":888,"message":"\u6ce8\u610f\uff1a\n\r\u6b64\u5546\u54c1\u4fc3\u9500\u671f\u95f4\u666e\u901a\u4f1a\u5458\u9650\u8d2d 3 \u4ef6\uff01\n\r\u60a8\u4e4b\u524d\u8ba2\u5355\u4e2d\u5df2\u7ecf\u5b58\u5728 3 \u4ef6\uff01\n\r\u60a8\u53ea\u80fd\u518d\u4e70 0 \u4ef6\uff01","content":"","goods_id":"1717","captcha":"68147","number":"3","donation_number":null}
addToCart(1717,3) failed  at Apr 25, 2015 11:00:56 AM, will readd
retry buy good 1717 at Apr 25, 2015 11:00:57 AM
Download full image code is correct as 79385
{"error":888,"message":"\u6ce8\u610f\uff1a\n\r\u6b64\u5546\u54c1\u4fc3\u9500\u671f\u95f4\u666e\u901a\u4f1a\u5458\u9650\u8d2d 3 \u4ef6\uff01\n\r\u60a8\u4e4b\u524d\u8ba2\u5355\u4e2d\u5df2\u7ecf\u5b58\u5728 3 \u4ef6\uff01\n\r\u60a8\u53ea\u80fd\u518d\u4e70 0 \u4ef6\uff01","content":"","goods_id":"1717","captcha":"79385","number":"3","donation_number":null}
addToCart(1717,3) failed  at Apr 25, 2015 11:00:57 AM, will readd
retry buy good 1717 at Apr 25, 2015 11:00:58 AM
Download full image code is correct as 38426
{"error":888,"message":"\u6ce8\u610f\uff1a\n\r\u6b64\u5546\u54c1\u4fc3\u9500\u671f\u95f4\u666e\u901a\u4f1a\u5458\u9650\u8d2d 3 \u4ef6\uff01\n\r\u60a8\u4e4b\u524d\u8ba2\u5355\u4e2d\u5df2\u7ecf\u5b58\u5728 3 \u4ef6\uff01\n\r\u60a8\u53ea\u80fd\u518d\u4e70 0 \u4ef6\uff01","content":"","goods_id":"1717","captcha":"38426","number":"3","donation_number":null}
addToCart(1717,3) failed  at Apr 25, 2015 11:00:58 AM, will readd
retry buy good 1717 at Apr 25, 2015 11:00:59 AM
Download full image code is correct as 24078
{"error":888,"message":"\u6ce8\u610f\uff1a\n\r\u6b64\u5546\u54c1\u4fc3\u9500\u671f\u95f4\u666e\u901a\u4f1a\u5458\u9650\u8d2d 3 \u4ef6\uff01\n\r\u60a8\u4e4b\u524d\u8ba2\u5355\u4e2d\u5df2\u7ecf\u5b58\u5728 3 \u4ef6\uff01\n\r\u60a8\u53ea\u80fd\u518d\u4e70 0 \u4ef6\uff01","content":"","goods_id":"1717","captcha":"24078","number":"3","donation_number":null}
addToCart(1717,3) failed  at Apr 25, 2015 11:00:59 AM, will readd
retry buy good 1717 at Apr 25, 2015 11:01:00 AM
Download full image code is correct as 68953
{"error":888,"message":"\u6ce8\u610f\uff1a\n\r\u6b64\u5546\u54c1\u4fc3\u9500\u671f\u95f4\u666e\u901a\u4f1a\u5458\u9650\u8d2d 3 \u4ef6\uff01\n\r\u60a8\u4e4b\u524d\u8ba2\u5355\u4e2d\u5df2\u7ecf\u5b58\u5728 3 \u4ef6\uff01\n\r\u60a8\u53ea\u80fd\u518d\u4e70 0 \u4ef6\uff01","content":"","goods_id":"1717","captcha":"68953","number":"3","donation_number":null}
addToCart(1717,3) failed  at Apr 25, 2015 11:01:00 AM, will readd
retry buy good 1717 at Apr 25, 2015 11:01:01 AM
Download full image code is correct as 71953
{"error":888,"message":"\u6ce8\u610f\uff1a\n\r\u6b64\u5546\u54c1\u4fc3\u9500\u671f\u95f4\u666e\u901a\u4f1a\u5458\u9650\u8d2d 3 \u4ef6\uff01\n\r\u60a8\u4e4b\u524d\u8ba2\u5355\u4e2d\u5df2\u7ecf\u5b58\u5728 3 \u4ef6\uff01\n\r\u60a8\u53ea\u80fd\u518d\u4e70 0 \u4ef6\uff01","content":"","goods_id":"1717","captcha":"71953","number":"3","donation_number":null}
addToCart(1717,3) failed  at Apr 25, 2015 11:01:01 AM, will readd
retry buy good 1717 at Apr 25, 2015 11:01:02 AM
Download full image code is correct as 42780
{"error":888,"message":"\u6ce8\u610f\uff1a\n\r\u6b64\u5546\u54c1\u4fc3\u9500\u671f\u95f4\u666e\u901a\u4f1a\u5458\u9650\u8d2d 3 \u4ef6\uff01\n\r\u60a8\u4e4b\u524d\u8ba2\u5355\u4e2d\u5df2\u7ecf\u5b58\u5728 3 \u4ef6\uff01\n\r\u60a8\u53ea\u80fd\u518d\u4e70 0 \u4ef6\uff01","content":"","goods_id":"1717","captcha":"42780","number":"3","donation_number":null}
addToCart(1717,3) failed  at Apr 25, 2015 11:01:02 AM, will readd
retry buy good 1717 at Apr 25, 2015 11:01:03 AM
Download full image code is correct as 70658
{"error":888,"message":"\u6ce8\u610f\uff1a\n\r\u6b64\u5546\u54c1\u4fc3\u9500\u671f\u95f4\u666e\u901a\u4f1a\u5458\u9650\u8d2d 3 \u4ef6\uff01\n\r\u60a8\u4e4b\u524d\u8ba2\u5355\u4e2d\u5df2\u7ecf\u5b58\u5728 3 \u4ef6\uff01\n\r\u60a8\u53ea\u80fd\u518d\u4e70 0 \u4ef6\uff01","content":"","goods_id":"1717","captcha":"70658","number":"3","donation_number":null}
addToCart(1717,3) failed  at Apr 25, 2015 11:01:03 AM, will readd
retry buy good 1717 at Apr 25, 2015 11:01:04 AM
Download full image code is correct as 17465
{"error":888,"message":"\u6ce8\u610f\uff1a\n\r\u6b64\u5546\u54c1\u4fc3\u9500\u671f\u95f4\u666e\u901a\u4f1a\u5458\u9650\u8d2d 3 \u4ef6\uff01\n\r\u60a8\u4e4b\u524d\u8ba2\u5355\u4e2d\u5df2\u7ecf\u5b58\u5728 3 \u4ef6\uff01\n\r\u60a8\u53ea\u80fd\u518d\u4e70 0 \u4ef6\uff01","content":"","goods_id":"1717","captcha":"17465","number":"3","donation_number":null}
addToCart(1717,3) failed  at Apr 25, 2015 11:01:04 AM, will readd
retry buy good 1717 at Apr 25, 2015 11:01:04 AM
Download full image code is correct as 26391
{"error":888,"message":"\u6ce8\u610f\uff1a\n\r\u6b64\u5546\u54c1\u4fc3\u9500\u671f\u95f4\u666e\u901a\u4f1a\u5458\u9650\u8d2d 3 \u4ef6\uff01\n\r\u60a8\u4e4b\u524d\u8ba2\u5355\u4e2d\u5df2\u7ecf\u5b58\u5728 3 \u4ef6\uff01\n\r\u60a8\u53ea\u80fd\u518d\u4e70 0 \u4ef6\uff01","content":"","goods_id":"1717","captcha":"26391","number":"3","donation_number":null}
addToCart(1717,3) failed  at Apr 25, 2015 11:01:05 AM, will readd
retry buy good 1717 at Apr 25, 2015 11:01:05 AM
Download full image code is correct as 74530
{"error":888,"message":"\u6ce8\u610f\uff1a\n\r\u6b64\u5546\u54c1\u4fc3\u9500\u671f\u95f4\u666e\u901a\u4f1a\u5458\u9650\u8d2d 3 \u4ef6\uff01\n\r\u60a8\u4e4b\u524d\u8ba2\u5355\u4e2d\u5df2\u7ecf\u5b58\u5728 3 \u4ef6\uff01\n\r\u60a8\u53ea\u80fd\u518d\u4e70 0 \u4ef6\uff01","content":"","goods_id":"1717","captcha":"74530","number":"3","donation_number":null}
addToCart(1717,3) failed  at Apr 25, 2015 11:01:06 AM, will readd
retry buy good 1717 at Apr 25, 2015 11:01:06 AM
Download full image code is correct as 28350
{"error":888,"message":"\u6ce8\u610f\uff1a\n\r\u6b64\u5546\u54c1\u4fc3\u9500\u671f\u95f4\u666e\u901a\u4f1a\u5458\u9650\u8d2d 3 \u4ef6\uff01\n\r\u60a8\u4e4b\u524d\u8ba2\u5355\u4e2d\u5df2\u7ecf\u5b58\u5728 3 \u4ef6\uff01\n\r\u60a8\u53ea\u80fd\u518d\u4e70 0 \u4ef6\uff01","content":"","goods_id":"1717","captcha":"28350","number":"3","donation_number":null}
addToCart(1717,3) failed  at Apr 25, 2015 11:01:06 AM, will readd
retry buy good 1717 at Apr 25, 2015 11:01:07 AM
Download full image code is correct as 94062
{"error":888,"message":"\u6ce8\u610f\uff1a\n\r\u6b64\u5546\u54c1\u4fc3\u9500\u671f\u95f4\u666e\u901a\u4f1a\u5458\u9650\u8d2d 3 \u4ef6\uff01\n\r\u60a8\u4e4b\u524d\u8ba2\u5355\u4e2d\u5df2\u7ecf\u5b58\u5728 3 \u4ef6\uff01\n\r\u60a8\u53ea\u80fd\u518d\u4e70 0 \u4ef6\uff01","content":"","goods_id":"1717","captcha":"94062","number":"3","donation_number":null}
addToCart(1717,3) failed  at Apr 25, 2015 11:01:07 AM, will readd
retry buy good 1717 at Apr 25, 2015 11:01:08 AM
Download full image code is correct as 21036
{"error":888,"message":"\u6ce8\u610f\uff1a\n\r\u6b64\u5546\u54c1\u4fc3\u9500\u671f\u95f4\u666e\u901a\u4f1a\u5458\u9650\u8d2d 3 \u4ef6\uff01\n\r\u60a8\u4e4b\u524d\u8ba2\u5355\u4e2d\u5df2\u7ecf\u5b58\u5728 3 \u4ef6\uff01\n\r\u60a8\u53ea\u80fd\u518d\u4e70 0 \u4ef6\uff01","content":"","goods_id":"1717","captcha":"21036","number":"3","donation_number":null}
addToCart(1717,3) failed  at Apr 25, 2015 11:01:08 AM, will readd
retry buy good 1717 at Apr 25, 2015 11:01:09 AM
Download full image code is correct as 93625
{"error":888,"message":"\u6ce8\u610f\uff1a\n\r\u6b64\u5546\u54c1\u4fc3\u9500\u671f\u95f4\u666e\u901a\u4f1a\u5458\u9650\u8d2d 3 \u4ef6\uff01\n\r\u60a8\u4e4b\u524d\u8ba2\u5355\u4e2d\u5df2\u7ecf\u5b58\u5728 3 \u4ef6\uff01\n\r\u60a8\u53ea\u80fd\u518d\u4e70 0 \u4ef6\uff01","content":"","goods_id":"1717","captcha":"93625","number":"3","donation_number":null}
addToCart(1717,3) failed  at Apr 25, 2015 11:01:09 AM, will readd
retry buy good 1717 at Apr 25, 2015 11:01:10 AM
Download full image code is correct as 43297
{"error":888,"message":"\u6ce8\u610f\uff1a\n\r\u6b64\u5546\u54c1\u4fc3\u9500\u671f\u95f4\u666e\u901a\u4f1a\u5458\u9650\u8d2d 3 \u4ef6\uff01\n\r\u60a8\u4e4b\u524d\u8ba2\u5355\u4e2d\u5df2\u7ecf\u5b58\u5728 3 \u4ef6\uff01\n\r\u60a8\u53ea\u80fd\u518d\u4e70 0 \u4ef6\uff01","content":"","goods_id":"1717","captcha":"43297","number":"3","donation_number":null}
addToCart(1717,3) failed  at Apr 25, 2015 11:01:10 AM, will readd
retry buy good 1717 at Apr 25, 2015 11:01:11 AM
Download full image code is correct as 91456
{"error":888,"message":"\u6ce8\u610f\uff1a\n\r\u6b64\u5546\u54c1\u4fc3\u9500\u671f\u95f4\u666e\u901a\u4f1a\u5458\u9650\u8d2d 3 \u4ef6\uff01\n\r\u60a8\u4e4b\u524d\u8ba2\u5355\u4e2d\u5df2\u7ecf\u5b58\u5728 3 \u4ef6\uff01\n\r\u60a8\u53ea\u80fd\u518d\u4e70 0 \u4ef6\uff01","content":"","goods_id":"1717","captcha":"91456","number":"3","donation_number":null}
addToCart(1717,3) failed  at Apr 25, 2015 11:01:11 AM, will readd
retry buy good 1717 at Apr 25, 2015 11:01:12 AM
Download full image code is correct as 59126
{"error":888,"message":"\u6ce8\u610f\uff1a\n\r\u6b64\u5546\u54c1\u4fc3\u9500\u671f\u95f4\u666e\u901a\u4f1a\u5458\u9650\u8d2d 3 \u4ef6\uff01\n\r\u60a8\u4e4b\u524d\u8ba2\u5355\u4e2d\u5df2\u7ecf\u5b58\u5728 3 \u4ef6\uff01\n\r\u60a8\u53ea\u80fd\u518d\u4e70 0 \u4ef6\uff01","content":"","goods_id":"1717","captcha":"59126","number":"3","donation_number":null}
addToCart(1717,3) failed  at Apr 25, 2015 11:01:12 AM, will readd
retry buy good 1717 at Apr 25, 2015 11:01:13 AM
Download full image code is correct as 21987
{"error":888,"message":"\u6ce8\u610f\uff1a\n\r\u6b64\u5546\u54c1\u4fc3\u9500\u671f\u95f4\u666e\u901a\u4f1a\u5458\u9650\u8d2d 3 \u4ef6\uff01\n\r\u60a8\u4e4b\u524d\u8ba2\u5355\u4e2d\u5df2\u7ecf\u5b58\u5728 3 \u4ef6\uff01\n\r\u60a8\u53ea\u80fd\u518d\u4e70 0 \u4ef6\uff01","content":"","goods_id":"1717","captcha":"21987","number":"3","donation_number":null}
addToCart(1717,3) failed  at Apr 25, 2015 11:01:13 AM, will readd
retry buy good 1717 at Apr 25, 2015 11:01:14 AM
Download full image code is correct as 90328
{"error":888,"message":"\u6ce8\u610f\uff1a\n\r\u6b64\u5546\u54c1\u4fc3\u9500\u671f\u95f4\u666e\u901a\u4f1a\u5458\u9650\u8d2d 3 \u4ef6\uff01\n\r\u60a8\u4e4b\u524d\u8ba2\u5355\u4e2d\u5df2\u7ecf\u5b58\u5728 3 \u4ef6\uff01\n\r\u60a8\u53ea\u80fd\u518d\u4e70 0 \u4ef6\uff01","content":"","goods_id":"1717","captcha":"90328","number":"3","donation_number":null}
addToCart(1717,3) failed  at Apr 25, 2015 11:01:14 AM, will readd
retry buy good 1717 at Apr 25, 2015 11:01:15 AM
Download full image code is correct as 53892
{"error":888,"message":"\u6ce8\u610f\uff1a\n\r\u6b64\u5546\u54c1\u4fc3\u9500\u671f\u95f4\u666e\u901a\u4f1a\u5458\u9650\u8d2d 3 \u4ef6\uff01\n\r\u60a8\u4e4b\u524d\u8ba2\u5355\u4e2d\u5df2\u7ecf\u5b58\u5728 3 \u4ef6\uff01\n\r\u60a8\u53ea\u80fd\u518d\u4e70 0 \u4ef6\uff01","content":"","goods_id":"1717","captcha":"53892","number":"3","donation_number":null}
addToCart(1717,3) failed  at Apr 25, 2015 11:01:15 AM, will readd
retry buy good 1717 at Apr 25, 2015 11:01:15 AM
Download full image code is correct as 41725
{"error":888,"message":"\u6ce8\u610f\uff1a\n\r\u6b64\u5546\u54c1\u4fc3\u9500\u671f\u95f4\u666e\u901a\u4f1a\u5458\u9650\u8d2d 3 \u4ef6\uff01\n\r\u60a8\u4e4b\u524d\u8ba2\u5355\u4e2d\u5df2\u7ecf\u5b58\u5728 3 \u4ef6\uff01\n\r\u60a8\u53ea\u80fd\u518d\u4e70 0 \u4ef6\uff01","content":"","goods_id":"1717","captcha":"41725","number":"3","donation_number":null}
addToCart(1717,3) failed  at Apr 25, 2015 11:01:16 AM, will readd
retry buy good 1717 at Apr 25, 2015 11:01:16 AM
Download full image code is correct as 78943
{"error":888,"message":"\u6ce8\u610f\uff1a\n\r\u6b64\u5546\u54c1\u4fc3\u9500\u671f\u95f4\u666e\u901a\u4f1a\u5458\u9650\u8d2d 3 \u4ef6\uff01\n\r\u60a8\u4e4b\u524d\u8ba2\u5355\u4e2d\u5df2\u7ecf\u5b58\u5728 3 \u4ef6\uff01\n\r\u60a8\u53ea\u80fd\u518d\u4e70 0 \u4ef6\uff01","content":"","goods_id":"1717","captcha":"78943","number":"3","donation_number":null}
addToCart(1717,3) failed  at Apr 25, 2015 11:01:17 AM, will readd
retry buy good 1717 at Apr 25, 2015 11:01:17 AM
Download full image code is correct as 29318
{"error":888,"message":"\u6ce8\u610f\uff1a\n\r\u6b64\u5546\u54c1\u4fc3\u9500\u671f\u95f4\u666e\u901a\u4f1a\u5458\u9650\u8d2d 3 \u4ef6\uff01\n\r\u60a8\u4e4b\u524d\u8ba2\u5355\u4e2d\u5df2\u7ecf\u5b58\u5728 3 \u4ef6\uff01\n\r\u60a8\u53ea\u80fd\u518d\u4e70 0 \u4ef6\uff01","content":"","goods_id":"1717","captcha":"29318","number":"3","donation_number":null}
addToCart(1717,3) failed  at Apr 25, 2015 11:01:17 AM, will readd
retry buy good 1717 at Apr 25, 2015 11:01:18 AM
Download full image code is correct as 64805
{"error":888,"message":"\u6ce8\u610f\uff1a\n\r\u6b64\u5546\u54c1\u4fc3\u9500\u671f\u95f4\u666e\u901a\u4f1a\u5458\u9650\u8d2d 3 \u4ef6\uff01\n\r\u60a8\u4e4b\u524d\u8ba2\u5355\u4e2d\u5df2\u7ecf\u5b58\u5728 3 \u4ef6\uff01\n\r\u60a8\u53ea\u80fd\u518d\u4e70 0 \u4ef6\uff01","content":"","goods_id":"1717","captcha":"64805","number":"3","donation_number":null}
addToCart(1717,3) failed  at Apr 25, 2015 11:01:18 AM, will readd
retry buy good 1717 at Apr 25, 2015 11:01:19 AM
Download full image code is correct as 04518
{"error":888,"message":"\u6ce8\u610f\uff1a\n\r\u6b64\u5546\u54c1\u4fc3\u9500\u671f\u95f4\u666e\u901a\u4f1a\u5458\u9650\u8d2d 3 \u4ef6\uff01\n\r\u60a8\u4e4b\u524d\u8ba2\u5355\u4e2d\u5df2\u7ecf\u5b58\u5728 3 \u4ef6\uff01\n\r\u60a8\u53ea\u80fd\u518d\u4e70 0 \u4ef6\uff01","content":"","goods_id":"1717","captcha":"04518","number":"3","donation_number":null}
addToCart(1717,3) failed  at Apr 25, 2015 11:01:19 AM, will readd
retry buy good 1717 at Apr 25, 2015 11:01:20 AM
Download full image code is correct as 08365
{"error":888,"message":"\u6ce8\u610f\uff1a\n\r\u6b64\u5546\u54c1\u4fc3\u9500\u671f\u95f4\u666e\u901a\u4f1a\u5458\u9650\u8d2d 3 \u4ef6\uff01\n\r\u60a8\u4e4b\u524d\u8ba2\u5355\u4e2d\u5df2\u7ecf\u5b58\u5728 3 \u4ef6\uff01\n\r\u60a8\u53ea\u80fd\u518d\u4e70 0 \u4ef6\uff01","content":"","goods_id":"1717","captcha":"08365","number":"3","donation_number":null}
addToCart(1717,3) failed  at Apr 25, 2015 11:01:20 AM, will readd
retry buy good 1717 at Apr 25, 2015 11:01:21 AM
Download full image code is correct as 80645
{"error":888,"message":"\u6ce8\u610f\uff1a\n\r\u6b64\u5546\u54c1\u4fc3\u9500\u671f\u95f4\u666e\u901a\u4f1a\u5458\u9650\u8d2d 3 \u4ef6\uff01\n\r\u60a8\u4e4b\u524d\u8ba2\u5355\u4e2d\u5df2\u7ecf\u5b58\u5728 3 \u4ef6\uff01\n\r\u60a8\u53ea\u80fd\u518d\u4e70 0 \u4ef6\uff01","content":"","goods_id":"1717","captcha":"80645","number":"3","donation_number":null}
addToCart(1717,3) failed  at Apr 25, 2015 11:01:21 AM, will readd
retry buy good 1717 at Apr 25, 2015 11:01:22 AM
Download full image code is correct as 76359
{"error":888,"message":"\u6ce8\u610f\uff1a\n\r\u6b64\u5546\u54c1\u4fc3\u9500\u671f\u95f4\u666e\u901a\u4f1a\u5458\u9650\u8d2d 3 \u4ef6\uff01\n\r\u60a8\u4e4b\u524d\u8ba2\u5355\u4e2d\u5df2\u7ecf\u5b58\u5728 3 \u4ef6\uff01\n\r\u60a8\u53ea\u80fd\u518d\u4e70 0 \u4ef6\uff01","content":"","goods_id":"1717","captcha":"76359","number":"3","donation_number":null}
addToCart(1717,3) failed  at Apr 25, 2015 11:01:22 AM, will readd
retry buy good 1717 at Apr 25, 2015 11:01:23 AM
Download full image code is correct as 49135
{"error":888,"message":"\u6ce8\u610f\uff1a\n\r\u6b64\u5546\u54c1\u4fc3\u9500\u671f\u95f4\u666e\u901a\u4f1a\u5458\u9650\u8d2d 3 \u4ef6\uff01\n\r\u60a8\u4e4b\u524d\u8ba2\u5355\u4e2d\u5df2\u7ecf\u5b58\u5728 3 \u4ef6\uff01\n\r\u60a8\u53ea\u80fd\u518d\u4e70 0 \u4ef6\uff01","content":"","goods_id":"1717","captcha":"49135","number":"3","donation_number":null}
addToCart(1717,3) failed  at Apr 25, 2015 11:01:23 AM, will readd
retry buy good 1717 at Apr 25, 2015 11:01:24 AM
Download full image code is correct as 59361
{"error":888,"message":"\u6ce8\u610f\uff1a\n\r\u6b64\u5546\u54c1\u4fc3\u9500\u671f\u95f4\u666e\u901a\u4f1a\u5458\u9650\u8d2d 3 \u4ef6\uff01\n\r\u60a8\u4e4b\u524d\u8ba2\u5355\u4e2d\u5df2\u7ecf\u5b58\u5728 3 \u4ef6\uff01\n\r\u60a8\u53ea\u80fd\u518d\u4e70 0 \u4ef6\uff01","content":"","goods_id":"1717","captcha":"59361","number":"3","donation_number":null}
addToCart(1717,3) failed  at Apr 25, 2015 11:01:24 AM, will readd
retry buy good 1717 at Apr 25, 2015 11:01:25 AM
Download full image code is correct as 59310
{"error":888,"message":"\u6ce8\u610f\uff1a\n\r\u6b64\u5546\u54c1\u4fc3\u9500\u671f\u95f4\u666e\u901a\u4f1a\u5458\u9650\u8d2d 3 \u4ef6\uff01\n\r\u60a8\u4e4b\u524d\u8ba2\u5355\u4e2d\u5df2\u7ecf\u5b58\u5728 3 \u4ef6\uff01\n\r\u60a8\u53ea\u80fd\u518d\u4e70 0 \u4ef6\uff01","content":"","goods_id":"1717","captcha":"59310","number":"3","donation_number":null}
addToCart(1717,3) failed  at Apr 25, 2015 11:01:25 AM, will readd
retry buy good 1717 at Apr 25, 2015 11:01:26 AM
Download full image code is correct as 83794
{"error":888,"message":"\u6ce8\u610f\uff1a\n\r\u6b64\u5546\u54c1\u4fc3\u9500\u671f\u95f4\u666e\u901a\u4f1a\u5458\u9650\u8d2d 3 \u4ef6\uff01\n\r\u60a8\u4e4b\u524d\u8ba2\u5355\u4e2d\u5df2\u7ecf\u5b58\u5728 3 \u4ef6\uff01\n\r\u60a8\u53ea\u80fd\u518d\u4e70 0 \u4ef6\uff01","content":"","goods_id":"1717","captcha":"83794","number":"3","donation_number":null}
addToCart(1717,3) failed  at Apr 25, 2015 11:01:26 AM, will readd
retry buy good 1717 at Apr 25, 2015 11:01:27 AM
Download full image code is correct as 63524
{"error":888,"message":"\u6ce8\u610f\uff1a\n\r\u6b64\u5546\u54c1\u4fc3\u9500\u671f\u95f4\u666e\u901a\u4f1a\u5458\u9650\u8d2d 3 \u4ef6\uff01\n\r\u60a8\u4e4b\u524d\u8ba2\u5355\u4e2d\u5df2\u7ecf\u5b58\u5728 3 \u4ef6\uff01\n\r\u60a8\u53ea\u80fd\u518d\u4e70 0 \u4ef6\uff01","content":"","goods_id":"1717","captcha":"63524","number":"3","donation_number":null}
addToCart(1717,3) failed  at Apr 25, 2015 11:01:27 AM, will readd
retry buy good 1717 at Apr 25, 2015 11:01:28 AM
Download full image code is correct as 47251
{"error":888,"message":"\u6ce8\u610f\uff1a\n\r\u6b64\u5546\u54c1\u4fc3\u9500\u671f\u95f4\u666e\u901a\u4f1a\u5458\u9650\u8d2d 3 \u4ef6\uff01\n\r\u60a8\u4e4b\u524d\u8ba2\u5355\u4e2d\u5df2\u7ecf\u5b58\u5728 3 \u4ef6\uff01\n\r\u60a8\u53ea\u80fd\u518d\u4e70 0 \u4ef6\uff01","content":"","goods_id":"1717","captcha":"47251","number":"3","donation_number":null}
addToCart(1717,3) failed  at Apr 25, 2015 11:01:28 AM, will readd
retry buy good 1717 at Apr 25, 2015 11:01:29 AM
Download full image code is correct as 39015
{"error":888,"message":"\u6ce8\u610f\uff1a\n\r\u6b64\u5546\u54c1\u4fc3\u9500\u671f\u95f4\u666e\u901a\u4f1a\u5458\u9650\u8d2d 3 \u4ef6\uff01\n\r\u60a8\u4e4b\u524d\u8ba2\u5355\u4e2d\u5df2\u7ecf\u5b58\u5728 3 \u4ef6\uff01\n\r\u60a8\u53ea\u80fd\u518d\u4e70 0 \u4ef6\uff01","content":"","goods_id":"1717","captcha":"39015","number":"3","donation_number":null}
addToCart(1717,3) failed  at Apr 25, 2015 11:01:29 AM, will readd
retry buy good 1717 at Apr 25, 2015 11:01:30 AM
Download full image code is correct as 27560
{"error":888,"message":"\u6ce8\u610f\uff1a\n\r\u6b64\u5546\u54c1\u4fc3\u9500\u671f\u95f4\u666e\u901a\u4f1a\u5458\u9650\u8d2d 3 \u4ef6\uff01\n\r\u60a8\u4e4b\u524d\u8ba2\u5355\u4e2d\u5df2\u7ecf\u5b58\u5728 3 \u4ef6\uff01\n\r\u60a8\u53ea\u80fd\u518d\u4e70 0 \u4ef6\uff01","content":"","goods_id":"1717","captcha":"27560","number":"3","donation_number":null}
addToCart(1717,3) failed  at Apr 25, 2015 11:01:30 AM, will readd
retry buy good 1717 at Apr 25, 2015 11:01:30 AM
Download full image code is correct as 04173
{"error":888,"message":"\u6ce8\u610f\uff1a\n\r\u6b64\u5546\u54c1\u4fc3\u9500\u671f\u95f4\u666e\u901a\u4f1a\u5458\u9650\u8d2d 3 \u4ef6\uff01\n\r\u60a8\u4e4b\u524d\u8ba2\u5355\u4e2d\u5df2\u7ecf\u5b58\u5728 3 \u4ef6\uff01\n\r\u60a8\u53ea\u80fd\u518d\u4e70 0 \u4ef6\uff01","content":"","goods_id":"1717","captcha":"04173","number":"3","donation_number":null}
addToCart(1717,3) failed  at Apr 25, 2015 11:01:31 AM, will readd
retry buy good 1717 at Apr 25, 2015 11:01:31 AM
Download full image code is correct as 38741
{"error":888,"message":"\u6ce8\u610f\uff1a\n\r\u6b64\u5546\u54c1\u4fc3\u9500\u671f\u95f4\u666e\u901a\u4f1a\u5458\u9650\u8d2d 3 \u4ef6\uff01\n\r\u60a8\u4e4b\u524d\u8ba2\u5355\u4e2d\u5df2\u7ecf\u5b58\u5728 3 \u4ef6\uff01\n\r\u60a8\u53ea\u80fd\u518d\u4e70 0 \u4ef6\uff01","content":"","goods_id":"1717","captcha":"38741","number":"3","donation_number":null}
addToCart(1717,3) failed  at Apr 25, 2015 11:01:32 AM, will readd
retry buy good 1717 at Apr 25, 2015 11:01:32 AM
Download full image code is correct as 57846
{"error":888,"message":"\u6ce8\u610f\uff1a\n\r\u6b64\u5546\u54c1\u4fc3\u9500\u671f\u95f4\u666e\u901a\u4f1a\u5458\u9650\u8d2d 3 \u4ef6\uff01\n\r\u60a8\u4e4b\u524d\u8ba2\u5355\u4e2d\u5df2\u7ecf\u5b58\u5728 3 \u4ef6\uff01\n\r\u60a8\u53ea\u80fd\u518d\u4e70 0 \u4ef6\uff01","content":"","goods_id":"1717","captcha":"57846","number":"3","donation_number":null}
addToCart(1717,3) failed  at Apr 25, 2015 11:01:32 AM, will readd
retry buy good 1717 at Apr 25, 2015 11:01:33 AM
Download full image code is correct as 96408
{"error":888,"message":"\u6ce8\u610f\uff1a\n\r\u6b64\u5546\u54c1\u4fc3\u9500\u671f\u95f4\u666e\u901a\u4f1a\u5458\u9650\u8d2d 3 \u4ef6\uff01\n\r\u60a8\u4e4b\u524d\u8ba2\u5355\u4e2d\u5df2\u7ecf\u5b58\u5728 3 \u4ef6\uff01\n\r\u60a8\u53ea\u80fd\u518d\u4e70 0 \u4ef6\uff01","content":"","goods_id":"1717","captcha":"96408","number":"3","donation_number":null}
addToCart(1717,3) failed  at Apr 25, 2015 11:01:33 AM, will readd
retry buy good 1717 at Apr 25, 2015 11:01:34 AM
Download full image code is correct as 39507
{"error":888,"message":"\u6ce8\u610f\uff1a\n\r\u6b64\u5546\u54c1\u4fc3\u9500\u671f\u95f4\u666e\u901a\u4f1a\u5458\u9650\u8d2d 3 \u4ef6\uff01\n\r\u60a8\u4e4b\u524d\u8ba2\u5355\u4e2d\u5df2\u7ecf\u5b58\u5728 3 \u4ef6\uff01\n\r\u60a8\u53ea\u80fd\u518d\u4e70 0 \u4ef6\uff01","content":"","goods_id":"1717","captcha":"39507","number":"3","donation_number":null}
addToCart(1717,3) failed  at Apr 25, 2015 11:01:34 AM, will readd
retry buy good 1717 at Apr 25, 2015 11:01:35 AM
Download full image code is correct as 43728
{"error":888,"message":"\u6ce8\u610f\uff1a\n\r\u6b64\u5546\u54c1\u4fc3\u9500\u671f\u95f4\u666e\u901a\u4f1a\u5458\u9650\u8d2d 3 \u4ef6\uff01\n\r\u60a8\u4e4b\u524d\u8ba2\u5355\u4e2d\u5df2\u7ecf\u5b58\u5728 3 \u4ef6\uff01\n\r\u60a8\u53ea\u80fd\u518d\u4e70 0 \u4ef6\uff01","content":"","goods_id":"1717","captcha":"43728","number":"3","donation_number":null}
addToCart(1717,3) failed  at Apr 25, 2015 11:01:35 AM, will readd
retry buy good 1717 at Apr 25, 2015 11:01:36 AM
Download full image code is correct as 95861
{"error":888,"message":"\u6ce8\u610f\uff1a\n\r\u6b64\u5546\u54c1\u4fc3\u9500\u671f\u95f4\u666e\u901a\u4f1a\u5458\u9650\u8d2d 3 \u4ef6\uff01\n\r\u60a8\u4e4b\u524d\u8ba2\u5355\u4e2d\u5df2\u7ecf\u5b58\u5728 3 \u4ef6\uff01\n\r\u60a8\u53ea\u80fd\u518d\u4e70 0 \u4ef6\uff01","content":"","goods_id":"1717","captcha":"95861","number":"3","donation_number":null}
addToCart(1717,3) failed  at Apr 25, 2015 11:01:37 AM, will readd
retry buy good 1717 at Apr 25, 2015 11:01:37 AM
Download full image code is correct as 48930
{"error":888,"message":"\u6ce8\u610f\uff1a\n\r\u6b64\u5546\u54c1\u4fc3\u9500\u671f\u95f4\u666e\u901a\u4f1a\u5458\u9650\u8d2d 3 \u4ef6\uff01\n\r\u60a8\u4e4b\u524d\u8ba2\u5355\u4e2d\u5df2\u7ecf\u5b58\u5728 3 \u4ef6\uff01\n\r\u60a8\u53ea\u80fd\u518d\u4e70 0 \u4ef6\uff01","content":"","goods_id":"1717","captcha":"48930","number":"3","donation_number":null}
addToCart(1717,3) failed  at Apr 25, 2015 11:01:38 AM, will readd
retry buy good 1717 at Apr 25, 2015 11:01:38 AM
Download full image code is correct as 71386
{"error":888,"message":"\u6ce8\u610f\uff1a\n\r\u6b64\u5546\u54c1\u4fc3\u9500\u671f\u95f4\u666e\u901a\u4f1a\u5458\u9650\u8d2d 3 \u4ef6\uff01\n\r\u60a8\u4e4b\u524d\u8ba2\u5355\u4e2d\u5df2\u7ecf\u5b58\u5728 3 \u4ef6\uff01\n\r\u60a8\u53ea\u80fd\u518d\u4e70 0 \u4ef6\uff01","content":"","goods_id":"1717","captcha":"71386","number":"3","donation_number":null}
addToCart(1717,3) failed  at Apr 25, 2015 11:01:39 AM, will readd
retry buy good 1717 at Apr 25, 2015 11:01:39 AM
Download full image code is correct as 27813
{"error":888,"message":"\u6ce8\u610f\uff1a\n\r\u6b64\u5546\u54c1\u4fc3\u9500\u671f\u95f4\u666e\u901a\u4f1a\u5458\u9650\u8d2d 3 \u4ef6\uff01\n\r\u60a8\u4e4b\u524d\u8ba2\u5355\u4e2d\u5df2\u7ecf\u5b58\u5728 3 \u4ef6\uff01\n\r\u60a8\u53ea\u80fd\u518d\u4e70 0 \u4ef6\uff01","content":"","goods_id":"1717","captcha":"27813","number":"3","donation_number":null}
addToCart(1717,3) failed  at Apr 25, 2015 11:01:40 AM, will readd
retry buy good 1717 at Apr 25, 2015 11:01:40 AM
Download full image code is correct as 41036
{"error":888,"message":"\u6ce8\u610f\uff1a\n\r\u6b64\u5546\u54c1\u4fc3\u9500\u671f\u95f4\u666e\u901a\u4f1a\u5458\u9650\u8d2d 3 \u4ef6\uff01\n\r\u60a8\u4e4b\u524d\u8ba2\u5355\u4e2d\u5df2\u7ecf\u5b58\u5728 3 \u4ef6\uff01\n\r\u60a8\u53ea\u80fd\u518d\u4e70 0 \u4ef6\uff01","content":"","goods_id":"1717","captcha":"41036","number":"3","donation_number":null}
addToCart(1717,3) failed  at Apr 25, 2015 11:01:40 AM, will readd
retry buy good 1717 at Apr 25, 2015 11:01:41 AM
Download full image code is correct as 71069
{"error":888,"message":"\u6ce8\u610f\uff1a\n\r\u6b64\u5546\u54c1\u4fc3\u9500\u671f\u95f4\u666e\u901a\u4f1a\u5458\u9650\u8d2d 3 \u4ef6\uff01\n\r\u60a8\u4e4b\u524d\u8ba2\u5355\u4e2d\u5df2\u7ecf\u5b58\u5728 3 \u4ef6\uff01\n\r\u60a8\u53ea\u80fd\u518d\u4e70 0 \u4ef6\uff01","content":"","goods_id":"1717","captcha":"71069","number":"3","donation_number":null}
addToCart(1717,3) failed  at Apr 25, 2015 11:01:41 AM, will readd
retry buy good 1717 at Apr 25, 2015 11:01:42 AM
Download full image code is correct as 82071
{"error":888,"message":"\u6ce8\u610f\uff1a\n\r\u6b64\u5546\u54c1\u4fc3\u9500\u671f\u95f4\u666e\u901a\u4f1a\u5458\u9650\u8d2d 3 \u4ef6\uff01\n\r\u60a8\u4e4b\u524d\u8ba2\u5355\u4e2d\u5df2\u7ecf\u5b58\u5728 3 \u4ef6\uff01\n\r\u60a8\u53ea\u80fd\u518d\u4e70 0 \u4ef6\uff01","content":"","goods_id":"1717","captcha":"82071","number":"3","donation_number":null}
addToCart(1717,3) failed  at Apr 25, 2015 11:01:42 AM, will readd
retry buy good 1717 at Apr 25, 2015 11:01:43 AM
Download full image code is correct as 41238
{"error":888,"message":"\u6ce8\u610f\uff1a\n\r\u6b64\u5546\u54c1\u4fc3\u9500\u671f\u95f4\u666e\u901a\u4f1a\u5458\u9650\u8d2d 3 \u4ef6\uff01\n\r\u60a8\u4e4b\u524d\u8ba2\u5355\u4e2d\u5df2\u7ecf\u5b58\u5728 3 \u4ef6\uff01\n\r\u60a8\u53ea\u80fd\u518d\u4e70 0 \u4ef6\uff01","content":"","goods_id":"1717","captcha":"41238","number":"3","donation_number":null}
addToCart(1717,3) failed  at Apr 25, 2015 11:01:43 AM, will readd
