started at Apr 25, 2015 11:00:35 AM
login sucessfully with proxy 111.161.126.101 at Apr 25, 2015 11:00:36 AM
Download full image code is correct as 65720
{"error":3,"message":["\u5bf9\u4e0d\u8d77\uff0c\u8be5\u5546\u54c1\u5df2\u7ecf\u4e0b\u67b6\u3002"],"content":"","goods_id":"1720","captcha":"65720","number":"3","donation_number":null,"product_spec":"","confirm_type":"3"}
addToCart(1720,3) failed at Apr 25, 2015 11:00:37 AM, will readd
org.apache.http.conn.EofSensorInputStream@5039e02d
retry buy good 1720 at Apr 25, 2015 11:00:38 AM
Download full image code is correct as 31204
{"error":3,"message":["\u5bf9\u4e0d\u8d77\uff0c\u8be5\u5546\u54c1\u5df2\u7ecf\u4e0b\u67b6\u3002"],"content":"","goods_id":"1720","captcha":"31204","number":"3","donation_number":null,"product_spec":"","confirm_type":"3"}
addToCart(1720,3) failed at Apr 25, 2015 11:00:38 AM, will readd
org.apache.http.conn.EofSensorInputStream@53753747
retry buy good 1720 at Apr 25, 2015 11:00:39 AM
Download full image code is correct as 14952
{"error":3,"message":["\u5bf9\u4e0d\u8d77\uff0c\u8be5\u5546\u54c1\u5df2\u7ecf\u4e0b\u67b6\u3002"],"content":"","goods_id":"1720","captcha":"14952","number":"3","donation_number":null,"product_spec":"","confirm_type":"3"}
addToCart(1720,3) failed at Apr 25, 2015 11:00:39 AM, will readd
org.apache.http.conn.EofSensorInputStream@6a8abf34
retry buy good 1720 at Apr 25, 2015 11:00:40 AM
Download full image code is correct as 64937
{"error":3,"message":["\u5bf9\u4e0d\u8d77\uff0c\u8be5\u5546\u54c1\u5df2\u7ecf\u4e0b\u67b6\u3002"],"content":"","goods_id":"1720","captcha":"64937","number":"3","donation_number":null,"product_spec":"","confirm_type":"3"}
addToCart(1720,3) failed at Apr 25, 2015 11:00:40 AM, will readd
org.apache.http.conn.EofSensorInputStream@6aeb9d0
retry buy good 1720 at Apr 25, 2015 11:00:41 AM
Download full image code is correct as 02849
{"error":3,"message":["\u5bf9\u4e0d\u8d77\uff0c\u8be5\u5546\u54c1\u5df2\u7ecf\u4e0b\u67b6\u3002"],"content":"","goods_id":"1720","captcha":"02849","number":"3","donation_number":null,"product_spec":"","confirm_type":"3"}
addToCart(1720,3) failed at Apr 25, 2015 11:00:41 AM, will readd
org.apache.http.conn.EofSensorInputStream@485b0752
retry buy good 1720 at Apr 25, 2015 11:00:42 AM
Download full image code is correct as 63578
{"error":3,"message":["\u5bf9\u4e0d\u8d77\uff0c\u8be5\u5546\u54c1\u5df2\u7ecf\u4e0b\u67b6\u3002"],"content":"","goods_id":"1720","captcha":"63578","number":"3","donation_number":null,"product_spec":"","confirm_type":"3"}
addToCart(1720,3) failed at Apr 25, 2015 11:00:42 AM, will readd
org.apache.http.conn.EofSensorInputStream@423efa59
retry buy good 1720 at Apr 25, 2015 11:00:43 AM
Download full image code is correct as 20397
{"error":3,"message":["\u5bf9\u4e0d\u8d77\uff0c\u8be5\u5546\u54c1\u5df2\u7ecf\u4e0b\u67b6\u3002"],"content":"","goods_id":"1720","captcha":"20397","number":"3","donation_number":null,"product_spec":"","confirm_type":"3"}
addToCart(1720,3) failed at Apr 25, 2015 11:00:43 AM, will readd
org.apache.http.conn.EofSensorInputStream@598288f2
retry buy good 1720 at Apr 25, 2015 11:00:44 AM
Download full image code is correct as 80247
{"error":3,"message":["\u5bf9\u4e0d\u8d77\uff0c\u8be5\u5546\u54c1\u5df2\u7ecf\u4e0b\u67b6\u3002"],"content":"","goods_id":"1720","captcha":"80247","number":"3","donation_number":null,"product_spec":"","confirm_type":"3"}
addToCart(1720,3) failed at Apr 25, 2015 11:00:44 AM, will readd
org.apache.http.conn.EofSensorInputStream@1bb7f4b9
retry buy good 1720 at Apr 25, 2015 11:00:45 AM
Download full image code is correct as 73461
{"error":3,"message":["\u5bf9\u4e0d\u8d77\uff0c\u8be5\u5546\u54c1\u5df2\u7ecf\u4e0b\u67b6\u3002"],"content":"","goods_id":"1720","captcha":"73461","number":"3","donation_number":null,"product_spec":"","confirm_type":"3"}
addToCart(1720,3) failed at Apr 25, 2015 11:00:45 AM, will readd
org.apache.http.conn.EofSensorInputStream@24cc428
retry buy good 1720 at Apr 25, 2015 11:00:46 AM
Download full image code is correct as 81492
{"error":3,"message":["\u5bf9\u4e0d\u8d77\uff0c\u8be5\u5546\u54c1\u5df2\u7ecf\u4e0b\u67b6\u3002"],"content":"","goods_id":"1720","captcha":"81492","number":"3","donation_number":null,"product_spec":"","confirm_type":"3"}
addToCart(1720,3) failed at Apr 25, 2015 11:00:46 AM, will readd
org.apache.http.conn.EofSensorInputStream@114f6322
retry buy good 1720 at Apr 25, 2015 11:00:47 AM
Download full image code is correct as 84072
{"error":3,"message":["\u5bf9\u4e0d\u8d77\uff0c\u8be5\u5546\u54c1\u5df2\u7ecf\u4e0b\u67b6\u3002"],"content":"","goods_id":"1720","captcha":"84072","number":"3","donation_number":null,"product_spec":"","confirm_type":"3"}
addToCart(1720,3) failed at Apr 25, 2015 11:00:47 AM, will readd
org.apache.http.conn.EofSensorInputStream@53978340
retry buy good 1720 at Apr 25, 2015 11:00:48 AM
Download full image code is correct as 74153
{"error":3,"message":["\u5bf9\u4e0d\u8d77\uff0c\u8be5\u5546\u54c1\u5df2\u7ecf\u4e0b\u67b6\u3002"],"content":"","goods_id":"1720","captcha":"74153","number":"3","donation_number":null,"product_spec":"","confirm_type":"3"}
addToCart(1720,3) failed at Apr 25, 2015 11:00:48 AM, will readd
org.apache.http.conn.EofSensorInputStream@91d3b18
retry buy good 1720 at Apr 25, 2015 11:00:49 AM
Download full image code is correct as 81439
{"error":3,"message":["\u5bf9\u4e0d\u8d77\uff0c\u8be5\u5546\u54c1\u5df2\u7ecf\u4e0b\u67b6\u3002"],"content":"","goods_id":"1720","captcha":"81439","number":"3","donation_number":null,"product_spec":"","confirm_type":"3"}
addToCart(1720,3) failed at Apr 25, 2015 11:00:49 AM, will readd
org.apache.http.conn.EofSensorInputStream@589ba891
retry buy good 1720 at Apr 25, 2015 11:00:50 AM
Download full image code is correct as 03568
{"error":3,"message":["\u5bf9\u4e0d\u8d77\uff0c\u8be5\u5546\u54c1\u5df2\u7ecf\u4e0b\u67b6\u3002"],"content":"","goods_id":"1720","captcha":"03568","number":"3","donation_number":null,"product_spec":"","confirm_type":"3"}
addToCart(1720,3) failed at Apr 25, 2015 11:00:50 AM, will readd
org.apache.http.conn.EofSensorInputStream@77749c47
retry buy good 1720 at Apr 25, 2015 11:00:51 AM
Download full image code is correct as 16375
{"error":3,"message":["\u5bf9\u4e0d\u8d77\uff0c\u8be5\u5546\u54c1\u5df2\u7ecf\u4e0b\u67b6\u3002"],"content":"","goods_id":"1720","captcha":"16375","number":"3","donation_number":null,"product_spec":"","confirm_type":"3"}
addToCart(1720,3) failed at Apr 25, 2015 11:00:51 AM, will readd
org.apache.http.conn.EofSensorInputStream@211caa86
retry buy good 1720 at Apr 25, 2015 11:00:52 AM
Download full image code is correct as 15674
{"error":3,"message":["\u5bf9\u4e0d\u8d77\uff0c\u8be5\u5546\u54c1\u5df2\u7ecf\u4e0b\u67b6\u3002"],"content":"","goods_id":"1720","captcha":"15674","number":"3","donation_number":null,"product_spec":"","confirm_type":"3"}
addToCart(1720,3) failed at Apr 25, 2015 11:00:52 AM, will readd
org.apache.http.conn.EofSensorInputStream@782eb5f2
retry buy good 1720 at Apr 25, 2015 11:00:53 AM
Download full image code is correct as 71329
{"error":3,"message":["\u5bf9\u4e0d\u8d77\uff0c\u8be5\u5546\u54c1\u5df2\u7ecf\u4e0b\u67b6\u3002"],"content":"","goods_id":"1720","captcha":"71329","number":"3","donation_number":null,"product_spec":"","confirm_type":"3"}
addToCart(1720,3) failed at Apr 25, 2015 11:00:53 AM, will readd
org.apache.http.conn.EofSensorInputStream@21f1151f
retry buy good 1720 at Apr 25, 2015 11:00:54 AM
Download full image code is correct as 73241
{"error":3,"message":["\u5bf9\u4e0d\u8d77\uff0c\u8be5\u5546\u54c1\u5df2\u7ecf\u4e0b\u67b6\u3002"],"content":"","goods_id":"1720","captcha":"73241","number":"3","donation_number":null,"product_spec":"","confirm_type":"3"}
addToCart(1720,3) failed at Apr 25, 2015 11:00:54 AM, will readd
org.apache.http.conn.EofSensorInputStream@2fdb4ce5
retry buy good 1720 at Apr 25, 2015 11:00:55 AM
Download full image code is correct as 25604
{"error":3,"message":["\u5bf9\u4e0d\u8d77\uff0c\u8be5\u5546\u54c1\u5df2\u7ecf\u4e0b\u67b6\u3002"],"content":"","goods_id":"1720","captcha":"25604","number":"3","donation_number":null,"product_spec":"","confirm_type":"3"}
addToCart(1720,3) failed at Apr 25, 2015 11:00:55 AM, will readd
org.apache.http.conn.EofSensorInputStream@4de69e85
retry buy good 1720 at Apr 25, 2015 11:00:56 AM
Download full image code is correct as 41893
{"error":3,"message":["\u5bf9\u4e0d\u8d77\uff0c\u8be5\u5546\u54c1\u5df2\u7ecf\u4e0b\u67b6\u3002"],"content":"","goods_id":"1720","captcha":"41893","number":"3","donation_number":null,"product_spec":"","confirm_type":"3"}
addToCart(1720,3) failed at Apr 25, 2015 11:01:00 AM, will readd
org.apache.http.conn.EofSensorInputStream@6b934d13
retry buy good 1720 at Apr 25, 2015 11:01:01 AM
Download full image code is correct as 97083
{"error":3,"message":["\u5bf9\u4e0d\u8d77\uff0c\u8be5\u5546\u54c1\u5df2\u7ecf\u4e0b\u67b6\u3002"],"content":"","goods_id":"1720","captcha":"97083","number":"3","donation_number":null,"product_spec":"","confirm_type":"3"}
addToCart(1720,3) failed at Apr 25, 2015 11:01:01 AM, will readd
org.apache.http.conn.EofSensorInputStream@ebc0279
retry buy good 1720 at Apr 25, 2015 11:01:02 AM
Download full image code is correct as 28596
{"error":3,"message":["\u5bf9\u4e0d\u8d77\uff0c\u8be5\u5546\u54c1\u5df2\u7ecf\u4e0b\u67b6\u3002"],"content":"","goods_id":"1720","captcha":"28596","number":"3","donation_number":null,"product_spec":"","confirm_type":"3"}
addToCart(1720,3) failed at Apr 25, 2015 11:01:02 AM, will readd
org.apache.http.conn.EofSensorInputStream@556baf01
retry buy good 1720 at Apr 25, 2015 11:01:03 AM
Download full image code is correct as 75219
{"error":3,"message":["\u5bf9\u4e0d\u8d77\uff0c\u8be5\u5546\u54c1\u5df2\u7ecf\u4e0b\u67b6\u3002"],"content":"","goods_id":"1720","captcha":"75219","number":"3","donation_number":null,"product_spec":"","confirm_type":"3"}
addToCart(1720,3) failed at Apr 25, 2015 11:01:03 AM, will readd
org.apache.http.conn.EofSensorInputStream@2deaee49
retry buy good 1720 at Apr 25, 2015 11:01:04 AM
Download full image code is correct as 52341
{"error":3,"message":["\u5bf9\u4e0d\u8d77\uff0c\u8be5\u5546\u54c1\u5df2\u7ecf\u4e0b\u67b6\u3002"],"content":"","goods_id":"1720","captcha":"52341","number":"3","donation_number":null,"product_spec":"","confirm_type":"3"}
addToCart(1720,3) failed at Apr 25, 2015 11:01:04 AM, will readd
org.apache.http.conn.EofSensorInputStream@62cb82b6
retry buy good 1720 at Apr 25, 2015 11:01:05 AM
Download full image code is correct as 96287
{"error":3,"message":["\u5bf9\u4e0d\u8d77\uff0c\u8be5\u5546\u54c1\u5df2\u7ecf\u4e0b\u67b6\u3002"],"content":"","goods_id":"1720","captcha":"96287","number":"3","donation_number":null,"product_spec":"","confirm_type":"3"}
addToCart(1720,3) failed at Apr 25, 2015 11:01:08 AM, will readd
org.apache.http.conn.EofSensorInputStream@414e96c
retry buy good 1720 at Apr 25, 2015 11:01:09 AM
Download full image code is correct as 79865
{"error":3,"message":["\u5bf9\u4e0d\u8d77\uff0c\u8be5\u5546\u54c1\u5df2\u7ecf\u4e0b\u67b6\u3002"],"content":"","goods_id":"1720","captcha":"79865","number":"3","donation_number":null,"product_spec":"","confirm_type":"3"}
addToCart(1720,3) failed at Apr 25, 2015 11:01:12 AM, will readd
org.apache.http.conn.EofSensorInputStream@70cebf7
retry buy good 1720 at Apr 25, 2015 11:01:13 AM
cannot download image
reseting client
login sucessfully with proxy 115.28.137.244 at Apr 25, 2015 11:01:30 AM
retry buy good 1720 at Apr 25, 2015 11:01:31 AM
