started at Apr 25, 2015 11:00:35 AM
login sucessfully with proxy 14.152.43.236 at Apr 25, 2015 11:00:36 AM
Download full image code is correct as 89354
{"error":3,"message":["\u5bf9\u4e0d\u8d77\uff0c\u8be5\u5546\u54c1\u5df2\u7ecf\u4e0b\u67b6\u3002"],"content":"","goods_id":"1720","captcha":"89354","number":"3","donation_number":null,"product_spec":"","confirm_type":"3"}
addToCart(1720,3) failed at Apr 25, 2015 11:00:36 AM, will readd
org.apache.http.conn.EofSensorInputStream@64699c99
retry buy good 1720 at Apr 25, 2015 11:00:37 AM
Download full image code is correct as 78159
{"error":3,"message":["\u5bf9\u4e0d\u8d77\uff0c\u8be5\u5546\u54c1\u5df2\u7ecf\u4e0b\u67b6\u3002"],"content":"","goods_id":"1720","captcha":"78159","number":"3","donation_number":null,"product_spec":"","confirm_type":"3"}
addToCart(1720,3) failed at Apr 25, 2015 11:00:37 AM, will readd
org.apache.http.conn.EofSensorInputStream@271684ac
retry buy good 1720 at Apr 25, 2015 11:00:38 AM
Download full image code is correct as 85076
{"error":3,"message":["\u5bf9\u4e0d\u8d77\uff0c\u8be5\u5546\u54c1\u5df2\u7ecf\u4e0b\u67b6\u3002"],"content":"","goods_id":"1720","captcha":"85076","number":"3","donation_number":null,"product_spec":"","confirm_type":"3"}
addToCart(1720,3) failed at Apr 25, 2015 11:00:38 AM, will readd
org.apache.http.conn.EofSensorInputStream@14c8e61
retry buy good 1720 at Apr 25, 2015 11:00:39 AM
Download full image code is correct as 61394
{"error":3,"message":["\u5bf9\u4e0d\u8d77\uff0c\u8be5\u5546\u54c1\u5df2\u7ecf\u4e0b\u67b6\u3002"],"content":"","goods_id":"1720","captcha":"61394","number":"3","donation_number":null,"product_spec":"","confirm_type":"3"}
addToCart(1720,3) failed at Apr 25, 2015 11:00:40 AM, will readd
org.apache.http.conn.EofSensorInputStream@3bd8860c
retry buy good 1720 at Apr 25, 2015 11:00:40 AM
Download full image code is correct as 90835
{"error":3,"message":["\u5bf9\u4e0d\u8d77\uff0c\u8be5\u5546\u54c1\u5df2\u7ecf\u4e0b\u67b6\u3002"],"content":"","goods_id":"1720","captcha":"90835","number":"3","donation_number":null,"product_spec":"","confirm_type":"3"}
addToCart(1720,3) failed at Apr 25, 2015 11:00:41 AM, will readd
org.apache.http.conn.EofSensorInputStream@37955233
retry buy good 1720 at Apr 25, 2015 11:00:41 AM
Download full image code is correct as 21468
{"error":3,"message":["\u5bf9\u4e0d\u8d77\uff0c\u8be5\u5546\u54c1\u5df2\u7ecf\u4e0b\u67b6\u3002"],"content":"","goods_id":"1720","captcha":"21468","number":"3","donation_number":null,"product_spec":"","confirm_type":"3"}
addToCart(1720,3) failed at Apr 25, 2015 11:00:42 AM, will readd
org.apache.http.conn.EofSensorInputStream@51aea27d
retry buy good 1720 at Apr 25, 2015 11:00:42 AM
Download full image code is correct as 79352
{"error":3,"message":["\u5bf9\u4e0d\u8d77\uff0c\u8be5\u5546\u54c1\u5df2\u7ecf\u4e0b\u67b6\u3002"],"content":"","goods_id":"1720","captcha":"79352","number":"3","donation_number":null,"product_spec":"","confirm_type":"3"}
addToCart(1720,3) failed at Apr 25, 2015 11:00:43 AM, will readd
org.apache.http.conn.EofSensorInputStream@517c642
retry buy good 1720 at Apr 25, 2015 11:00:43 AM
Download full image code is correct as 01569
{"error":3,"message":["\u5bf9\u4e0d\u8d77\uff0c\u8be5\u5546\u54c1\u5df2\u7ecf\u4e0b\u67b6\u3002"],"content":"","goods_id":"1720","captcha":"01569","number":"3","donation_number":null,"product_spec":"","confirm_type":"3"}
addToCart(1720,3) failed at Apr 25, 2015 11:00:44 AM, will readd
org.apache.http.conn.EofSensorInputStream@5ff0c541
retry buy good 1720 at Apr 25, 2015 11:00:44 AM
Download full image code is correct as 21647
{"error":3,"message":["\u5bf9\u4e0d\u8d77\uff0c\u8be5\u5546\u54c1\u5df2\u7ecf\u4e0b\u67b6\u3002"],"content":"","goods_id":"1720","captcha":"21647","number":"3","donation_number":null,"product_spec":"","confirm_type":"3"}
addToCart(1720,3) failed at Apr 25, 2015 11:00:45 AM, will readd
org.apache.http.conn.EofSensorInputStream@31fdec30
retry buy good 1720 at Apr 25, 2015 11:00:45 AM
Download full image code is correct as 27805
{"error":3,"message":["\u5bf9\u4e0d\u8d77\uff0c\u8be5\u5546\u54c1\u5df2\u7ecf\u4e0b\u67b6\u3002"],"content":"","goods_id":"1720","captcha":"27805","number":"3","donation_number":null,"product_spec":"","confirm_type":"3"}
addToCart(1720,3) failed at Apr 25, 2015 11:00:46 AM, will readd
org.apache.http.conn.EofSensorInputStream@ed8adc0
retry buy good 1720 at Apr 25, 2015 11:00:46 AM
Download full image code is correct as 21368
{"error":3,"message":["\u5bf9\u4e0d\u8d77\uff0c\u8be5\u5546\u54c1\u5df2\u7ecf\u4e0b\u67b6\u3002"],"content":"","goods_id":"1720","captcha":"21368","number":"3","donation_number":null,"product_spec":"","confirm_type":"3"}
addToCart(1720,3) failed at Apr 25, 2015 11:00:47 AM, will readd
org.apache.http.conn.EofSensorInputStream@67a2997e
retry buy good 1720 at Apr 25, 2015 11:00:47 AM
Download full image code is correct as 54683
{"error":3,"message":["\u5bf9\u4e0d\u8d77\uff0c\u8be5\u5546\u54c1\u5df2\u7ecf\u4e0b\u67b6\u3002"],"content":"","goods_id":"1720","captcha":"54683","number":"3","donation_number":null,"product_spec":"","confirm_type":"3"}
addToCart(1720,3) failed at Apr 25, 2015 11:00:48 AM, will readd
org.apache.http.conn.EofSensorInputStream@2b85626a
retry buy good 1720 at Apr 25, 2015 11:00:48 AM
Download full image code is correct as 89215
{"error":3,"message":["\u5bf9\u4e0d\u8d77\uff0c\u8be5\u5546\u54c1\u5df2\u7ecf\u4e0b\u67b6\u3002"],"content":"","goods_id":"1720","captcha":"89215","number":"3","donation_number":null,"product_spec":"","confirm_type":"3"}
addToCart(1720,3) failed at Apr 25, 2015 11:00:49 AM, will readd
org.apache.http.conn.EofSensorInputStream@7a50a6d4
retry buy good 1720 at Apr 25, 2015 11:00:49 AM
Download full image code is correct as 08463
{"error":3,"message":["\u5bf9\u4e0d\u8d77\uff0c\u8be5\u5546\u54c1\u5df2\u7ecf\u4e0b\u67b6\u3002"],"content":"","goods_id":"1720","captcha":"08463","number":"3","donation_number":null,"product_spec":"","confirm_type":"3"}
addToCart(1720,3) failed at Apr 25, 2015 11:00:50 AM, will readd
org.apache.http.conn.EofSensorInputStream@47ee28f
retry buy good 1720 at Apr 25, 2015 11:00:50 AM
Download full image code is correct as 91703
{"error":3,"message":["\u5bf9\u4e0d\u8d77\uff0c\u8be5\u5546\u54c1\u5df2\u7ecf\u4e0b\u67b6\u3002"],"content":"","goods_id":"1720","captcha":"91703","number":"3","donation_number":null,"product_spec":"","confirm_type":"3"}
addToCart(1720,3) failed at Apr 25, 2015 11:00:51 AM, will readd
org.apache.http.conn.EofSensorInputStream@7f7f557
retry buy good 1720 at Apr 25, 2015 11:00:51 AM
Download full image code is correct as 57806
{"error":3,"message":["\u5bf9\u4e0d\u8d77\uff0c\u8be5\u5546\u54c1\u5df2\u7ecf\u4e0b\u67b6\u3002"],"content":"","goods_id":"1720","captcha":"57806","number":"3","donation_number":null,"product_spec":"","confirm_type":"3"}
addToCart(1720,3) failed at Apr 25, 2015 11:00:52 AM, will readd
org.apache.http.conn.EofSensorInputStream@565c9a2a
retry buy good 1720 at Apr 25, 2015 11:00:52 AM
Download full image code is correct as 26719
{"error":3,"message":["\u5bf9\u4e0d\u8d77\uff0c\u8be5\u5546\u54c1\u5df2\u7ecf\u4e0b\u67b6\u3002"],"content":"","goods_id":"1720","captcha":"26719","number":"3","donation_number":null,"product_spec":"","confirm_type":"3"}
addToCart(1720,3) failed at Apr 25, 2015 11:00:53 AM, will readd
org.apache.http.conn.EofSensorInputStream@478377d6
retry buy good 1720 at Apr 25, 2015 11:00:53 AM
Download full image code is correct as 08925
{"error":3,"message":["\u5bf9\u4e0d\u8d77\uff0c\u8be5\u5546\u54c1\u5df2\u7ecf\u4e0b\u67b6\u3002"],"content":"","goods_id":"1720","captcha":"08925","number":"3","donation_number":null,"product_spec":"","confirm_type":"3"}
addToCart(1720,3) failed at Apr 25, 2015 11:00:54 AM, will readd
org.apache.http.conn.EofSensorInputStream@195695d8
retry buy good 1720 at Apr 25, 2015 11:00:55 AM
Download full image code is correct as 13795
{"error":3,"message":["\u5bf9\u4e0d\u8d77\uff0c\u8be5\u5546\u54c1\u5df2\u7ecf\u4e0b\u67b6\u3002"],"content":"","goods_id":"1720","captcha":"13795","number":"3","donation_number":null,"product_spec":"","confirm_type":"3"}
addToCart(1720,3) failed at Apr 25, 2015 11:00:55 AM, will readd
org.apache.http.conn.EofSensorInputStream@4790cdc5
retry buy good 1720 at Apr 25, 2015 11:00:56 AM
Download full image code is correct as 08591
{"error":3,"message":["\u5bf9\u4e0d\u8d77\uff0c\u8be5\u5546\u54c1\u5df2\u7ecf\u4e0b\u67b6\u3002"],"content":"","goods_id":"1720","captcha":"08591","number":"3","donation_number":null,"product_spec":"","confirm_type":"3"}
addToCart(1720,3) failed at Apr 25, 2015 11:00:57 AM, will readd
org.apache.http.conn.EofSensorInputStream@250688e5
retry buy good 1720 at Apr 25, 2015 11:00:58 AM
Download full image code is correct as 04561
{"error":3,"message":["\u5bf9\u4e0d\u8d77\uff0c\u8be5\u5546\u54c1\u5df2\u7ecf\u4e0b\u67b6\u3002"],"content":"","goods_id":"1720","captcha":"04561","number":"3","donation_number":null,"product_spec":"","confirm_type":"3"}
addToCart(1720,3) failed at Apr 25, 2015 11:00:58 AM, will readd
org.apache.http.conn.EofSensorInputStream@330ec6d0
retry buy good 1720 at Apr 25, 2015 11:00:59 AM
Download full image code is correct as 12064
{"error":3,"message":["\u5bf9\u4e0d\u8d77\uff0c\u8be5\u5546\u54c1\u5df2\u7ecf\u4e0b\u67b6\u3002"],"content":"","goods_id":"1720","captcha":"12064","number":"3","donation_number":null,"product_spec":"","confirm_type":"3"}
addToCart(1720,3) failed at Apr 25, 2015 11:00:59 AM, will readd
org.apache.http.conn.EofSensorInputStream@208abf8
retry buy good 1720 at Apr 25, 2015 11:01:00 AM
Download full image code is correct as 93517
{"error":3,"message":["\u5bf9\u4e0d\u8d77\uff0c\u8be5\u5546\u54c1\u5df2\u7ecf\u4e0b\u67b6\u3002"],"content":"","goods_id":"1720","captcha":"93517","number":"3","donation_number":null,"product_spec":"","confirm_type":"3"}
addToCart(1720,3) failed at Apr 25, 2015 11:01:00 AM, will readd
org.apache.http.conn.EofSensorInputStream@5604d1be
retry buy good 1720 at Apr 25, 2015 11:01:01 AM
Download full image code is correct as 90324
{"error":3,"message":["\u5bf9\u4e0d\u8d77\uff0c\u8be5\u5546\u54c1\u5df2\u7ecf\u4e0b\u67b6\u3002"],"content":"","goods_id":"1720","captcha":"90324","number":"3","donation_number":null,"product_spec":"","confirm_type":"3"}
addToCart(1720,3) failed at Apr 25, 2015 11:01:01 AM, will readd
org.apache.http.conn.EofSensorInputStream@1aa3e755
retry buy good 1720 at Apr 25, 2015 11:01:02 AM
Download full image code is correct as 90721
{"error":3,"message":["\u5bf9\u4e0d\u8d77\uff0c\u8be5\u5546\u54c1\u5df2\u7ecf\u4e0b\u67b6\u3002"],"content":"","goods_id":"1720","captcha":"90721","number":"3","donation_number":null,"product_spec":"","confirm_type":"3"}
addToCart(1720,3) failed at Apr 25, 2015 11:01:03 AM, will readd
org.apache.http.conn.EofSensorInputStream@d8a1017
retry buy good 1720 at Apr 25, 2015 11:01:03 AM
Download full image code is correct as 81426
{"error":3,"message":["\u5bf9\u4e0d\u8d77\uff0c\u8be5\u5546\u54c1\u5df2\u7ecf\u4e0b\u67b6\u3002"],"content":"","goods_id":"1720","captcha":"81426","number":"3","donation_number":null,"product_spec":"","confirm_type":"3"}
addToCart(1720,3) failed at Apr 25, 2015 11:01:04 AM, will readd
org.apache.http.conn.EofSensorInputStream@2fa133fe
retry buy good 1720 at Apr 25, 2015 11:01:04 AM
Download full image code is correct as 17540
{"error":3,"message":["\u5bf9\u4e0d\u8d77\uff0c\u8be5\u5546\u54c1\u5df2\u7ecf\u4e0b\u67b6\u3002"],"content":"","goods_id":"1720","captcha":"17540","number":"3","donation_number":null,"product_spec":"","confirm_type":"3"}
addToCart(1720,3) failed at Apr 25, 2015 11:01:05 AM, will readd
org.apache.http.conn.EofSensorInputStream@55a1a614
retry buy good 1720 at Apr 25, 2015 11:01:05 AM
Download full image code is correct as 03149
{"error":3,"message":["\u5bf9\u4e0d\u8d77\uff0c\u8be5\u5546\u54c1\u5df2\u7ecf\u4e0b\u67b6\u3002"],"content":"","goods_id":"1720","captcha":"03149","number":"3","donation_number":null,"product_spec":"","confirm_type":"3"}
addToCart(1720,3) failed at Apr 25, 2015 11:01:06 AM, will readd
org.apache.http.conn.EofSensorInputStream@19676aa8
retry buy good 1720 at Apr 25, 2015 11:01:06 AM
Download full image code is correct as 73106
{"error":3,"message":["\u5bf9\u4e0d\u8d77\uff0c\u8be5\u5546\u54c1\u5df2\u7ecf\u4e0b\u67b6\u3002"],"content":"","goods_id":"1720","captcha":"73106","number":"3","donation_number":null,"product_spec":"","confirm_type":"3"}
addToCart(1720,3) failed at Apr 25, 2015 11:01:07 AM, will readd
org.apache.http.conn.EofSensorInputStream@32dd803
retry buy good 1720 at Apr 25, 2015 11:01:07 AM
Download full image code is correct as 27951
{"error":3,"message":["\u5bf9\u4e0d\u8d77\uff0c\u8be5\u5546\u54c1\u5df2\u7ecf\u4e0b\u67b6\u3002"],"content":"","goods_id":"1720","captcha":"27951","number":"3","donation_number":null,"product_spec":"","confirm_type":"3"}
addToCart(1720,3) failed at Apr 25, 2015 11:01:08 AM, will readd
org.apache.http.conn.EofSensorInputStream@3dda9c8b
retry buy good 1720 at Apr 25, 2015 11:01:08 AM
Download full image code is correct as 51734
{"error":3,"message":["\u5bf9\u4e0d\u8d77\uff0c\u8be5\u5546\u54c1\u5df2\u7ecf\u4e0b\u67b6\u3002"],"content":"","goods_id":"1720","captcha":"51734","number":"3","donation_number":null,"product_spec":"","confirm_type":"3"}
addToCart(1720,3) failed at Apr 25, 2015 11:01:09 AM, will readd
org.apache.http.conn.EofSensorInputStream@51986e63
retry buy good 1720 at Apr 25, 2015 11:01:09 AM
Download full image code is correct as 94036
{"error":3,"message":["\u5bf9\u4e0d\u8d77\uff0c\u8be5\u5546\u54c1\u5df2\u7ecf\u4e0b\u67b6\u3002"],"content":"","goods_id":"1720","captcha":"94036","number":"3","donation_number":null,"product_spec":"","confirm_type":"3"}
addToCart(1720,3) failed at Apr 25, 2015 11:01:10 AM, will readd
org.apache.http.conn.EofSensorInputStream@6a761eb4
retry buy good 1720 at Apr 25, 2015 11:01:10 AM
Download full image code is correct as 59683
{"error":3,"message":["\u5bf9\u4e0d\u8d77\uff0c\u8be5\u5546\u54c1\u5df2\u7ecf\u4e0b\u67b6\u3002"],"content":"","goods_id":"1720","captcha":"59683","number":"3","donation_number":null,"product_spec":"","confirm_type":"3"}
addToCart(1720,3) failed at Apr 25, 2015 11:01:11 AM, will readd
org.apache.http.conn.EofSensorInputStream@2db118c5
retry buy good 1720 at Apr 25, 2015 11:01:11 AM
Download full image code is correct as 97158
{"error":3,"message":["\u5bf9\u4e0d\u8d77\uff0c\u8be5\u5546\u54c1\u5df2\u7ecf\u4e0b\u67b6\u3002"],"content":"","goods_id":"1720","captcha":"97158","number":"3","donation_number":null,"product_spec":"","confirm_type":"3"}
addToCart(1720,3) failed at Apr 25, 2015 11:01:12 AM, will readd
org.apache.http.conn.EofSensorInputStream@4875de1c
retry buy good 1720 at Apr 25, 2015 11:01:12 AM
Download full image code is correct as 90514
{"error":3,"message":["\u5bf9\u4e0d\u8d77\uff0c\u8be5\u5546\u54c1\u5df2\u7ecf\u4e0b\u67b6\u3002"],"content":"","goods_id":"1720","captcha":"90514","number":"3","donation_number":null,"product_spec":"","confirm_type":"3"}
addToCart(1720,3) failed at Apr 25, 2015 11:01:13 AM, will readd
org.apache.http.conn.EofSensorInputStream@5465e175
retry buy good 1720 at Apr 25, 2015 11:01:13 AM
Download full image code is correct as 15264
{"error":3,"message":["\u5bf9\u4e0d\u8d77\uff0c\u8be5\u5546\u54c1\u5df2\u7ecf\u4e0b\u67b6\u3002"],"content":"","goods_id":"1720","captcha":"15264","number":"3","donation_number":null,"product_spec":"","confirm_type":"3"}
addToCart(1720,3) failed at Apr 25, 2015 11:01:14 AM, will readd
org.apache.http.conn.EofSensorInputStream@2addc751
retry buy good 1720 at Apr 25, 2015 11:01:14 AM
Download full image code is correct as 07564
{"error":3,"message":["\u5bf9\u4e0d\u8d77\uff0c\u8be5\u5546\u54c1\u5df2\u7ecf\u4e0b\u67b6\u3002"],"content":"","goods_id":"1720","captcha":"07564","number":"3","donation_number":null,"product_spec":"","confirm_type":"3"}
addToCart(1720,3) failed at Apr 25, 2015 11:01:15 AM, will readd
org.apache.http.conn.EofSensorInputStream@1d46fac0
retry buy good 1720 at Apr 25, 2015 11:01:15 AM
Download full image code is correct as 74296
{"error":3,"message":["\u5bf9\u4e0d\u8d77\uff0c\u8be5\u5546\u54c1\u5df2\u7ecf\u4e0b\u67b6\u3002"],"content":"","goods_id":"1720","captcha":"74296","number":"3","donation_number":null,"product_spec":"","confirm_type":"3"}
addToCart(1720,3) failed at Apr 25, 2015 11:01:16 AM, will readd
org.apache.http.conn.EofSensorInputStream@e56da6e
retry buy good 1720 at Apr 25, 2015 11:01:17 AM
Download full image code is correct as 38041
{"error":3,"message":["\u5bf9\u4e0d\u8d77\uff0c\u8be5\u5546\u54c1\u5df2\u7ecf\u4e0b\u67b6\u3002"],"content":"","goods_id":"1720","captcha":"38041","number":"3","donation_number":null,"product_spec":"","confirm_type":"3"}
addToCart(1720,3) failed at Apr 25, 2015 11:01:17 AM, will readd
org.apache.http.conn.EofSensorInputStream@21428e24
retry buy good 1720 at Apr 25, 2015 11:01:18 AM
Download full image code is correct as 75194
{"error":3,"message":["\u5bf9\u4e0d\u8d77\uff0c\u8be5\u5546\u54c1\u5df2\u7ecf\u4e0b\u67b6\u3002"],"content":"","goods_id":"1720","captcha":"75194","number":"3","donation_number":null,"product_spec":"","confirm_type":"3"}
addToCart(1720,3) failed at Apr 25, 2015 11:01:18 AM, will readd
org.apache.http.conn.EofSensorInputStream@675c2785
retry buy good 1720 at Apr 25, 2015 11:01:19 AM
Download full image code is correct as 63091
{"error":3,"message":["\u5bf9\u4e0d\u8d77\uff0c\u8be5\u5546\u54c1\u5df2\u7ecf\u4e0b\u67b6\u3002"],"content":"","goods_id":"1720","captcha":"63091","number":"3","donation_number":null,"product_spec":"","confirm_type":"3"}
addToCart(1720,3) failed at Apr 25, 2015 11:01:19 AM, will readd
org.apache.http.conn.EofSensorInputStream@56aee91
retry buy good 1720 at Apr 25, 2015 11:01:20 AM
Download full image code is correct as 89104
{"error":3,"message":["\u5bf9\u4e0d\u8d77\uff0c\u8be5\u5546\u54c1\u5df2\u7ecf\u4e0b\u67b6\u3002"],"content":"","goods_id":"1720","captcha":"89104","number":"3","donation_number":null,"product_spec":"","confirm_type":"3"}
addToCart(1720,3) failed at Apr 25, 2015 11:01:20 AM, will readd
org.apache.http.conn.EofSensorInputStream@2c5cc63a
retry buy good 1720 at Apr 25, 2015 11:01:21 AM
Download full image code is correct as 38019
{"error":3,"message":["\u5bf9\u4e0d\u8d77\uff0c\u8be5\u5546\u54c1\u5df2\u7ecf\u4e0b\u67b6\u3002"],"content":"","goods_id":"1720","captcha":"38019","number":"3","donation_number":null,"product_spec":"","confirm_type":"3"}
addToCart(1720,3) failed at Apr 25, 2015 11:01:21 AM, will readd
org.apache.http.conn.EofSensorInputStream@76f90793
retry buy good 1720 at Apr 25, 2015 11:01:22 AM
Download full image code is correct as 50937
{"error":3,"message":["\u5bf9\u4e0d\u8d77\uff0c\u8be5\u5546\u54c1\u5df2\u7ecf\u4e0b\u67b6\u3002"],"content":"","goods_id":"1720","captcha":"50937","number":"3","donation_number":null,"product_spec":"","confirm_type":"3"}
addToCart(1720,3) failed at Apr 25, 2015 11:01:22 AM, will readd
org.apache.http.conn.EofSensorInputStream@66f737a7
retry buy good 1720 at Apr 25, 2015 11:01:23 AM
Download full image code is correct as 60732
{"error":3,"message":["\u5bf9\u4e0d\u8d77\uff0c\u8be5\u5546\u54c1\u5df2\u7ecf\u4e0b\u67b6\u3002"],"content":"","goods_id":"1720","captcha":"60732","number":"3","donation_number":null,"product_spec":"","confirm_type":"3"}
addToCart(1720,3) failed at Apr 25, 2015 11:01:23 AM, will readd
org.apache.http.conn.EofSensorInputStream@8e74400
retry buy good 1720 at Apr 25, 2015 11:01:24 AM
Download full image code is correct as 01824
{"error":3,"message":["\u5bf9\u4e0d\u8d77\uff0c\u8be5\u5546\u54c1\u5df2\u7ecf\u4e0b\u67b6\u3002"],"content":"","goods_id":"1720","captcha":"01824","number":"3","donation_number":null,"product_spec":"","confirm_type":"3"}
addToCart(1720,3) failed at Apr 25, 2015 11:01:24 AM, will readd
org.apache.http.conn.EofSensorInputStream@c4dc1e4
retry buy good 1720 at Apr 25, 2015 11:01:25 AM
Download full image code is correct as 36509
{"error":3,"message":["\u5bf9\u4e0d\u8d77\uff0c\u8be5\u5546\u54c1\u5df2\u7ecf\u4e0b\u67b6\u3002"],"content":"","goods_id":"1720","captcha":"36509","number":"3","donation_number":null,"product_spec":"","confirm_type":"3"}
addToCart(1720,3) failed at Apr 25, 2015 11:01:25 AM, will readd
org.apache.http.conn.EofSensorInputStream@7a5e66cc
retry buy good 1720 at Apr 25, 2015 11:01:26 AM
Download full image code is correct as 20183
{"error":3,"message":["\u5bf9\u4e0d\u8d77\uff0c\u8be5\u5546\u54c1\u5df2\u7ecf\u4e0b\u67b6\u3002"],"content":"","goods_id":"1720","captcha":"20183","number":"3","donation_number":null,"product_spec":"","confirm_type":"3"}
addToCart(1720,3) failed at Apr 25, 2015 11:01:26 AM, will readd
org.apache.http.conn.EofSensorInputStream@1f0b33ad
retry buy good 1720 at Apr 25, 2015 11:01:27 AM
Download full image code is correct as 34827
{"error":3,"message":["\u5bf9\u4e0d\u8d77\uff0c\u8be5\u5546\u54c1\u5df2\u7ecf\u4e0b\u67b6\u3002"],"content":"","goods_id":"1720","captcha":"34827","number":"3","donation_number":null,"product_spec":"","confirm_type":"3"}
addToCart(1720,3) failed at Apr 25, 2015 11:01:27 AM, will readd
org.apache.http.conn.EofSensorInputStream@4704f743
retry buy good 1720 at Apr 25, 2015 11:01:28 AM
Download full image code is correct as 61308
{"error":3,"message":["\u5bf9\u4e0d\u8d77\uff0c\u8be5\u5546\u54c1\u5df2\u7ecf\u4e0b\u67b6\u3002"],"content":"","goods_id":"1720","captcha":"61308","number":"3","donation_number":null,"product_spec":"","confirm_type":"3"}
addToCart(1720,3) failed at Apr 25, 2015 11:01:28 AM, will readd
org.apache.http.conn.EofSensorInputStream@6bd32c54
retry buy good 1720 at Apr 25, 2015 11:01:29 AM
Download full image code is correct as 47052
<html><head><title>502 Bad Gateway</title></head><body bgcolor="white"><center><h1>502 Bad Gateway</h1></center><hr><center>nginx/1.0.2</center></body></html>
addToCart(1720,3) failed at Apr 25, 2015 11:01:29 AM, will readd
org.apache.http.conn.EofSensorInputStream@25f4cf3c
retry buy good 1720 at Apr 25, 2015 11:01:30 AM
Download full image code is correct as 57286
{"error":3,"message":["\u5bf9\u4e0d\u8d77\uff0c\u8be5\u5546\u54c1\u5df2\u7ecf\u4e0b\u67b6\u3002"],"content":"","goods_id":"1720","captcha":"57286","number":"3","donation_number":null,"product_spec":"","confirm_type":"3"}
addToCart(1720,3) failed at Apr 25, 2015 11:01:30 AM, will readd
org.apache.http.conn.EofSensorInputStream@50987915
retry buy good 1720 at Apr 25, 2015 11:01:31 AM
Download full image code is correct as 35689
{"error":3,"message":["\u5bf9\u4e0d\u8d77\uff0c\u8be5\u5546\u54c1\u5df2\u7ecf\u4e0b\u67b6\u3002"],"content":"","goods_id":"1720","captcha":"35689","number":"3","donation_number":null,"product_spec":"","confirm_type":"3"}
addToCart(1720,3) failed at Apr 25, 2015 11:01:31 AM, will readd
org.apache.http.conn.EofSensorInputStream@146a2afc
retry buy good 1720 at Apr 25, 2015 11:01:32 AM
Download full image code is correct as 36495
{"error":3,"message":["\u5bf9\u4e0d\u8d77\uff0c\u8be5\u5546\u54c1\u5df2\u7ecf\u4e0b\u67b6\u3002"],"content":"","goods_id":"1720","captcha":"36495","number":"3","donation_number":null,"product_spec":"","confirm_type":"3"}
addToCart(1720,3) failed at Apr 25, 2015 11:01:33 AM, will readd
org.apache.http.conn.EofSensorInputStream@1ba7ec5b
retry buy good 1720 at Apr 25, 2015 11:01:33 AM
Download full image code is correct as 13724
{"error":3,"message":["\u5bf9\u4e0d\u8d77\uff0c\u8be5\u5546\u54c1\u5df2\u7ecf\u4e0b\u67b6\u3002"],"content":"","goods_id":"1720","captcha":"13724","number":"3","donation_number":null,"product_spec":"","confirm_type":"3"}
addToCart(1720,3) failed at Apr 25, 2015 11:01:34 AM, will readd
org.apache.http.conn.EofSensorInputStream@327fad42
retry buy good 1720 at Apr 25, 2015 11:01:35 AM
Download full image code is correct as 09573
{"error":3,"message":["\u5bf9\u4e0d\u8d77\uff0c\u8be5\u5546\u54c1\u5df2\u7ecf\u4e0b\u67b6\u3002"],"content":"","goods_id":"1720","captcha":"09573","number":"3","donation_number":null,"product_spec":"","confirm_type":"3"}
addToCart(1720,3) failed at Apr 25, 2015 11:01:35 AM, will readd
org.apache.http.conn.EofSensorInputStream@5d91fa4
retry buy good 1720 at Apr 25, 2015 11:01:36 AM
Download full image code is correct as 58126
{"error":3,"message":["\u5bf9\u4e0d\u8d77\uff0c\u8be5\u5546\u54c1\u5df2\u7ecf\u4e0b\u67b6\u3002"],"content":"","goods_id":"1720","captcha":"58126","number":"3","donation_number":null,"product_spec":"","confirm_type":"3"}
addToCart(1720,3) failed at Apr 25, 2015 11:01:36 AM, will readd
org.apache.http.conn.EofSensorInputStream@eb74118
retry buy good 1720 at Apr 25, 2015 11:01:37 AM
Download full image code is correct as 40612
{"error":3,"message":["\u5bf9\u4e0d\u8d77\uff0c\u8be5\u5546\u54c1\u5df2\u7ecf\u4e0b\u67b6\u3002"],"content":"","goods_id":"1720","captcha":"40612","number":"3","donation_number":null,"product_spec":"","confirm_type":"3"}
addToCart(1720,3) failed at Apr 25, 2015 11:01:37 AM, will readd
org.apache.http.conn.EofSensorInputStream@1f37c18b
retry buy good 1720 at Apr 25, 2015 11:01:38 AM
Download full image code is correct as 43685
{"error":3,"message":["\u5bf9\u4e0d\u8d77\uff0c\u8be5\u5546\u54c1\u5df2\u7ecf\u4e0b\u67b6\u3002"],"content":"","goods_id":"1720","captcha":"43685","number":"3","donation_number":null,"product_spec":"","confirm_type":"3"}
addToCart(1720,3) failed at Apr 25, 2015 11:01:38 AM, will readd
org.apache.http.conn.EofSensorInputStream@174709c6
retry buy good 1720 at Apr 25, 2015 11:01:39 AM
Download full image code is correct as 63705
{"error":3,"message":["\u5bf9\u4e0d\u8d77\uff0c\u8be5\u5546\u54c1\u5df2\u7ecf\u4e0b\u67b6\u3002"],"content":"","goods_id":"1720","captcha":"63705","number":"3","donation_number":null,"product_spec":"","confirm_type":"3"}
addToCart(1720,3) failed at Apr 25, 2015 11:01:39 AM, will readd
org.apache.http.conn.EofSensorInputStream@4d513b99
retry buy good 1720 at Apr 25, 2015 11:01:40 AM
Download full image code is correct as 18439
{"error":3,"message":["\u5bf9\u4e0d\u8d77\uff0c\u8be5\u5546\u54c1\u5df2\u7ecf\u4e0b\u67b6\u3002"],"content":"","goods_id":"1720","captcha":"18439","number":"3","donation_number":null,"product_spec":"","confirm_type":"3"}
addToCart(1720,3) failed at Apr 25, 2015 11:01:40 AM, will readd
org.apache.http.conn.EofSensorInputStream@34a0ee3f
retry buy good 1720 at Apr 25, 2015 11:01:41 AM
Download full image code is correct as 16543
{"error":3,"message":["\u5bf9\u4e0d\u8d77\uff0c\u8be5\u5546\u54c1\u5df2\u7ecf\u4e0b\u67b6\u3002"],"content":"","goods_id":"1720","captcha":"16543","number":"3","donation_number":null,"product_spec":"","confirm_type":"3"}
addToCart(1720,3) failed at Apr 25, 2015 11:01:41 AM, will readd
org.apache.http.conn.EofSensorInputStream@53e2b024
retry buy good 1720 at Apr 25, 2015 11:01:42 AM
Download full image code is correct as 14529
{"error":3,"message":["\u5bf9\u4e0d\u8d77\uff0c\u8be5\u5546\u54c1\u5df2\u7ecf\u4e0b\u67b6\u3002"],"content":"","goods_id":"1720","captcha":"14529","number":"3","donation_number":null,"product_spec":"","confirm_type":"3"}
addToCart(1720,3) failed at Apr 25, 2015 11:01:42 AM, will readd
org.apache.http.conn.EofSensorInputStream@318c06c2
retry buy good 1720 at Apr 25, 2015 11:01:43 AM
