started at Apr 25, 2015 11:00:35 AM
login sucessfully with proxy 124.202.171.2 at Apr 25, 2015 11:00:39 AM
Download full image code is correct as 94761
{"error":3,"message":["\u5bf9\u4e0d\u8d77\uff0c\u8be5\u5546\u54c1\u5df2\u7ecf\u4e0b\u67b6\u3002"],"content":"","goods_id":"1718","captcha":"94761","number":"1","donation_number":null,"product_spec":"","confirm_type":"3"}
addToCart(1718,1) failed at Apr 25, 2015 11:00:39 AM, will readd
org.apache.http.conn.EofSensorInputStream@3b0f2591
retry buy good 1718 at Apr 25, 2015 11:00:40 AM
Download full image code is correct as 72950
{"error":3,"message":["\u5bf9\u4e0d\u8d77\uff0c\u8be5\u5546\u54c1\u5df2\u7ecf\u4e0b\u67b6\u3002"],"content":"","goods_id":"1718","captcha":"72950","number":"1","donation_number":null,"product_spec":"","confirm_type":"3"}
addToCart(1718,1) failed at Apr 25, 2015 11:00:40 AM, will readd
org.apache.http.conn.EofSensorInputStream@4ef44447
retry buy good 1718 at Apr 25, 2015 11:00:41 AM
Download full image code is correct as 34791
{"error":3,"message":["\u5bf9\u4e0d\u8d77\uff0c\u8be5\u5546\u54c1\u5df2\u7ecf\u4e0b\u67b6\u3002"],"content":"","goods_id":"1718","captcha":"34791","number":"1","donation_number":null,"product_spec":"","confirm_type":"3"}
addToCart(1718,1) failed at Apr 25, 2015 11:00:41 AM, will readd
org.apache.http.conn.EofSensorInputStream@76b302c
retry buy good 1718 at Apr 25, 2015 11:00:41 AM
Download full image code is correct as 47613
{"error":3,"message":["\u5bf9\u4e0d\u8d77\uff0c\u8be5\u5546\u54c1\u5df2\u7ecf\u4e0b\u67b6\u3002"],"content":"","goods_id":"1718","captcha":"47613","number":"1","donation_number":null,"product_spec":"","confirm_type":"3"}
addToCart(1718,1) failed at Apr 25, 2015 11:00:42 AM, will readd
org.apache.http.conn.EofSensorInputStream@4a475ec1
retry buy good 1718 at Apr 25, 2015 11:00:42 AM
Download full image code is correct as 76913
{"error":3,"message":["\u5bf9\u4e0d\u8d77\uff0c\u8be5\u5546\u54c1\u5df2\u7ecf\u4e0b\u67b6\u3002"],"content":"","goods_id":"1718","captcha":"76913","number":"1","donation_number":null,"product_spec":"","confirm_type":"3"}
addToCart(1718,1) failed at Apr 25, 2015 11:00:43 AM, will readd
org.apache.http.conn.EofSensorInputStream@163198c4
retry buy good 1718 at Apr 25, 2015 11:00:43 AM
Download full image code is correct as 58670
{"error":3,"message":["\u5bf9\u4e0d\u8d77\uff0c\u8be5\u5546\u54c1\u5df2\u7ecf\u4e0b\u67b6\u3002"],"content":"","goods_id":"1718","captcha":"58670","number":"1","donation_number":null,"product_spec":"","confirm_type":"3"}
addToCart(1718,1) failed at Apr 25, 2015 11:00:43 AM, will readd
org.apache.http.conn.EofSensorInputStream@319065d
retry buy good 1718 at Apr 25, 2015 11:00:44 AM
Download full image code is correct as 82369
{"error":3,"message":["\u5bf9\u4e0d\u8d77\uff0c\u8be5\u5546\u54c1\u5df2\u7ecf\u4e0b\u67b6\u3002"],"content":"","goods_id":"1718","captcha":"82369","number":"1","donation_number":null,"product_spec":"","confirm_type":"3"}
addToCart(1718,1) failed at Apr 25, 2015 11:00:44 AM, will readd
org.apache.http.conn.EofSensorInputStream@1a6d8240
retry buy good 1718 at Apr 25, 2015 11:00:45 AM
Download full image code is correct as 80125
{"error":3,"message":["\u5bf9\u4e0d\u8d77\uff0c\u8be5\u5546\u54c1\u5df2\u7ecf\u4e0b\u67b6\u3002"],"content":"","goods_id":"1718","captcha":"80125","number":"1","donation_number":null,"product_spec":"","confirm_type":"3"}
addToCart(1718,1) failed at Apr 25, 2015 11:00:45 AM, will readd
org.apache.http.conn.EofSensorInputStream@4a776482
retry buy good 1718 at Apr 25, 2015 11:00:46 AM
Download full image code is correct as 40237
{"error":3,"message":["\u5bf9\u4e0d\u8d77\uff0c\u8be5\u5546\u54c1\u5df2\u7ecf\u4e0b\u67b6\u3002"],"content":"","goods_id":"1718","captcha":"40237","number":"1","donation_number":null,"product_spec":"","confirm_type":"3"}
addToCart(1718,1) failed at Apr 25, 2015 11:00:46 AM, will readd
org.apache.http.conn.EofSensorInputStream@72f5560e
retry buy good 1718 at Apr 25, 2015 11:00:47 AM
Download full image code is correct as 02184
{"error":3,"message":["\u5bf9\u4e0d\u8d77\uff0c\u8be5\u5546\u54c1\u5df2\u7ecf\u4e0b\u67b6\u3002"],"content":"","goods_id":"1718","captcha":"02184","number":"1","donation_number":null,"product_spec":"","confirm_type":"3"}
addToCart(1718,1) failed at Apr 25, 2015 11:00:47 AM, will readd
org.apache.http.conn.EofSensorInputStream@a407d11
retry buy good 1718 at Apr 25, 2015 11:00:48 AM
Download full image code is correct as 76589
{"error":3,"message":["\u5bf9\u4e0d\u8d77\uff0c\u8be5\u5546\u54c1\u5df2\u7ecf\u4e0b\u67b6\u3002"],"content":"","goods_id":"1718","captcha":"76589","number":"1","donation_number":null,"product_spec":"","confirm_type":"3"}
addToCart(1718,1) failed at Apr 25, 2015 11:00:48 AM, will readd
org.apache.http.conn.EofSensorInputStream@596e1d6b
retry buy good 1718 at Apr 25, 2015 11:00:49 AM
Download full image code is correct as 82534
{"error":3,"message":["\u5bf9\u4e0d\u8d77\uff0c\u8be5\u5546\u54c1\u5df2\u7ecf\u4e0b\u67b6\u3002"],"content":"","goods_id":"1718","captcha":"82534","number":"1","donation_number":null,"product_spec":"","confirm_type":"3"}
addToCart(1718,1) failed at Apr 25, 2015 11:00:49 AM, will readd
org.apache.http.conn.EofSensorInputStream@7c6bdb4d
retry buy good 1718 at Apr 25, 2015 11:00:49 AM
Download full image code is correct as 31657
{"error":3,"message":["\u5bf9\u4e0d\u8d77\uff0c\u8be5\u5546\u54c1\u5df2\u7ecf\u4e0b\u67b6\u3002"],"content":"","goods_id":"1718","captcha":"31657","number":"1","donation_number":null,"product_spec":"","confirm_type":"3"}
addToCart(1718,1) failed at Apr 25, 2015 11:00:50 AM, will readd
org.apache.http.conn.EofSensorInputStream@58f2a5fc
retry buy good 1718 at Apr 25, 2015 11:00:50 AM
Download full image code is correct as 01392
{"error":3,"message":["\u5bf9\u4e0d\u8d77\uff0c\u8be5\u5546\u54c1\u5df2\u7ecf\u4e0b\u67b6\u3002"],"content":"","goods_id":"1718","captcha":"01392","number":"1","donation_number":null,"product_spec":"","confirm_type":"3"}
addToCart(1718,1) failed at Apr 25, 2015 11:00:55 AM, will readd
org.apache.http.conn.EofSensorInputStream@6e6619b
retry buy good 1718 at Apr 25, 2015 11:00:55 AM
Download full image code is correct as 81657
{"error":3,"message":["\u5bf9\u4e0d\u8d77\uff0c\u8be5\u5546\u54c1\u5df2\u7ecf\u4e0b\u67b6\u3002"],"content":"","goods_id":"1718","captcha":"81657","number":"1","donation_number":null,"product_spec":"","confirm_type":"3"}
addToCart(1718,1) failed at Apr 25, 2015 11:00:55 AM, will readd
org.apache.http.conn.EofSensorInputStream@3a50aadb
retry buy good 1718 at Apr 25, 2015 11:00:56 AM
Download full image code is correct as 53216
{"error":3,"message":["\u5bf9\u4e0d\u8d77\uff0c\u8be5\u5546\u54c1\u5df2\u7ecf\u4e0b\u67b6\u3002"],"content":"","goods_id":"1718","captcha":"53216","number":"1","donation_number":null,"product_spec":"","confirm_type":"3"}
addToCart(1718,1) failed at Apr 25, 2015 11:01:00 AM, will readd
org.apache.http.conn.EofSensorInputStream@6687ec13
retry buy good 1718 at Apr 25, 2015 11:01:01 AM
Download full image code is correct as 03645
{"error":3,"message":["\u5bf9\u4e0d\u8d77\uff0c\u8be5\u5546\u54c1\u5df2\u7ecf\u4e0b\u67b6\u3002"],"content":"","goods_id":"1718","captcha":"03645","number":"1","donation_number":null,"product_spec":"","confirm_type":"3"}
addToCart(1718,1) failed at Apr 25, 2015 11:01:01 AM, will readd
org.apache.http.conn.EofSensorInputStream@59465d7d
retry buy good 1718 at Apr 25, 2015 11:01:02 AM
Download full image code is correct as 21783
{"error":3,"message":["\u5bf9\u4e0d\u8d77\uff0c\u8be5\u5546\u54c1\u5df2\u7ecf\u4e0b\u67b6\u3002"],"content":"","goods_id":"1718","captcha":"21783","number":"1","donation_number":null,"product_spec":"","confirm_type":"3"}
addToCart(1718,1) failed at Apr 25, 2015 11:01:02 AM, will readd
org.apache.http.conn.EofSensorInputStream@3dbbc2b0
retry buy good 1718 at Apr 25, 2015 11:01:03 AM
Download full image code is correct as 93862
{"error":3,"message":["\u5bf9\u4e0d\u8d77\uff0c\u8be5\u5546\u54c1\u5df2\u7ecf\u4e0b\u67b6\u3002"],"content":"","goods_id":"1718","captcha":"93862","number":"1","donation_number":null,"product_spec":"","confirm_type":"3"}
addToCart(1718,1) failed at Apr 25, 2015 11:01:03 AM, will readd
org.apache.http.conn.EofSensorInputStream@1d1e1e7a
retry buy good 1718 at Apr 25, 2015 11:01:04 AM
Download full image code is correct as 42750
{"error":3,"message":["\u5bf9\u4e0d\u8d77\uff0c\u8be5\u5546\u54c1\u5df2\u7ecf\u4e0b\u67b6\u3002"],"content":"","goods_id":"1718","captcha":"42750","number":"1","donation_number":null,"product_spec":"","confirm_type":"3"}
addToCart(1718,1) failed at Apr 25, 2015 11:01:04 AM, will readd
org.apache.http.conn.EofSensorInputStream@1e6e696d
retry buy good 1718 at Apr 25, 2015 11:01:05 AM
Download full image code is correct as 31502
{"error":3,"message":["\u5bf9\u4e0d\u8d77\uff0c\u8be5\u5546\u54c1\u5df2\u7ecf\u4e0b\u67b6\u3002"],"content":"","goods_id":"1718","captcha":"31502","number":"1","donation_number":null,"product_spec":"","confirm_type":"3"}
addToCart(1718,1) failed at Apr 25, 2015 11:01:05 AM, will readd
org.apache.http.conn.EofSensorInputStream@49114668
retry buy good 1718 at Apr 25, 2015 11:01:06 AM
Download full image code is correct as 07586
{"error":3,"message":["\u5bf9\u4e0d\u8d77\uff0c\u8be5\u5546\u54c1\u5df2\u7ecf\u4e0b\u67b6\u3002"],"content":"","goods_id":"1718","captcha":"07586","number":"1","donation_number":null,"product_spec":"","confirm_type":"3"}
addToCart(1718,1) failed at Apr 25, 2015 11:01:06 AM, will readd
org.apache.http.conn.EofSensorInputStream@615f8156
retry buy good 1718 at Apr 25, 2015 11:01:07 AM
Download full image code is correct as 42735
{"error":3,"message":["\u5bf9\u4e0d\u8d77\uff0c\u8be5\u5546\u54c1\u5df2\u7ecf\u4e0b\u67b6\u3002"],"content":"","goods_id":"1718","captcha":"42735","number":"1","donation_number":null,"product_spec":"","confirm_type":"3"}
addToCart(1718,1) failed at Apr 25, 2015 11:01:07 AM, will readd
org.apache.http.conn.EofSensorInputStream@240615ef
retry buy good 1718 at Apr 25, 2015 11:01:07 AM
Download full image code is correct as 90318
{"error":3,"message":["\u5bf9\u4e0d\u8d77\uff0c\u8be5\u5546\u54c1\u5df2\u7ecf\u4e0b\u67b6\u3002"],"content":"","goods_id":"1718","captcha":"90318","number":"1","donation_number":null,"product_spec":"","confirm_type":"3"}
addToCart(1718,1) failed at Apr 25, 2015 11:01:08 AM, will readd
org.apache.http.conn.EofSensorInputStream@673b21af
retry buy good 1718 at Apr 25, 2015 11:01:08 AM
Download full image code is correct as 89407
{"error":3,"message":["\u5bf9\u4e0d\u8d77\uff0c\u8be5\u5546\u54c1\u5df2\u7ecf\u4e0b\u67b6\u3002"],"content":"","goods_id":"1718","captcha":"89407","number":"1","donation_number":null,"product_spec":"","confirm_type":"3"}
addToCart(1718,1) failed at Apr 25, 2015 11:01:09 AM, will readd
org.apache.http.conn.EofSensorInputStream@2c158f66
retry buy good 1718 at Apr 25, 2015 11:01:09 AM
Download full image code is correct as 73902
{"error":3,"message":["\u5bf9\u4e0d\u8d77\uff0c\u8be5\u5546\u54c1\u5df2\u7ecf\u4e0b\u67b6\u3002"],"content":"","goods_id":"1718","captcha":"73902","number":"1","donation_number":null,"product_spec":"","confirm_type":"3"}
addToCart(1718,1) failed at Apr 25, 2015 11:01:10 AM, will readd
org.apache.http.conn.EofSensorInputStream@52934ea0
retry buy good 1718 at Apr 25, 2015 11:01:10 AM
Download full image code is correct as 30647
{"error":3,"message":["\u5bf9\u4e0d\u8d77\uff0c\u8be5\u5546\u54c1\u5df2\u7ecf\u4e0b\u67b6\u3002"],"content":"","goods_id":"1718","captcha":"30647","number":"1","donation_number":null,"product_spec":"","confirm_type":"3"}
addToCart(1718,1) failed at Apr 25, 2015 11:01:14 AM, will readd
org.apache.http.conn.EofSensorInputStream@ee8259c
retry buy good 1718 at Apr 25, 2015 11:01:14 AM
Download full image code is correct as 19653
{"error":3,"message":["\u5bf9\u4e0d\u8d77\uff0c\u8be5\u5546\u54c1\u5df2\u7ecf\u4e0b\u67b6\u3002"],"content":"","goods_id":"1718","captcha":"19653","number":"1","donation_number":null,"product_spec":"","confirm_type":"3"}
addToCart(1718,1) failed at Apr 25, 2015 11:01:15 AM, will readd
org.apache.http.conn.EofSensorInputStream@40084706
retry buy good 1718 at Apr 25, 2015 11:01:15 AM
Download full image code is correct as 70546
{"error":3,"message":["\u5bf9\u4e0d\u8d77\uff0c\u8be5\u5546\u54c1\u5df2\u7ecf\u4e0b\u67b6\u3002"],"content":"","goods_id":"1718","captcha":"70546","number":"1","donation_number":null,"product_spec":"","confirm_type":"3"}
addToCart(1718,1) failed at Apr 25, 2015 11:01:15 AM, will readd
org.apache.http.conn.EofSensorInputStream@3086b277
retry buy good 1718 at Apr 25, 2015 11:01:16 AM
Download full image code is correct as 25601
{"error":3,"message":["\u5bf9\u4e0d\u8d77\uff0c\u8be5\u5546\u54c1\u5df2\u7ecf\u4e0b\u67b6\u3002"],"content":"","goods_id":"1718","captcha":"25601","number":"1","donation_number":null,"product_spec":"","confirm_type":"3"}
addToCart(1718,1) failed at Apr 25, 2015 11:01:17 AM, will readd
org.apache.http.conn.EofSensorInputStream@4098b95b
retry buy good 1718 at Apr 25, 2015 11:01:17 AM
Download full image code is correct as 15083
{"error":3,"message":["\u5bf9\u4e0d\u8d77\uff0c\u8be5\u5546\u54c1\u5df2\u7ecf\u4e0b\u67b6\u3002"],"content":"","goods_id":"1718","captcha":"15083","number":"1","donation_number":null,"product_spec":"","confirm_type":"3"}
addToCart(1718,1) failed at Apr 25, 2015 11:01:17 AM, will readd
org.apache.http.conn.EofSensorInputStream@6f366e7d
retry buy good 1718 at Apr 25, 2015 11:01:18 AM
Download full image code is correct as 19564
{"error":3,"message":["\u5bf9\u4e0d\u8d77\uff0c\u8be5\u5546\u54c1\u5df2\u7ecf\u4e0b\u67b6\u3002"],"content":"","goods_id":"1718","captcha":"19564","number":"1","donation_number":null,"product_spec":"","confirm_type":"3"}
addToCart(1718,1) failed at Apr 25, 2015 11:01:18 AM, will readd
org.apache.http.conn.EofSensorInputStream@224d7bcd
retry buy good 1718 at Apr 25, 2015 11:01:19 AM
Download full image code is correct as 65289
{"error":3,"message":["\u5bf9\u4e0d\u8d77\uff0c\u8be5\u5546\u54c1\u5df2\u7ecf\u4e0b\u67b6\u3002"],"content":"","goods_id":"1718","captcha":"65289","number":"1","donation_number":null,"product_spec":"","confirm_type":"3"}
addToCart(1718,1) failed at Apr 25, 2015 11:01:22 AM, will readd
org.apache.http.conn.EofSensorInputStream@17208ac9
retry buy good 1718 at Apr 25, 2015 11:01:23 AM
Download full image code is correct as 69310
{"error":3,"message":["\u5bf9\u4e0d\u8d77\uff0c\u8be5\u5546\u54c1\u5df2\u7ecf\u4e0b\u67b6\u3002"],"content":"","goods_id":"1718","captcha":"69310","number":"1","donation_number":null,"product_spec":"","confirm_type":"3"}
addToCart(1718,1) failed at Apr 25, 2015 11:01:23 AM, will readd
org.apache.http.conn.EofSensorInputStream@4c240de4
retry buy good 1718 at Apr 25, 2015 11:01:24 AM
Download full image code is correct as 79850
{"error":3,"message":["\u5bf9\u4e0d\u8d77\uff0c\u8be5\u5546\u54c1\u5df2\u7ecf\u4e0b\u67b6\u3002"],"content":"","goods_id":"1718","captcha":"79850","number":"1","donation_number":null,"product_spec":"","confirm_type":"3"}
addToCart(1718,1) failed at Apr 25, 2015 11:01:24 AM, will readd
org.apache.http.conn.EofSensorInputStream@16dea9e9
retry buy good 1718 at Apr 25, 2015 11:01:25 AM
Download full image code is correct as 73542
{"error":3,"message":["\u5bf9\u4e0d\u8d77\uff0c\u8be5\u5546\u54c1\u5df2\u7ecf\u4e0b\u67b6\u3002"],"content":"","goods_id":"1718","captcha":"73542","number":"1","donation_number":null,"product_spec":"","confirm_type":"3"}
addToCart(1718,1) failed at Apr 25, 2015 11:01:25 AM, will readd
org.apache.http.conn.EofSensorInputStream@48008b9e
retry buy good 1718 at Apr 25, 2015 11:01:26 AM
Download full image code is correct as 32081
{"error":3,"message":["\u5bf9\u4e0d\u8d77\uff0c\u8be5\u5546\u54c1\u5df2\u7ecf\u4e0b\u67b6\u3002"],"content":"","goods_id":"1718","captcha":"32081","number":"1","donation_number":null,"product_spec":"","confirm_type":"3"}
addToCart(1718,1) failed at Apr 25, 2015 11:01:26 AM, will readd
org.apache.http.conn.EofSensorInputStream@7f9fd430
retry buy good 1718 at Apr 25, 2015 11:01:27 AM
Download full image code is correct as 83051
{"error":3,"message":["\u5bf9\u4e0d\u8d77\uff0c\u8be5\u5546\u54c1\u5df2\u7ecf\u4e0b\u67b6\u3002"],"content":"","goods_id":"1718","captcha":"83051","number":"1","donation_number":null,"product_spec":"","confirm_type":"3"}
addToCart(1718,1) failed at Apr 25, 2015 11:01:27 AM, will readd
org.apache.http.conn.EofSensorInputStream@46668952
retry buy good 1718 at Apr 25, 2015 11:01:28 AM
Download full image code is correct as 48529
{"error":3,"message":["\u5bf9\u4e0d\u8d77\uff0c\u8be5\u5546\u54c1\u5df2\u7ecf\u4e0b\u67b6\u3002"],"content":"","goods_id":"1718","captcha":"48529","number":"1","donation_number":null,"product_spec":"","confirm_type":"3"}
addToCart(1718,1) failed at Apr 25, 2015 11:01:28 AM, will readd
org.apache.http.conn.EofSensorInputStream@50a12810
retry buy good 1718 at Apr 25, 2015 11:01:28 AM
Download full image code is correct as 73596
{"error":3,"message":["\u5bf9\u4e0d\u8d77\uff0c\u8be5\u5546\u54c1\u5df2\u7ecf\u4e0b\u67b6\u3002"],"content":"","goods_id":"1718","captcha":"73596","number":"1","donation_number":null,"product_spec":"","confirm_type":"3"}
addToCart(1718,1) failed at Apr 25, 2015 11:01:29 AM, will readd
org.apache.http.conn.EofSensorInputStream@624e2184
retry buy good 1718 at Apr 25, 2015 11:01:29 AM
Download full image code is correct as 54701
{"error":3,"message":["\u5bf9\u4e0d\u8d77\uff0c\u8be5\u5546\u54c1\u5df2\u7ecf\u4e0b\u67b6\u3002"],"content":"","goods_id":"1718","captcha":"54701","number":"1","donation_number":null,"product_spec":"","confirm_type":"3"}
addToCart(1718,1) failed at Apr 25, 2015 11:01:30 AM, will readd
org.apache.http.conn.EofSensorInputStream@7c980a6
retry buy good 1718 at Apr 25, 2015 11:01:30 AM
Download full image code is correct as 17395
{"error":3,"message":["\u5bf9\u4e0d\u8d77\uff0c\u8be5\u5546\u54c1\u5df2\u7ecf\u4e0b\u67b6\u3002"],"content":"","goods_id":"1718","captcha":"17395","number":"1","donation_number":null,"product_spec":"","confirm_type":"3"}
addToCart(1718,1) failed at Apr 25, 2015 11:01:30 AM, will readd
org.apache.http.conn.EofSensorInputStream@57f0cde7
retry buy good 1718 at Apr 25, 2015 11:01:31 AM
Download full image code is correct as 01354
{"error":3,"message":["\u5bf9\u4e0d\u8d77\uff0c\u8be5\u5546\u54c1\u5df2\u7ecf\u4e0b\u67b6\u3002"],"content":"","goods_id":"1718","captcha":"01354","number":"1","donation_number":null,"product_spec":"","confirm_type":"3"}
addToCart(1718,1) failed at Apr 25, 2015 11:01:31 AM, will readd
org.apache.http.conn.EofSensorInputStream@462c10dc
retry buy good 1718 at Apr 25, 2015 11:01:32 AM
Download full image code is correct as 17539
{"error":3,"message":["\u5bf9\u4e0d\u8d77\uff0c\u8be5\u5546\u54c1\u5df2\u7ecf\u4e0b\u67b6\u3002"],"content":"","goods_id":"1718","captcha":"17539","number":"1","donation_number":null,"product_spec":"","confirm_type":"3"}
addToCart(1718,1) failed at Apr 25, 2015 11:01:32 AM, will readd
org.apache.http.conn.EofSensorInputStream@71d5930f
retry buy good 1718 at Apr 25, 2015 11:01:33 AM
Download full image code is correct as 45397
{"error":3,"message":["\u5bf9\u4e0d\u8d77\uff0c\u8be5\u5546\u54c1\u5df2\u7ecf\u4e0b\u67b6\u3002"],"content":"","goods_id":"1718","captcha":"45397","number":"1","donation_number":null,"product_spec":"","confirm_type":"3"}
addToCart(1718,1) failed at Apr 25, 2015 11:01:33 AM, will readd
org.apache.http.conn.EofSensorInputStream@d6206b5
retry buy good 1718 at Apr 25, 2015 11:01:34 AM
Download full image code is correct as 24803
{"error":3,"message":["\u5bf9\u4e0d\u8d77\uff0c\u8be5\u5546\u54c1\u5df2\u7ecf\u4e0b\u67b6\u3002"],"content":"","goods_id":"1718","captcha":"24803","number":"1","donation_number":null,"product_spec":"","confirm_type":"3"}
addToCart(1718,1) failed at Apr 25, 2015 11:01:34 AM, will readd
org.apache.http.conn.EofSensorInputStream@566c7ea0
retry buy good 1718 at Apr 25, 2015 11:01:35 AM
Download full image code is correct as 34960
{"error":3,"message":["\u5bf9\u4e0d\u8d77\uff0c\u8be5\u5546\u54c1\u5df2\u7ecf\u4e0b\u67b6\u3002"],"content":"","goods_id":"1718","captcha":"34960","number":"1","donation_number":null,"product_spec":"","confirm_type":"3"}
addToCart(1718,1) failed at Apr 25, 2015 11:01:35 AM, will readd
org.apache.http.conn.EofSensorInputStream@1d8080e0
retry buy good 1718 at Apr 25, 2015 11:01:36 AM
Download full image code is correct as 50871
{"error":3,"message":["\u5bf9\u4e0d\u8d77\uff0c\u8be5\u5546\u54c1\u5df2\u7ecf\u4e0b\u67b6\u3002"],"content":"","goods_id":"1718","captcha":"50871","number":"1","donation_number":null,"product_spec":"","confirm_type":"3"}
addToCart(1718,1) failed at Apr 25, 2015 11:01:36 AM, will readd
org.apache.http.conn.EofSensorInputStream@1b6ebaa7
retry buy good 1718 at Apr 25, 2015 11:01:36 AM
Download full image code is correct as 29347
{"error":3,"message":["\u5bf9\u4e0d\u8d77\uff0c\u8be5\u5546\u54c1\u5df2\u7ecf\u4e0b\u67b6\u3002"],"content":"","goods_id":"1718","captcha":"29347","number":"1","donation_number":null,"product_spec":"","confirm_type":"3"}
addToCart(1718,1) failed at Apr 25, 2015 11:01:37 AM, will readd
org.apache.http.conn.EofSensorInputStream@155f02ff
retry buy good 1718 at Apr 25, 2015 11:01:37 AM
Download full image code is correct as 04598
{"error":3,"message":["\u5bf9\u4e0d\u8d77\uff0c\u8be5\u5546\u54c1\u5df2\u7ecf\u4e0b\u67b6\u3002"],"content":"","goods_id":"1718","captcha":"04598","number":"1","donation_number":null,"product_spec":"","confirm_type":"3"}
addToCart(1718,1) failed at Apr 25, 2015 11:01:41 AM, will readd
org.apache.http.conn.EofSensorInputStream@699bc302
retry buy good 1718 at Apr 25, 2015 11:01:41 AM
