started at Apr 25, 2015 11:00:35 AM
login sucessfully with proxy 183.207.237.11 at Apr 25, 2015 11:00:36 AM
Download full image code is correct as 50391
{"error":888,"message":"\u6ce8\u610f\uff1a\n\r\u6b64\u5546\u54c1\u4fc3\u9500\u671f\u95f4\u666e\u901a\u4f1a\u5458\u9650\u8d2d 3 \u4ef6\uff01\n\r\u60a8\u4e4b\u524d\u8ba2\u5355\u4e2d\u5df2\u7ecf\u5b58\u5728 3 \u4ef6\uff01\n\r\u60a8\u53ea\u80fd\u518d\u4e70 0 \u4ef6\uff01","content":"","goods_id":"1717","captcha":"50391","number":"3","donation_number":null}
addToCart(1717,3) failed  at Apr 25, 2015 11:00:37 AM, will readd
retry buy good 1717 at Apr 25, 2015 11:00:37 AM
Download full image code is correct as 31728
{"error":888,"message":"\u6ce8\u610f\uff1a\n\r\u6b64\u5546\u54c1\u4fc3\u9500\u671f\u95f4\u666e\u901a\u4f1a\u5458\u9650\u8d2d 3 \u4ef6\uff01\n\r\u60a8\u4e4b\u524d\u8ba2\u5355\u4e2d\u5df2\u7ecf\u5b58\u5728 3 \u4ef6\uff01\n\r\u60a8\u53ea\u80fd\u518d\u4e70 0 \u4ef6\uff01","content":"","goods_id":"1717","captcha":"31728","number":"3","donation_number":null}
addToCart(1717,3) failed  at Apr 25, 2015 11:00:41 AM, will readd
retry buy good 1717 at Apr 25, 2015 11:00:41 AM
Download full image code is correct as 23867
{"error":888,"message":"\u6ce8\u610f\uff1a\n\r\u6b64\u5546\u54c1\u4fc3\u9500\u671f\u95f4\u666e\u901a\u4f1a\u5458\u9650\u8d2d 3 \u4ef6\uff01\n\r\u60a8\u4e4b\u524d\u8ba2\u5355\u4e2d\u5df2\u7ecf\u5b58\u5728 3 \u4ef6\uff01\n\r\u60a8\u53ea\u80fd\u518d\u4e70 0 \u4ef6\uff01","content":"","goods_id":"1717","captcha":"23867","number":"3","donation_number":null}
addToCart(1717,3) failed  at Apr 25, 2015 11:00:42 AM, will readd
retry buy good 1717 at Apr 25, 2015 11:00:42 AM
Download full image code is correct as 10378
{"error":888,"message":"\u6ce8\u610f\uff1a\n\r\u6b64\u5546\u54c1\u4fc3\u9500\u671f\u95f4\u666e\u901a\u4f1a\u5458\u9650\u8d2d 3 \u4ef6\uff01\n\r\u60a8\u4e4b\u524d\u8ba2\u5355\u4e2d\u5df2\u7ecf\u5b58\u5728 3 \u4ef6\uff01\n\r\u60a8\u53ea\u80fd\u518d\u4e70 0 \u4ef6\uff01","content":"","goods_id":"1717","captcha":"10378","number":"3","donation_number":null}
addToCart(1717,3) failed  at Apr 25, 2015 11:00:43 AM, will readd
retry buy good 1717 at Apr 25, 2015 11:00:43 AM
Download full image code is correct as 15678
{"error":888,"message":"\u6ce8\u610f\uff1a\n\r\u6b64\u5546\u54c1\u4fc3\u9500\u671f\u95f4\u666e\u901a\u4f1a\u5458\u9650\u8d2d 3 \u4ef6\uff01\n\r\u60a8\u4e4b\u524d\u8ba2\u5355\u4e2d\u5df2\u7ecf\u5b58\u5728 3 \u4ef6\uff01\n\r\u60a8\u53ea\u80fd\u518d\u4e70 0 \u4ef6\uff01","content":"","goods_id":"1717","captcha":"15678","number":"3","donation_number":null}
addToCart(1717,3) failed  at Apr 25, 2015 11:00:44 AM, will readd
retry buy good 1717 at Apr 25, 2015 11:00:44 AM
Download full image code is correct as 73958
{"error":888,"message":"\u6ce8\u610f\uff1a\n\r\u6b64\u5546\u54c1\u4fc3\u9500\u671f\u95f4\u666e\u901a\u4f1a\u5458\u9650\u8d2d 3 \u4ef6\uff01\n\r\u60a8\u4e4b\u524d\u8ba2\u5355\u4e2d\u5df2\u7ecf\u5b58\u5728 3 \u4ef6\uff01\n\r\u60a8\u53ea\u80fd\u518d\u4e70 0 \u4ef6\uff01","content":"","goods_id":"1717","captcha":"73958","number":"3","donation_number":null}
addToCart(1717,3) failed  at Apr 25, 2015 11:00:45 AM, will readd
retry buy good 1717 at Apr 25, 2015 11:00:46 AM
Download full image code is correct as 37521
{"error":888,"message":"\u6ce8\u610f\uff1a\n\r\u6b64\u5546\u54c1\u4fc3\u9500\u671f\u95f4\u666e\u901a\u4f1a\u5458\u9650\u8d2d 3 \u4ef6\uff01\n\r\u60a8\u4e4b\u524d\u8ba2\u5355\u4e2d\u5df2\u7ecf\u5b58\u5728 3 \u4ef6\uff01\n\r\u60a8\u53ea\u80fd\u518d\u4e70 0 \u4ef6\uff01","content":"","goods_id":"1717","captcha":"37521","number":"3","donation_number":null}
addToCart(1717,3) failed  at Apr 25, 2015 11:00:46 AM, will readd
retry buy good 1717 at Apr 25, 2015 11:00:47 AM
Download full image code is correct as 42730
{"error":888,"message":"\u6ce8\u610f\uff1a\n\r\u6b64\u5546\u54c1\u4fc3\u9500\u671f\u95f4\u666e\u901a\u4f1a\u5458\u9650\u8d2d 3 \u4ef6\uff01\n\r\u60a8\u4e4b\u524d\u8ba2\u5355\u4e2d\u5df2\u7ecf\u5b58\u5728 3 \u4ef6\uff01\n\r\u60a8\u53ea\u80fd\u518d\u4e70 0 \u4ef6\uff01","content":"","goods_id":"1717","captcha":"42730","number":"3","donation_number":null}
addToCart(1717,3) failed  at Apr 25, 2015 11:00:47 AM, will readd
retry buy good 1717 at Apr 25, 2015 11:00:48 AM
Download full image code is correct as 13285
{"error":888,"message":"\u6ce8\u610f\uff1a\n\r\u6b64\u5546\u54c1\u4fc3\u9500\u671f\u95f4\u666e\u901a\u4f1a\u5458\u9650\u8d2d 3 \u4ef6\uff01\n\r\u60a8\u4e4b\u524d\u8ba2\u5355\u4e2d\u5df2\u7ecf\u5b58\u5728 3 \u4ef6\uff01\n\r\u60a8\u53ea\u80fd\u518d\u4e70 0 \u4ef6\uff01","content":"","goods_id":"1717","captcha":"13285","number":"3","donation_number":null}
addToCart(1717,3) failed  at Apr 25, 2015 11:00:48 AM, will readd
retry buy good 1717 at Apr 25, 2015 11:00:49 AM
Download full image code is correct as 82190
{"error":888,"message":"\u6ce8\u610f\uff1a\n\r\u6b64\u5546\u54c1\u4fc3\u9500\u671f\u95f4\u666e\u901a\u4f1a\u5458\u9650\u8d2d 3 \u4ef6\uff01\n\r\u60a8\u4e4b\u524d\u8ba2\u5355\u4e2d\u5df2\u7ecf\u5b58\u5728 3 \u4ef6\uff01\n\r\u60a8\u53ea\u80fd\u518d\u4e70 0 \u4ef6\uff01","content":"","goods_id":"1717","captcha":"82190","number":"3","donation_number":null}
addToCart(1717,3) failed  at Apr 25, 2015 11:00:49 AM, will readd
retry buy good 1717 at Apr 25, 2015 11:00:50 AM
Download full image code is correct as 26970
{"error":888,"message":"\u6ce8\u610f\uff1a\n\r\u6b64\u5546\u54c1\u4fc3\u9500\u671f\u95f4\u666e\u901a\u4f1a\u5458\u9650\u8d2d 3 \u4ef6\uff01\n\r\u60a8\u4e4b\u524d\u8ba2\u5355\u4e2d\u5df2\u7ecf\u5b58\u5728 3 \u4ef6\uff01\n\r\u60a8\u53ea\u80fd\u518d\u4e70 0 \u4ef6\uff01","content":"","goods_id":"1717","captcha":"26970","number":"3","donation_number":null}
addToCart(1717,3) failed  at Apr 25, 2015 11:00:50 AM, will readd
retry buy good 1717 at Apr 25, 2015 11:00:51 AM
Download full image code is correct as 95386
{"error":888,"message":"\u6ce8\u610f\uff1a\n\r\u6b64\u5546\u54c1\u4fc3\u9500\u671f\u95f4\u666e\u901a\u4f1a\u5458\u9650\u8d2d 3 \u4ef6\uff01\n\r\u60a8\u4e4b\u524d\u8ba2\u5355\u4e2d\u5df2\u7ecf\u5b58\u5728 3 \u4ef6\uff01\n\r\u60a8\u53ea\u80fd\u518d\u4e70 0 \u4ef6\uff01","content":"","goods_id":"1717","captcha":"95386","number":"3","donation_number":null}
addToCart(1717,3) failed  at Apr 25, 2015 11:00:51 AM, will readd
retry buy good 1717 at Apr 25, 2015 11:00:52 AM
Download full image code is correct as 71590
{"error":888,"message":"\u6ce8\u610f\uff1a\n\r\u6b64\u5546\u54c1\u4fc3\u9500\u671f\u95f4\u666e\u901a\u4f1a\u5458\u9650\u8d2d 3 \u4ef6\uff01\n\r\u60a8\u4e4b\u524d\u8ba2\u5355\u4e2d\u5df2\u7ecf\u5b58\u5728 3 \u4ef6\uff01\n\r\u60a8\u53ea\u80fd\u518d\u4e70 0 \u4ef6\uff01","content":"","goods_id":"1717","captcha":"71590","number":"3","donation_number":null}
addToCart(1717,3) failed  at Apr 25, 2015 11:00:52 AM, will readd
retry buy good 1717 at Apr 25, 2015 11:00:53 AM
Download full image code is correct as 15307
{"error":888,"message":"\u6ce8\u610f\uff1a\n\r\u6b64\u5546\u54c1\u4fc3\u9500\u671f\u95f4\u666e\u901a\u4f1a\u5458\u9650\u8d2d 3 \u4ef6\uff01\n\r\u60a8\u4e4b\u524d\u8ba2\u5355\u4e2d\u5df2\u7ecf\u5b58\u5728 3 \u4ef6\uff01\n\r\u60a8\u53ea\u80fd\u518d\u4e70 0 \u4ef6\uff01","content":"","goods_id":"1717","captcha":"15307","number":"3","donation_number":null}
addToCart(1717,3) failed  at Apr 25, 2015 11:00:53 AM, will readd
retry buy good 1717 at Apr 25, 2015 11:00:54 AM
Download full image code is correct as 37916
{"error":888,"message":"\u6ce8\u610f\uff1a\n\r\u6b64\u5546\u54c1\u4fc3\u9500\u671f\u95f4\u666e\u901a\u4f1a\u5458\u9650\u8d2d 3 \u4ef6\uff01\n\r\u60a8\u4e4b\u524d\u8ba2\u5355\u4e2d\u5df2\u7ecf\u5b58\u5728 3 \u4ef6\uff01\n\r\u60a8\u53ea\u80fd\u518d\u4e70 0 \u4ef6\uff01","content":"","goods_id":"1717","captcha":"37916","number":"3","donation_number":null}
addToCart(1717,3) failed  at Apr 25, 2015 11:00:54 AM, will readd
retry buy good 1717 at Apr 25, 2015 11:00:55 AM
Download full image code is correct as 70125
{"error":888,"message":"\u6ce8\u610f\uff1a\n\r\u6b64\u5546\u54c1\u4fc3\u9500\u671f\u95f4\u666e\u901a\u4f1a\u5458\u9650\u8d2d 3 \u4ef6\uff01\n\r\u60a8\u4e4b\u524d\u8ba2\u5355\u4e2d\u5df2\u7ecf\u5b58\u5728 3 \u4ef6\uff01\n\r\u60a8\u53ea\u80fd\u518d\u4e70 0 \u4ef6\uff01","content":"","goods_id":"1717","captcha":"70125","number":"3","donation_number":null}
addToCart(1717,3) failed  at Apr 25, 2015 11:00:56 AM, will readd
retry buy good 1717 at Apr 25, 2015 11:00:56 AM
Download full image code is correct as 09641
{"error":888,"message":"\u6ce8\u610f\uff1a\n\r\u6b64\u5546\u54c1\u4fc3\u9500\u671f\u95f4\u666e\u901a\u4f1a\u5458\u9650\u8d2d 3 \u4ef6\uff01\n\r\u60a8\u4e4b\u524d\u8ba2\u5355\u4e2d\u5df2\u7ecf\u5b58\u5728 3 \u4ef6\uff01\n\r\u60a8\u53ea\u80fd\u518d\u4e70 0 \u4ef6\uff01","content":"","goods_id":"1717","captcha":"09641","number":"3","donation_number":null}
addToCart(1717,3) failed  at Apr 25, 2015 11:00:57 AM, will readd
retry buy good 1717 at Apr 25, 2015 11:00:57 AM
Download full image code is correct as 79642
{"error":888,"message":"\u6ce8\u610f\uff1a\n\r\u6b64\u5546\u54c1\u4fc3\u9500\u671f\u95f4\u666e\u901a\u4f1a\u5458\u9650\u8d2d 3 \u4ef6\uff01\n\r\u60a8\u4e4b\u524d\u8ba2\u5355\u4e2d\u5df2\u7ecf\u5b58\u5728 3 \u4ef6\uff01\n\r\u60a8\u53ea\u80fd\u518d\u4e70 0 \u4ef6\uff01","content":"","goods_id":"1717","captcha":"79642","number":"3","donation_number":null}
addToCart(1717,3) failed  at Apr 25, 2015 11:00:58 AM, will readd
retry buy good 1717 at Apr 25, 2015 11:00:58 AM
Download full image code is correct as 82975
{"error":888,"message":"\u6ce8\u610f\uff1a\n\r\u6b64\u5546\u54c1\u4fc3\u9500\u671f\u95f4\u666e\u901a\u4f1a\u5458\u9650\u8d2d 3 \u4ef6\uff01\n\r\u60a8\u4e4b\u524d\u8ba2\u5355\u4e2d\u5df2\u7ecf\u5b58\u5728 3 \u4ef6\uff01\n\r\u60a8\u53ea\u80fd\u518d\u4e70 0 \u4ef6\uff01","content":"","goods_id":"1717","captcha":"82975","number":"3","donation_number":null}
addToCart(1717,3) failed  at Apr 25, 2015 11:00:59 AM, will readd
retry buy good 1717 at Apr 25, 2015 11:00:59 AM
Download full image code is correct as 28190
{"error":888,"message":"\u6ce8\u610f\uff1a\n\r\u6b64\u5546\u54c1\u4fc3\u9500\u671f\u95f4\u666e\u901a\u4f1a\u5458\u9650\u8d2d 3 \u4ef6\uff01\n\r\u60a8\u4e4b\u524d\u8ba2\u5355\u4e2d\u5df2\u7ecf\u5b58\u5728 3 \u4ef6\uff01\n\r\u60a8\u53ea\u80fd\u518d\u4e70 0 \u4ef6\uff01","content":"","goods_id":"1717","captcha":"28190","number":"3","donation_number":null}
addToCart(1717,3) failed  at Apr 25, 2015 11:01:00 AM, will readd
retry buy good 1717 at Apr 25, 2015 11:01:00 AM
Download full image code is correct as 59621
{"error":888,"message":"\u6ce8\u610f\uff1a\n\r\u6b64\u5546\u54c1\u4fc3\u9500\u671f\u95f4\u666e\u901a\u4f1a\u5458\u9650\u8d2d 3 \u4ef6\uff01\n\r\u60a8\u4e4b\u524d\u8ba2\u5355\u4e2d\u5df2\u7ecf\u5b58\u5728 3 \u4ef6\uff01\n\r\u60a8\u53ea\u80fd\u518d\u4e70 0 \u4ef6\uff01","content":"","goods_id":"1717","captcha":"59621","number":"3","donation_number":null}
addToCart(1717,3) failed  at Apr 25, 2015 11:01:01 AM, will readd
retry buy good 1717 at Apr 25, 2015 11:01:01 AM
Download full image code is correct as 74921
{"error":888,"message":"\u6ce8\u610f\uff1a\n\r\u6b64\u5546\u54c1\u4fc3\u9500\u671f\u95f4\u666e\u901a\u4f1a\u5458\u9650\u8d2d 3 \u4ef6\uff01\n\r\u60a8\u4e4b\u524d\u8ba2\u5355\u4e2d\u5df2\u7ecf\u5b58\u5728 3 \u4ef6\uff01\n\r\u60a8\u53ea\u80fd\u518d\u4e70 0 \u4ef6\uff01","content":"","goods_id":"1717","captcha":"74921","number":"3","donation_number":null}
addToCart(1717,3) failed  at Apr 25, 2015 11:01:02 AM, will readd
retry buy good 1717 at Apr 25, 2015 11:01:03 AM
Download full image code is correct as 21650
{"error":888,"message":"\u6ce8\u610f\uff1a\n\r\u6b64\u5546\u54c1\u4fc3\u9500\u671f\u95f4\u666e\u901a\u4f1a\u5458\u9650\u8d2d 3 \u4ef6\uff01\n\r\u60a8\u4e4b\u524d\u8ba2\u5355\u4e2d\u5df2\u7ecf\u5b58\u5728 3 \u4ef6\uff01\n\r\u60a8\u53ea\u80fd\u518d\u4e70 0 \u4ef6\uff01","content":"","goods_id":"1717","captcha":"21650","number":"3","donation_number":null}
addToCart(1717,3) failed  at Apr 25, 2015 11:01:03 AM, will readd
retry buy good 1717 at Apr 25, 2015 11:01:04 AM
Download full image code is correct as 15962
{"error":888,"message":"\u6ce8\u610f\uff1a\n\r\u6b64\u5546\u54c1\u4fc3\u9500\u671f\u95f4\u666e\u901a\u4f1a\u5458\u9650\u8d2d 3 \u4ef6\uff01\n\r\u60a8\u4e4b\u524d\u8ba2\u5355\u4e2d\u5df2\u7ecf\u5b58\u5728 3 \u4ef6\uff01\n\r\u60a8\u53ea\u80fd\u518d\u4e70 0 \u4ef6\uff01","content":"","goods_id":"1717","captcha":"15962","number":"3","donation_number":null}
addToCart(1717,3) failed  at Apr 25, 2015 11:01:04 AM, will readd
retry buy good 1717 at Apr 25, 2015 11:01:05 AM
Download full image code is correct as 26795
{"error":888,"message":"\u6ce8\u610f\uff1a\n\r\u6b64\u5546\u54c1\u4fc3\u9500\u671f\u95f4\u666e\u901a\u4f1a\u5458\u9650\u8d2d 3 \u4ef6\uff01\n\r\u60a8\u4e4b\u524d\u8ba2\u5355\u4e2d\u5df2\u7ecf\u5b58\u5728 3 \u4ef6\uff01\n\r\u60a8\u53ea\u80fd\u518d\u4e70 0 \u4ef6\uff01","content":"","goods_id":"1717","captcha":"26795","number":"3","donation_number":null}
addToCart(1717,3) failed  at Apr 25, 2015 11:01:08 AM, will readd
retry buy good 1717 at Apr 25, 2015 11:01:09 AM
Download full image code is correct as 06278
{"error":888,"message":"\u6ce8\u610f\uff1a\n\r\u6b64\u5546\u54c1\u4fc3\u9500\u671f\u95f4\u666e\u901a\u4f1a\u5458\u9650\u8d2d 3 \u4ef6\uff01\n\r\u60a8\u4e4b\u524d\u8ba2\u5355\u4e2d\u5df2\u7ecf\u5b58\u5728 3 \u4ef6\uff01\n\r\u60a8\u53ea\u80fd\u518d\u4e70 0 \u4ef6\uff01","content":"","goods_id":"1717","captcha":"06278","number":"3","donation_number":null}
addToCart(1717,3) failed  at Apr 25, 2015 11:01:09 AM, will readd
retry buy good 1717 at Apr 25, 2015 11:01:10 AM
Download full image code is correct as 87150
{"error":888,"message":"\u6ce8\u610f\uff1a\n\r\u6b64\u5546\u54c1\u4fc3\u9500\u671f\u95f4\u666e\u901a\u4f1a\u5458\u9650\u8d2d 3 \u4ef6\uff01\n\r\u60a8\u4e4b\u524d\u8ba2\u5355\u4e2d\u5df2\u7ecf\u5b58\u5728 3 \u4ef6\uff01\n\r\u60a8\u53ea\u80fd\u518d\u4e70 0 \u4ef6\uff01","content":"","goods_id":"1717","captcha":"87150","number":"3","donation_number":null}
addToCart(1717,3) failed  at Apr 25, 2015 11:01:10 AM, will readd
retry buy good 1717 at Apr 25, 2015 11:01:11 AM
Download full image code is correct as 92168
{"error":888,"message":"\u6ce8\u610f\uff1a\n\r\u6b64\u5546\u54c1\u4fc3\u9500\u671f\u95f4\u666e\u901a\u4f1a\u5458\u9650\u8d2d 3 \u4ef6\uff01\n\r\u60a8\u4e4b\u524d\u8ba2\u5355\u4e2d\u5df2\u7ecf\u5b58\u5728 3 \u4ef6\uff01\n\r\u60a8\u53ea\u80fd\u518d\u4e70 0 \u4ef6\uff01","content":"","goods_id":"1717","captcha":"92168","number":"3","donation_number":null}
addToCart(1717,3) failed  at Apr 25, 2015 11:01:11 AM, will readd
retry buy good 1717 at Apr 25, 2015 11:01:12 AM
Download full image code is correct as 36725
{"error":888,"message":"\u6ce8\u610f\uff1a\n\r\u6b64\u5546\u54c1\u4fc3\u9500\u671f\u95f4\u666e\u901a\u4f1a\u5458\u9650\u8d2d 3 \u4ef6\uff01\n\r\u60a8\u4e4b\u524d\u8ba2\u5355\u4e2d\u5df2\u7ecf\u5b58\u5728 3 \u4ef6\uff01\n\r\u60a8\u53ea\u80fd\u518d\u4e70 0 \u4ef6\uff01","content":"","goods_id":"1717","captcha":"36725","number":"3","donation_number":null}
addToCart(1717,3) failed  at Apr 25, 2015 11:01:12 AM, will readd
retry buy good 1717 at Apr 25, 2015 11:01:13 AM
Download full image code is correct as 57238
{"error":888,"message":"\u6ce8\u610f\uff1a\n\r\u6b64\u5546\u54c1\u4fc3\u9500\u671f\u95f4\u666e\u901a\u4f1a\u5458\u9650\u8d2d 3 \u4ef6\uff01\n\r\u60a8\u4e4b\u524d\u8ba2\u5355\u4e2d\u5df2\u7ecf\u5b58\u5728 3 \u4ef6\uff01\n\r\u60a8\u53ea\u80fd\u518d\u4e70 0 \u4ef6\uff01","content":"","goods_id":"1717","captcha":"57238","number":"3","donation_number":null}
addToCart(1717,3) failed  at Apr 25, 2015 11:01:14 AM, will readd
retry buy good 1717 at Apr 25, 2015 11:01:14 AM
Download full image code is correct as 73460
{"error":888,"message":"\u6ce8\u610f\uff1a\n\r\u6b64\u5546\u54c1\u4fc3\u9500\u671f\u95f4\u666e\u901a\u4f1a\u5458\u9650\u8d2d 3 \u4ef6\uff01\n\r\u60a8\u4e4b\u524d\u8ba2\u5355\u4e2d\u5df2\u7ecf\u5b58\u5728 3 \u4ef6\uff01\n\r\u60a8\u53ea\u80fd\u518d\u4e70 0 \u4ef6\uff01","content":"","goods_id":"1717","captcha":"73460","number":"3","donation_number":null}
addToCart(1717,3) failed  at Apr 25, 2015 11:01:15 AM, will readd
retry buy good 1717 at Apr 25, 2015 11:01:15 AM
Download full image code is correct as 84395
{"error":888,"message":"\u6ce8\u610f\uff1a\n\r\u6b64\u5546\u54c1\u4fc3\u9500\u671f\u95f4\u666e\u901a\u4f1a\u5458\u9650\u8d2d 3 \u4ef6\uff01\n\r\u60a8\u4e4b\u524d\u8ba2\u5355\u4e2d\u5df2\u7ecf\u5b58\u5728 3 \u4ef6\uff01\n\r\u60a8\u53ea\u80fd\u518d\u4e70 0 \u4ef6\uff01","content":"","goods_id":"1717","captcha":"84395","number":"3","donation_number":null}
addToCart(1717,3) failed  at Apr 25, 2015 11:01:16 AM, will readd
retry buy good 1717 at Apr 25, 2015 11:01:16 AM
Download full image code is correct as 15270
{"error":888,"message":"\u6ce8\u610f\uff1a\n\r\u6b64\u5546\u54c1\u4fc3\u9500\u671f\u95f4\u666e\u901a\u4f1a\u5458\u9650\u8d2d 3 \u4ef6\uff01\n\r\u60a8\u4e4b\u524d\u8ba2\u5355\u4e2d\u5df2\u7ecf\u5b58\u5728 3 \u4ef6\uff01\n\r\u60a8\u53ea\u80fd\u518d\u4e70 0 \u4ef6\uff01","content":"","goods_id":"1717","captcha":"15270","number":"3","donation_number":null}
addToCart(1717,3) failed  at Apr 25, 2015 11:01:17 AM, will readd
retry buy good 1717 at Apr 25, 2015 11:01:17 AM
Download full image code is correct as 63187
{"error":888,"message":"\u6ce8\u610f\uff1a\n\r\u6b64\u5546\u54c1\u4fc3\u9500\u671f\u95f4\u666e\u901a\u4f1a\u5458\u9650\u8d2d 3 \u4ef6\uff01\n\r\u60a8\u4e4b\u524d\u8ba2\u5355\u4e2d\u5df2\u7ecf\u5b58\u5728 3 \u4ef6\uff01\n\r\u60a8\u53ea\u80fd\u518d\u4e70 0 \u4ef6\uff01","content":"","goods_id":"1717","captcha":"63187","number":"3","donation_number":null}
addToCart(1717,3) failed  at Apr 25, 2015 11:01:18 AM, will readd
retry buy good 1717 at Apr 25, 2015 11:01:19 AM
Download full image code is correct as 03461
{"error":888,"message":"\u6ce8\u610f\uff1a\n\r\u6b64\u5546\u54c1\u4fc3\u9500\u671f\u95f4\u666e\u901a\u4f1a\u5458\u9650\u8d2d 3 \u4ef6\uff01\n\r\u60a8\u4e4b\u524d\u8ba2\u5355\u4e2d\u5df2\u7ecf\u5b58\u5728 3 \u4ef6\uff01\n\r\u60a8\u53ea\u80fd\u518d\u4e70 0 \u4ef6\uff01","content":"","goods_id":"1717","captcha":"03461","number":"3","donation_number":null}
addToCart(1717,3) failed  at Apr 25, 2015 11:01:19 AM, will readd
retry buy good 1717 at Apr 25, 2015 11:01:20 AM
Download full image code is correct as 10634
{"error":888,"message":"\u6ce8\u610f\uff1a\n\r\u6b64\u5546\u54c1\u4fc3\u9500\u671f\u95f4\u666e\u901a\u4f1a\u5458\u9650\u8d2d 3 \u4ef6\uff01\n\r\u60a8\u4e4b\u524d\u8ba2\u5355\u4e2d\u5df2\u7ecf\u5b58\u5728 3 \u4ef6\uff01\n\r\u60a8\u53ea\u80fd\u518d\u4e70 0 \u4ef6\uff01","content":"","goods_id":"1717","captcha":"10634","number":"3","donation_number":null}
addToCart(1717,3) failed  at Apr 25, 2015 11:01:20 AM, will readd
retry buy good 1717 at Apr 25, 2015 11:01:21 AM
Download full image code is correct as 35720
{"error":888,"message":"\u6ce8\u610f\uff1a\n\r\u6b64\u5546\u54c1\u4fc3\u9500\u671f\u95f4\u666e\u901a\u4f1a\u5458\u9650\u8d2d 3 \u4ef6\uff01\n\r\u60a8\u4e4b\u524d\u8ba2\u5355\u4e2d\u5df2\u7ecf\u5b58\u5728 3 \u4ef6\uff01\n\r\u60a8\u53ea\u80fd\u518d\u4e70 0 \u4ef6\uff01","content":"","goods_id":"1717","captcha":"35720","number":"3","donation_number":null}
addToCart(1717,3) failed  at Apr 25, 2015 11:01:21 AM, will readd
retry buy good 1717 at Apr 25, 2015 11:01:22 AM
Download full image code is correct as 16029
{"error":888,"message":"\u6ce8\u610f\uff1a\n\r\u6b64\u5546\u54c1\u4fc3\u9500\u671f\u95f4\u666e\u901a\u4f1a\u5458\u9650\u8d2d 3 \u4ef6\uff01\n\r\u60a8\u4e4b\u524d\u8ba2\u5355\u4e2d\u5df2\u7ecf\u5b58\u5728 3 \u4ef6\uff01\n\r\u60a8\u53ea\u80fd\u518d\u4e70 0 \u4ef6\uff01","content":"","goods_id":"1717","captcha":"16029","number":"3","donation_number":null}
addToCart(1717,3) failed  at Apr 25, 2015 11:01:23 AM, will readd
retry buy good 1717 at Apr 25, 2015 11:01:23 AM
Download full image code is correct as 78169
{"error":888,"message":"\u6ce8\u610f\uff1a\n\r\u6b64\u5546\u54c1\u4fc3\u9500\u671f\u95f4\u666e\u901a\u4f1a\u5458\u9650\u8d2d 3 \u4ef6\uff01\n\r\u60a8\u4e4b\u524d\u8ba2\u5355\u4e2d\u5df2\u7ecf\u5b58\u5728 3 \u4ef6\uff01\n\r\u60a8\u53ea\u80fd\u518d\u4e70 0 \u4ef6\uff01","content":"","goods_id":"1717","captcha":"78169","number":"3","donation_number":null}
addToCart(1717,3) failed  at Apr 25, 2015 11:01:24 AM, will readd
retry buy good 1717 at Apr 25, 2015 11:01:24 AM
Download full image code is correct as 02384
{"error":888,"message":"\u6ce8\u610f\uff1a\n\r\u6b64\u5546\u54c1\u4fc3\u9500\u671f\u95f4\u666e\u901a\u4f1a\u5458\u9650\u8d2d 3 \u4ef6\uff01\n\r\u60a8\u4e4b\u524d\u8ba2\u5355\u4e2d\u5df2\u7ecf\u5b58\u5728 3 \u4ef6\uff01\n\r\u60a8\u53ea\u80fd\u518d\u4e70 0 \u4ef6\uff01","content":"","goods_id":"1717","captcha":"02384","number":"3","donation_number":null}
addToCart(1717,3) failed  at Apr 25, 2015 11:01:25 AM, will readd
retry buy good 1717 at Apr 25, 2015 11:01:25 AM
Download full image code is correct as 75043
<html><head><title>502 Bad Gateway</title></head><body bgcolor="white"><center><h1>502 Bad Gateway</h1></center><hr><center>nginx/1.0.2</center></body></html>
addToCart(1717,3) failed at Apr 25, 2015 11:01:26 AM, will readd
org.apache.http.conn.EofSensorInputStream@6910abfe
retry buy good 1717 at Apr 25, 2015 11:01:26 AM
Download full image code is correct as 87109
{"error":888,"message":"\u6ce8\u610f\uff1a\n\r\u6b64\u5546\u54c1\u4fc3\u9500\u671f\u95f4\u666e\u901a\u4f1a\u5458\u9650\u8d2d 3 \u4ef6\uff01\n\r\u60a8\u4e4b\u524d\u8ba2\u5355\u4e2d\u5df2\u7ecf\u5b58\u5728 3 \u4ef6\uff01\n\r\u60a8\u53ea\u80fd\u518d\u4e70 0 \u4ef6\uff01","content":"","goods_id":"1717","captcha":"87109","number":"3","donation_number":null}
addToCart(1717,3) failed  at Apr 25, 2015 11:01:27 AM, will readd
retry buy good 1717 at Apr 25, 2015 11:01:27 AM
Download full image code is correct as 38256
{"error":888,"message":"\u6ce8\u610f\uff1a\n\r\u6b64\u5546\u54c1\u4fc3\u9500\u671f\u95f4\u666e\u901a\u4f1a\u5458\u9650\u8d2d 3 \u4ef6\uff01\n\r\u60a8\u4e4b\u524d\u8ba2\u5355\u4e2d\u5df2\u7ecf\u5b58\u5728 3 \u4ef6\uff01\n\r\u60a8\u53ea\u80fd\u518d\u4e70 0 \u4ef6\uff01","content":"","goods_id":"1717","captcha":"38256","number":"3","donation_number":null}
addToCart(1717,3) failed  at Apr 25, 2015 11:01:28 AM, will readd
retry buy good 1717 at Apr 25, 2015 11:01:28 AM
Download full image code is correct as 65470
{"error":888,"message":"\u6ce8\u610f\uff1a\n\r\u6b64\u5546\u54c1\u4fc3\u9500\u671f\u95f4\u666e\u901a\u4f1a\u5458\u9650\u8d2d 3 \u4ef6\uff01\n\r\u60a8\u4e4b\u524d\u8ba2\u5355\u4e2d\u5df2\u7ecf\u5b58\u5728 3 \u4ef6\uff01\n\r\u60a8\u53ea\u80fd\u518d\u4e70 0 \u4ef6\uff01","content":"","goods_id":"1717","captcha":"65470","number":"3","donation_number":null}
addToCart(1717,3) failed  at Apr 25, 2015 11:01:29 AM, will readd
retry buy good 1717 at Apr 25, 2015 11:01:30 AM
Download full image code is correct as 58761
{"error":888,"message":"\u6ce8\u610f\uff1a\n\r\u6b64\u5546\u54c1\u4fc3\u9500\u671f\u95f4\u666e\u901a\u4f1a\u5458\u9650\u8d2d 3 \u4ef6\uff01\n\r\u60a8\u4e4b\u524d\u8ba2\u5355\u4e2d\u5df2\u7ecf\u5b58\u5728 3 \u4ef6\uff01\n\r\u60a8\u53ea\u80fd\u518d\u4e70 0 \u4ef6\uff01","content":"","goods_id":"1717","captcha":"58761","number":"3","donation_number":null}
addToCart(1717,3) failed  at Apr 25, 2015 11:01:30 AM, will readd
retry buy good 1717 at Apr 25, 2015 11:01:31 AM
Download full image code is correct as 30598
{"error":888,"message":"\u6ce8\u610f\uff1a\n\r\u6b64\u5546\u54c1\u4fc3\u9500\u671f\u95f4\u666e\u901a\u4f1a\u5458\u9650\u8d2d 3 \u4ef6\uff01\n\r\u60a8\u4e4b\u524d\u8ba2\u5355\u4e2d\u5df2\u7ecf\u5b58\u5728 3 \u4ef6\uff01\n\r\u60a8\u53ea\u80fd\u518d\u4e70 0 \u4ef6\uff01","content":"","goods_id":"1717","captcha":"30598","number":"3","donation_number":null}
addToCart(1717,3) failed  at Apr 25, 2015 11:01:31 AM, will readd
retry buy good 1717 at Apr 25, 2015 11:01:32 AM
Download full image code is correct as 60397
{"error":888,"message":"\u6ce8\u610f\uff1a\n\r\u6b64\u5546\u54c1\u4fc3\u9500\u671f\u95f4\u666e\u901a\u4f1a\u5458\u9650\u8d2d 3 \u4ef6\uff01\n\r\u60a8\u4e4b\u524d\u8ba2\u5355\u4e2d\u5df2\u7ecf\u5b58\u5728 3 \u4ef6\uff01\n\r\u60a8\u53ea\u80fd\u518d\u4e70 0 \u4ef6\uff01","content":"","goods_id":"1717","captcha":"60397","number":"3","donation_number":null}
addToCart(1717,3) failed  at Apr 25, 2015 11:01:32 AM, will readd
retry buy good 1717 at Apr 25, 2015 11:01:33 AM
Download full image code is correct as 80423
{"error":888,"message":"\u6ce8\u610f\uff1a\n\r\u6b64\u5546\u54c1\u4fc3\u9500\u671f\u95f4\u666e\u901a\u4f1a\u5458\u9650\u8d2d 3 \u4ef6\uff01\n\r\u60a8\u4e4b\u524d\u8ba2\u5355\u4e2d\u5df2\u7ecf\u5b58\u5728 3 \u4ef6\uff01\n\r\u60a8\u53ea\u80fd\u518d\u4e70 0 \u4ef6\uff01","content":"","goods_id":"1717","captcha":"80423","number":"3","donation_number":null}
addToCart(1717,3) failed  at Apr 25, 2015 11:01:33 AM, will readd
retry buy good 1717 at Apr 25, 2015 11:01:34 AM
Download full image code is correct as 89106
{"error":888,"message":"\u6ce8\u610f\uff1a\n\r\u6b64\u5546\u54c1\u4fc3\u9500\u671f\u95f4\u666e\u901a\u4f1a\u5458\u9650\u8d2d 3 \u4ef6\uff01\n\r\u60a8\u4e4b\u524d\u8ba2\u5355\u4e2d\u5df2\u7ecf\u5b58\u5728 3 \u4ef6\uff01\n\r\u60a8\u53ea\u80fd\u518d\u4e70 0 \u4ef6\uff01","content":"","goods_id":"1717","captcha":"89106","number":"3","donation_number":null}
addToCart(1717,3) failed  at Apr 25, 2015 11:01:34 AM, will readd
retry buy good 1717 at Apr 25, 2015 11:01:35 AM
Download full image code is correct as 12076
{"error":888,"message":"\u6ce8\u610f\uff1a\n\r\u6b64\u5546\u54c1\u4fc3\u9500\u671f\u95f4\u666e\u901a\u4f1a\u5458\u9650\u8d2d 3 \u4ef6\uff01\n\r\u60a8\u4e4b\u524d\u8ba2\u5355\u4e2d\u5df2\u7ecf\u5b58\u5728 3 \u4ef6\uff01\n\r\u60a8\u53ea\u80fd\u518d\u4e70 0 \u4ef6\uff01","content":"","goods_id":"1717","captcha":"12076","number":"3","donation_number":null}
addToCart(1717,3) failed  at Apr 25, 2015 11:01:38 AM, will readd
retry buy good 1717 at Apr 25, 2015 11:01:39 AM
Download full image code is correct as 60517
{"error":888,"message":"\u6ce8\u610f\uff1a\n\r\u6b64\u5546\u54c1\u4fc3\u9500\u671f\u95f4\u666e\u901a\u4f1a\u5458\u9650\u8d2d 3 \u4ef6\uff01\n\r\u60a8\u4e4b\u524d\u8ba2\u5355\u4e2d\u5df2\u7ecf\u5b58\u5728 3 \u4ef6\uff01\n\r\u60a8\u53ea\u80fd\u518d\u4e70 0 \u4ef6\uff01","content":"","goods_id":"1717","captcha":"60517","number":"3","donation_number":null}
addToCart(1717,3) failed  at Apr 25, 2015 11:01:40 AM, will readd
retry buy good 1717 at Apr 25, 2015 11:01:40 AM
Download full image code is correct as 64295
{"error":888,"message":"\u6ce8\u610f\uff1a\n\r\u6b64\u5546\u54c1\u4fc3\u9500\u671f\u95f4\u666e\u901a\u4f1a\u5458\u9650\u8d2d 3 \u4ef6\uff01\n\r\u60a8\u4e4b\u524d\u8ba2\u5355\u4e2d\u5df2\u7ecf\u5b58\u5728 3 \u4ef6\uff01\n\r\u60a8\u53ea\u80fd\u518d\u4e70 0 \u4ef6\uff01","content":"","goods_id":"1717","captcha":"64295","number":"3","donation_number":null}
addToCart(1717,3) failed  at Apr 25, 2015 11:01:41 AM, will readd
retry buy good 1717 at Apr 25, 2015 11:01:41 AM
Download full image code is correct as 35670
{"error":888,"message":"\u6ce8\u610f\uff1a\n\r\u6b64\u5546\u54c1\u4fc3\u9500\u671f\u95f4\u666e\u901a\u4f1a\u5458\u9650\u8d2d 3 \u4ef6\uff01\n\r\u60a8\u4e4b\u524d\u8ba2\u5355\u4e2d\u5df2\u7ecf\u5b58\u5728 3 \u4ef6\uff01\n\r\u60a8\u53ea\u80fd\u518d\u4e70 0 \u4ef6\uff01","content":"","goods_id":"1717","captcha":"35670","number":"3","donation_number":null}
addToCart(1717,3) failed  at Apr 25, 2015 11:01:42 AM, will readd
retry buy good 1717 at Apr 25, 2015 11:01:42 AM
Download full image code is correct as 61840
{"error":888,"message":"\u6ce8\u610f\uff1a\n\r\u6b64\u5546\u54c1\u4fc3\u9500\u671f\u95f4\u666e\u901a\u4f1a\u5458\u9650\u8d2d 3 \u4ef6\uff01\n\r\u60a8\u4e4b\u524d\u8ba2\u5355\u4e2d\u5df2\u7ecf\u5b58\u5728 3 \u4ef6\uff01\n\r\u60a8\u53ea\u80fd\u518d\u4e70 0 \u4ef6\uff01","content":"","goods_id":"1717","captcha":"61840","number":"3","donation_number":null}
addToCart(1717,3) failed  at Apr 25, 2015 11:01:43 AM, will readd
