started at Apr 25, 2015 11:00:35 AM
org.apache.http.NoHttpResponseException: shop.snh48.com failed to respond
	at org.apache.http.impl.conn.DefaultHttpResponseParser.parseHead(DefaultHttpResponseParser.java:143)
	at org.apache.http.impl.conn.DefaultHttpResponseParser.parseHead(DefaultHttpResponseParser.java:57)
	at org.apache.http.impl.io.AbstractMessageParser.parse(AbstractMessageParser.java:260)
	at org.apache.http.impl.AbstractHttpClientConnection.receiveResponseHeader(AbstractHttpClientConnection.java:283)
	at org.apache.http.impl.conn.DefaultClientConnection.receiveResponseHeader(DefaultClientConnection.java:251)
	at org.apache.http.impl.conn.ManagedClientConnectionImpl.receiveResponseHeader(ManagedClientConnectionImpl.java:197)
	at org.apache.http.protocol.HttpRequestExecutor.doReceiveResponse(HttpRequestExecutor.java:271)
	at org.apache.http.protocol.HttpRequestExecutor.execute(HttpRequestExecutor.java:123)
	at org.apache.http.impl.client.DefaultRequestDirector.tryExecute(DefaultRequestDirector.java:685)
	at org.apache.http.impl.client.DefaultRequestDirector.execute(DefaultRequestDirector.java:487)
	at org.apache.http.impl.client.AbstractHttpClient.doExecute(AbstractHttpClient.java:863)
	at org.apache.http.impl.client.CloseableHttpClient.execute(CloseableHttpClient.java:82)
	at org.apache.http.impl.client.CloseableHttpClient.execute(CloseableHttpClient.java:106)
	at BuyTickets.login(BuyTickets.java:382)
	at BuyTickets.run(BuyTickets.java:114)
login sucessfully with proxy 120.193.146.93 at Apr 25, 2015 11:00:37 AM
Download full image code is correct as 68052
{"error":888,"message":"\u6ce8\u610f\uff1a\n\r\u6b64\u5546\u54c1\u4fc3\u9500\u671f\u95f4\u666e\u901a\u4f1a\u5458\u9650\u8d2d 1 \u4ef6\uff01\n\r\u60a8\u4e4b\u524d\u8ba2\u5355\u4e2d\u5df2\u7ecf\u5b58\u5728 1 \u4ef6\uff01\n\r\u60a8\u53ea\u80fd\u518d\u4e70 0 \u4ef6\uff01","content":"","goods_id":"1721","captcha":"68052","number":"1","donation_number":null}
addToCart(1721,1) failed  at Apr 25, 2015 11:00:38 AM, will readd
retry buy good 1721 at Apr 25, 2015 11:00:38 AM
Download full image code is correct as 23405
{"error":888,"message":"\u6ce8\u610f\uff1a\n\r\u6b64\u5546\u54c1\u4fc3\u9500\u671f\u95f4\u666e\u901a\u4f1a\u5458\u9650\u8d2d 1 \u4ef6\uff01\n\r\u60a8\u4e4b\u524d\u8ba2\u5355\u4e2d\u5df2\u7ecf\u5b58\u5728 1 \u4ef6\uff01\n\r\u60a8\u53ea\u80fd\u518d\u4e70 0 \u4ef6\uff01","content":"","goods_id":"1721","captcha":"23405","number":"1","donation_number":null}
addToCart(1721,1) failed  at Apr 25, 2015 11:00:39 AM, will readd
retry buy good 1721 at Apr 25, 2015 11:00:39 AM
Download full image code is correct as 95483
{"error":888,"message":"\u6ce8\u610f\uff1a\n\r\u6b64\u5546\u54c1\u4fc3\u9500\u671f\u95f4\u666e\u901a\u4f1a\u5458\u9650\u8d2d 1 \u4ef6\uff01\n\r\u60a8\u4e4b\u524d\u8ba2\u5355\u4e2d\u5df2\u7ecf\u5b58\u5728 1 \u4ef6\uff01\n\r\u60a8\u53ea\u80fd\u518d\u4e70 0 \u4ef6\uff01","content":"","goods_id":"1721","captcha":"95483","number":"1","donation_number":null}
addToCart(1721,1) failed  at Apr 25, 2015 11:00:40 AM, will readd
retry buy good 1721 at Apr 25, 2015 11:00:41 AM
Download full image code is correct as 93125
{"error":888,"message":"\u6ce8\u610f\uff1a\n\r\u6b64\u5546\u54c1\u4fc3\u9500\u671f\u95f4\u666e\u901a\u4f1a\u5458\u9650\u8d2d 1 \u4ef6\uff01\n\r\u60a8\u4e4b\u524d\u8ba2\u5355\u4e2d\u5df2\u7ecf\u5b58\u5728 1 \u4ef6\uff01\n\r\u60a8\u53ea\u80fd\u518d\u4e70 0 \u4ef6\uff01","content":"","goods_id":"1721","captcha":"93125","number":"1","donation_number":null}
addToCart(1721,1) failed  at Apr 25, 2015 11:00:41 AM, will readd
retry buy good 1721 at Apr 25, 2015 11:00:41 AM
Download full image code is correct as 58032
{"error":888,"message":"\u6ce8\u610f\uff1a\n\r\u6b64\u5546\u54c1\u4fc3\u9500\u671f\u95f4\u666e\u901a\u4f1a\u5458\u9650\u8d2d 1 \u4ef6\uff01\n\r\u60a8\u4e4b\u524d\u8ba2\u5355\u4e2d\u5df2\u7ecf\u5b58\u5728 1 \u4ef6\uff01\n\r\u60a8\u53ea\u80fd\u518d\u4e70 0 \u4ef6\uff01","content":"","goods_id":"1721","captcha":"58032","number":"1","donation_number":null}
addToCart(1721,1) failed  at Apr 25, 2015 11:00:42 AM, will readd
retry buy good 1721 at Apr 25, 2015 11:00:43 AM
Download full image code is correct as 40867
{"error":888,"message":"\u6ce8\u610f\uff1a\n\r\u6b64\u5546\u54c1\u4fc3\u9500\u671f\u95f4\u666e\u901a\u4f1a\u5458\u9650\u8d2d 1 \u4ef6\uff01\n\r\u60a8\u4e4b\u524d\u8ba2\u5355\u4e2d\u5df2\u7ecf\u5b58\u5728 1 \u4ef6\uff01\n\r\u60a8\u53ea\u80fd\u518d\u4e70 0 \u4ef6\uff01","content":"","goods_id":"1721","captcha":"40867","number":"1","donation_number":null}
addToCart(1721,1) failed  at Apr 25, 2015 11:00:43 AM, will readd
retry buy good 1721 at Apr 25, 2015 11:00:44 AM
Download full image code is correct as 14583
{"error":888,"message":"\u6ce8\u610f\uff1a\n\r\u6b64\u5546\u54c1\u4fc3\u9500\u671f\u95f4\u666e\u901a\u4f1a\u5458\u9650\u8d2d 1 \u4ef6\uff01\n\r\u60a8\u4e4b\u524d\u8ba2\u5355\u4e2d\u5df2\u7ecf\u5b58\u5728 1 \u4ef6\uff01\n\r\u60a8\u53ea\u80fd\u518d\u4e70 0 \u4ef6\uff01","content":"","goods_id":"1721","captcha":"14583","number":"1","donation_number":null}
addToCart(1721,1) failed  at Apr 25, 2015 11:00:44 AM, will readd
retry buy good 1721 at Apr 25, 2015 11:00:45 AM
Download full image code is correct as 14629
{"error":888,"message":"\u6ce8\u610f\uff1a\n\r\u6b64\u5546\u54c1\u4fc3\u9500\u671f\u95f4\u666e\u901a\u4f1a\u5458\u9650\u8d2d 1 \u4ef6\uff01\n\r\u60a8\u4e4b\u524d\u8ba2\u5355\u4e2d\u5df2\u7ecf\u5b58\u5728 1 \u4ef6\uff01\n\r\u60a8\u53ea\u80fd\u518d\u4e70 0 \u4ef6\uff01","content":"","goods_id":"1721","captcha":"14629","number":"1","donation_number":null}
addToCart(1721,1) failed  at Apr 25, 2015 11:00:45 AM, will readd
retry buy good 1721 at Apr 25, 2015 11:00:46 AM
Download full image code is correct as 38976
{"error":888,"message":"\u6ce8\u610f\uff1a\n\r\u6b64\u5546\u54c1\u4fc3\u9500\u671f\u95f4\u666e\u901a\u4f1a\u5458\u9650\u8d2d 1 \u4ef6\uff01\n\r\u60a8\u4e4b\u524d\u8ba2\u5355\u4e2d\u5df2\u7ecf\u5b58\u5728 1 \u4ef6\uff01\n\r\u60a8\u53ea\u80fd\u518d\u4e70 0 \u4ef6\uff01","content":"","goods_id":"1721","captcha":"38976","number":"1","donation_number":null}
addToCart(1721,1) failed  at Apr 25, 2015 11:00:46 AM, will readd
retry buy good 1721 at Apr 25, 2015 11:00:47 AM
Download full image code is correct as 64127
{"error":888,"message":"\u6ce8\u610f\uff1a\n\r\u6b64\u5546\u54c1\u4fc3\u9500\u671f\u95f4\u666e\u901a\u4f1a\u5458\u9650\u8d2d 1 \u4ef6\uff01\n\r\u60a8\u4e4b\u524d\u8ba2\u5355\u4e2d\u5df2\u7ecf\u5b58\u5728 1 \u4ef6\uff01\n\r\u60a8\u53ea\u80fd\u518d\u4e70 0 \u4ef6\uff01","content":"","goods_id":"1721","captcha":"64127","number":"1","donation_number":null}
addToCart(1721,1) failed  at Apr 25, 2015 11:00:47 AM, will readd
retry buy good 1721 at Apr 25, 2015 11:00:48 AM
Download full image code is correct as 42613
{"error":888,"message":"\u6ce8\u610f\uff1a\n\r\u6b64\u5546\u54c1\u4fc3\u9500\u671f\u95f4\u666e\u901a\u4f1a\u5458\u9650\u8d2d 1 \u4ef6\uff01\n\r\u60a8\u4e4b\u524d\u8ba2\u5355\u4e2d\u5df2\u7ecf\u5b58\u5728 1 \u4ef6\uff01\n\r\u60a8\u53ea\u80fd\u518d\u4e70 0 \u4ef6\uff01","content":"","goods_id":"1721","captcha":"42613","number":"1","donation_number":null}
addToCart(1721,1) failed  at Apr 25, 2015 11:00:48 AM, will readd
retry buy good 1721 at Apr 25, 2015 11:00:49 AM
Download full image code is correct as 71046
{"error":888,"message":"\u6ce8\u610f\uff1a\n\r\u6b64\u5546\u54c1\u4fc3\u9500\u671f\u95f4\u666e\u901a\u4f1a\u5458\u9650\u8d2d 1 \u4ef6\uff01\n\r\u60a8\u4e4b\u524d\u8ba2\u5355\u4e2d\u5df2\u7ecf\u5b58\u5728 1 \u4ef6\uff01\n\r\u60a8\u53ea\u80fd\u518d\u4e70 0 \u4ef6\uff01","content":"","goods_id":"1721","captcha":"71046","number":"1","donation_number":null}
addToCart(1721,1) failed  at Apr 25, 2015 11:00:49 AM, will readd
retry buy good 1721 at Apr 25, 2015 11:00:50 AM
Download full image code is correct as 13795
{"error":888,"message":"\u6ce8\u610f\uff1a\n\r\u6b64\u5546\u54c1\u4fc3\u9500\u671f\u95f4\u666e\u901a\u4f1a\u5458\u9650\u8d2d 1 \u4ef6\uff01\n\r\u60a8\u4e4b\u524d\u8ba2\u5355\u4e2d\u5df2\u7ecf\u5b58\u5728 1 \u4ef6\uff01\n\r\u60a8\u53ea\u80fd\u518d\u4e70 0 \u4ef6\uff01","content":"","goods_id":"1721","captcha":"13795","number":"1","donation_number":null}
addToCart(1721,1) failed  at Apr 25, 2015 11:00:50 AM, will readd
retry buy good 1721 at Apr 25, 2015 11:00:51 AM
Download full image code is correct as 50973
{"error":888,"message":"\u6ce8\u610f\uff1a\n\r\u6b64\u5546\u54c1\u4fc3\u9500\u671f\u95f4\u666e\u901a\u4f1a\u5458\u9650\u8d2d 1 \u4ef6\uff01\n\r\u60a8\u4e4b\u524d\u8ba2\u5355\u4e2d\u5df2\u7ecf\u5b58\u5728 1 \u4ef6\uff01\n\r\u60a8\u53ea\u80fd\u518d\u4e70 0 \u4ef6\uff01","content":"","goods_id":"1721","captcha":"50973","number":"1","donation_number":null}
addToCart(1721,1) failed  at Apr 25, 2015 11:00:51 AM, will readd
retry buy good 1721 at Apr 25, 2015 11:00:52 AM
Download full image code is correct as 69254
{"error":888,"message":"\u6ce8\u610f\uff1a\n\r\u6b64\u5546\u54c1\u4fc3\u9500\u671f\u95f4\u666e\u901a\u4f1a\u5458\u9650\u8d2d 1 \u4ef6\uff01\n\r\u60a8\u4e4b\u524d\u8ba2\u5355\u4e2d\u5df2\u7ecf\u5b58\u5728 1 \u4ef6\uff01\n\r\u60a8\u53ea\u80fd\u518d\u4e70 0 \u4ef6\uff01","content":"","goods_id":"1721","captcha":"69254","number":"1","donation_number":null}
addToCart(1721,1) failed  at Apr 25, 2015 11:00:52 AM, will readd
retry buy good 1721 at Apr 25, 2015 11:00:53 AM
Download full image code is correct as 68071
{"error":888,"message":"\u6ce8\u610f\uff1a\n\r\u6b64\u5546\u54c1\u4fc3\u9500\u671f\u95f4\u666e\u901a\u4f1a\u5458\u9650\u8d2d 1 \u4ef6\uff01\n\r\u60a8\u4e4b\u524d\u8ba2\u5355\u4e2d\u5df2\u7ecf\u5b58\u5728 1 \u4ef6\uff01\n\r\u60a8\u53ea\u80fd\u518d\u4e70 0 \u4ef6\uff01","content":"","goods_id":"1721","captcha":"68071","number":"1","donation_number":null}
addToCart(1721,1) failed  at Apr 25, 2015 11:00:53 AM, will readd
retry buy good 1721 at Apr 25, 2015 11:00:54 AM
Download full image code is correct as 65809
{"error":888,"message":"\u6ce8\u610f\uff1a\n\r\u6b64\u5546\u54c1\u4fc3\u9500\u671f\u95f4\u666e\u901a\u4f1a\u5458\u9650\u8d2d 1 \u4ef6\uff01\n\r\u60a8\u4e4b\u524d\u8ba2\u5355\u4e2d\u5df2\u7ecf\u5b58\u5728 1 \u4ef6\uff01\n\r\u60a8\u53ea\u80fd\u518d\u4e70 0 \u4ef6\uff01","content":"","goods_id":"1721","captcha":"65809","number":"1","donation_number":null}
addToCart(1721,1) failed  at Apr 25, 2015 11:00:54 AM, will readd
retry buy good 1721 at Apr 25, 2015 11:00:55 AM
Download full image code is correct as 52314
{"error":888,"message":"\u6ce8\u610f\uff1a\n\r\u6b64\u5546\u54c1\u4fc3\u9500\u671f\u95f4\u666e\u901a\u4f1a\u5458\u9650\u8d2d 1 \u4ef6\uff01\n\r\u60a8\u4e4b\u524d\u8ba2\u5355\u4e2d\u5df2\u7ecf\u5b58\u5728 1 \u4ef6\uff01\n\r\u60a8\u53ea\u80fd\u518d\u4e70 0 \u4ef6\uff01","content":"","goods_id":"1721","captcha":"52314","number":"1","donation_number":null}
addToCart(1721,1) failed  at Apr 25, 2015 11:00:55 AM, will readd
retry buy good 1721 at Apr 25, 2015 11:00:56 AM
Download full image code is correct as 01935
{"error":888,"message":"\u6ce8\u610f\uff1a\n\r\u6b64\u5546\u54c1\u4fc3\u9500\u671f\u95f4\u666e\u901a\u4f1a\u5458\u9650\u8d2d 1 \u4ef6\uff01\n\r\u60a8\u4e4b\u524d\u8ba2\u5355\u4e2d\u5df2\u7ecf\u5b58\u5728 1 \u4ef6\uff01\n\r\u60a8\u53ea\u80fd\u518d\u4e70 0 \u4ef6\uff01","content":"","goods_id":"1721","captcha":"01935","number":"1","donation_number":null}
addToCart(1721,1) failed  at Apr 25, 2015 11:00:56 AM, will readd
retry buy good 1721 at Apr 25, 2015 11:00:57 AM
Download full image code is correct as 59748
{"error":888,"message":"\u6ce8\u610f\uff1a\n\r\u6b64\u5546\u54c1\u4fc3\u9500\u671f\u95f4\u666e\u901a\u4f1a\u5458\u9650\u8d2d 1 \u4ef6\uff01\n\r\u60a8\u4e4b\u524d\u8ba2\u5355\u4e2d\u5df2\u7ecf\u5b58\u5728 1 \u4ef6\uff01\n\r\u60a8\u53ea\u80fd\u518d\u4e70 0 \u4ef6\uff01","content":"","goods_id":"1721","captcha":"59748","number":"1","donation_number":null}
addToCart(1721,1) failed  at Apr 25, 2015 11:00:57 AM, will readd
retry buy good 1721 at Apr 25, 2015 11:00:58 AM
Download full image code is correct as 63427
{"error":888,"message":"\u6ce8\u610f\uff1a\n\r\u6b64\u5546\u54c1\u4fc3\u9500\u671f\u95f4\u666e\u901a\u4f1a\u5458\u9650\u8d2d 1 \u4ef6\uff01\n\r\u60a8\u4e4b\u524d\u8ba2\u5355\u4e2d\u5df2\u7ecf\u5b58\u5728 1 \u4ef6\uff01\n\r\u60a8\u53ea\u80fd\u518d\u4e70 0 \u4ef6\uff01","content":"","goods_id":"1721","captcha":"63427","number":"1","donation_number":null}
addToCart(1721,1) failed  at Apr 25, 2015 11:00:59 AM, will readd
retry buy good 1721 at Apr 25, 2015 11:00:59 AM
Download full image code is correct as 08957
{"error":888,"message":"\u6ce8\u610f\uff1a\n\r\u6b64\u5546\u54c1\u4fc3\u9500\u671f\u95f4\u666e\u901a\u4f1a\u5458\u9650\u8d2d 1 \u4ef6\uff01\n\r\u60a8\u4e4b\u524d\u8ba2\u5355\u4e2d\u5df2\u7ecf\u5b58\u5728 1 \u4ef6\uff01\n\r\u60a8\u53ea\u80fd\u518d\u4e70 0 \u4ef6\uff01","content":"","goods_id":"1721","captcha":"08957","number":"1","donation_number":null}
addToCart(1721,1) failed  at Apr 25, 2015 11:00:59 AM, will readd
retry buy good 1721 at Apr 25, 2015 11:01:00 AM
Download full image code is correct as 39647
{"error":888,"message":"\u6ce8\u610f\uff1a\n\r\u6b64\u5546\u54c1\u4fc3\u9500\u671f\u95f4\u666e\u901a\u4f1a\u5458\u9650\u8d2d 1 \u4ef6\uff01\n\r\u60a8\u4e4b\u524d\u8ba2\u5355\u4e2d\u5df2\u7ecf\u5b58\u5728 1 \u4ef6\uff01\n\r\u60a8\u53ea\u80fd\u518d\u4e70 0 \u4ef6\uff01","content":"","goods_id":"1721","captcha":"39647","number":"1","donation_number":null}
addToCart(1721,1) failed  at Apr 25, 2015 11:01:00 AM, will readd
retry buy good 1721 at Apr 25, 2015 11:01:01 AM
Download full image code is correct as 59874
{"error":888,"message":"\u6ce8\u610f\uff1a\n\r\u6b64\u5546\u54c1\u4fc3\u9500\u671f\u95f4\u666e\u901a\u4f1a\u5458\u9650\u8d2d 1 \u4ef6\uff01\n\r\u60a8\u4e4b\u524d\u8ba2\u5355\u4e2d\u5df2\u7ecf\u5b58\u5728 1 \u4ef6\uff01\n\r\u60a8\u53ea\u80fd\u518d\u4e70 0 \u4ef6\uff01","content":"","goods_id":"1721","captcha":"59874","number":"1","donation_number":null}
addToCart(1721,1) failed  at Apr 25, 2015 11:01:01 AM, will readd
retry buy good 1721 at Apr 25, 2015 11:01:02 AM
Download full image code is correct as 78132
{"error":888,"message":"\u6ce8\u610f\uff1a\n\r\u6b64\u5546\u54c1\u4fc3\u9500\u671f\u95f4\u666e\u901a\u4f1a\u5458\u9650\u8d2d 1 \u4ef6\uff01\n\r\u60a8\u4e4b\u524d\u8ba2\u5355\u4e2d\u5df2\u7ecf\u5b58\u5728 1 \u4ef6\uff01\n\r\u60a8\u53ea\u80fd\u518d\u4e70 0 \u4ef6\uff01","content":"","goods_id":"1721","captcha":"78132","number":"1","donation_number":null}
addToCart(1721,1) failed  at Apr 25, 2015 11:01:02 AM, will readd
retry buy good 1721 at Apr 25, 2015 11:01:03 AM
Download full image code is correct as 36195
{"error":888,"message":"\u6ce8\u610f\uff1a\n\r\u6b64\u5546\u54c1\u4fc3\u9500\u671f\u95f4\u666e\u901a\u4f1a\u5458\u9650\u8d2d 1 \u4ef6\uff01\n\r\u60a8\u4e4b\u524d\u8ba2\u5355\u4e2d\u5df2\u7ecf\u5b58\u5728 1 \u4ef6\uff01\n\r\u60a8\u53ea\u80fd\u518d\u4e70 0 \u4ef6\uff01","content":"","goods_id":"1721","captcha":"36195","number":"1","donation_number":null}
addToCart(1721,1) failed  at Apr 25, 2015 11:01:03 AM, will readd
retry buy good 1721 at Apr 25, 2015 11:01:04 AM
Download full image code is correct as 01874
{"error":888,"message":"\u6ce8\u610f\uff1a\n\r\u6b64\u5546\u54c1\u4fc3\u9500\u671f\u95f4\u666e\u901a\u4f1a\u5458\u9650\u8d2d 1 \u4ef6\uff01\n\r\u60a8\u4e4b\u524d\u8ba2\u5355\u4e2d\u5df2\u7ecf\u5b58\u5728 1 \u4ef6\uff01\n\r\u60a8\u53ea\u80fd\u518d\u4e70 0 \u4ef6\uff01","content":"","goods_id":"1721","captcha":"01874","number":"1","donation_number":null}
addToCart(1721,1) failed  at Apr 25, 2015 11:01:04 AM, will readd
retry buy good 1721 at Apr 25, 2015 11:01:05 AM
Download full image code is correct as 24983
{"error":888,"message":"\u6ce8\u610f\uff1a\n\r\u6b64\u5546\u54c1\u4fc3\u9500\u671f\u95f4\u666e\u901a\u4f1a\u5458\u9650\u8d2d 1 \u4ef6\uff01\n\r\u60a8\u4e4b\u524d\u8ba2\u5355\u4e2d\u5df2\u7ecf\u5b58\u5728 1 \u4ef6\uff01\n\r\u60a8\u53ea\u80fd\u518d\u4e70 0 \u4ef6\uff01","content":"","goods_id":"1721","captcha":"24983","number":"1","donation_number":null}
addToCart(1721,1) failed  at Apr 25, 2015 11:01:05 AM, will readd
retry buy good 1721 at Apr 25, 2015 11:01:06 AM
Download full image code is correct as 78954
{"error":888,"message":"\u6ce8\u610f\uff1a\n\r\u6b64\u5546\u54c1\u4fc3\u9500\u671f\u95f4\u666e\u901a\u4f1a\u5458\u9650\u8d2d 1 \u4ef6\uff01\n\r\u60a8\u4e4b\u524d\u8ba2\u5355\u4e2d\u5df2\u7ecf\u5b58\u5728 1 \u4ef6\uff01\n\r\u60a8\u53ea\u80fd\u518d\u4e70 0 \u4ef6\uff01","content":"","goods_id":"1721","captcha":"78954","number":"1","donation_number":null}
addToCart(1721,1) failed  at Apr 25, 2015 11:01:06 AM, will readd
retry buy good 1721 at Apr 25, 2015 11:01:07 AM
Download full image code is correct as 92853
{"error":888,"message":"\u6ce8\u610f\uff1a\n\r\u6b64\u5546\u54c1\u4fc3\u9500\u671f\u95f4\u666e\u901a\u4f1a\u5458\u9650\u8d2d 1 \u4ef6\uff01\n\r\u60a8\u4e4b\u524d\u8ba2\u5355\u4e2d\u5df2\u7ecf\u5b58\u5728 1 \u4ef6\uff01\n\r\u60a8\u53ea\u80fd\u518d\u4e70 0 \u4ef6\uff01","content":"","goods_id":"1721","captcha":"92853","number":"1","donation_number":null}
addToCart(1721,1) failed  at Apr 25, 2015 11:01:07 AM, will readd
retry buy good 1721 at Apr 25, 2015 11:01:08 AM
Download full image code is correct as 87516
{"error":888,"message":"\u6ce8\u610f\uff1a\n\r\u6b64\u5546\u54c1\u4fc3\u9500\u671f\u95f4\u666e\u901a\u4f1a\u5458\u9650\u8d2d 1 \u4ef6\uff01\n\r\u60a8\u4e4b\u524d\u8ba2\u5355\u4e2d\u5df2\u7ecf\u5b58\u5728 1 \u4ef6\uff01\n\r\u60a8\u53ea\u80fd\u518d\u4e70 0 \u4ef6\uff01","content":"","goods_id":"1721","captcha":"87516","number":"1","donation_number":null}
addToCart(1721,1) failed  at Apr 25, 2015 11:01:08 AM, will readd
retry buy good 1721 at Apr 25, 2015 11:01:09 AM
Download full image code is correct as 80246
{"error":888,"message":"\u6ce8\u610f\uff1a\n\r\u6b64\u5546\u54c1\u4fc3\u9500\u671f\u95f4\u666e\u901a\u4f1a\u5458\u9650\u8d2d 1 \u4ef6\uff01\n\r\u60a8\u4e4b\u524d\u8ba2\u5355\u4e2d\u5df2\u7ecf\u5b58\u5728 1 \u4ef6\uff01\n\r\u60a8\u53ea\u80fd\u518d\u4e70 0 \u4ef6\uff01","content":"","goods_id":"1721","captcha":"80246","number":"1","donation_number":null}
addToCart(1721,1) failed  at Apr 25, 2015 11:01:09 AM, will readd
retry buy good 1721 at Apr 25, 2015 11:01:10 AM
Download full image code is correct as 92157
{"error":888,"message":"\u6ce8\u610f\uff1a\n\r\u6b64\u5546\u54c1\u4fc3\u9500\u671f\u95f4\u666e\u901a\u4f1a\u5458\u9650\u8d2d 1 \u4ef6\uff01\n\r\u60a8\u4e4b\u524d\u8ba2\u5355\u4e2d\u5df2\u7ecf\u5b58\u5728 1 \u4ef6\uff01\n\r\u60a8\u53ea\u80fd\u518d\u4e70 0 \u4ef6\uff01","content":"","goods_id":"1721","captcha":"92157","number":"1","donation_number":null}
addToCart(1721,1) failed  at Apr 25, 2015 11:01:10 AM, will readd
retry buy good 1721 at Apr 25, 2015 11:01:11 AM
Download full image code is correct as 45690
{"error":888,"message":"\u6ce8\u610f\uff1a\n\r\u6b64\u5546\u54c1\u4fc3\u9500\u671f\u95f4\u666e\u901a\u4f1a\u5458\u9650\u8d2d 1 \u4ef6\uff01\n\r\u60a8\u4e4b\u524d\u8ba2\u5355\u4e2d\u5df2\u7ecf\u5b58\u5728 1 \u4ef6\uff01\n\r\u60a8\u53ea\u80fd\u518d\u4e70 0 \u4ef6\uff01","content":"","goods_id":"1721","captcha":"45690","number":"1","donation_number":null}
addToCart(1721,1) failed  at Apr 25, 2015 11:01:11 AM, will readd
retry buy good 1721 at Apr 25, 2015 11:01:12 AM
Download full image code is correct as 64972
{"error":888,"message":"\u6ce8\u610f\uff1a\n\r\u6b64\u5546\u54c1\u4fc3\u9500\u671f\u95f4\u666e\u901a\u4f1a\u5458\u9650\u8d2d 1 \u4ef6\uff01\n\r\u60a8\u4e4b\u524d\u8ba2\u5355\u4e2d\u5df2\u7ecf\u5b58\u5728 1 \u4ef6\uff01\n\r\u60a8\u53ea\u80fd\u518d\u4e70 0 \u4ef6\uff01","content":"","goods_id":"1721","captcha":"64972","number":"1","donation_number":null}
addToCart(1721,1) failed  at Apr 25, 2015 11:01:12 AM, will readd
retry buy good 1721 at Apr 25, 2015 11:01:13 AM
Download full image code is correct as 45932
{"error":888,"message":"\u6ce8\u610f\uff1a\n\r\u6b64\u5546\u54c1\u4fc3\u9500\u671f\u95f4\u666e\u901a\u4f1a\u5458\u9650\u8d2d 1 \u4ef6\uff01\n\r\u60a8\u4e4b\u524d\u8ba2\u5355\u4e2d\u5df2\u7ecf\u5b58\u5728 1 \u4ef6\uff01\n\r\u60a8\u53ea\u80fd\u518d\u4e70 0 \u4ef6\uff01","content":"","goods_id":"1721","captcha":"45932","number":"1","donation_number":null}
addToCart(1721,1) failed  at Apr 25, 2015 11:01:13 AM, will readd
retry buy good 1721 at Apr 25, 2015 11:01:14 AM
Download full image code is correct as 89173
{"error":888,"message":"\u6ce8\u610f\uff1a\n\r\u6b64\u5546\u54c1\u4fc3\u9500\u671f\u95f4\u666e\u901a\u4f1a\u5458\u9650\u8d2d 1 \u4ef6\uff01\n\r\u60a8\u4e4b\u524d\u8ba2\u5355\u4e2d\u5df2\u7ecf\u5b58\u5728 1 \u4ef6\uff01\n\r\u60a8\u53ea\u80fd\u518d\u4e70 0 \u4ef6\uff01","content":"","goods_id":"1721","captcha":"89173","number":"1","donation_number":null}
addToCart(1721,1) failed  at Apr 25, 2015 11:01:14 AM, will readd
retry buy good 1721 at Apr 25, 2015 11:01:15 AM
Download full image code is correct as 15384
{"error":888,"message":"\u6ce8\u610f\uff1a\n\r\u6b64\u5546\u54c1\u4fc3\u9500\u671f\u95f4\u666e\u901a\u4f1a\u5458\u9650\u8d2d 1 \u4ef6\uff01\n\r\u60a8\u4e4b\u524d\u8ba2\u5355\u4e2d\u5df2\u7ecf\u5b58\u5728 1 \u4ef6\uff01\n\r\u60a8\u53ea\u80fd\u518d\u4e70 0 \u4ef6\uff01","content":"","goods_id":"1721","captcha":"15384","number":"1","donation_number":null}
addToCart(1721,1) failed  at Apr 25, 2015 11:01:15 AM, will readd
retry buy good 1721 at Apr 25, 2015 11:01:16 AM
Download full image code is correct as 60824
{"error":888,"message":"\u6ce8\u610f\uff1a\n\r\u6b64\u5546\u54c1\u4fc3\u9500\u671f\u95f4\u666e\u901a\u4f1a\u5458\u9650\u8d2d 1 \u4ef6\uff01\n\r\u60a8\u4e4b\u524d\u8ba2\u5355\u4e2d\u5df2\u7ecf\u5b58\u5728 1 \u4ef6\uff01\n\r\u60a8\u53ea\u80fd\u518d\u4e70 0 \u4ef6\uff01","content":"","goods_id":"1721","captcha":"60824","number":"1","donation_number":null}
addToCart(1721,1) failed  at Apr 25, 2015 11:01:16 AM, will readd
retry buy good 1721 at Apr 25, 2015 11:01:17 AM
Download full image code is correct as 80135
{"error":888,"message":"\u6ce8\u610f\uff1a\n\r\u6b64\u5546\u54c1\u4fc3\u9500\u671f\u95f4\u666e\u901a\u4f1a\u5458\u9650\u8d2d 1 \u4ef6\uff01\n\r\u60a8\u4e4b\u524d\u8ba2\u5355\u4e2d\u5df2\u7ecf\u5b58\u5728 1 \u4ef6\uff01\n\r\u60a8\u53ea\u80fd\u518d\u4e70 0 \u4ef6\uff01","content":"","goods_id":"1721","captcha":"80135","number":"1","donation_number":null}
addToCart(1721,1) failed  at Apr 25, 2015 11:01:17 AM, will readd
retry buy good 1721 at Apr 25, 2015 11:01:18 AM
Download full image code is correct as 76130
{"error":888,"message":"\u6ce8\u610f\uff1a\n\r\u6b64\u5546\u54c1\u4fc3\u9500\u671f\u95f4\u666e\u901a\u4f1a\u5458\u9650\u8d2d 1 \u4ef6\uff01\n\r\u60a8\u4e4b\u524d\u8ba2\u5355\u4e2d\u5df2\u7ecf\u5b58\u5728 1 \u4ef6\uff01\n\r\u60a8\u53ea\u80fd\u518d\u4e70 0 \u4ef6\uff01","content":"","goods_id":"1721","captcha":"76130","number":"1","donation_number":null}
addToCart(1721,1) failed  at Apr 25, 2015 11:01:18 AM, will readd
retry buy good 1721 at Apr 25, 2015 11:01:19 AM
Download full image code is correct as 57941
{"error":888,"message":"\u6ce8\u610f\uff1a\n\r\u6b64\u5546\u54c1\u4fc3\u9500\u671f\u95f4\u666e\u901a\u4f1a\u5458\u9650\u8d2d 1 \u4ef6\uff01\n\r\u60a8\u4e4b\u524d\u8ba2\u5355\u4e2d\u5df2\u7ecf\u5b58\u5728 1 \u4ef6\uff01\n\r\u60a8\u53ea\u80fd\u518d\u4e70 0 \u4ef6\uff01","content":"","goods_id":"1721","captcha":"57941","number":"1","donation_number":null}
addToCart(1721,1) failed  at Apr 25, 2015 11:01:19 AM, will readd
retry buy good 1721 at Apr 25, 2015 11:01:20 AM
Download full image code is correct as 39082
{"error":888,"message":"\u6ce8\u610f\uff1a\n\r\u6b64\u5546\u54c1\u4fc3\u9500\u671f\u95f4\u666e\u901a\u4f1a\u5458\u9650\u8d2d 1 \u4ef6\uff01\n\r\u60a8\u4e4b\u524d\u8ba2\u5355\u4e2d\u5df2\u7ecf\u5b58\u5728 1 \u4ef6\uff01\n\r\u60a8\u53ea\u80fd\u518d\u4e70 0 \u4ef6\uff01","content":"","goods_id":"1721","captcha":"39082","number":"1","donation_number":null}
addToCart(1721,1) failed  at Apr 25, 2015 11:01:20 AM, will readd
retry buy good 1721 at Apr 25, 2015 11:01:21 AM
Download full image code is correct as 80194
{"error":888,"message":"\u6ce8\u610f\uff1a\n\r\u6b64\u5546\u54c1\u4fc3\u9500\u671f\u95f4\u666e\u901a\u4f1a\u5458\u9650\u8d2d 1 \u4ef6\uff01\n\r\u60a8\u4e4b\u524d\u8ba2\u5355\u4e2d\u5df2\u7ecf\u5b58\u5728 1 \u4ef6\uff01\n\r\u60a8\u53ea\u80fd\u518d\u4e70 0 \u4ef6\uff01","content":"","goods_id":"1721","captcha":"80194","number":"1","donation_number":null}
addToCart(1721,1) failed  at Apr 25, 2015 11:01:21 AM, will readd
retry buy good 1721 at Apr 25, 2015 11:01:22 AM
Download full image code is correct as 60413
{"error":888,"message":"\u6ce8\u610f\uff1a\n\r\u6b64\u5546\u54c1\u4fc3\u9500\u671f\u95f4\u666e\u901a\u4f1a\u5458\u9650\u8d2d 1 \u4ef6\uff01\n\r\u60a8\u4e4b\u524d\u8ba2\u5355\u4e2d\u5df2\u7ecf\u5b58\u5728 1 \u4ef6\uff01\n\r\u60a8\u53ea\u80fd\u518d\u4e70 0 \u4ef6\uff01","content":"","goods_id":"1721","captcha":"60413","number":"1","donation_number":null}
addToCart(1721,1) failed  at Apr 25, 2015 11:01:22 AM, will readd
retry buy good 1721 at Apr 25, 2015 11:01:23 AM
Download full image code is correct as 58063
{"error":888,"message":"\u6ce8\u610f\uff1a\n\r\u6b64\u5546\u54c1\u4fc3\u9500\u671f\u95f4\u666e\u901a\u4f1a\u5458\u9650\u8d2d 1 \u4ef6\uff01\n\r\u60a8\u4e4b\u524d\u8ba2\u5355\u4e2d\u5df2\u7ecf\u5b58\u5728 1 \u4ef6\uff01\n\r\u60a8\u53ea\u80fd\u518d\u4e70 0 \u4ef6\uff01","content":"","goods_id":"1721","captcha":"58063","number":"1","donation_number":null}
addToCart(1721,1) failed  at Apr 25, 2015 11:01:23 AM, will readd
retry buy good 1721 at Apr 25, 2015 11:01:24 AM
Download full image code is correct as 67138
{"error":888,"message":"\u6ce8\u610f\uff1a\n\r\u6b64\u5546\u54c1\u4fc3\u9500\u671f\u95f4\u666e\u901a\u4f1a\u5458\u9650\u8d2d 1 \u4ef6\uff01\n\r\u60a8\u4e4b\u524d\u8ba2\u5355\u4e2d\u5df2\u7ecf\u5b58\u5728 1 \u4ef6\uff01\n\r\u60a8\u53ea\u80fd\u518d\u4e70 0 \u4ef6\uff01","content":"","goods_id":"1721","captcha":"67138","number":"1","donation_number":null}
addToCart(1721,1) failed  at Apr 25, 2015 11:01:24 AM, will readd
retry buy good 1721 at Apr 25, 2015 11:01:25 AM
Download full image code is correct as 78059
{"error":888,"message":"\u6ce8\u610f\uff1a\n\r\u6b64\u5546\u54c1\u4fc3\u9500\u671f\u95f4\u666e\u901a\u4f1a\u5458\u9650\u8d2d 1 \u4ef6\uff01\n\r\u60a8\u4e4b\u524d\u8ba2\u5355\u4e2d\u5df2\u7ecf\u5b58\u5728 1 \u4ef6\uff01\n\r\u60a8\u53ea\u80fd\u518d\u4e70 0 \u4ef6\uff01","content":"","goods_id":"1721","captcha":"78059","number":"1","donation_number":null}
addToCart(1721,1) failed  at Apr 25, 2015 11:01:25 AM, will readd
retry buy good 1721 at Apr 25, 2015 11:01:26 AM
Download full image code is correct as 05462
{"error":888,"message":"\u6ce8\u610f\uff1a\n\r\u6b64\u5546\u54c1\u4fc3\u9500\u671f\u95f4\u666e\u901a\u4f1a\u5458\u9650\u8d2d 1 \u4ef6\uff01\n\r\u60a8\u4e4b\u524d\u8ba2\u5355\u4e2d\u5df2\u7ecf\u5b58\u5728 1 \u4ef6\uff01\n\r\u60a8\u53ea\u80fd\u518d\u4e70 0 \u4ef6\uff01","content":"","goods_id":"1721","captcha":"05462","number":"1","donation_number":null}
addToCart(1721,1) failed  at Apr 25, 2015 11:01:26 AM, will readd
retry buy good 1721 at Apr 25, 2015 11:01:27 AM
Download full image code is correct as 83542
{"error":888,"message":"\u6ce8\u610f\uff1a\n\r\u6b64\u5546\u54c1\u4fc3\u9500\u671f\u95f4\u666e\u901a\u4f1a\u5458\u9650\u8d2d 1 \u4ef6\uff01\n\r\u60a8\u4e4b\u524d\u8ba2\u5355\u4e2d\u5df2\u7ecf\u5b58\u5728 1 \u4ef6\uff01\n\r\u60a8\u53ea\u80fd\u518d\u4e70 0 \u4ef6\uff01","content":"","goods_id":"1721","captcha":"83542","number":"1","donation_number":null}
addToCart(1721,1) failed  at Apr 25, 2015 11:01:27 AM, will readd
retry buy good 1721 at Apr 25, 2015 11:01:28 AM
Download full image code is correct as 93482
{"error":888,"message":"\u6ce8\u610f\uff1a\n\r\u6b64\u5546\u54c1\u4fc3\u9500\u671f\u95f4\u666e\u901a\u4f1a\u5458\u9650\u8d2d 1 \u4ef6\uff01\n\r\u60a8\u4e4b\u524d\u8ba2\u5355\u4e2d\u5df2\u7ecf\u5b58\u5728 1 \u4ef6\uff01\n\r\u60a8\u53ea\u80fd\u518d\u4e70 0 \u4ef6\uff01","content":"","goods_id":"1721","captcha":"93482","number":"1","donation_number":null}
addToCart(1721,1) failed  at Apr 25, 2015 11:01:28 AM, will readd
retry buy good 1721 at Apr 25, 2015 11:01:29 AM
Download full image code is correct as 20691
{"error":888,"message":"\u6ce8\u610f\uff1a\n\r\u6b64\u5546\u54c1\u4fc3\u9500\u671f\u95f4\u666e\u901a\u4f1a\u5458\u9650\u8d2d 1 \u4ef6\uff01\n\r\u60a8\u4e4b\u524d\u8ba2\u5355\u4e2d\u5df2\u7ecf\u5b58\u5728 1 \u4ef6\uff01\n\r\u60a8\u53ea\u80fd\u518d\u4e70 0 \u4ef6\uff01","content":"","goods_id":"1721","captcha":"20691","number":"1","donation_number":null}
addToCart(1721,1) failed  at Apr 25, 2015 11:01:29 AM, will readd
retry buy good 1721 at Apr 25, 2015 11:01:30 AM
Download full image code is correct as 24975
{"error":888,"message":"\u6ce8\u610f\uff1a\n\r\u6b64\u5546\u54c1\u4fc3\u9500\u671f\u95f4\u666e\u901a\u4f1a\u5458\u9650\u8d2d 1 \u4ef6\uff01\n\r\u60a8\u4e4b\u524d\u8ba2\u5355\u4e2d\u5df2\u7ecf\u5b58\u5728 1 \u4ef6\uff01\n\r\u60a8\u53ea\u80fd\u518d\u4e70 0 \u4ef6\uff01","content":"","goods_id":"1721","captcha":"24975","number":"1","donation_number":null}
addToCart(1721,1) failed  at Apr 25, 2015 11:01:30 AM, will readd
retry buy good 1721 at Apr 25, 2015 11:01:31 AM
Download full image code is correct as 72465
{"error":888,"message":"\u6ce8\u610f\uff1a\n\r\u6b64\u5546\u54c1\u4fc3\u9500\u671f\u95f4\u666e\u901a\u4f1a\u5458\u9650\u8d2d 1 \u4ef6\uff01\n\r\u60a8\u4e4b\u524d\u8ba2\u5355\u4e2d\u5df2\u7ecf\u5b58\u5728 1 \u4ef6\uff01\n\r\u60a8\u53ea\u80fd\u518d\u4e70 0 \u4ef6\uff01","content":"","goods_id":"1721","captcha":"72465","number":"1","donation_number":null}
addToCart(1721,1) failed  at Apr 25, 2015 11:01:31 AM, will readd
retry buy good 1721 at Apr 25, 2015 11:01:32 AM
Download full image code is correct as 37658
{"error":888,"message":"\u6ce8\u610f\uff1a\n\r\u6b64\u5546\u54c1\u4fc3\u9500\u671f\u95f4\u666e\u901a\u4f1a\u5458\u9650\u8d2d 1 \u4ef6\uff01\n\r\u60a8\u4e4b\u524d\u8ba2\u5355\u4e2d\u5df2\u7ecf\u5b58\u5728 1 \u4ef6\uff01\n\r\u60a8\u53ea\u80fd\u518d\u4e70 0 \u4ef6\uff01","content":"","goods_id":"1721","captcha":"37658","number":"1","donation_number":null}
addToCart(1721,1) failed  at Apr 25, 2015 11:01:32 AM, will readd
retry buy good 1721 at Apr 25, 2015 11:01:33 AM
Download full image code is correct as 96857
{"error":888,"message":"\u6ce8\u610f\uff1a\n\r\u6b64\u5546\u54c1\u4fc3\u9500\u671f\u95f4\u666e\u901a\u4f1a\u5458\u9650\u8d2d 1 \u4ef6\uff01\n\r\u60a8\u4e4b\u524d\u8ba2\u5355\u4e2d\u5df2\u7ecf\u5b58\u5728 1 \u4ef6\uff01\n\r\u60a8\u53ea\u80fd\u518d\u4e70 0 \u4ef6\uff01","content":"","goods_id":"1721","captcha":"96857","number":"1","donation_number":null}
addToCart(1721,1) failed  at Apr 25, 2015 11:01:33 AM, will readd
retry buy good 1721 at Apr 25, 2015 11:01:34 AM
Download full image code is correct as 96245
{"error":888,"message":"\u6ce8\u610f\uff1a\n\r\u6b64\u5546\u54c1\u4fc3\u9500\u671f\u95f4\u666e\u901a\u4f1a\u5458\u9650\u8d2d 1 \u4ef6\uff01\n\r\u60a8\u4e4b\u524d\u8ba2\u5355\u4e2d\u5df2\u7ecf\u5b58\u5728 1 \u4ef6\uff01\n\r\u60a8\u53ea\u80fd\u518d\u4e70 0 \u4ef6\uff01","content":"","goods_id":"1721","captcha":"96245","number":"1","donation_number":null}
addToCart(1721,1) failed  at Apr 25, 2015 11:01:34 AM, will readd
retry buy good 1721 at Apr 25, 2015 11:01:35 AM
Download full image code is correct as 24079
{"error":888,"message":"\u6ce8\u610f\uff1a\n\r\u6b64\u5546\u54c1\u4fc3\u9500\u671f\u95f4\u666e\u901a\u4f1a\u5458\u9650\u8d2d 1 \u4ef6\uff01\n\r\u60a8\u4e4b\u524d\u8ba2\u5355\u4e2d\u5df2\u7ecf\u5b58\u5728 1 \u4ef6\uff01\n\r\u60a8\u53ea\u80fd\u518d\u4e70 0 \u4ef6\uff01","content":"","goods_id":"1721","captcha":"24079","number":"1","donation_number":null}
addToCart(1721,1) failed  at Apr 25, 2015 11:01:35 AM, will readd
retry buy good 1721 at Apr 25, 2015 11:01:36 AM
Download full image code is correct as 91862
{"error":888,"message":"\u6ce8\u610f\uff1a\n\r\u6b64\u5546\u54c1\u4fc3\u9500\u671f\u95f4\u666e\u901a\u4f1a\u5458\u9650\u8d2d 1 \u4ef6\uff01\n\r\u60a8\u4e4b\u524d\u8ba2\u5355\u4e2d\u5df2\u7ecf\u5b58\u5728 1 \u4ef6\uff01\n\r\u60a8\u53ea\u80fd\u518d\u4e70 0 \u4ef6\uff01","content":"","goods_id":"1721","captcha":"91862","number":"1","donation_number":null}
addToCart(1721,1) failed  at Apr 25, 2015 11:01:36 AM, will readd
retry buy good 1721 at Apr 25, 2015 11:01:37 AM
Download full image code is correct as 31704
{"error":888,"message":"\u6ce8\u610f\uff1a\n\r\u6b64\u5546\u54c1\u4fc3\u9500\u671f\u95f4\u666e\u901a\u4f1a\u5458\u9650\u8d2d 1 \u4ef6\uff01\n\r\u60a8\u4e4b\u524d\u8ba2\u5355\u4e2d\u5df2\u7ecf\u5b58\u5728 1 \u4ef6\uff01\n\r\u60a8\u53ea\u80fd\u518d\u4e70 0 \u4ef6\uff01","content":"","goods_id":"1721","captcha":"31704","number":"1","donation_number":null}
addToCart(1721,1) failed  at Apr 25, 2015 11:01:37 AM, will readd
retry buy good 1721 at Apr 25, 2015 11:01:38 AM
Download full image code is correct as 79481
{"error":888,"message":"\u6ce8\u610f\uff1a\n\r\u6b64\u5546\u54c1\u4fc3\u9500\u671f\u95f4\u666e\u901a\u4f1a\u5458\u9650\u8d2d 1 \u4ef6\uff01\n\r\u60a8\u4e4b\u524d\u8ba2\u5355\u4e2d\u5df2\u7ecf\u5b58\u5728 1 \u4ef6\uff01\n\r\u60a8\u53ea\u80fd\u518d\u4e70 0 \u4ef6\uff01","content":"","goods_id":"1721","captcha":"79481","number":"1","donation_number":null}
addToCart(1721,1) failed  at Apr 25, 2015 11:01:38 AM, will readd
retry buy good 1721 at Apr 25, 2015 11:01:39 AM
Download full image code is correct as 17405
{"error":888,"message":"\u6ce8\u610f\uff1a\n\r\u6b64\u5546\u54c1\u4fc3\u9500\u671f\u95f4\u666e\u901a\u4f1a\u5458\u9650\u8d2d 1 \u4ef6\uff01\n\r\u60a8\u4e4b\u524d\u8ba2\u5355\u4e2d\u5df2\u7ecf\u5b58\u5728 1 \u4ef6\uff01\n\r\u60a8\u53ea\u80fd\u518d\u4e70 0 \u4ef6\uff01","content":"","goods_id":"1721","captcha":"17405","number":"1","donation_number":null}
addToCart(1721,1) failed  at Apr 25, 2015 11:01:39 AM, will readd
retry buy good 1721 at Apr 25, 2015 11:01:40 AM
Download full image code is correct as 79136
{"error":888,"message":"\u6ce8\u610f\uff1a\n\r\u6b64\u5546\u54c1\u4fc3\u9500\u671f\u95f4\u666e\u901a\u4f1a\u5458\u9650\u8d2d 1 \u4ef6\uff01\n\r\u60a8\u4e4b\u524d\u8ba2\u5355\u4e2d\u5df2\u7ecf\u5b58\u5728 1 \u4ef6\uff01\n\r\u60a8\u53ea\u80fd\u518d\u4e70 0 \u4ef6\uff01","content":"","goods_id":"1721","captcha":"79136","number":"1","donation_number":null}
addToCart(1721,1) failed  at Apr 25, 2015 11:01:40 AM, will readd
retry buy good 1721 at Apr 25, 2015 11:01:41 AM
Download full image code is correct as 78160
{"error":888,"message":"\u6ce8\u610f\uff1a\n\r\u6b64\u5546\u54c1\u4fc3\u9500\u671f\u95f4\u666e\u901a\u4f1a\u5458\u9650\u8d2d 1 \u4ef6\uff01\n\r\u60a8\u4e4b\u524d\u8ba2\u5355\u4e2d\u5df2\u7ecf\u5b58\u5728 1 \u4ef6\uff01\n\r\u60a8\u53ea\u80fd\u518d\u4e70 0 \u4ef6\uff01","content":"","goods_id":"1721","captcha":"78160","number":"1","donation_number":null}
addToCart(1721,1) failed  at Apr 25, 2015 11:01:41 AM, will readd
retry buy good 1721 at Apr 25, 2015 11:01:42 AM
Download full image code is correct as 03217
{"error":888,"message":"\u6ce8\u610f\uff1a\n\r\u6b64\u5546\u54c1\u4fc3\u9500\u671f\u95f4\u666e\u901a\u4f1a\u5458\u9650\u8d2d 1 \u4ef6\uff01\n\r\u60a8\u4e4b\u524d\u8ba2\u5355\u4e2d\u5df2\u7ecf\u5b58\u5728 1 \u4ef6\uff01\n\r\u60a8\u53ea\u80fd\u518d\u4e70 0 \u4ef6\uff01","content":"","goods_id":"1721","captcha":"03217","number":"1","donation_number":null}
addToCart(1721,1) failed  at Apr 25, 2015 11:01:42 AM, will readd
retry buy good 1721 at Apr 25, 2015 11:01:43 AM
