started at Apr 25, 2015 11:00:35 AM
login sucessfully with proxy 106.38.251.65 at Apr 25, 2015 11:00:42 AM
Download full image code is correct as 25403
{"error":3,"message":["\u5bf9\u4e0d\u8d77\uff0c\u8be5\u5546\u54c1\u5df2\u7ecf\u4e0b\u67b6\u3002"],"content":"","goods_id":"1718","captcha":"25403","number":"1","donation_number":null,"product_spec":"","confirm_type":"3"}
addToCart(1718,1) failed at Apr 25, 2015 11:00:42 AM, will readd
org.apache.http.conn.EofSensorInputStream@7f434cb2
retry buy good 1718 at Apr 25, 2015 11:00:43 AM
Download full image code is correct as 48910
{"error":3,"message":["\u5bf9\u4e0d\u8d77\uff0c\u8be5\u5546\u54c1\u5df2\u7ecf\u4e0b\u67b6\u3002"],"content":"","goods_id":"1718","captcha":"48910","number":"1","donation_number":null,"product_spec":"","confirm_type":"3"}
addToCart(1718,1) failed at Apr 25, 2015 11:00:43 AM, will readd
org.apache.http.conn.EofSensorInputStream@4d81fbd6
retry buy good 1718 at Apr 25, 2015 11:00:44 AM
Download full image code is correct as 67394
{"error":3,"message":["\u5bf9\u4e0d\u8d77\uff0c\u8be5\u5546\u54c1\u5df2\u7ecf\u4e0b\u67b6\u3002"],"content":"","goods_id":"1718","captcha":"67394","number":"1","donation_number":null,"product_spec":"","confirm_type":"3"}
addToCart(1718,1) failed at Apr 25, 2015 11:00:44 AM, will readd
org.apache.http.conn.EofSensorInputStream@cd11fa6
retry buy good 1718 at Apr 25, 2015 11:00:44 AM
Download full image code is correct as 53806
{"error":3,"message":["\u5bf9\u4e0d\u8d77\uff0c\u8be5\u5546\u54c1\u5df2\u7ecf\u4e0b\u67b6\u3002"],"content":"","goods_id":"1718","captcha":"53806","number":"1","donation_number":null,"product_spec":"","confirm_type":"3"}
addToCart(1718,1) failed at Apr 25, 2015 11:00:45 AM, will readd
org.apache.http.conn.EofSensorInputStream@72acd989
retry buy good 1718 at Apr 25, 2015 11:00:45 AM
Download full image code is correct as 57341
{"error":3,"message":["\u5bf9\u4e0d\u8d77\uff0c\u8be5\u5546\u54c1\u5df2\u7ecf\u4e0b\u67b6\u3002"],"content":"","goods_id":"1718","captcha":"57341","number":"1","donation_number":null,"product_spec":"","confirm_type":"3"}
addToCart(1718,1) failed at Apr 25, 2015 11:00:46 AM, will readd
org.apache.http.conn.EofSensorInputStream@69e017e4
retry buy good 1718 at Apr 25, 2015 11:00:46 AM
Download full image code is correct as 65871
{"error":3,"message":["\u5bf9\u4e0d\u8d77\uff0c\u8be5\u5546\u54c1\u5df2\u7ecf\u4e0b\u67b6\u3002"],"content":"","goods_id":"1718","captcha":"65871","number":"1","donation_number":null,"product_spec":"","confirm_type":"3"}
addToCart(1718,1) failed at Apr 25, 2015 11:00:47 AM, will readd
org.apache.http.conn.EofSensorInputStream@2cb61af0
retry buy good 1718 at Apr 25, 2015 11:00:47 AM
Download full image code is correct as 18630
{"error":3,"message":["\u5bf9\u4e0d\u8d77\uff0c\u8be5\u5546\u54c1\u5df2\u7ecf\u4e0b\u67b6\u3002"],"content":"","goods_id":"1718","captcha":"18630","number":"1","donation_number":null,"product_spec":"","confirm_type":"3"}
addToCart(1718,1) failed at Apr 25, 2015 11:00:47 AM, will readd
org.apache.http.conn.EofSensorInputStream@3907b408
retry buy good 1718 at Apr 25, 2015 11:00:48 AM
Download full image code is correct as 82703
{"error":3,"message":["\u5bf9\u4e0d\u8d77\uff0c\u8be5\u5546\u54c1\u5df2\u7ecf\u4e0b\u67b6\u3002"],"content":"","goods_id":"1718","captcha":"82703","number":"1","donation_number":null,"product_spec":"","confirm_type":"3"}
addToCart(1718,1) failed at Apr 25, 2015 11:00:48 AM, will readd
org.apache.http.conn.EofSensorInputStream@740022c2
retry buy good 1718 at Apr 25, 2015 11:00:49 AM
Download full image code is correct as 71590
{"error":3,"message":["\u5bf9\u4e0d\u8d77\uff0c\u8be5\u5546\u54c1\u5df2\u7ecf\u4e0b\u67b6\u3002"],"content":"","goods_id":"1718","captcha":"71590","number":"1","donation_number":null,"product_spec":"","confirm_type":"3"}
addToCart(1718,1) failed at Apr 25, 2015 11:00:49 AM, will readd
org.apache.http.conn.EofSensorInputStream@14c4221d
retry buy good 1718 at Apr 25, 2015 11:00:50 AM
Download full image code is correct as 65839
{"error":3,"message":["\u5bf9\u4e0d\u8d77\uff0c\u8be5\u5546\u54c1\u5df2\u7ecf\u4e0b\u67b6\u3002"],"content":"","goods_id":"1718","captcha":"65839","number":"1","donation_number":null,"product_spec":"","confirm_type":"3"}
addToCart(1718,1) failed at Apr 25, 2015 11:00:50 AM, will readd
org.apache.http.conn.EofSensorInputStream@8c03696
retry buy good 1718 at Apr 25, 2015 11:00:51 AM
Download full image code is correct as 69728
{"error":3,"message":["\u5bf9\u4e0d\u8d77\uff0c\u8be5\u5546\u54c1\u5df2\u7ecf\u4e0b\u67b6\u3002"],"content":"","goods_id":"1718","captcha":"69728","number":"1","donation_number":null,"product_spec":"","confirm_type":"3"}
addToCart(1718,1) failed at Apr 25, 2015 11:00:51 AM, will readd
org.apache.http.conn.EofSensorInputStream@78146c0f
retry buy good 1718 at Apr 25, 2015 11:00:52 AM
Download full image code is correct as 41076
{"error":3,"message":["\u5bf9\u4e0d\u8d77\uff0c\u8be5\u5546\u54c1\u5df2\u7ecf\u4e0b\u67b6\u3002"],"content":"","goods_id":"1718","captcha":"41076","number":"1","donation_number":null,"product_spec":"","confirm_type":"3"}
addToCart(1718,1) failed at Apr 25, 2015 11:00:52 AM, will readd
org.apache.http.conn.EofSensorInputStream@6a80be6e
retry buy good 1718 at Apr 25, 2015 11:00:53 AM
Download full image code is correct as 18796
{"error":3,"message":["\u5bf9\u4e0d\u8d77\uff0c\u8be5\u5546\u54c1\u5df2\u7ecf\u4e0b\u67b6\u3002"],"content":"","goods_id":"1718","captcha":"18796","number":"1","donation_number":null,"product_spec":"","confirm_type":"3"}
addToCart(1718,1) failed at Apr 25, 2015 11:00:53 AM, will readd
org.apache.http.conn.EofSensorInputStream@3a7d7427
retry buy good 1718 at Apr 25, 2015 11:00:54 AM
Download full image code is correct as 73240
{"error":3,"message":["\u5bf9\u4e0d\u8d77\uff0c\u8be5\u5546\u54c1\u5df2\u7ecf\u4e0b\u67b6\u3002"],"content":"","goods_id":"1718","captcha":"73240","number":"1","donation_number":null,"product_spec":"","confirm_type":"3"}
addToCart(1718,1) failed at Apr 25, 2015 11:00:54 AM, will readd
org.apache.http.conn.EofSensorInputStream@5eed56c3
retry buy good 1718 at Apr 25, 2015 11:00:55 AM
Download full image code is correct as 30642
{"error":3,"message":["\u5bf9\u4e0d\u8d77\uff0c\u8be5\u5546\u54c1\u5df2\u7ecf\u4e0b\u67b6\u3002"],"content":"","goods_id":"1718","captcha":"30642","number":"1","donation_number":null,"product_spec":"","confirm_type":"3"}
addToCart(1718,1) failed at Apr 25, 2015 11:00:55 AM, will readd
org.apache.http.conn.EofSensorInputStream@5a87c962
retry buy good 1718 at Apr 25, 2015 11:00:56 AM
Download full image code is correct as 36780
{"error":3,"message":["\u5bf9\u4e0d\u8d77\uff0c\u8be5\u5546\u54c1\u5df2\u7ecf\u4e0b\u67b6\u3002"],"content":"","goods_id":"1718","captcha":"36780","number":"1","donation_number":null,"product_spec":"","confirm_type":"3"}
addToCart(1718,1) failed at Apr 25, 2015 11:00:56 AM, will readd
org.apache.http.conn.EofSensorInputStream@4188c3f4
retry buy good 1718 at Apr 25, 2015 11:00:56 AM
Download full image code is correct as 52948
{"error":3,"message":["\u5bf9\u4e0d\u8d77\uff0c\u8be5\u5546\u54c1\u5df2\u7ecf\u4e0b\u67b6\u3002"],"content":"","goods_id":"1718","captcha":"52948","number":"1","donation_number":null,"product_spec":"","confirm_type":"3"}
addToCart(1718,1) failed at Apr 25, 2015 11:00:57 AM, will readd
org.apache.http.conn.EofSensorInputStream@11eb06c3
retry buy good 1718 at Apr 25, 2015 11:00:57 AM
Download full image code is correct as 08712
{"error":3,"message":["\u5bf9\u4e0d\u8d77\uff0c\u8be5\u5546\u54c1\u5df2\u7ecf\u4e0b\u67b6\u3002"],"content":"","goods_id":"1718","captcha":"08712","number":"1","donation_number":null,"product_spec":"","confirm_type":"3"}
addToCart(1718,1) failed at Apr 25, 2015 11:00:58 AM, will readd
org.apache.http.conn.EofSensorInputStream@4e36f29f
retry buy good 1718 at Apr 25, 2015 11:00:58 AM
Download full image code is correct as 92031
{"error":3,"message":["\u5bf9\u4e0d\u8d77\uff0c\u8be5\u5546\u54c1\u5df2\u7ecf\u4e0b\u67b6\u3002"],"content":"","goods_id":"1718","captcha":"92031","number":"1","donation_number":null,"product_spec":"","confirm_type":"3"}
addToCart(1718,1) failed at Apr 25, 2015 11:00:58 AM, will readd
org.apache.http.conn.EofSensorInputStream@7a0cb686
retry buy good 1718 at Apr 25, 2015 11:00:59 AM
Download full image code is correct as 24103
{"error":3,"message":["\u5bf9\u4e0d\u8d77\uff0c\u8be5\u5546\u54c1\u5df2\u7ecf\u4e0b\u67b6\u3002"],"content":"","goods_id":"1718","captcha":"24103","number":"1","donation_number":null,"product_spec":"","confirm_type":"3"}
addToCart(1718,1) failed at Apr 25, 2015 11:00:59 AM, will readd
org.apache.http.conn.EofSensorInputStream@3954ef33
retry buy good 1718 at Apr 25, 2015 11:01:00 AM
Download full image code is correct as 10964
{"error":3,"message":["\u5bf9\u4e0d\u8d77\uff0c\u8be5\u5546\u54c1\u5df2\u7ecf\u4e0b\u67b6\u3002"],"content":"","goods_id":"1718","captcha":"10964","number":"1","donation_number":null,"product_spec":"","confirm_type":"3"}
addToCart(1718,1) failed at Apr 25, 2015 11:01:00 AM, will readd
org.apache.http.conn.EofSensorInputStream@310d6874
retry buy good 1718 at Apr 25, 2015 11:01:01 AM
Download full image code is correct as 47152
{"error":3,"message":["\u5bf9\u4e0d\u8d77\uff0c\u8be5\u5546\u54c1\u5df2\u7ecf\u4e0b\u67b6\u3002"],"content":"","goods_id":"1718","captcha":"47152","number":"1","donation_number":null,"product_spec":"","confirm_type":"3"}
addToCart(1718,1) failed at Apr 25, 2015 11:01:01 AM, will readd
org.apache.http.conn.EofSensorInputStream@68862cb1
retry buy good 1718 at Apr 25, 2015 11:01:02 AM
Download full image code is correct as 47026
{"error":3,"message":["\u5bf9\u4e0d\u8d77\uff0c\u8be5\u5546\u54c1\u5df2\u7ecf\u4e0b\u67b6\u3002"],"content":"","goods_id":"1718","captcha":"47026","number":"1","donation_number":null,"product_spec":"","confirm_type":"3"}
addToCart(1718,1) failed at Apr 25, 2015 11:01:02 AM, will readd
org.apache.http.conn.EofSensorInputStream@3b0cdee
retry buy good 1718 at Apr 25, 2015 11:01:03 AM
Download full image code is correct as 68720
{"error":3,"message":["\u5bf9\u4e0d\u8d77\uff0c\u8be5\u5546\u54c1\u5df2\u7ecf\u4e0b\u67b6\u3002"],"content":"","goods_id":"1718","captcha":"68720","number":"1","donation_number":null,"product_spec":"","confirm_type":"3"}
addToCart(1718,1) failed at Apr 25, 2015 11:01:03 AM, will readd
org.apache.http.conn.EofSensorInputStream@2462ea85
retry buy good 1718 at Apr 25, 2015 11:01:04 AM
Download full image code is correct as 46152
{"error":3,"message":["\u5bf9\u4e0d\u8d77\uff0c\u8be5\u5546\u54c1\u5df2\u7ecf\u4e0b\u67b6\u3002"],"content":"","goods_id":"1718","captcha":"46152","number":"1","donation_number":null,"product_spec":"","confirm_type":"3"}
addToCart(1718,1) failed at Apr 25, 2015 11:01:05 AM, will readd
org.apache.http.conn.EofSensorInputStream@2df36f51
retry buy good 1718 at Apr 25, 2015 11:01:06 AM
Download full image code is correct as 05374
{"error":3,"message":["\u5bf9\u4e0d\u8d77\uff0c\u8be5\u5546\u54c1\u5df2\u7ecf\u4e0b\u67b6\u3002"],"content":"","goods_id":"1718","captcha":"05374","number":"1","donation_number":null,"product_spec":"","confirm_type":"3"}
addToCart(1718,1) failed at Apr 25, 2015 11:01:06 AM, will readd
org.apache.http.conn.EofSensorInputStream@6b730ffb
retry buy good 1718 at Apr 25, 2015 11:01:06 AM
Download full image code is correct as 52014
{"error":3,"message":["\u5bf9\u4e0d\u8d77\uff0c\u8be5\u5546\u54c1\u5df2\u7ecf\u4e0b\u67b6\u3002"],"content":"","goods_id":"1718","captcha":"52014","number":"1","donation_number":null,"product_spec":"","confirm_type":"3"}
addToCart(1718,1) failed at Apr 25, 2015 11:01:07 AM, will readd
org.apache.http.conn.EofSensorInputStream@896523c
retry buy good 1718 at Apr 25, 2015 11:01:07 AM
Download full image code is correct as 36520
{"error":3,"message":["\u5bf9\u4e0d\u8d77\uff0c\u8be5\u5546\u54c1\u5df2\u7ecf\u4e0b\u67b6\u3002"],"content":"","goods_id":"1718","captcha":"36520","number":"1","donation_number":null,"product_spec":"","confirm_type":"3"}
addToCart(1718,1) failed at Apr 25, 2015 11:01:07 AM, will readd
org.apache.http.conn.EofSensorInputStream@4af9999b
retry buy good 1718 at Apr 25, 2015 11:01:08 AM
Download full image code is correct as 04793
{"error":3,"message":["\u5bf9\u4e0d\u8d77\uff0c\u8be5\u5546\u54c1\u5df2\u7ecf\u4e0b\u67b6\u3002"],"content":"","goods_id":"1718","captcha":"04793","number":"1","donation_number":null,"product_spec":"","confirm_type":"3"}
addToCart(1718,1) failed at Apr 25, 2015 11:01:08 AM, will readd
org.apache.http.conn.EofSensorInputStream@78e8b38b
retry buy good 1718 at Apr 25, 2015 11:01:09 AM
Download full image code is correct as 30861
{"error":3,"message":["\u5bf9\u4e0d\u8d77\uff0c\u8be5\u5546\u54c1\u5df2\u7ecf\u4e0b\u67b6\u3002"],"content":"","goods_id":"1718","captcha":"30861","number":"1","donation_number":null,"product_spec":"","confirm_type":"3"}
addToCart(1718,1) failed at Apr 25, 2015 11:01:09 AM, will readd
org.apache.http.conn.EofSensorInputStream@313a2a13
retry buy good 1718 at Apr 25, 2015 11:01:10 AM
Download full image code is correct as 95318
{"error":3,"message":["\u5bf9\u4e0d\u8d77\uff0c\u8be5\u5546\u54c1\u5df2\u7ecf\u4e0b\u67b6\u3002"],"content":"","goods_id":"1718","captcha":"95318","number":"1","donation_number":null,"product_spec":"","confirm_type":"3"}
addToCart(1718,1) failed at Apr 25, 2015 11:01:10 AM, will readd
org.apache.http.conn.EofSensorInputStream@75371ddd
retry buy good 1718 at Apr 25, 2015 11:01:11 AM
Download full image code is correct as 14578
{"error":3,"message":["\u5bf9\u4e0d\u8d77\uff0c\u8be5\u5546\u54c1\u5df2\u7ecf\u4e0b\u67b6\u3002"],"content":"","goods_id":"1718","captcha":"14578","number":"1","donation_number":null,"product_spec":"","confirm_type":"3"}
addToCart(1718,1) failed at Apr 25, 2015 11:01:11 AM, will readd
org.apache.http.conn.EofSensorInputStream@45d144f2
retry buy good 1718 at Apr 25, 2015 11:01:11 AM
Download full image code is correct as 61348
{"error":3,"message":["\u5bf9\u4e0d\u8d77\uff0c\u8be5\u5546\u54c1\u5df2\u7ecf\u4e0b\u67b6\u3002"],"content":"","goods_id":"1718","captcha":"61348","number":"1","donation_number":null,"product_spec":"","confirm_type":"3"}
addToCart(1718,1) failed at Apr 25, 2015 11:01:12 AM, will readd
org.apache.http.conn.EofSensorInputStream@1cdb79be
retry buy good 1718 at Apr 25, 2015 11:01:12 AM
Download full image code is correct as 26587
{"error":3,"message":["\u5bf9\u4e0d\u8d77\uff0c\u8be5\u5546\u54c1\u5df2\u7ecf\u4e0b\u67b6\u3002"],"content":"","goods_id":"1718","captcha":"26587","number":"1","donation_number":null,"product_spec":"","confirm_type":"3"}
addToCart(1718,1) failed at Apr 25, 2015 11:01:13 AM, will readd
org.apache.http.conn.EofSensorInputStream@22174e14
retry buy good 1718 at Apr 25, 2015 11:01:14 AM
Download full image code is correct as 62735
{"error":3,"message":["\u5bf9\u4e0d\u8d77\uff0c\u8be5\u5546\u54c1\u5df2\u7ecf\u4e0b\u67b6\u3002"],"content":"","goods_id":"1718","captcha":"62735","number":"1","donation_number":null,"product_spec":"","confirm_type":"3"}
addToCart(1718,1) failed at Apr 25, 2015 11:01:14 AM, will readd
org.apache.http.conn.EofSensorInputStream@6a47808b
retry buy good 1718 at Apr 25, 2015 11:01:15 AM
Download full image code is correct as 10725
{"error":3,"message":["\u5bf9\u4e0d\u8d77\uff0c\u8be5\u5546\u54c1\u5df2\u7ecf\u4e0b\u67b6\u3002"],"content":"","goods_id":"1718","captcha":"10725","number":"1","donation_number":null,"product_spec":"","confirm_type":"3"}
addToCart(1718,1) failed at Apr 25, 2015 11:01:15 AM, will readd
org.apache.http.conn.EofSensorInputStream@694b3397
retry buy good 1718 at Apr 25, 2015 11:01:15 AM
Download full image code is correct as 10673
{"error":3,"message":["\u5bf9\u4e0d\u8d77\uff0c\u8be5\u5546\u54c1\u5df2\u7ecf\u4e0b\u67b6\u3002"],"content":"","goods_id":"1718","captcha":"10673","number":"1","donation_number":null,"product_spec":"","confirm_type":"3"}
addToCart(1718,1) failed at Apr 25, 2015 11:01:16 AM, will readd
org.apache.http.conn.EofSensorInputStream@db25e1a
retry buy good 1718 at Apr 25, 2015 11:01:16 AM
Download full image code is correct as 29175
{"error":3,"message":["\u5bf9\u4e0d\u8d77\uff0c\u8be5\u5546\u54c1\u5df2\u7ecf\u4e0b\u67b6\u3002"],"content":"","goods_id":"1718","captcha":"29175","number":"1","donation_number":null,"product_spec":"","confirm_type":"3"}
addToCart(1718,1) failed at Apr 25, 2015 11:01:16 AM, will readd
org.apache.http.conn.EofSensorInputStream@23bfcec0
retry buy good 1718 at Apr 25, 2015 11:01:17 AM
Download full image code is correct as 92563
{"error":3,"message":["\u5bf9\u4e0d\u8d77\uff0c\u8be5\u5546\u54c1\u5df2\u7ecf\u4e0b\u67b6\u3002"],"content":"","goods_id":"1718","captcha":"92563","number":"1","donation_number":null,"product_spec":"","confirm_type":"3"}
addToCart(1718,1) failed at Apr 25, 2015 11:01:17 AM, will readd
org.apache.http.conn.EofSensorInputStream@6bc31ee0
retry buy good 1718 at Apr 25, 2015 11:01:18 AM
Download full image code is correct as 97824
{"error":3,"message":["\u5bf9\u4e0d\u8d77\uff0c\u8be5\u5546\u54c1\u5df2\u7ecf\u4e0b\u67b6\u3002"],"content":"","goods_id":"1718","captcha":"97824","number":"1","donation_number":null,"product_spec":"","confirm_type":"3"}
addToCart(1718,1) failed at Apr 25, 2015 11:01:18 AM, will readd
org.apache.http.conn.EofSensorInputStream@3c22ed04
retry buy good 1718 at Apr 25, 2015 11:01:19 AM
Download full image code is correct as 90123
{"error":3,"message":["\u5bf9\u4e0d\u8d77\uff0c\u8be5\u5546\u54c1\u5df2\u7ecf\u4e0b\u67b6\u3002"],"content":"","goods_id":"1718","captcha":"90123","number":"1","donation_number":null,"product_spec":"","confirm_type":"3"}
addToCart(1718,1) failed at Apr 25, 2015 11:01:19 AM, will readd
org.apache.http.conn.EofSensorInputStream@5dac9e07
retry buy good 1718 at Apr 25, 2015 11:01:20 AM
Download full image code is correct as 46980
{"error":3,"message":["\u5bf9\u4e0d\u8d77\uff0c\u8be5\u5546\u54c1\u5df2\u7ecf\u4e0b\u67b6\u3002"],"content":"","goods_id":"1718","captcha":"46980","number":"1","donation_number":null,"product_spec":"","confirm_type":"3"}
addToCart(1718,1) failed at Apr 25, 2015 11:01:20 AM, will readd
org.apache.http.conn.EofSensorInputStream@eaee743
retry buy good 1718 at Apr 25, 2015 11:01:20 AM
Download full image code is correct as 47289
{"error":3,"message":["\u5bf9\u4e0d\u8d77\uff0c\u8be5\u5546\u54c1\u5df2\u7ecf\u4e0b\u67b6\u3002"],"content":"","goods_id":"1718","captcha":"47289","number":"1","donation_number":null,"product_spec":"","confirm_type":"3"}
addToCart(1718,1) failed at Apr 25, 2015 11:01:21 AM, will readd
org.apache.http.conn.EofSensorInputStream@3e431f96
retry buy good 1718 at Apr 25, 2015 11:01:21 AM
Download full image code is correct as 04793
{"error":3,"message":["\u5bf9\u4e0d\u8d77\uff0c\u8be5\u5546\u54c1\u5df2\u7ecf\u4e0b\u67b6\u3002"],"content":"","goods_id":"1718","captcha":"04793","number":"1","donation_number":null,"product_spec":"","confirm_type":"3"}
addToCart(1718,1) failed at Apr 25, 2015 11:01:22 AM, will readd
org.apache.http.conn.EofSensorInputStream@13746781
retry buy good 1718 at Apr 25, 2015 11:01:22 AM
Download full image code is correct as 87962
{"error":3,"message":["\u5bf9\u4e0d\u8d77\uff0c\u8be5\u5546\u54c1\u5df2\u7ecf\u4e0b\u67b6\u3002"],"content":"","goods_id":"1718","captcha":"87962","number":"1","donation_number":null,"product_spec":"","confirm_type":"3"}
addToCart(1718,1) failed at Apr 25, 2015 11:01:22 AM, will readd
org.apache.http.conn.EofSensorInputStream@6580ca84
retry buy good 1718 at Apr 25, 2015 11:01:23 AM
Download full image code is correct as 78632
{"error":3,"message":["\u5bf9\u4e0d\u8d77\uff0c\u8be5\u5546\u54c1\u5df2\u7ecf\u4e0b\u67b6\u3002"],"content":"","goods_id":"1718","captcha":"78632","number":"1","donation_number":null,"product_spec":"","confirm_type":"3"}
addToCart(1718,1) failed at Apr 25, 2015 11:01:23 AM, will readd
org.apache.http.conn.EofSensorInputStream@7216091
retry buy good 1718 at Apr 25, 2015 11:01:24 AM
Download full image code is correct as 10765
{"error":3,"message":["\u5bf9\u4e0d\u8d77\uff0c\u8be5\u5546\u54c1\u5df2\u7ecf\u4e0b\u67b6\u3002"],"content":"","goods_id":"1718","captcha":"10765","number":"1","donation_number":null,"product_spec":"","confirm_type":"3"}
addToCart(1718,1) failed at Apr 25, 2015 11:01:24 AM, will readd
org.apache.http.conn.EofSensorInputStream@57d94c7b
retry buy good 1718 at Apr 25, 2015 11:01:25 AM
Download full image code is correct as 93650
{"error":3,"message":["\u5bf9\u4e0d\u8d77\uff0c\u8be5\u5546\u54c1\u5df2\u7ecf\u4e0b\u67b6\u3002"],"content":"","goods_id":"1718","captcha":"93650","number":"1","donation_number":null,"product_spec":"","confirm_type":"3"}
addToCart(1718,1) failed at Apr 25, 2015 11:01:25 AM, will readd
org.apache.http.conn.EofSensorInputStream@14512f92
retry buy good 1718 at Apr 25, 2015 11:01:26 AM
Download full image code is correct as 07426
{"error":3,"message":["\u5bf9\u4e0d\u8d77\uff0c\u8be5\u5546\u54c1\u5df2\u7ecf\u4e0b\u67b6\u3002"],"content":"","goods_id":"1718","captcha":"07426","number":"1","donation_number":null,"product_spec":"","confirm_type":"3"}
addToCart(1718,1) failed at Apr 25, 2015 11:01:26 AM, will readd
org.apache.http.conn.EofSensorInputStream@44a5b703
retry buy good 1718 at Apr 25, 2015 11:01:26 AM
Download full image code is correct as 81605
{"error":3,"message":["\u5bf9\u4e0d\u8d77\uff0c\u8be5\u5546\u54c1\u5df2\u7ecf\u4e0b\u67b6\u3002"],"content":"","goods_id":"1718","captcha":"81605","number":"1","donation_number":null,"product_spec":"","confirm_type":"3"}
addToCart(1718,1) failed at Apr 25, 2015 11:01:27 AM, will readd
org.apache.http.conn.EofSensorInputStream@26057079
retry buy good 1718 at Apr 25, 2015 11:01:27 AM
Download full image code is correct as 45372
{"error":3,"message":["\u5bf9\u4e0d\u8d77\uff0c\u8be5\u5546\u54c1\u5df2\u7ecf\u4e0b\u67b6\u3002"],"content":"","goods_id":"1718","captcha":"45372","number":"1","donation_number":null,"product_spec":"","confirm_type":"3"}
addToCart(1718,1) failed at Apr 25, 2015 11:01:28 AM, will readd
org.apache.http.conn.EofSensorInputStream@16fe1b92
retry buy good 1718 at Apr 25, 2015 11:01:28 AM
Download full image code is correct as 54198
{"error":3,"message":["\u5bf9\u4e0d\u8d77\uff0c\u8be5\u5546\u54c1\u5df2\u7ecf\u4e0b\u67b6\u3002"],"content":"","goods_id":"1718","captcha":"54198","number":"1","donation_number":null,"product_spec":"","confirm_type":"3"}
addToCart(1718,1) failed at Apr 25, 2015 11:01:28 AM, will readd
org.apache.http.conn.EofSensorInputStream@75037619
retry buy good 1718 at Apr 25, 2015 11:01:29 AM
Download full image code is correct as 61809
{"error":3,"message":["\u5bf9\u4e0d\u8d77\uff0c\u8be5\u5546\u54c1\u5df2\u7ecf\u4e0b\u67b6\u3002"],"content":"","goods_id":"1718","captcha":"61809","number":"1","donation_number":null,"product_spec":"","confirm_type":"3"}
addToCart(1718,1) failed at Apr 25, 2015 11:01:29 AM, will readd
org.apache.http.conn.EofSensorInputStream@6b517f9b
retry buy good 1718 at Apr 25, 2015 11:01:30 AM
Download full image code is correct as 70184
{"error":3,"message":["\u5bf9\u4e0d\u8d77\uff0c\u8be5\u5546\u54c1\u5df2\u7ecf\u4e0b\u67b6\u3002"],"content":"","goods_id":"1718","captcha":"70184","number":"1","donation_number":null,"product_spec":"","confirm_type":"3"}
addToCart(1718,1) failed at Apr 25, 2015 11:01:30 AM, will readd
org.apache.http.conn.EofSensorInputStream@5695018b
retry buy good 1718 at Apr 25, 2015 11:01:31 AM
Download full image code is correct as 56902
{"error":3,"message":["\u5bf9\u4e0d\u8d77\uff0c\u8be5\u5546\u54c1\u5df2\u7ecf\u4e0b\u67b6\u3002"],"content":"","goods_id":"1718","captcha":"56902","number":"1","donation_number":null,"product_spec":"","confirm_type":"3"}
addToCart(1718,1) failed at Apr 25, 2015 11:01:31 AM, will readd
org.apache.http.conn.EofSensorInputStream@f1a0fad
retry buy good 1718 at Apr 25, 2015 11:01:32 AM
Download full image code is correct as 04298
{"error":3,"message":["\u5bf9\u4e0d\u8d77\uff0c\u8be5\u5546\u54c1\u5df2\u7ecf\u4e0b\u67b6\u3002"],"content":"","goods_id":"1718","captcha":"04298","number":"1","donation_number":null,"product_spec":"","confirm_type":"3"}
addToCart(1718,1) failed at Apr 25, 2015 11:01:32 AM, will readd
org.apache.http.conn.EofSensorInputStream@55fd0653
retry buy good 1718 at Apr 25, 2015 11:01:33 AM
Download full image code is correct as 95483
{"error":3,"message":["\u5bf9\u4e0d\u8d77\uff0c\u8be5\u5546\u54c1\u5df2\u7ecf\u4e0b\u67b6\u3002"],"content":"","goods_id":"1718","captcha":"95483","number":"1","donation_number":null,"product_spec":"","confirm_type":"3"}
addToCart(1718,1) failed at Apr 25, 2015 11:01:33 AM, will readd
org.apache.http.conn.EofSensorInputStream@67b8e498
retry buy good 1718 at Apr 25, 2015 11:01:33 AM
Download full image code is correct as 79410
{"error":3,"message":["\u5bf9\u4e0d\u8d77\uff0c\u8be5\u5546\u54c1\u5df2\u7ecf\u4e0b\u67b6\u3002"],"content":"","goods_id":"1718","captcha":"79410","number":"1","donation_number":null,"product_spec":"","confirm_type":"3"}
addToCart(1718,1) failed at Apr 25, 2015 11:01:34 AM, will readd
org.apache.http.conn.EofSensorInputStream@46e07209
retry buy good 1718 at Apr 25, 2015 11:01:34 AM
Download full image code is correct as 76305
{"error":3,"message":["\u5bf9\u4e0d\u8d77\uff0c\u8be5\u5546\u54c1\u5df2\u7ecf\u4e0b\u67b6\u3002"],"content":"","goods_id":"1718","captcha":"76305","number":"1","donation_number":null,"product_spec":"","confirm_type":"3"}
addToCart(1718,1) failed at Apr 25, 2015 11:01:34 AM, will readd
org.apache.http.conn.EofSensorInputStream@2848c90e
retry buy good 1718 at Apr 25, 2015 11:01:35 AM
Download full image code is correct as 67038
{"error":3,"message":["\u5bf9\u4e0d\u8d77\uff0c\u8be5\u5546\u54c1\u5df2\u7ecf\u4e0b\u67b6\u3002"],"content":"","goods_id":"1718","captcha":"67038","number":"1","donation_number":null,"product_spec":"","confirm_type":"3"}
addToCart(1718,1) failed at Apr 25, 2015 11:01:35 AM, will readd
org.apache.http.conn.EofSensorInputStream@9476189
retry buy good 1718 at Apr 25, 2015 11:01:36 AM
Download full image code is correct as 90127
{"error":3,"message":["\u5bf9\u4e0d\u8d77\uff0c\u8be5\u5546\u54c1\u5df2\u7ecf\u4e0b\u67b6\u3002"],"content":"","goods_id":"1718","captcha":"90127","number":"1","donation_number":null,"product_spec":"","confirm_type":"3"}
addToCart(1718,1) failed at Apr 25, 2015 11:01:36 AM, will readd
org.apache.http.conn.EofSensorInputStream@4cd46ed0
retry buy good 1718 at Apr 25, 2015 11:01:37 AM
Download full image code is correct as 54189
{"error":3,"message":["\u5bf9\u4e0d\u8d77\uff0c\u8be5\u5546\u54c1\u5df2\u7ecf\u4e0b\u67b6\u3002"],"content":"","goods_id":"1718","captcha":"54189","number":"1","donation_number":null,"product_spec":"","confirm_type":"3"}
addToCart(1718,1) failed at Apr 25, 2015 11:01:37 AM, will readd
org.apache.http.conn.EofSensorInputStream@71fd03ab
retry buy good 1718 at Apr 25, 2015 11:01:38 AM
Download full image code is correct as 20983
{"error":3,"message":["\u5bf9\u4e0d\u8d77\uff0c\u8be5\u5546\u54c1\u5df2\u7ecf\u4e0b\u67b6\u3002"],"content":"","goods_id":"1718","captcha":"20983","number":"1","donation_number":null,"product_spec":"","confirm_type":"3"}
addToCart(1718,1) failed at Apr 25, 2015 11:01:39 AM, will readd
org.apache.http.conn.EofSensorInputStream@55cf055c
retry buy good 1718 at Apr 25, 2015 11:01:40 AM
Download full image code is correct as 98512
{"error":3,"message":["\u5bf9\u4e0d\u8d77\uff0c\u8be5\u5546\u54c1\u5df2\u7ecf\u4e0b\u67b6\u3002"],"content":"","goods_id":"1718","captcha":"98512","number":"1","donation_number":null,"product_spec":"","confirm_type":"3"}
addToCart(1718,1) failed at Apr 25, 2015 11:01:40 AM, will readd
org.apache.http.conn.EofSensorInputStream@2e3593ab
retry buy good 1718 at Apr 25, 2015 11:01:40 AM
Download full image code is correct as 43620
{"error":3,"message":["\u5bf9\u4e0d\u8d77\uff0c\u8be5\u5546\u54c1\u5df2\u7ecf\u4e0b\u67b6\u3002"],"content":"","goods_id":"1718","captcha":"43620","number":"1","donation_number":null,"product_spec":"","confirm_type":"3"}
addToCart(1718,1) failed at Apr 25, 2015 11:01:41 AM, will readd
org.apache.http.conn.EofSensorInputStream@4c21e59a
retry buy good 1718 at Apr 25, 2015 11:01:41 AM
Download full image code is correct as 96318
{"error":3,"message":["\u5bf9\u4e0d\u8d77\uff0c\u8be5\u5546\u54c1\u5df2\u7ecf\u4e0b\u67b6\u3002"],"content":"","goods_id":"1718","captcha":"96318","number":"1","donation_number":null,"product_spec":"","confirm_type":"3"}
addToCart(1718,1) failed at Apr 25, 2015 11:01:41 AM, will readd
org.apache.http.conn.EofSensorInputStream@5daa3e56
retry buy good 1718 at Apr 25, 2015 11:01:42 AM
Download full image code is correct as 41568
{"error":3,"message":["\u5bf9\u4e0d\u8d77\uff0c\u8be5\u5546\u54c1\u5df2\u7ecf\u4e0b\u67b6\u3002"],"content":"","goods_id":"1718","captcha":"41568","number":"1","donation_number":null,"product_spec":"","confirm_type":"3"}
addToCart(1718,1) failed at Apr 25, 2015 11:01:42 AM, will readd
org.apache.http.conn.EofSensorInputStream@225c8c05
retry buy good 1718 at Apr 25, 2015 11:01:43 AM
Download full image code is correct as 06985
{"error":3,"message":["\u5bf9\u4e0d\u8d77\uff0c\u8be5\u5546\u54c1\u5df2\u7ecf\u4e0b\u67b6\u3002"],"content":"","goods_id":"1718","captcha":"06985","number":"1","donation_number":null,"product_spec":"","confirm_type":"3"}
addToCart(1718,1) failed at Apr 25, 2015 11:01:43 AM, will readd
org.apache.http.conn.EofSensorInputStream@6af470bc
