started at Apr 25, 2015 11:00:35 AM
login sucessfully with proxy 101.4.136.6 at Apr 25, 2015 11:00:37 AM
Download full image code is correct as 36175
{"error":888,"message":"\u6ce8\u610f\uff1a\n\r\u6b64\u5546\u54c1\u4fc3\u9500\u671f\u95f4\u666e\u901a\u4f1a\u5458\u9650\u8d2d 3 \u4ef6\uff01\n\r\u60a8\u4e4b\u524d\u8ba2\u5355\u4e2d\u5df2\u7ecf\u5b58\u5728 3 \u4ef6\uff01\n\r\u60a8\u53ea\u80fd\u518d\u4e70 0 \u4ef6\uff01","content":"","goods_id":"1717","captcha":"36175","number":"3","donation_number":null}
addToCart(1717,3) failed  at Apr 25, 2015 11:00:38 AM, will readd
retry buy good 1717 at Apr 25, 2015 11:00:38 AM
Download full image code is correct as 95812
{"error":888,"message":"\u6ce8\u610f\uff1a\n\r\u6b64\u5546\u54c1\u4fc3\u9500\u671f\u95f4\u666e\u901a\u4f1a\u5458\u9650\u8d2d 3 \u4ef6\uff01\n\r\u60a8\u4e4b\u524d\u8ba2\u5355\u4e2d\u5df2\u7ecf\u5b58\u5728 3 \u4ef6\uff01\n\r\u60a8\u53ea\u80fd\u518d\u4e70 0 \u4ef6\uff01","content":"","goods_id":"1717","captcha":"95812","number":"3","donation_number":null}
addToCart(1717,3) failed  at Apr 25, 2015 11:00:39 AM, will readd
retry buy good 1717 at Apr 25, 2015 11:00:40 AM
Download full image code is correct as 26043
{"error":888,"message":"\u6ce8\u610f\uff1a\n\r\u6b64\u5546\u54c1\u4fc3\u9500\u671f\u95f4\u666e\u901a\u4f1a\u5458\u9650\u8d2d 3 \u4ef6\uff01\n\r\u60a8\u4e4b\u524d\u8ba2\u5355\u4e2d\u5df2\u7ecf\u5b58\u5728 3 \u4ef6\uff01\n\r\u60a8\u53ea\u80fd\u518d\u4e70 0 \u4ef6\uff01","content":"","goods_id":"1717","captcha":"26043","number":"3","donation_number":null}
addToCart(1717,3) failed  at Apr 25, 2015 11:00:41 AM, will readd
retry buy good 1717 at Apr 25, 2015 11:00:42 AM
Download full image code is correct as 28945
{"error":888,"message":"\u6ce8\u610f\uff1a\n\r\u6b64\u5546\u54c1\u4fc3\u9500\u671f\u95f4\u666e\u901a\u4f1a\u5458\u9650\u8d2d 3 \u4ef6\uff01\n\r\u60a8\u4e4b\u524d\u8ba2\u5355\u4e2d\u5df2\u7ecf\u5b58\u5728 3 \u4ef6\uff01\n\r\u60a8\u53ea\u80fd\u518d\u4e70 0 \u4ef6\uff01","content":"","goods_id":"1717","captcha":"28945","number":"3","donation_number":null}
addToCart(1717,3) failed  at Apr 25, 2015 11:00:43 AM, will readd
retry buy good 1717 at Apr 25, 2015 11:00:43 AM
Download full image code is correct as 98513
{"error":888,"message":"\u6ce8\u610f\uff1a\n\r\u6b64\u5546\u54c1\u4fc3\u9500\u671f\u95f4\u666e\u901a\u4f1a\u5458\u9650\u8d2d 3 \u4ef6\uff01\n\r\u60a8\u4e4b\u524d\u8ba2\u5355\u4e2d\u5df2\u7ecf\u5b58\u5728 3 \u4ef6\uff01\n\r\u60a8\u53ea\u80fd\u518d\u4e70 0 \u4ef6\uff01","content":"","goods_id":"1717","captcha":"98513","number":"3","donation_number":null}
addToCart(1717,3) failed  at Apr 25, 2015 11:00:44 AM, will readd
retry buy good 1717 at Apr 25, 2015 11:00:45 AM
Download full image code is correct as 58029
{"error":888,"message":"\u6ce8\u610f\uff1a\n\r\u6b64\u5546\u54c1\u4fc3\u9500\u671f\u95f4\u666e\u901a\u4f1a\u5458\u9650\u8d2d 3 \u4ef6\uff01\n\r\u60a8\u4e4b\u524d\u8ba2\u5355\u4e2d\u5df2\u7ecf\u5b58\u5728 3 \u4ef6\uff01\n\r\u60a8\u53ea\u80fd\u518d\u4e70 0 \u4ef6\uff01","content":"","goods_id":"1717","captcha":"58029","number":"3","donation_number":null}
addToCart(1717,3) failed  at Apr 25, 2015 11:00:46 AM, will readd
retry buy good 1717 at Apr 25, 2015 11:00:47 AM
Download full image code is correct as 58063
{"error":888,"message":"\u6ce8\u610f\uff1a\n\r\u6b64\u5546\u54c1\u4fc3\u9500\u671f\u95f4\u666e\u901a\u4f1a\u5458\u9650\u8d2d 3 \u4ef6\uff01\n\r\u60a8\u4e4b\u524d\u8ba2\u5355\u4e2d\u5df2\u7ecf\u5b58\u5728 3 \u4ef6\uff01\n\r\u60a8\u53ea\u80fd\u518d\u4e70 0 \u4ef6\uff01","content":"","goods_id":"1717","captcha":"58063","number":"3","donation_number":null}
addToCart(1717,3) failed  at Apr 25, 2015 11:00:48 AM, will readd
retry buy good 1717 at Apr 25, 2015 11:00:48 AM
Download full image code is correct as 62953
{"error":888,"message":"\u6ce8\u610f\uff1a\n\r\u6b64\u5546\u54c1\u4fc3\u9500\u671f\u95f4\u666e\u901a\u4f1a\u5458\u9650\u8d2d 3 \u4ef6\uff01\n\r\u60a8\u4e4b\u524d\u8ba2\u5355\u4e2d\u5df2\u7ecf\u5b58\u5728 3 \u4ef6\uff01\n\r\u60a8\u53ea\u80fd\u518d\u4e70 0 \u4ef6\uff01","content":"","goods_id":"1717","captcha":"62953","number":"3","donation_number":null}
addToCart(1717,3) failed  at Apr 25, 2015 11:00:49 AM, will readd
retry buy good 1717 at Apr 25, 2015 11:00:50 AM
Download full image code is correct as 35168
{"error":888,"message":"\u6ce8\u610f\uff1a\n\r\u6b64\u5546\u54c1\u4fc3\u9500\u671f\u95f4\u666e\u901a\u4f1a\u5458\u9650\u8d2d 3 \u4ef6\uff01\n\r\u60a8\u4e4b\u524d\u8ba2\u5355\u4e2d\u5df2\u7ecf\u5b58\u5728 3 \u4ef6\uff01\n\r\u60a8\u53ea\u80fd\u518d\u4e70 0 \u4ef6\uff01","content":"","goods_id":"1717","captcha":"35168","number":"3","donation_number":null}
addToCart(1717,3) failed  at Apr 25, 2015 11:00:51 AM, will readd
retry buy good 1717 at Apr 25, 2015 11:00:51 AM
Download full image code is correct as 35204
{"error":888,"message":"\u6ce8\u610f\uff1a\n\r\u6b64\u5546\u54c1\u4fc3\u9500\u671f\u95f4\u666e\u901a\u4f1a\u5458\u9650\u8d2d 3 \u4ef6\uff01\n\r\u60a8\u4e4b\u524d\u8ba2\u5355\u4e2d\u5df2\u7ecf\u5b58\u5728 3 \u4ef6\uff01\n\r\u60a8\u53ea\u80fd\u518d\u4e70 0 \u4ef6\uff01","content":"","goods_id":"1717","captcha":"35204","number":"3","donation_number":null}
addToCart(1717,3) failed  at Apr 25, 2015 11:00:53 AM, will readd
retry buy good 1717 at Apr 25, 2015 11:00:53 AM
Download full image code is correct as 75916
{"error":888,"message":"\u6ce8\u610f\uff1a\n\r\u6b64\u5546\u54c1\u4fc3\u9500\u671f\u95f4\u666e\u901a\u4f1a\u5458\u9650\u8d2d 3 \u4ef6\uff01\n\r\u60a8\u4e4b\u524d\u8ba2\u5355\u4e2d\u5df2\u7ecf\u5b58\u5728 3 \u4ef6\uff01\n\r\u60a8\u53ea\u80fd\u518d\u4e70 0 \u4ef6\uff01","content":"","goods_id":"1717","captcha":"75916","number":"3","donation_number":null}
addToCart(1717,3) failed  at Apr 25, 2015 11:00:54 AM, will readd
retry buy good 1717 at Apr 25, 2015 11:00:55 AM
Download full image code is correct as 05986
{"error":888,"message":"\u6ce8\u610f\uff1a\n\r\u6b64\u5546\u54c1\u4fc3\u9500\u671f\u95f4\u666e\u901a\u4f1a\u5458\u9650\u8d2d 3 \u4ef6\uff01\n\r\u60a8\u4e4b\u524d\u8ba2\u5355\u4e2d\u5df2\u7ecf\u5b58\u5728 3 \u4ef6\uff01\n\r\u60a8\u53ea\u80fd\u518d\u4e70 0 \u4ef6\uff01","content":"","goods_id":"1717","captcha":"05986","number":"3","donation_number":null}
addToCart(1717,3) failed  at Apr 25, 2015 11:00:56 AM, will readd
retry buy good 1717 at Apr 25, 2015 11:00:56 AM
Download full image code is correct as 90273
{"error":888,"message":"\u6ce8\u610f\uff1a\n\r\u6b64\u5546\u54c1\u4fc3\u9500\u671f\u95f4\u666e\u901a\u4f1a\u5458\u9650\u8d2d 3 \u4ef6\uff01\n\r\u60a8\u4e4b\u524d\u8ba2\u5355\u4e2d\u5df2\u7ecf\u5b58\u5728 3 \u4ef6\uff01\n\r\u60a8\u53ea\u80fd\u518d\u4e70 0 \u4ef6\uff01","content":"","goods_id":"1717","captcha":"90273","number":"3","donation_number":null}
addToCart(1717,3) failed  at Apr 25, 2015 11:00:58 AM, will readd
retry buy good 1717 at Apr 25, 2015 11:00:58 AM
Download full image code is correct as 64085
{"error":888,"message":"\u6ce8\u610f\uff1a\n\r\u6b64\u5546\u54c1\u4fc3\u9500\u671f\u95f4\u666e\u901a\u4f1a\u5458\u9650\u8d2d 3 \u4ef6\uff01\n\r\u60a8\u4e4b\u524d\u8ba2\u5355\u4e2d\u5df2\u7ecf\u5b58\u5728 3 \u4ef6\uff01\n\r\u60a8\u53ea\u80fd\u518d\u4e70 0 \u4ef6\uff01","content":"","goods_id":"1717","captcha":"64085","number":"3","donation_number":null}
addToCart(1717,3) failed  at Apr 25, 2015 11:00:59 AM, will readd
retry buy good 1717 at Apr 25, 2015 11:01:00 AM
Download full image code is correct as 49805
{"error":888,"message":"\u6ce8\u610f\uff1a\n\r\u6b64\u5546\u54c1\u4fc3\u9500\u671f\u95f4\u666e\u901a\u4f1a\u5458\u9650\u8d2d 3 \u4ef6\uff01\n\r\u60a8\u4e4b\u524d\u8ba2\u5355\u4e2d\u5df2\u7ecf\u5b58\u5728 3 \u4ef6\uff01\n\r\u60a8\u53ea\u80fd\u518d\u4e70 0 \u4ef6\uff01","content":"","goods_id":"1717","captcha":"49805","number":"3","donation_number":null}
addToCart(1717,3) failed  at Apr 25, 2015 11:01:01 AM, will readd
retry buy good 1717 at Apr 25, 2015 11:01:01 AM
Download full image code is correct as 97461
{"error":888,"message":"\u6ce8\u610f\uff1a\n\r\u6b64\u5546\u54c1\u4fc3\u9500\u671f\u95f4\u666e\u901a\u4f1a\u5458\u9650\u8d2d 3 \u4ef6\uff01\n\r\u60a8\u4e4b\u524d\u8ba2\u5355\u4e2d\u5df2\u7ecf\u5b58\u5728 3 \u4ef6\uff01\n\r\u60a8\u53ea\u80fd\u518d\u4e70 0 \u4ef6\uff01","content":"","goods_id":"1717","captcha":"97461","number":"3","donation_number":null}
addToCart(1717,3) failed  at Apr 25, 2015 11:01:02 AM, will readd
retry buy good 1717 at Apr 25, 2015 11:01:03 AM
Download full image code is correct as 15280
{"error":888,"message":"\u6ce8\u610f\uff1a\n\r\u6b64\u5546\u54c1\u4fc3\u9500\u671f\u95f4\u666e\u901a\u4f1a\u5458\u9650\u8d2d 3 \u4ef6\uff01\n\r\u60a8\u4e4b\u524d\u8ba2\u5355\u4e2d\u5df2\u7ecf\u5b58\u5728 3 \u4ef6\uff01\n\r\u60a8\u53ea\u80fd\u518d\u4e70 0 \u4ef6\uff01","content":"","goods_id":"1717","captcha":"15280","number":"3","donation_number":null}
addToCart(1717,3) failed  at Apr 25, 2015 11:01:04 AM, will readd
retry buy good 1717 at Apr 25, 2015 11:01:05 AM
Download full image code is correct as 38520
{"error":888,"message":"\u6ce8\u610f\uff1a\n\r\u6b64\u5546\u54c1\u4fc3\u9500\u671f\u95f4\u666e\u901a\u4f1a\u5458\u9650\u8d2d 3 \u4ef6\uff01\n\r\u60a8\u4e4b\u524d\u8ba2\u5355\u4e2d\u5df2\u7ecf\u5b58\u5728 3 \u4ef6\uff01\n\r\u60a8\u53ea\u80fd\u518d\u4e70 0 \u4ef6\uff01","content":"","goods_id":"1717","captcha":"38520","number":"3","donation_number":null}
addToCart(1717,3) failed  at Apr 25, 2015 11:01:06 AM, will readd
retry buy good 1717 at Apr 25, 2015 11:01:06 AM
Download full image code is correct as 81263
{"error":888,"message":"\u6ce8\u610f\uff1a\n\r\u6b64\u5546\u54c1\u4fc3\u9500\u671f\u95f4\u666e\u901a\u4f1a\u5458\u9650\u8d2d 3 \u4ef6\uff01\n\r\u60a8\u4e4b\u524d\u8ba2\u5355\u4e2d\u5df2\u7ecf\u5b58\u5728 3 \u4ef6\uff01\n\r\u60a8\u53ea\u80fd\u518d\u4e70 0 \u4ef6\uff01","content":"","goods_id":"1717","captcha":"81263","number":"3","donation_number":null}
addToCart(1717,3) failed  at Apr 25, 2015 11:01:08 AM, will readd
retry buy good 1717 at Apr 25, 2015 11:01:08 AM
Download full image code is correct as 34608
{"error":888,"message":"\u6ce8\u610f\uff1a\n\r\u6b64\u5546\u54c1\u4fc3\u9500\u671f\u95f4\u666e\u901a\u4f1a\u5458\u9650\u8d2d 3 \u4ef6\uff01\n\r\u60a8\u4e4b\u524d\u8ba2\u5355\u4e2d\u5df2\u7ecf\u5b58\u5728 3 \u4ef6\uff01\n\r\u60a8\u53ea\u80fd\u518d\u4e70 0 \u4ef6\uff01","content":"","goods_id":"1717","captcha":"34608","number":"3","donation_number":null}
addToCart(1717,3) failed  at Apr 25, 2015 11:01:09 AM, will readd
retry buy good 1717 at Apr 25, 2015 11:01:10 AM
Download full image code is correct as 45372
{"error":888,"message":"\u6ce8\u610f\uff1a\n\r\u6b64\u5546\u54c1\u4fc3\u9500\u671f\u95f4\u666e\u901a\u4f1a\u5458\u9650\u8d2d 3 \u4ef6\uff01\n\r\u60a8\u4e4b\u524d\u8ba2\u5355\u4e2d\u5df2\u7ecf\u5b58\u5728 3 \u4ef6\uff01\n\r\u60a8\u53ea\u80fd\u518d\u4e70 0 \u4ef6\uff01","content":"","goods_id":"1717","captcha":"45372","number":"3","donation_number":null}
addToCart(1717,3) failed  at Apr 25, 2015 11:01:11 AM, will readd
retry buy good 1717 at Apr 25, 2015 11:01:11 AM
Download full image code is correct as 71284
{"error":888,"message":"\u6ce8\u610f\uff1a\n\r\u6b64\u5546\u54c1\u4fc3\u9500\u671f\u95f4\u666e\u901a\u4f1a\u5458\u9650\u8d2d 3 \u4ef6\uff01\n\r\u60a8\u4e4b\u524d\u8ba2\u5355\u4e2d\u5df2\u7ecf\u5b58\u5728 3 \u4ef6\uff01\n\r\u60a8\u53ea\u80fd\u518d\u4e70 0 \u4ef6\uff01","content":"","goods_id":"1717","captcha":"71284","number":"3","donation_number":null}
addToCart(1717,3) failed  at Apr 25, 2015 11:01:13 AM, will readd
retry buy good 1717 at Apr 25, 2015 11:01:14 AM
Download full image code is correct as 50932
{"error":888,"message":"\u6ce8\u610f\uff1a\n\r\u6b64\u5546\u54c1\u4fc3\u9500\u671f\u95f4\u666e\u901a\u4f1a\u5458\u9650\u8d2d 3 \u4ef6\uff01\n\r\u60a8\u4e4b\u524d\u8ba2\u5355\u4e2d\u5df2\u7ecf\u5b58\u5728 3 \u4ef6\uff01\n\r\u60a8\u53ea\u80fd\u518d\u4e70 0 \u4ef6\uff01","content":"","goods_id":"1717","captcha":"50932","number":"3","donation_number":null}
addToCart(1717,3) failed  at Apr 25, 2015 11:01:15 AM, will readd
retry buy good 1717 at Apr 25, 2015 11:01:15 AM
Download full image code is correct as 81703
{"error":888,"message":"\u6ce8\u610f\uff1a\n\r\u6b64\u5546\u54c1\u4fc3\u9500\u671f\u95f4\u666e\u901a\u4f1a\u5458\u9650\u8d2d 3 \u4ef6\uff01\n\r\u60a8\u4e4b\u524d\u8ba2\u5355\u4e2d\u5df2\u7ecf\u5b58\u5728 3 \u4ef6\uff01\n\r\u60a8\u53ea\u80fd\u518d\u4e70 0 \u4ef6\uff01","content":"","goods_id":"1717","captcha":"81703","number":"3","donation_number":null}
addToCart(1717,3) failed  at Apr 25, 2015 11:01:17 AM, will readd
retry buy good 1717 at Apr 25, 2015 11:01:18 AM
Download full image code is correct as 96254
{"error":888,"message":"\u6ce8\u610f\uff1a\n\r\u6b64\u5546\u54c1\u4fc3\u9500\u671f\u95f4\u666e\u901a\u4f1a\u5458\u9650\u8d2d 3 \u4ef6\uff01\n\r\u60a8\u4e4b\u524d\u8ba2\u5355\u4e2d\u5df2\u7ecf\u5b58\u5728 3 \u4ef6\uff01\n\r\u60a8\u53ea\u80fd\u518d\u4e70 0 \u4ef6\uff01","content":"","goods_id":"1717","captcha":"96254","number":"3","donation_number":null}
addToCart(1717,3) failed  at Apr 25, 2015 11:01:19 AM, will readd
retry buy good 1717 at Apr 25, 2015 11:01:20 AM
Download full image code is correct as 83159
{"error":888,"message":"\u6ce8\u610f\uff1a\n\r\u6b64\u5546\u54c1\u4fc3\u9500\u671f\u95f4\u666e\u901a\u4f1a\u5458\u9650\u8d2d 3 \u4ef6\uff01\n\r\u60a8\u4e4b\u524d\u8ba2\u5355\u4e2d\u5df2\u7ecf\u5b58\u5728 3 \u4ef6\uff01\n\r\u60a8\u53ea\u80fd\u518d\u4e70 0 \u4ef6\uff01","content":"","goods_id":"1717","captcha":"83159","number":"3","donation_number":null}
addToCart(1717,3) failed  at Apr 25, 2015 11:01:21 AM, will readd
retry buy good 1717 at Apr 25, 2015 11:01:21 AM
Download full image code is correct as 60534
{"error":888,"message":"\u6ce8\u610f\uff1a\n\r\u6b64\u5546\u54c1\u4fc3\u9500\u671f\u95f4\u666e\u901a\u4f1a\u5458\u9650\u8d2d 3 \u4ef6\uff01\n\r\u60a8\u4e4b\u524d\u8ba2\u5355\u4e2d\u5df2\u7ecf\u5b58\u5728 3 \u4ef6\uff01\n\r\u60a8\u53ea\u80fd\u518d\u4e70 0 \u4ef6\uff01","content":"","goods_id":"1717","captcha":"60534","number":"3","donation_number":null}
addToCart(1717,3) failed  at Apr 25, 2015 11:01:22 AM, will readd
retry buy good 1717 at Apr 25, 2015 11:01:23 AM
Download full image code is correct as 54607
{"error":888,"message":"\u6ce8\u610f\uff1a\n\r\u6b64\u5546\u54c1\u4fc3\u9500\u671f\u95f4\u666e\u901a\u4f1a\u5458\u9650\u8d2d 3 \u4ef6\uff01\n\r\u60a8\u4e4b\u524d\u8ba2\u5355\u4e2d\u5df2\u7ecf\u5b58\u5728 3 \u4ef6\uff01\n\r\u60a8\u53ea\u80fd\u518d\u4e70 0 \u4ef6\uff01","content":"","goods_id":"1717","captcha":"54607","number":"3","donation_number":null}
addToCart(1717,3) failed  at Apr 25, 2015 11:01:24 AM, will readd
retry buy good 1717 at Apr 25, 2015 11:01:25 AM
Download full image code is correct as 17683
{"error":888,"message":"\u6ce8\u610f\uff1a\n\r\u6b64\u5546\u54c1\u4fc3\u9500\u671f\u95f4\u666e\u901a\u4f1a\u5458\u9650\u8d2d 3 \u4ef6\uff01\n\r\u60a8\u4e4b\u524d\u8ba2\u5355\u4e2d\u5df2\u7ecf\u5b58\u5728 3 \u4ef6\uff01\n\r\u60a8\u53ea\u80fd\u518d\u4e70 0 \u4ef6\uff01","content":"","goods_id":"1717","captcha":"17683","number":"3","donation_number":null}
addToCart(1717,3) failed  at Apr 25, 2015 11:01:26 AM, will readd
retry buy good 1717 at Apr 25, 2015 11:01:27 AM
Download full image code is correct as 62503
{"error":888,"message":"\u6ce8\u610f\uff1a\n\r\u6b64\u5546\u54c1\u4fc3\u9500\u671f\u95f4\u666e\u901a\u4f1a\u5458\u9650\u8d2d 3 \u4ef6\uff01\n\r\u60a8\u4e4b\u524d\u8ba2\u5355\u4e2d\u5df2\u7ecf\u5b58\u5728 3 \u4ef6\uff01\n\r\u60a8\u53ea\u80fd\u518d\u4e70 0 \u4ef6\uff01","content":"","goods_id":"1717","captcha":"62503","number":"3","donation_number":null}
addToCart(1717,3) failed  at Apr 25, 2015 11:01:28 AM, will readd
retry buy good 1717 at Apr 25, 2015 11:01:28 AM
Download full image code is correct as 07461
{"error":888,"message":"\u6ce8\u610f\uff1a\n\r\u6b64\u5546\u54c1\u4fc3\u9500\u671f\u95f4\u666e\u901a\u4f1a\u5458\u9650\u8d2d 3 \u4ef6\uff01\n\r\u60a8\u4e4b\u524d\u8ba2\u5355\u4e2d\u5df2\u7ecf\u5b58\u5728 3 \u4ef6\uff01\n\r\u60a8\u53ea\u80fd\u518d\u4e70 0 \u4ef6\uff01","content":"","goods_id":"1717","captcha":"07461","number":"3","donation_number":null}
addToCart(1717,3) failed  at Apr 25, 2015 11:01:29 AM, will readd
retry buy good 1717 at Apr 25, 2015 11:01:30 AM
Download full image code is correct as 40659
{"error":888,"message":"\u6ce8\u610f\uff1a\n\r\u6b64\u5546\u54c1\u4fc3\u9500\u671f\u95f4\u666e\u901a\u4f1a\u5458\u9650\u8d2d 3 \u4ef6\uff01\n\r\u60a8\u4e4b\u524d\u8ba2\u5355\u4e2d\u5df2\u7ecf\u5b58\u5728 3 \u4ef6\uff01\n\r\u60a8\u53ea\u80fd\u518d\u4e70 0 \u4ef6\uff01","content":"","goods_id":"1717","captcha":"40659","number":"3","donation_number":null}
addToCart(1717,3) failed  at Apr 25, 2015 11:01:31 AM, will readd
retry buy good 1717 at Apr 25, 2015 11:01:32 AM
Download full image code is correct as 54073
{"error":888,"message":"\u6ce8\u610f\uff1a\n\r\u6b64\u5546\u54c1\u4fc3\u9500\u671f\u95f4\u666e\u901a\u4f1a\u5458\u9650\u8d2d 3 \u4ef6\uff01\n\r\u60a8\u4e4b\u524d\u8ba2\u5355\u4e2d\u5df2\u7ecf\u5b58\u5728 3 \u4ef6\uff01\n\r\u60a8\u53ea\u80fd\u518d\u4e70 0 \u4ef6\uff01","content":"","goods_id":"1717","captcha":"54073","number":"3","donation_number":null}
addToCart(1717,3) failed  at Apr 25, 2015 11:01:33 AM, will readd
retry buy good 1717 at Apr 25, 2015 11:01:33 AM
Download full image code is correct as 19367
{"error":888,"message":"\u6ce8\u610f\uff1a\n\r\u6b64\u5546\u54c1\u4fc3\u9500\u671f\u95f4\u666e\u901a\u4f1a\u5458\u9650\u8d2d 3 \u4ef6\uff01\n\r\u60a8\u4e4b\u524d\u8ba2\u5355\u4e2d\u5df2\u7ecf\u5b58\u5728 3 \u4ef6\uff01\n\r\u60a8\u53ea\u80fd\u518d\u4e70 0 \u4ef6\uff01","content":"","goods_id":"1717","captcha":"19367","number":"3","donation_number":null}
addToCart(1717,3) failed  at Apr 25, 2015 11:01:34 AM, will readd
retry buy good 1717 at Apr 25, 2015 11:01:35 AM
Download full image code is correct as 69287
{"error":888,"message":"\u6ce8\u610f\uff1a\n\r\u6b64\u5546\u54c1\u4fc3\u9500\u671f\u95f4\u666e\u901a\u4f1a\u5458\u9650\u8d2d 3 \u4ef6\uff01\n\r\u60a8\u4e4b\u524d\u8ba2\u5355\u4e2d\u5df2\u7ecf\u5b58\u5728 3 \u4ef6\uff01\n\r\u60a8\u53ea\u80fd\u518d\u4e70 0 \u4ef6\uff01","content":"","goods_id":"1717","captcha":"69287","number":"3","donation_number":null}
addToCart(1717,3) failed  at Apr 25, 2015 11:01:36 AM, will readd
retry buy good 1717 at Apr 25, 2015 11:01:37 AM
Download full image code is correct as 81270
{"error":888,"message":"\u6ce8\u610f\uff1a\n\r\u6b64\u5546\u54c1\u4fc3\u9500\u671f\u95f4\u666e\u901a\u4f1a\u5458\u9650\u8d2d 3 \u4ef6\uff01\n\r\u60a8\u4e4b\u524d\u8ba2\u5355\u4e2d\u5df2\u7ecf\u5b58\u5728 3 \u4ef6\uff01\n\r\u60a8\u53ea\u80fd\u518d\u4e70 0 \u4ef6\uff01","content":"","goods_id":"1717","captcha":"81270","number":"3","donation_number":null}
addToCart(1717,3) failed  at Apr 25, 2015 11:01:38 AM, will readd
retry buy good 1717 at Apr 25, 2015 11:01:38 AM
Download full image code is correct as 64359
{"error":888,"message":"\u6ce8\u610f\uff1a\n\r\u6b64\u5546\u54c1\u4fc3\u9500\u671f\u95f4\u666e\u901a\u4f1a\u5458\u9650\u8d2d 3 \u4ef6\uff01\n\r\u60a8\u4e4b\u524d\u8ba2\u5355\u4e2d\u5df2\u7ecf\u5b58\u5728 3 \u4ef6\uff01\n\r\u60a8\u53ea\u80fd\u518d\u4e70 0 \u4ef6\uff01","content":"","goods_id":"1717","captcha":"64359","number":"3","donation_number":null}
addToCart(1717,3) failed  at Apr 25, 2015 11:01:39 AM, will readd
retry buy good 1717 at Apr 25, 2015 11:01:40 AM
Download full image code is correct as 46315
{"error":888,"message":"\u6ce8\u610f\uff1a\n\r\u6b64\u5546\u54c1\u4fc3\u9500\u671f\u95f4\u666e\u901a\u4f1a\u5458\u9650\u8d2d 3 \u4ef6\uff01\n\r\u60a8\u4e4b\u524d\u8ba2\u5355\u4e2d\u5df2\u7ecf\u5b58\u5728 3 \u4ef6\uff01\n\r\u60a8\u53ea\u80fd\u518d\u4e70 0 \u4ef6\uff01","content":"","goods_id":"1717","captcha":"46315","number":"3","donation_number":null}
addToCart(1717,3) failed  at Apr 25, 2015 11:01:41 AM, will readd
retry buy good 1717 at Apr 25, 2015 11:01:42 AM
Download full image code is correct as 92403
{"error":888,"message":"\u6ce8\u610f\uff1a\n\r\u6b64\u5546\u54c1\u4fc3\u9500\u671f\u95f4\u666e\u901a\u4f1a\u5458\u9650\u8d2d 3 \u4ef6\uff01\n\r\u60a8\u4e4b\u524d\u8ba2\u5355\u4e2d\u5df2\u7ecf\u5b58\u5728 3 \u4ef6\uff01\n\r\u60a8\u53ea\u80fd\u518d\u4e70 0 \u4ef6\uff01","content":"","goods_id":"1717","captcha":"92403","number":"3","donation_number":null}
addToCart(1717,3) failed  at Apr 25, 2015 11:01:43 AM, will readd
